Copyright 1986-2020 Xilinx, Inc. All Rights Reserved.
------------------------------------------------------------------------------------
| Tool Version : Vivado v.2020.2 (win64) Build 3064766 Wed Nov 18 09:12:45 MST 2020
| Date         : Wed Sep  7 14:15:03 2022
| Host         : D-14JM0W2 running 64-bit major release  (build 9200)
| Command      : upgrade_ip
| Device       : xc7z020clg400-1
------------------------------------------------------------------------------------

Upgrade Log for IP 'design_fpga_Ultrasons_0_0'

1. Summary
----------

SUCCESS in the upgrade of design_fpga_Ultrasons_0_0 (elsys-design.com:user:Ultrasons:1.0) from (Rev. 3) to (Rev. 4)






Copyright 1986-2020 Xilinx, Inc. All Rights Reserved.
------------------------------------------------------------------------------------
| Tool Version : Vivado v.2020.2 (win64) Build 3064766 Wed Nov 18 09:12:45 MST 2020
| Date         : Mon Aug  8 14:30:08 2022
| Host         : D-14JM0W2 running 64-bit major release  (build 9200)
| Command      : upgrade_ip
| Device       : xc7z020clg400-1
------------------------------------------------------------------------------------

Upgrade Log for IP 'design_fpga_Timer_ronde_0_0'

1. Summary
----------

SUCCESS in the conversion of design_fpga_Timer_ronde_0_0 (elsys-design.com:user:Timer_ronde:1.0 (Rev. 5)) to Vivado generation flows.






Copyright 1986-2020 Xilinx, Inc. All Rights Reserved.
------------------------------------------------------------------------------------
| Tool Version : Vivado v.2020.2 (win64) Build 3064766 Wed Nov 18 09:12:45 MST 2020
| Date         : Mon Aug  8 14:30:08 2022
| Host         : D-14JM0W2 running 64-bit major release  (build 9200)
| Command      : upgrade_ip
| Device       : xc7z020clg400-1
------------------------------------------------------------------------------------

Upgrade Log for IP 'design_fpga_IMU_v3_0_0'

1. Summary
----------

SUCCESS in the conversion of design_fpga_IMU_v3_0_0 (elsys-design.com:user:IMU_v3:1.0 (Rev. 9)) to Vivado generation flows.






Copyright 1986-2020 Xilinx, Inc. All Rights Reserved.
------------------------------------------------------------------------------------
| Tool Version : Vivado v.2020.2 (win64) Build 3064766 Wed Nov 18 09:12:45 MST 2020
| Date         : Mon Aug  1 16:18:49 2022
| Host         : D-14JM0W2 running 64-bit major release  (build 9200)
| Command      : upgrade_ip
| Device       : xc7z020clg400-1
------------------------------------------------------------------------------------

Upgrade Log for IP 'design_fpga_Timer_ronde_0_0'

1. Summary
----------

SUCCESS in the upgrade of design_fpga_Timer_ronde_0_0 (elsys-design.com:user:Timer_ronde:1.0) from (Rev. 4) to (Rev. 5)






Copyright 1986-2020 Xilinx, Inc. All Rights Reserved.
------------------------------------------------------------------------------------
| Tool Version : Vivado v.2020.2 (win64) Build 3064766 Wed Nov 18 09:12:45 MST 2020
| Date         : Mon Aug  1 15:01:03 2022
| Host         : D-14JM0W2 running 64-bit major release  (build 9200)
| Command      : upgrade_ip
| Device       : xc7z020clg400-1
------------------------------------------------------------------------------------

Upgrade Log for IP 'design_fpga_Timer_ronde_0_0'

1. Summary
----------

CAUTION (success, with warnings) in the upgrade of design_fpga_Timer_ronde_0_0 (elsys-design.com:user:Timer_ronde:1.0) from (Rev. 3) to (Rev. 4)

After upgrade, an IP may have parameter and port differences compared to the original customization. Please review the parameters within the IP customization GUI to ensure proper functionality. Also, please review the updated IP instantiation template to ensure proper connectivity, and update your design if required.

2. Connection Warnings
----------------------

Detected external port differences while upgrading 'design_fpga_Timer_ronde_0_0'. These changes may impact your design.


-Upgrade has added port 'pulse_s'







Copyright 1986-2020 Xilinx, Inc. All Rights Reserved.
------------------------------------------------------------------------------------
| Tool Version : Vivado v.2020.2 (win64) Build 3064766 Wed Nov 18 09:12:45 MST 2020
| Date         : Thu Jul 21 14:00:06 2022
| Host         : D-14JM0W2 running 64-bit major release  (build 9200)
| Command      : upgrade_ip
| Device       : xc7z020clg400-1
------------------------------------------------------------------------------------

Upgrade Log for IP 'design_fpga_IP_IMU_0_0'

1. Summary
----------

SUCCESS in the upgrade of design_fpga_IP_IMU_0_0 (elsys-design.com:user:IP_IMU:1.0) from (Rev. 13) to (Rev. 14)






Copyright 1986-2020 Xilinx, Inc. All Rights Reserved.
------------------------------------------------------------------------------------
| Tool Version : Vivado v.2020.2 (win64) Build 3064766 Wed Nov 18 09:12:45 MST 2020
| Date         : Thu Jul 21 13:55:57 2022
| Host         : D-14JM0W2 running 64-bit major release  (build 9200)
| Command      : upgrade_ip
| Device       : xc7z020clg400-1
------------------------------------------------------------------------------------

Upgrade Log for IP 'design_fpga_Timer_ronde_0_0'

1. Summary
----------

SUCCESS in the upgrade of design_fpga_Timer_ronde_0_0 (elsys-design.com:user:Timer_ronde:1.0) from (Rev. 2) to (Rev. 3)






Copyright 1986-2020 Xilinx, Inc. All Rights Reserved.
------------------------------------------------------------------------------------
| Tool Version : Vivado v.2020.2 (win64) Build 3064766 Wed Nov 18 09:12:45 MST 2020
| Date         : Thu Jul 21 13:55:57 2022
| Host         : D-14JM0W2 running 64-bit major release  (build 9200)
| Command      : upgrade_ip
| Device       : xc7z020clg400-1
------------------------------------------------------------------------------------

Upgrade Log for IP 'design_fpga_IP_IMU_0_0'

1. Summary
----------

SUCCESS in the upgrade of design_fpga_IP_IMU_0_0 (elsys-design.com:user:IP_IMU:1.0) from (Rev. 12) to (Rev. 13)






Copyright 1986-2020 Xilinx, Inc. All Rights Reserved.
------------------------------------------------------------------------------------
| Tool Version : Vivado v.2020.2 (win64) Build 3064766 Wed Nov 18 09:12:45 MST 2020
| Date         : Thu Jul 21 11:41:24 2022
| Host         : D-14JM0W2 running 64-bit major release  (build 9200)
| Command      : upgrade_ip
| Device       : xc7z020clg400-1
------------------------------------------------------------------------------------

Upgrade Log for IP 'design_fpga_IP_IMU_0_0'

1. Summary
----------

SUCCESS in the upgrade of design_fpga_IP_IMU_0_0 (elsys-design.com:user:IP_IMU:1.0) from (Rev. 11) to (Rev. 12)






Copyright 1986-2020 Xilinx, Inc. All Rights Reserved.
------------------------------------------------------------------------------------
| Tool Version : Vivado v.2020.2 (win64) Build 3064766 Wed Nov 18 09:12:45 MST 2020
| Date         : Tue Jul 19 11:25:28 2022
| Host         : D-14JM0W2 running 64-bit major release  (build 9200)
| Command      : upgrade_ip
| Device       : xc7z020clg400-1
------------------------------------------------------------------------------------

Upgrade Log for IP 'design_fpga_IP_IMU_0_0'

1. Summary
----------

SUCCESS in the upgrade of design_fpga_IP_IMU_0_0 (elsys-design.com:user:IP_IMU:1.0) from (Rev. 10) to (Rev. 11)






Copyright 1986-2020 Xilinx, Inc. All Rights Reserved.
------------------------------------------------------------------------------------
| Tool Version : Vivado v.2020.2 (win64) Build 3064766 Wed Nov 18 09:12:45 MST 2020
| Date         : Tue Jul 19 10:55:14 2022
| Host         : D-14JM0W2 running 64-bit major release  (build 9200)
| Command      : upgrade_ip
| Device       : xc7z020clg400-1
------------------------------------------------------------------------------------

Upgrade Log for IP 'design_fpga_IP_IMU_0_0'

1. Summary
----------

SUCCESS in the upgrade of design_fpga_IP_IMU_0_0 (elsys-design.com:user:IP_IMU:1.0) from (Rev. 9) to (Rev. 10)






Copyright 1986-2020 Xilinx, Inc. All Rights Reserved.
------------------------------------------------------------------------------------
| Tool Version : Vivado v.2020.2 (win64) Build 3064766 Wed Nov 18 09:12:45 MST 2020
| Date         : Tue Jul 12 15:46:13 2022
| Host         : D-14JM0W2 running 64-bit major release  (build 9200)
| Command      : upgrade_ip
| Device       : xc7z020clg400-1
------------------------------------------------------------------------------------

Upgrade Log for IP 'design_fpga_Timer_ronde_0_0'

1. Summary
----------

SUCCESS in the conversion of design_fpga_Timer_ronde_0_0 (elsys-design.com:user:Timer_ronde:1.0 (Rev. 2)) to Vivado generation flows.






Copyright 1986-2020 Xilinx, Inc. All Rights Reserved.
------------------------------------------------------------------------------------
| Tool Version : Vivado v.2020.2 (win64) Build 3064766 Wed Nov 18 09:12:45 MST 2020
| Date         : Tue Jul 12 15:46:13 2022
| Host         : D-14JM0W2 running 64-bit major release  (build 9200)
| Command      : upgrade_ip
| Device       : xc7z020clg400-1
------------------------------------------------------------------------------------

Upgrade Log for IP 'design_fpga_IP_IMU_0_0'

1. Summary
----------

SUCCESS in the conversion of design_fpga_IP_IMU_0_0 (elsys-design.com:user:IP_IMU:1.0 (Rev. 9)) to Vivado generation flows.






Copyright 1986-2020 Xilinx, Inc. All Rights Reserved.
------------------------------------------------------------------------------------
| Tool Version : Vivado v.2020.2 (win64) Build 3064766 Wed Nov 18 09:12:45 MST 2020
| Date         : Tue Jul 12 15:46:13 2022
| Host         : D-14JM0W2 running 64-bit major release  (build 9200)
| Command      : upgrade_ip
| Device       : xc7z020clg400-1
------------------------------------------------------------------------------------

Upgrade Log for IP 'design_fpga_Dijkstra_reg_0_0'

1. Summary
----------

SUCCESS in the conversion of design_fpga_Dijkstra_reg_0_0 (elsys-design.com:user:Dijkstra_reg:1.0 (Rev. 7)) to Vivado generation flows.






Copyright 1986-2020 Xilinx, Inc. All Rights Reserved.
------------------------------------------------------------------------------------
| Tool Version : Vivado v.2020.2 (win64) Build 3064766 Wed Nov 18 09:12:45 MST 2020
| Date         : Tue Jul 12 15:46:13 2022
| Host         : D-14JM0W2 running 64-bit major release  (build 9200)
| Command      : upgrade_ip
| Device       : xc7z020clg400-1
------------------------------------------------------------------------------------

Upgrade Log for IP 'design_fpga_Balise_0_0'

1. Summary
----------

SUCCESS in the conversion of design_fpga_Balise_0_0 (elsys-design.com:user:Balise:1.0 (Rev. 12)) to Vivado generation flows.

