#-----------------------------------------------------------
# Vivado v2020.2 (64-bit)
# SW Build 3064766 on Wed Nov 18 09:12:45 MST 2020
# IP Build 3064653 on Wed Nov 18 14:17:31 MST 2020
# Start of session at: Mon Aug  8 14:26:33 2022
# Process ID: 17420
# Current directory: D:/Projet_range/project
# Command line: vivado.exe -gui_launcher_event rodinguilauncherevent304 D:\Projet_range\project\project.xpr
# Log file: D:/Projet_range/project/vivado.log
# Journal file: D:/Projet_range/project\vivado.jou
#-----------------------------------------------------------
start_gui
open_project D:/Projet_range/project/project.xpr
Scanning sources...
Finished scanning sources
INFO: [IP_Flow 19-234] Refreshing IP repositories
INFO: [IP_Flow 19-1700] Loaded user IP repository 'd:/Projet_range/sources/ip_repo'.
INFO: [IP_Flow 19-2313] Loaded Vivado IP repository 'D:/Programmes/Vivado/2020.2/data/ip'.
open_project: Time (s): cpu = 00:00:16 ; elapsed = 00:00:12 . Memory (MB): peak = 1126.254 ; gain = 0.000
update_compile_order -fileset sources_1
open_bd_design {D:/Projet_range/project/project.srcs/sources_1/bd/design_fpga/design_fpga.bd}
Reading block design file <D:/Projet_range/project/project.srcs/sources_1/bd/design_fpga/design_fpga.bd>...
Adding component instance block -- xilinx.com:module_ref:time_pulse:1.0 - time_pulse_0
Adding component instance block -- xilinx.com:ip:processing_system7:5.5 - processing_system7_0
Adding component instance block -- xilinx.com:ip:axi_interconnect:2.1 - ps7_0_axi_periph
Adding component instance block -- xilinx.com:ip:axi_crossbar:2.1 - xbar
Adding component instance block -- xilinx.com:ip:axi_protocol_converter:2.1 - auto_pc
Adding component instance block -- xilinx.com:ip:proc_sys_reset:5.0 - rst_ps7_0_50M
Adding component instance block -- xilinx.com:ip:axi_uartlite:2.0 - axi_uartlite_0
Adding component instance block -- elsys-design.com:user:Balise:1.0 - Balise_0
Adding component instance block -- elsys-design.com:user:Dijkstra_reg:1.0 - Dijkstra_reg_0
Adding component instance block -- elsys-design.com:user:IP_IMU:1.0 - IP_IMU_0
Adding component instance block -- elsys-design.com:user:Timer_ronde:1.0 - Timer_ronde_0
Successfully read diagram <design_fpga> from block design file <D:/Projet_range/project/project.srcs/sources_1/bd/design_fpga/design_fpga.bd>
open_bd_design: Time (s): cpu = 00:00:12 ; elapsed = 00:00:10 . Memory (MB): peak = 1222.676 ; gain = 96.422
delete_bd_objs [get_bd_intf_nets ps7_0_axi_periph_M03_AXI] [get_bd_nets Net] [get_bd_nets Net1] [get_bd_nets time_pulse_0_pulse_1ms] [get_bd_cells IP_IMU_0]
startgroup
create_bd_cell -type ip -vlnv elsys-design.com:user:IMU_v3:1.0 IMU_v3_0
endgroup
set_property location {4 1234 56} [get_bd_cells IMU_v3_0]
connect_bd_net [get_bd_ports IMU_I2C_SDA] [get_bd_pins IMU_v3_0/SDA_IO]
connect_bd_net [get_bd_ports IMU_I2C_SCL] [get_bd_pins IMU_v3_0/SCL_IO]
connect_bd_net [get_bd_pins IMU_v3_0/pulse_1ms] [get_bd_pins time_pulse_0/pulse_1ms]
apply_bd_automation -rule xilinx.com:bd_rule:axi4 -config { Clk_master {/processing_system7_0/FCLK_CLK0 (50 MHz)} Clk_slave {Auto} Clk_xbar {/processing_system7_0/FCLK_CLK0 (50 MHz)} Master {/processing_system7_0/M_AXI_GP0} Slave {/IMU_v3_0/S00_AXI} ddr_seg {Auto} intc_ip {/ps7_0_axi_periph} master_apm {0}}  [get_bd_intf_pins IMU_v3_0/S00_AXI]
Slave segment '/IMU_v3_0/S00_AXI/S00_AXI_reg' is being assigned into address space '/processing_system7_0/Data' at <0x43C2_0000 [ 64K ]>.
WARNING: [IP_Flow 19-4318] IP-XACT file does not exist: d:/Projet_range/sources/ip_repo/Timer_ronde_1.0/component.xml. It will be created.
WARNING: [IP_Flow 19-4318] IP-XACT file does not exist: d:/Projet_range/sources/ip_repo/IMU_v3_1.0/component.xml. It will be created.
update_ip_catalog -rebuild -scan_changes
INFO: [IP_Flow 19-234] Refreshing IP repositories
INFO: [IP_Flow 19-1700] Loaded user IP repository 'd:/Projet_range/sources/ip_repo'.
report_ip_status -name ip_status
upgrade_ip [get_ips  {design_fpga_Timer_ronde_0_0 design_fpga_IMU_v3_0_0}] -log ip_upgrade.log
Upgrading 'D:/Projet_range/project/project.srcs/sources_1/bd/design_fpga/design_fpga.bd'
INFO: [IP_Flow 19-1972] Upgraded design_fpga_IMU_v3_0_0 from IMU_v3_v1.0 1.0 to IMU_v3_v1.0 1.0
INFO: [IP_Flow 19-1972] Upgraded design_fpga_Timer_ronde_0_0 from Timer_ronde_v1.0 1.0 to Timer_ronde_v1.0 1.0
Wrote  : <D:\Projet_range\project\project.srcs\sources_1\bd\design_fpga\design_fpga.bd> 
Wrote  : <D:/Projet_range/project/project.srcs/sources_1/bd/design_fpga/ui/bd_d473c2e5.ui> 
INFO: [Coretcl 2-1525] Wrote upgrade log to 'D:/Projet_range/project/ip_upgrade.log'.
export_ip_user_files -of_objects [get_ips {design_fpga_Timer_ronde_0_0 design_fpga_IMU_v3_0_0}] -no_script -sync -force -quiet
reset_run synth_1
launch_runs impl_1 -to_step write_bitstream -jobs 10
Wrote  : <D:\Projet_range\project\project.srcs\sources_1\bd\design_fpga\design_fpga.bd> 
VHDL Output written to : d:/Projet_range/project/project.gen/sources_1/bd/design_fpga/synth/design_fpga.vhd
VHDL Output written to : d:/Projet_range/project/project.gen/sources_1/bd/design_fpga/sim/design_fpga.vhd
VHDL Output written to : d:/Projet_range/project/project.gen/sources_1/bd/design_fpga/hdl/design_fpga_wrapper.vhd
INFO: [BD 41-1029] Generation completed for the IP Integrator block Timer_ronde_0 .
INFO: [BD 41-1029] Generation completed for the IP Integrator block IMU_v3_0 .
WARNING: [IP_Flow 19-4994] Overwriting existing constraint file 'd:/Projet_range/project/project.gen/sources_1/bd/design_fpga/ip/design_fpga_auto_pc_0/design_fpga_auto_pc_0_ooc.xdc'
WARNING: [IP_Flow 19-5160] IP 'design_fpga_auto_pc_0' detected simulation language mismatch. Simulation type 'rtl' does not support 'VHDL' outputs (see project's "simulator_language" property), delivering 'Verilog' outputs instead.
WARNING: [IP_Flow 19-5160] IP 'design_fpga_auto_pc_0' detected simulation language mismatch. Simulation type 'tlm' does not support 'VHDL' outputs (see project's "simulator_language" property), delivering 'SystemC' outputs instead.
INFO: [BD 41-1029] Generation completed for the IP Integrator block ps7_0_axi_periph/s00_couplers/auto_pc .
Exporting to file d:/Projet_range/project/project.gen/sources_1/bd/design_fpga/hw_handoff/design_fpga.hwh
Generated Block Design Tcl file d:/Projet_range/project/project.gen/sources_1/bd/design_fpga/hw_handoff/design_fpga_bd.tcl
Generated Hardware Definition File d:/Projet_range/project/project.gen/sources_1/bd/design_fpga/synth/design_fpga.hwdef
INFO: [IP_Flow 19-7066] Running IP cache check for IP design_fpga_IMU_v3_0_0
INFO: [IP_Flow 19-7066] Running IP cache check for IP design_fpga_Timer_ronde_0_0
INFO: [IP_Flow 19-7066] Running IP cache check for IP design_fpga_auto_pc_0
INFO: [IP_Flow 19-4993] Using cached IP synthesis design for IP design_fpga_Timer_ronde_0_0, cache-ID = 8f56c8fa636d381d; cache size = 57.893 MB.
INFO: [IP_Flow 19-4993] Using cached IP synthesis design for IP design_fpga_auto_pc_0, cache-ID = 661c56cfa8991866; cache size = 57.893 MB.
[Mon Aug  8 14:31:21 2022] Launched design_fpga_IMU_v3_0_0_synth_1, synth_1...
Run output will be captured here:
design_fpga_IMU_v3_0_0_synth_1: D:/Projet_range/project/project.runs/design_fpga_IMU_v3_0_0_synth_1/runme.log
synth_1: D:/Projet_range/project/project.runs/synth_1/runme.log
[Mon Aug  8 14:31:21 2022] Launched impl_1...
Run output will be captured here: D:/Projet_range/project/project.runs/impl_1/runme.log
launch_runs: Time (s): cpu = 00:00:22 ; elapsed = 00:00:30 . Memory (MB): peak = 1479.414 ; gain = 211.980
report_ip_status -name ip_status 
write_hw_platform -fixed -include_bit -force -file D:/Projet_range/project/design_fpga_IMU_up_wrapper.xsa
INFO: [Vivado 12-4895] Creating Hardware Platform: D:/Projet_range/project/design_fpga_IMU_up_wrapper.xsa ...
INFO: [Hsi 55-2053] elapsed time for repository (D:/Programmes/Vivado/2020.2/data\embeddedsw) loading 4 seconds
WARNING: [Project 1-645] Board images not set in Hardware Platform.
INFO: [Vivado 12-12467] The Hardware Platform can be used for Hardware
INFO: [Vivado 12-4896] Successfully created Hardware Platform: D:/Projet_range/project/design_fpga_IMU_up_wrapper.xsa
write_hw_platform: Time (s): cpu = 00:00:06 ; elapsed = 00:00:10 . Memory (MB): peak = 1656.574 ; gain = 176.215
exit
INFO: [Common 17-206] Exiting Vivado at Mon Aug  8 14:37:39 2022...
