Copyright 1986-2020 Xilinx, Inc. All Rights Reserved.
--------------------------------------------------------------------------------------------------------
| Tool Version : Vivado v.2020.2 (win64) Build 3064766 Wed Nov 18 09:12:45 MST 2020
| Date         : Tue Aug 30 11:04:04 2022
| Host         : D-14JM0W2 running 64-bit major release  (build 9200)
| Command      : report_control_sets -verbose -file design_ip_ultrasons_wrapper_control_sets_placed.rpt
| Design       : design_ip_ultrasons_wrapper
| Device       : xc7z020
--------------------------------------------------------------------------------------------------------

Control Set Information

Table of Contents
-----------------
1. Summary
2. Histogram
3. Flip-Flop Distribution
4. Detailed Control Set Information

1. Summary
----------

+----------------------------------------------------------+-------+
|                          Status                          | Count |
+----------------------------------------------------------+-------+
| Total control sets                                       |    54 |
|    Minimum number of control sets                        |    54 |
|    Addition due to synthesis replication                 |     0 |
|    Addition due to physical synthesis replication        |     0 |
| Unused register locations in slices containing registers |   117 |
+----------------------------------------------------------+-------+
* Control sets can be merged at opt_design using control_set_merge or merge_equivalent_drivers
** Run report_qor_suggestions for automated merging and remapping suggestions


2. Histogram
------------

+--------------------+-------+
|       Fanout       | Count |
+--------------------+-------+
| Total control sets |    54 |
| >= 0 to < 4        |     2 |
| >= 4 to < 6        |     7 |
| >= 6 to < 8        |     2 |
| >= 8 to < 10       |    19 |
| >= 10 to < 12      |     2 |
| >= 12 to < 14      |     7 |
| >= 14 to < 16      |     2 |
| >= 16              |    13 |
+--------------------+-------+
* Control sets can be remapped at either synth_design or opt_design


3. Flip-Flop Distribution
-------------------------

+--------------+-----------------------+------------------------+-----------------+--------------+
| Clock Enable | Synchronous Set/Reset | Asynchronous Set/Reset | Total Registers | Total Slices |
+--------------+-----------------------+------------------------+-----------------+--------------+
| No           | No                    | No                     |             110 |           36 |
| No           | No                    | Yes                    |              22 |           11 |
| No           | Yes                   | No                     |              34 |           14 |
| Yes          | No                    | No                     |             299 |           67 |
| Yes          | No                    | Yes                    |              41 |           14 |
| Yes          | Yes                   | No                     |             217 |           52 |
+--------------+-----------------------+------------------------+-----------------+--------------+


4. Detailed Control Set Information
-----------------------------------

+------------------------------------------------------------+---------------------------------------------------------------------------------------------------------------------------------------------------------------------------+------------------------------------------------------------------------------------------------------------------------------------------------------------------+------------------+----------------+--------------+
|                        Clock Signal                        |                                                                               Enable Signal                                                                               |                                                                         Set/Reset Signal                                                                         | Slice Load Count | Bel Load Count | Bels / Slice |
+------------------------------------------------------------+---------------------------------------------------------------------------------------------------------------------------------------------------------------------------+------------------------------------------------------------------------------------------------------------------------------------------------------------------+------------------+----------------+--------------+
|  design_ip_ultrasons_i/processing_system7_0/inst/FCLK_CLK0 | design_ip_ultrasons_i/ps7_0_axi_periph/s00_couplers/auto_pc/inst/gen_axilite.gen_b2s_conv.axilite_b2s/WR.aw_channel_0/aw_cmd_fsm_0/FSM_sequential_state_reg[0]_1          | design_ip_ultrasons_i/ps7_0_axi_periph/s00_couplers/auto_pc/inst/gen_axilite.gen_b2s_conv.axilite_b2s/WR.aw_channel_0/aw_cmd_fsm_0/FSM_sequential_state_reg[0]_0 |                1 |              1 |         1.00 |
|  design_ip_ultrasons_i/processing_system7_0/inst/FCLK_CLK0 | design_ip_ultrasons_i/ps7_0_axi_periph/s00_couplers/auto_pc/inst/gen_axilite.gen_b2s_conv.axilite_b2s/WR.b_channel_0/bid_fifo_0/sel                                       |                                                                                                                                                                  |                1 |              2 |         2.00 |
|  design_ip_ultrasons_i/processing_system7_0/inst/FCLK_CLK0 |                                                                                                                                                                           | design_ip_ultrasons_i/ps7_0_axi_periph/s00_couplers/auto_pc/inst/gen_axilite.gen_b2s_conv.axilite_b2s/SI_REG/aw.aw_pipe/aresetn_d_reg[0]_0                       |                1 |              4 |         4.00 |
|  design_ip_ultrasons_i/processing_system7_0/inst/FCLK_CLK0 |                                                                                                                                                                           | design_ip_ultrasons_i/rst_ps7_0_50M/U0/EXT_LPF/lpf_int                                                                                                           |                2 |              4 |         2.00 |
|  design_ip_ultrasons_i/processing_system7_0/inst/FCLK_CLK0 |                                                                                                                                                                           | design_ip_ultrasons_i/ps7_0_axi_periph/s00_couplers/auto_pc/inst/gen_axilite.gen_b2s_conv.axilite_b2s/SI_REG/ar.ar_pipe/aresetn_d_reg[1]_inv_0                   |                2 |              4 |         2.00 |
|  design_ip_ultrasons_i/processing_system7_0/inst/FCLK_CLK0 | design_ip_ultrasons_i/Ultrasons_0/U0/Ultrasons_v1_0_S00_AXI_inst/DUT1/Count_trig/count[3]_i_1_n_0                                                                         | design_ip_ultrasons_i/Ultrasons_0/U0/Ultrasons_v1_0_S00_AXI_inst/DUT1/Count_dist/AR[0]                                                                           |                1 |              4 |         4.00 |
|  design_ip_ultrasons_i/processing_system7_0/inst/FCLK_CLK0 | design_ip_ultrasons_i/ps7_0_axi_periph/s00_couplers/auto_pc/inst/gen_axilite.gen_b2s_conv.axilite_b2s/RD.ar_channel_0/ar_cmd_fsm_0/m_axi_arready_2                        | design_ip_ultrasons_i/ps7_0_axi_periph/s00_couplers/auto_pc/inst/gen_axilite.gen_b2s_conv.axilite_b2s/RD.ar_channel_0/ar_cmd_fsm_0/FSM_sequential_state_reg[1]_0 |                1 |              4 |         4.00 |
|  design_ip_ultrasons_i/processing_system7_0/inst/FCLK_CLK0 | design_ip_ultrasons_i/ps7_0_axi_periph/s00_couplers/auto_pc/inst/gen_axilite.gen_b2s_conv.axilite_b2s/RD.r_channel_0/rd_data_fifo_0/cnt_read[4]_i_1__0_n_0                | design_ip_ultrasons_i/ps7_0_axi_periph/s00_couplers/auto_pc/inst/gen_axilite.gen_b2s_conv.axilite_b2s/areset_d1                                                  |                2 |              5 |         2.50 |
|  design_ip_ultrasons_i/processing_system7_0/inst/FCLK_CLK0 | design_ip_ultrasons_i/ps7_0_axi_periph/s00_couplers/auto_pc/inst/gen_axilite.gen_b2s_conv.axilite_b2s/RD.r_channel_0/transaction_fifo_0/cnt_read[4]_i_1_n_0               | design_ip_ultrasons_i/ps7_0_axi_periph/s00_couplers/auto_pc/inst/gen_axilite.gen_b2s_conv.axilite_b2s/areset_d1                                                  |                1 |              5 |         5.00 |
|  design_ip_ultrasons_i/processing_system7_0/inst/FCLK_CLK0 | design_ip_ultrasons_i/rst_ps7_0_50M/U0/SEQ/seq_cnt_en                                                                                                                     | design_ip_ultrasons_i/rst_ps7_0_50M/U0/SEQ/SEQ_COUNTER/clear                                                                                                     |                1 |              6 |         6.00 |
|  design_ip_ultrasons_i/processing_system7_0/inst/FCLK_CLK0 | design_ip_ultrasons_i/Ultrasons_0/U0/Ultrasons_v1_0_S00_AXI_inst/DUT1/Count_delay_ms/count[5]_i_1_n_0                                                                     | design_ip_ultrasons_i/Ultrasons_0/U0/Ultrasons_v1_0_S00_AXI_inst/DUT1/Count_dist/AR[0]                                                                           |                3 |              6 |         2.00 |
|  design_ip_ultrasons_i/processing_system7_0/inst/FCLK_CLK0 |                                                                                                                                                                           | design_ip_ultrasons_i/time_pulse_0/U0/pulse_1us_i_2_n_0                                                                                                          |                3 |              8 |         2.67 |
|  design_ip_ultrasons_i/processing_system7_0/inst/FCLK_CLK0 | design_ip_ultrasons_i/Ultrasons_0/U0/Ultrasons_v1_0_S00_AXI_inst/DUT1/s_data_ult[7]_i_1_n_0                                                                               | design_ip_ultrasons_i/Ultrasons_0/U0/Ultrasons_v1_0_S00_AXI_inst/DUT1/Count_dist/AR[0]                                                                           |                3 |              8 |         2.67 |
|  design_ip_ultrasons_i/processing_system7_0/inst/FCLK_CLK0 | design_ip_ultrasons_i/ps7_0_axi_periph/s00_couplers/auto_pc/inst/gen_axilite.gen_b2s_conv.axilite_b2s/WR.b_channel_0/mhandshake_r                                         | design_ip_ultrasons_i/ps7_0_axi_periph/s00_couplers/auto_pc/inst/gen_axilite.gen_b2s_conv.axilite_b2s/WR.b_channel_0/bid_fifo_0/SR[0]                            |                3 |              8 |         2.67 |
|  design_ip_ultrasons_i/processing_system7_0/inst/FCLK_CLK0 | design_ip_ultrasons_i/ps7_0_axi_periph/s00_couplers/auto_pc/inst/gen_axilite.gen_b2s_conv.axilite_b2s/RD.ar_channel_0/ar_cmd_fsm_0/sel_first_reg[0]                       |                                                                                                                                                                  |                2 |              8 |         4.00 |
|  design_ip_ultrasons_i/processing_system7_0/inst/FCLK_CLK0 | design_ip_ultrasons_i/ps7_0_axi_periph/s00_couplers/auto_pc/inst/gen_axilite.gen_b2s_conv.axilite_b2s/WR.aw_channel_0/aw_cmd_fsm_0/m_valid_i_reg[0]                       |                                                                                                                                                                  |                4 |              8 |         2.00 |
|  design_ip_ultrasons_i/processing_system7_0/inst/FCLK_CLK0 | design_ip_ultrasons_i/ps7_0_axi_periph/s00_couplers/auto_pc/inst/gen_axilite.gen_b2s_conv.axilite_b2s/WR.aw_channel_0/cmd_translator_0/incr_cmd_0/axaddr_incr[11]_i_1_n_0 |                                                                                                                                                                  |                2 |              8 |         4.00 |
|  design_ip_ultrasons_i/processing_system7_0/inst/FCLK_CLK0 | design_ip_ultrasons_i/ps7_0_axi_periph/s00_couplers/auto_pc/inst/gen_axilite.gen_b2s_conv.axilite_b2s/RD.ar_channel_0/ar_cmd_fsm_0/E[0]                                   |                                                                                                                                                                  |                2 |              8 |         4.00 |
|  design_ip_ultrasons_i/processing_system7_0/inst/FCLK_CLK0 | design_ip_ultrasons_i/Ultrasons_0/U0/Ultrasons_v1_0_S00_AXI_inst/slv_reg0[15]_i_1_n_0                                                                                     | design_ip_ultrasons_i/Ultrasons_0/U0/Ultrasons_v1_0_S00_AXI_inst/DUT1/Count_dist/AR[0]                                                                           |                1 |              8 |         8.00 |
|  design_ip_ultrasons_i/processing_system7_0/inst/FCLK_CLK0 | design_ip_ultrasons_i/Ultrasons_0/U0/Ultrasons_v1_0_S00_AXI_inst/slv_reg0[23]_i_1_n_0                                                                                     | design_ip_ultrasons_i/Ultrasons_0/U0/Ultrasons_v1_0_S00_AXI_inst/DUT1/Count_dist/AR[0]                                                                           |                3 |              8 |         2.67 |
|  design_ip_ultrasons_i/processing_system7_0/inst/FCLK_CLK0 | design_ip_ultrasons_i/Ultrasons_0/U0/Ultrasons_v1_0_S00_AXI_inst/slv_reg0[31]_i_1_n_0                                                                                     | design_ip_ultrasons_i/Ultrasons_0/U0/Ultrasons_v1_0_S00_AXI_inst/DUT1/Count_dist/AR[0]                                                                           |                1 |              8 |         8.00 |
|  design_ip_ultrasons_i/processing_system7_0/inst/FCLK_CLK0 | design_ip_ultrasons_i/Ultrasons_0/U0/Ultrasons_v1_0_S00_AXI_inst/slv_reg0[7]_i_1_n_0                                                                                      | design_ip_ultrasons_i/Ultrasons_0/U0/Ultrasons_v1_0_S00_AXI_inst/DUT1/Count_dist/AR[0]                                                                           |                2 |              8 |         4.00 |
|  design_ip_ultrasons_i/processing_system7_0/inst/FCLK_CLK0 | design_ip_ultrasons_i/Ultrasons_0/U0/Ultrasons_v1_0_S00_AXI_inst/slv_reg6[15]_i_1_n_0                                                                                     | design_ip_ultrasons_i/Ultrasons_0/U0/Ultrasons_v1_0_S00_AXI_inst/DUT1/Count_dist/AR[0]                                                                           |                1 |              8 |         8.00 |
|  design_ip_ultrasons_i/processing_system7_0/inst/FCLK_CLK0 | design_ip_ultrasons_i/Ultrasons_0/U0/Ultrasons_v1_0_S00_AXI_inst/slv_reg6[23]_i_1_n_0                                                                                     | design_ip_ultrasons_i/Ultrasons_0/U0/Ultrasons_v1_0_S00_AXI_inst/DUT1/Count_dist/AR[0]                                                                           |                1 |              8 |         8.00 |
|  design_ip_ultrasons_i/processing_system7_0/inst/FCLK_CLK0 | design_ip_ultrasons_i/Ultrasons_0/U0/Ultrasons_v1_0_S00_AXI_inst/slv_reg6[31]_i_1_n_0                                                                                     | design_ip_ultrasons_i/Ultrasons_0/U0/Ultrasons_v1_0_S00_AXI_inst/DUT1/Count_dist/AR[0]                                                                           |                1 |              8 |         8.00 |
|  design_ip_ultrasons_i/processing_system7_0/inst/FCLK_CLK0 | design_ip_ultrasons_i/Ultrasons_0/U0/Ultrasons_v1_0_S00_AXI_inst/slv_reg7[31]_i_1_n_0                                                                                     | design_ip_ultrasons_i/Ultrasons_0/U0/Ultrasons_v1_0_S00_AXI_inst/DUT1/Count_dist/AR[0]                                                                           |                1 |              8 |         8.00 |
|  design_ip_ultrasons_i/processing_system7_0/inst/FCLK_CLK0 | design_ip_ultrasons_i/Ultrasons_0/U0/Ultrasons_v1_0_S00_AXI_inst/slv_reg6[7]_i_1_n_0                                                                                      | design_ip_ultrasons_i/Ultrasons_0/U0/Ultrasons_v1_0_S00_AXI_inst/DUT1/Count_dist/AR[0]                                                                           |                1 |              8 |         8.00 |
|  design_ip_ultrasons_i/processing_system7_0/inst/FCLK_CLK0 | design_ip_ultrasons_i/Ultrasons_0/U0/Ultrasons_v1_0_S00_AXI_inst/slv_reg7[15]_i_1_n_0                                                                                     | design_ip_ultrasons_i/Ultrasons_0/U0/Ultrasons_v1_0_S00_AXI_inst/DUT1/Count_dist/AR[0]                                                                           |                2 |              8 |         4.00 |
|  design_ip_ultrasons_i/processing_system7_0/inst/FCLK_CLK0 | design_ip_ultrasons_i/Ultrasons_0/U0/Ultrasons_v1_0_S00_AXI_inst/slv_reg7[23]_i_1_n_0                                                                                     | design_ip_ultrasons_i/Ultrasons_0/U0/Ultrasons_v1_0_S00_AXI_inst/DUT1/Count_dist/AR[0]                                                                           |                2 |              8 |         4.00 |
|  design_ip_ultrasons_i/processing_system7_0/inst/FCLK_CLK0 | design_ip_ultrasons_i/Ultrasons_0/U0/Ultrasons_v1_0_S00_AXI_inst/slv_reg7[7]_i_1_n_0                                                                                      | design_ip_ultrasons_i/Ultrasons_0/U0/Ultrasons_v1_0_S00_AXI_inst/DUT1/Count_dist/AR[0]                                                                           |                1 |              8 |         8.00 |
|  design_ip_ultrasons_i/processing_system7_0/inst/FCLK_CLK0 |                                                                                                                                                                           | design_ip_ultrasons_i/ps7_0_axi_periph/s00_couplers/auto_pc/inst/gen_axilite.gen_b2s_conv.axilite_b2s/areset_d1                                                  |                4 |             10 |         2.50 |
|  design_ip_ultrasons_i/processing_system7_0/inst/FCLK_CLK0 | design_ip_ultrasons_i/time_pulse_0/U0/cpt_1us1                                                                                                                            | design_ip_ultrasons_i/time_pulse_0/U0/pulse_1us_i_2_n_0                                                                                                          |                3 |             10 |         3.33 |
|  design_ip_ultrasons_i/processing_system7_0/inst/FCLK_CLK0 | design_ip_ultrasons_i/Ultrasons_0/U0/Ultrasons_v1_0_S00_AXI_inst/DUT1/E[0]                                                                                                | design_ip_ultrasons_i/Ultrasons_0/U0/Ultrasons_v1_0_S00_AXI_inst/ult4_4                                                                                          |                2 |             12 |         6.00 |
|  design_ip_ultrasons_i/processing_system7_0/inst/FCLK_CLK0 | design_ip_ultrasons_i/Ultrasons_0/U0/Ultrasons_v1_0_S00_AXI_inst/DUT1/s_nb_ult_reg[0]_1[0]                                                                                | design_ip_ultrasons_i/Ultrasons_0/U0/Ultrasons_v1_0_S00_AXI_inst/ult4_4                                                                                          |                3 |             12 |         4.00 |
|  design_ip_ultrasons_i/processing_system7_0/inst/FCLK_CLK0 | design_ip_ultrasons_i/Ultrasons_0/U0/Ultrasons_v1_0_S00_AXI_inst/DUT1/data_valid_reg_0[0]                                                                                 | design_ip_ultrasons_i/Ultrasons_0/U0/Ultrasons_v1_0_S00_AXI_inst/ult4_4                                                                                          |                3 |             12 |         4.00 |
|  design_ip_ultrasons_i/processing_system7_0/inst/FCLK_CLK0 | design_ip_ultrasons_i/Ultrasons_0/U0/Ultrasons_v1_0_S00_AXI_inst/DUT1/s_nb_ult_reg[1]_1[0]                                                                                | design_ip_ultrasons_i/Ultrasons_0/U0/Ultrasons_v1_0_S00_AXI_inst/ult4_4                                                                                          |                3 |             12 |         4.00 |
|  design_ip_ultrasons_i/processing_system7_0/inst/FCLK_CLK0 | design_ip_ultrasons_i/Ultrasons_0/U0/Ultrasons_v1_0_S00_AXI_inst/DUT1/s_nb_ult_reg[2]_1[0]                                                                                | design_ip_ultrasons_i/Ultrasons_0/U0/Ultrasons_v1_0_S00_AXI_inst/ult4_4                                                                                          |                2 |             12 |         6.00 |
|  design_ip_ultrasons_i/processing_system7_0/inst/FCLK_CLK0 | design_ip_ultrasons_i/ps7_0_axi_periph/s00_couplers/auto_pc/inst/gen_axilite.gen_b2s_conv.axilite_b2s/RD.r_channel_0/r_push_r                                             |                                                                                                                                                                  |                4 |             13 |         3.25 |
|  design_ip_ultrasons_i/processing_system7_0/inst/FCLK_CLK0 | design_ip_ultrasons_i/Ultrasons_0/U0/Ultrasons_v1_0_S00_AXI_inst/DUT1/Count_dist/count[0]_i_1_n_0                                                                         | design_ip_ultrasons_i/Ultrasons_0/U0/Ultrasons_v1_0_S00_AXI_inst/DUT1/Count_dist/AR[0]                                                                           |                4 |             13 |         3.25 |
|  design_ip_ultrasons_i/processing_system7_0/inst/FCLK_CLK0 | design_ip_ultrasons_i/ps7_0_axi_periph/s00_couplers/auto_pc/inst/gen_axilite.gen_b2s_conv.axilite_b2s/SI_REG/b.b_pipe/p_1_in                                              |                                                                                                                                                                  |                3 |             14 |         4.67 |
|  design_ip_ultrasons_i/processing_system7_0/inst/FCLK_CLK0 | design_ip_ultrasons_i/ps7_0_axi_periph/s00_couplers/auto_pc/inst/gen_axilite.gen_b2s_conv.axilite_b2s/SI_REG/b.b_pipe/s_ready_i_reg_0                                     |                                                                                                                                                                  |                3 |             14 |         4.67 |
|  design_ip_ultrasons_i/processing_system7_0/inst/FCLK_CLK0 | design_ip_ultrasons_i/ps7_0_axi_periph/s00_couplers/auto_pc/inst/gen_axilite.gen_b2s_conv.axilite_b2s/WR.aw_channel_0/aw_cmd_fsm_0/m_axi_awready_0                        |                                                                                                                                                                  |                3 |             16 |         5.33 |
|  design_ip_ultrasons_i/processing_system7_0/inst/FCLK_CLK0 | design_ip_ultrasons_i/ps7_0_axi_periph/s00_couplers/auto_pc/inst/gen_axilite.gen_b2s_conv.axilite_b2s/RD.ar_channel_0/ar_cmd_fsm_0/m_axi_arready_2                        |                                                                                                                                                                  |                7 |             17 |         2.43 |
|  design_ip_ultrasons_i/processing_system7_0/inst/FCLK_CLK0 | design_ip_ultrasons_i/ps7_0_axi_periph/s00_couplers/auto_pc/inst/gen_axilite.gen_b2s_conv.axilite_b2s/WR.aw_channel_0/aw_cmd_fsm_0/FSM_sequential_state_reg[0]_1          |                                                                                                                                                                  |                7 |             20 |         2.86 |
|  design_ip_ultrasons_i/processing_system7_0/inst/FCLK_CLK0 |                                                                                                                                                                           | design_ip_ultrasons_i/Ultrasons_0/U0/Ultrasons_v1_0_S00_AXI_inst/DUT1/Count_dist/AR[0]                                                                           |               13 |             26 |         2.00 |
|  design_ip_ultrasons_i/processing_system7_0/inst/FCLK_CLK0 | design_ip_ultrasons_i/ps7_0_axi_periph/s00_couplers/auto_pc/inst/gen_axilite.gen_b2s_conv.axilite_b2s/RD.ar_channel_0/ar_cmd_fsm_0/m_valid_i_reg[0]                       |                                                                                                                                                                  |                6 |             28 |         4.67 |
|  design_ip_ultrasons_i/processing_system7_0/inst/FCLK_CLK0 | design_ip_ultrasons_i/ps7_0_axi_periph/s00_couplers/auto_pc/inst/gen_axilite.gen_b2s_conv.axilite_b2s/WR.aw_channel_0/aw_cmd_fsm_0/E[0]                                   |                                                                                                                                                                  |                5 |             28 |         5.60 |
|  design_ip_ultrasons_i/processing_system7_0/inst/FCLK_CLK0 | design_ip_ultrasons_i/ps7_0_axi_periph/s00_couplers/auto_pc/inst/gen_axilite.gen_b2s_conv.axilite_b2s/SI_REG/ar.ar_pipe/s_ready_i_reg_0                                   |                                                                                                                                                                  |                6 |             28 |         4.67 |
|  design_ip_ultrasons_i/processing_system7_0/inst/FCLK_CLK0 | design_ip_ultrasons_i/ps7_0_axi_periph/s00_couplers/auto_pc/inst/gen_axilite.gen_b2s_conv.axilite_b2s/SI_REG/aw.aw_pipe/s_ready_i_reg_0                                   |                                                                                                                                                                  |                6 |             28 |         4.67 |
|  design_ip_ultrasons_i/processing_system7_0/inst/FCLK_CLK0 | design_ip_ultrasons_i/ps7_0_axi_periph/s00_couplers/auto_pc/inst/gen_axilite.gen_b2s_conv.axilite_b2s/RD.r_channel_0/rd_data_fifo_0/wr_en0                                |                                                                                                                                                                  |                9 |             32 |         3.56 |
|  design_ip_ultrasons_i/processing_system7_0/inst/FCLK_CLK0 | design_ip_ultrasons_i/Ultrasons_0/U0/Ultrasons_v1_0_S00_AXI_inst/slv_reg_rden                                                                                             | design_ip_ultrasons_i/Ultrasons_0/U0/Ultrasons_v1_0_S00_AXI_inst/DUT1/Count_dist/AR[0]                                                                           |               13 |             32 |         2.46 |
|  design_ip_ultrasons_i/processing_system7_0/inst/FCLK_CLK0 | design_ip_ultrasons_i/ps7_0_axi_periph/s00_couplers/auto_pc/inst/gen_axilite.gen_b2s_conv.axilite_b2s/SI_REG/r.r_pipe/p_1_in                                              |                                                                                                                                                                  |                7 |             45 |         6.43 |
|  design_ip_ultrasons_i/processing_system7_0/inst/FCLK_CLK0 | design_ip_ultrasons_i/ps7_0_axi_periph/s00_couplers/auto_pc/inst/gen_axilite.gen_b2s_conv.axilite_b2s/SI_REG/r.r_pipe/s_ready_i_reg_0                                     |                                                                                                                                                                  |                7 |             45 |         6.43 |
|  design_ip_ultrasons_i/processing_system7_0/inst/FCLK_CLK0 |                                                                                                                                                                           |                                                                                                                                                                  |               37 |            111 |         3.00 |
+------------------------------------------------------------+---------------------------------------------------------------------------------------------------------------------------------------------------------------------------+------------------------------------------------------------------------------------------------------------------------------------------------------------------+------------------+----------------+--------------+


