Removed Pin From Net: NetName=GND Pin=J14-3
Removed Pin From Net: NetName=GND Pin=J14-4
Removed Pin From Net: NetName=HOLO_UART_TX Pin=J14-5
Removed Pin From Net: NetName=HOLO_UART_RX Pin=J14-6
Removed Pin From Net: NetName=BAT_I2C_SDA Pin=J14-7
Removed Pin From Net: NetName=BAT_I2C_SCL Pin=J14-8
Removed Pin From Net: NetName=GSM_RST Pin=J14-9
Removed Pin From Net: NetName=GSM_UART_RXD Pin=J14-10
Removed Pin From Net: NetName=BAT_ALERT Pin=J14-12
Removed Pin From Net: NetName=GND Pin=J26-3
Removed Pin From Net: NetName=GND Pin=J26-4
Removed Pin From Net: NetName=PWR_MGT_NFC Pin=J26-5
Removed Pin From Net: NetName=PWR_MGT_GSM Pin=J26-6
Removed Pin From Net: NetName=PWR_MGT_US Pin=J26-7
Removed Pin From Net: NetName=US_SEL_2 Pin=J26-8
Removed Pin From Net: NetName=US_ECHO_3V3 Pin=J26-9
Removed Pin From Net: NetName=US_SEL_1 Pin=J26-10
Removed Pin From Net: NetName=US_TRIG_3V3 Pin=J26-11
Removed Pin From Net: NetName=US_SEL_0 Pin=J26-12
Removed Pin From Net: NetName=GND Pin=J34-3
Removed Pin From Net: NetName=GND Pin=J34-4
Removed Pin From Net: NetName=IMU_I2C_SDA Pin=J34-6
Removed Pin From Net: NetName=BALISE_I2C_SDA Pin=J34-7
Removed Pin From Net: NetName=IMU_I2C_SCL Pin=J34-8
Removed Pin From Net: NetName=NFC_FD Pin=J34-9
Removed Pin From Net: NetName=BALISE_I2C_SCL Pin=J34-10
Removed Pin From Net: NetName=NFC_I2C_SCL Pin=J34-11
Removed Pin From Net: NetName=NFC_I2C_SDA Pin=J34-12
Added Pin To Net: NetName=BAT_ALERT Pin=J13-4
Added Pin To Net: NetName=BAT_ALERT Pin=J14-1
Added Pin To Net: NetName=GSM_UART_RXD Pin=J14-2
Added Pin To Net: NetName=BAT_I2C_SCL Pin=J14-3
Added Pin To Net: NetName=HOLO_UART_RX Pin=J14-4
Added Pin To Net: NetName=GND Pin=J14-5
Added Pin To Net: NetName=BAT_ALERT Pin=J14-7
Added Pin To Net: NetName=GSM_RST Pin=J14-8
Added Pin To Net: NetName=BAT_I2C_SDA Pin=J14-9
Added Pin To Net: NetName=HOLO_UART_TX Pin=J14-10
Added Pin To Net: NetName=GND Pin=J14-11
Added Pin To Net: NetName=US_SEL_0 Pin=J26-1
Added Pin To Net: NetName=US_SEL_1 Pin=J26-2
Added Pin To Net: NetName=US_SEL_2 Pin=J26-3
Added Pin To Net: NetName=PWR_MGT_GSM Pin=J26-4
Added Pin To Net: NetName=GND Pin=J26-5
Added Pin To Net: NetName=US_TRIG_3V3 Pin=J26-7
Added Pin To Net: NetName=US_ECHO_3V3 Pin=J26-8
Added Pin To Net: NetName=PWR_MGT_US Pin=J26-9
Added Pin To Net: NetName=PWR_MGT_NFC Pin=J26-10
Added Pin To Net: NetName=GND Pin=J26-11
Added Pin To Net: NetName=NFC_I2C_SDA Pin=J34-1
Added Pin To Net: NetName=BALISE_I2C_SCL Pin=J34-2
Added Pin To Net: NetName=IMU_I2C_SCL Pin=J34-3
Added Pin To Net: NetName=IMU_I2C_SDA Pin=J34-4
Added Pin To Net: NetName=GND Pin=J34-5
Added Pin To Net: NetName=NFC_I2C_SCL Pin=J34-7
Added Pin To Net: NetName=NFC_FD Pin=J34-8
Added Pin To Net: NetName=BALISE_I2C_SDA Pin=J34-9
Added Pin To Net: NetName=GND Pin=J34-11
