
*** Running vivado
    with args -log design_dijkstra_all_dpram_0_0.vds -m64 -product Vivado -mode batch -messageDb vivado.pb -notrace -source design_dijkstra_all_dpram_0_0.tcl



****** Vivado v2020.2 (64-bit)
  **** SW Build 3064766 on Wed Nov 18 09:12:45 MST 2020
  **** IP Build 3064653 on Wed Nov 18 14:17:31 MST 2020
    ** Copyright 1986-2020 Xilinx, Inc. All Rights Reserved.

source design_dijkstra_all_dpram_0_0.tcl -notrace
create_project: Time (s): cpu = 00:00:05 ; elapsed = 00:00:31 . Memory (MB): peak = 1112.547 ; gain = 0.000
Command: synth_design -top design_dijkstra_all_dpram_0_0 -part xc7z020clg400-1 -mode out_of_context
Starting synth_design
WARNING: [IP_Flow 19-3571] IP 'design_dijkstra_all_dpram_0_0' is restricted:
* Module reference is stale and needs refreshing.
Attempting to get a license for feature 'Synthesis' and/or device 'xc7z020'
INFO: [Common 17-349] Got license for feature 'Synthesis' and/or device 'xc7z020'
INFO: [Device 21-403] Loading part xc7z020clg400-1
INFO: [Synth 8-7079] Multithreading enabled for synth_design using a maximum of 2 processes.
INFO: [Synth 8-7078] Launching helper process for spawning children vivado processes
INFO: [Synth 8-7075] Helper process launched with PID 11488
---------------------------------------------------------------------------------
Starting RTL Elaboration : Time (s): cpu = 00:00:06 ; elapsed = 00:00:10 . Memory (MB): peak = 1176.230 ; gain = 63.684
---------------------------------------------------------------------------------
INFO: [Synth 8-638] synthesizing module 'design_dijkstra_all_dpram_0_0' [d:/projets/2020_2/project_DIJKSTRA/project_DIJKSTRA.gen/sources_1/bd/design_dijkstra_all/ip/design_dijkstra_all_dpram_0_0/synth/design_dijkstra_all_dpram_0_0.vhd:70]
INFO: [Synth 8-3491] module 'dpram' declared at 'D:/projets/2020_2/project_DIJKSTRA/project_DIJKSTRA.srcs/sources_1/imports/new/DPRAM.vhd:29' bound to instance 'U0' of component 'dpram' [d:/projets/2020_2/project_DIJKSTRA/project_DIJKSTRA.gen/sources_1/bd/design_dijkstra_all/ip/design_dijkstra_all_dpram_0_0/synth/design_dijkstra_all_dpram_0_0.vhd:99]
INFO: [Synth 8-638] synthesizing module 'dpram' [D:/projets/2020_2/project_DIJKSTRA/project_DIJKSTRA.srcs/sources_1/imports/new/DPRAM.vhd:43]
Reason is one or more of the following :
	1: RAM has multiple writes via different ports in same process. If RAM inferencing intended, write to one port per process. 
	2: Unable to determine number of words or word size in RAM. 
	3: No valid read/write found for RAM. 
RAM "memory_ram_reg" dissolved into registers
INFO: [Synth 8-256] done synthesizing module 'dpram' (1#1) [D:/projets/2020_2/project_DIJKSTRA/project_DIJKSTRA.srcs/sources_1/imports/new/DPRAM.vhd:43]
INFO: [Synth 8-256] done synthesizing module 'design_dijkstra_all_dpram_0_0' (2#1) [d:/projets/2020_2/project_DIJKSTRA/project_DIJKSTRA.gen/sources_1/bd/design_dijkstra_all/ip/design_dijkstra_all_dpram_0_0/synth/design_dijkstra_all_dpram_0_0.vhd:70]
---------------------------------------------------------------------------------
Finished RTL Elaboration : Time (s): cpu = 00:00:07 ; elapsed = 00:00:17 . Memory (MB): peak = 1232.652 ; gain = 120.105
---------------------------------------------------------------------------------
---------------------------------------------------------------------------------
Start Handling Custom Attributes
---------------------------------------------------------------------------------
---------------------------------------------------------------------------------
Finished Handling Custom Attributes : Time (s): cpu = 00:00:08 ; elapsed = 00:00:18 . Memory (MB): peak = 1232.652 ; gain = 120.105
---------------------------------------------------------------------------------
---------------------------------------------------------------------------------
Finished RTL Optimization Phase 1 : Time (s): cpu = 00:00:08 ; elapsed = 00:00:18 . Memory (MB): peak = 1232.652 ; gain = 120.105
---------------------------------------------------------------------------------
Netlist sorting complete. Time (s): cpu = 00:00:00 ; elapsed = 00:00:00.043 . Memory (MB): peak = 1232.652 ; gain = 0.000
INFO: [Project 1-570] Preparing netlist for logic optimization

Processing XDC Constraints
Initializing timing engine
Completed Processing XDC Constraints

Netlist sorting complete. Time (s): cpu = 00:00:00 ; elapsed = 00:00:00 . Memory (MB): peak = 1328.184 ; gain = 0.000
INFO: [Project 1-111] Unisim Transformation Summary:
No Unisim elements were transformed.

Constraint Validation Runtime : Time (s): cpu = 00:00:00 ; elapsed = 00:00:02 . Memory (MB): peak = 1328.184 ; gain = 0.000
---------------------------------------------------------------------------------
Finished Constraint Validation : Time (s): cpu = 00:00:16 ; elapsed = 00:01:04 . Memory (MB): peak = 1328.184 ; gain = 215.637
---------------------------------------------------------------------------------
---------------------------------------------------------------------------------
Start Loading Part and Timing Information
---------------------------------------------------------------------------------
Loading part: xc7z020clg400-1
---------------------------------------------------------------------------------
Finished Loading Part and Timing Information : Time (s): cpu = 00:00:16 ; elapsed = 00:01:05 . Memory (MB): peak = 1328.184 ; gain = 215.637
---------------------------------------------------------------------------------
---------------------------------------------------------------------------------
Start Applying 'set_property' XDC Constraints
---------------------------------------------------------------------------------
---------------------------------------------------------------------------------
Finished applying 'set_property' XDC Constraints : Time (s): cpu = 00:00:16 ; elapsed = 00:01:05 . Memory (MB): peak = 1328.184 ; gain = 215.637
---------------------------------------------------------------------------------
---------------------------------------------------------------------------------
Finished RTL Optimization Phase 2 : Time (s): cpu = 00:00:17 ; elapsed = 00:01:08 . Memory (MB): peak = 1328.184 ; gain = 215.637
---------------------------------------------------------------------------------
---------------------------------------------------------------------------------
Start RTL Component Statistics 
---------------------------------------------------------------------------------
Detailed RTL Component Info : 
+---Registers : 
	               10 Bit    Registers := 34    
+---Muxes : 
	   2 Input  320 Bit        Muxes := 1     
	   2 Input   10 Bit        Muxes := 11    
---------------------------------------------------------------------------------
Finished RTL Component Statistics 
---------------------------------------------------------------------------------
---------------------------------------------------------------------------------
Start Part Resource Summary
---------------------------------------------------------------------------------
Part Resources:
DSPs: 220 (col length:60)
BRAMs: 280 (col length: RAMB18 60 RAMB36 30)
---------------------------------------------------------------------------------
Finished Part Resource Summary
---------------------------------------------------------------------------------
---------------------------------------------------------------------------------
Start Cross Boundary and Area Optimization
---------------------------------------------------------------------------------
---------------------------------------------------------------------------------
Finished Cross Boundary and Area Optimization : Time (s): cpu = 00:00:22 ; elapsed = 00:01:18 . Memory (MB): peak = 1328.184 ; gain = 215.637
---------------------------------------------------------------------------------
---------------------------------------------------------------------------------
Start Applying XDC Timing Constraints
---------------------------------------------------------------------------------
---------------------------------------------------------------------------------
Finished Applying XDC Timing Constraints : Time (s): cpu = 00:00:29 ; elapsed = 00:01:25 . Memory (MB): peak = 1330.605 ; gain = 218.059
---------------------------------------------------------------------------------
---------------------------------------------------------------------------------
Start Timing Optimization
---------------------------------------------------------------------------------
---------------------------------------------------------------------------------
Finished Timing Optimization : Time (s): cpu = 00:00:29 ; elapsed = 00:01:25 . Memory (MB): peak = 1331.422 ; gain = 218.875
---------------------------------------------------------------------------------
---------------------------------------------------------------------------------
Start Technology Mapping
---------------------------------------------------------------------------------
---------------------------------------------------------------------------------
Finished Technology Mapping : Time (s): cpu = 00:00:30 ; elapsed = 00:01:26 . Memory (MB): peak = 1364.684 ; gain = 252.137
---------------------------------------------------------------------------------
---------------------------------------------------------------------------------
Start IO Insertion
---------------------------------------------------------------------------------
---------------------------------------------------------------------------------
Start Flattening Before IO Insertion
---------------------------------------------------------------------------------
---------------------------------------------------------------------------------
Finished Flattening Before IO Insertion
---------------------------------------------------------------------------------
---------------------------------------------------------------------------------
Start Final Netlist Cleanup
---------------------------------------------------------------------------------
---------------------------------------------------------------------------------
Finished Final Netlist Cleanup
---------------------------------------------------------------------------------
---------------------------------------------------------------------------------
Finished IO Insertion : Time (s): cpu = 00:00:34 ; elapsed = 00:01:30 . Memory (MB): peak = 1379.520 ; gain = 266.973
---------------------------------------------------------------------------------
---------------------------------------------------------------------------------
Start Renaming Generated Instances
---------------------------------------------------------------------------------
---------------------------------------------------------------------------------
Finished Renaming Generated Instances : Time (s): cpu = 00:00:34 ; elapsed = 00:01:30 . Memory (MB): peak = 1379.520 ; gain = 266.973
---------------------------------------------------------------------------------
---------------------------------------------------------------------------------
Start Rebuilding User Hierarchy
---------------------------------------------------------------------------------
---------------------------------------------------------------------------------
Finished Rebuilding User Hierarchy : Time (s): cpu = 00:00:34 ; elapsed = 00:01:30 . Memory (MB): peak = 1379.520 ; gain = 266.973
---------------------------------------------------------------------------------
---------------------------------------------------------------------------------
Start Renaming Generated Ports
---------------------------------------------------------------------------------
---------------------------------------------------------------------------------
Finished Renaming Generated Ports : Time (s): cpu = 00:00:34 ; elapsed = 00:01:30 . Memory (MB): peak = 1379.520 ; gain = 266.973
---------------------------------------------------------------------------------
---------------------------------------------------------------------------------
Start Handling Custom Attributes
---------------------------------------------------------------------------------
---------------------------------------------------------------------------------
Finished Handling Custom Attributes : Time (s): cpu = 00:00:34 ; elapsed = 00:01:30 . Memory (MB): peak = 1379.520 ; gain = 266.973
---------------------------------------------------------------------------------
---------------------------------------------------------------------------------
Start Renaming Generated Nets
---------------------------------------------------------------------------------
---------------------------------------------------------------------------------
Finished Renaming Generated Nets : Time (s): cpu = 00:00:34 ; elapsed = 00:01:30 . Memory (MB): peak = 1379.520 ; gain = 266.973
---------------------------------------------------------------------------------
---------------------------------------------------------------------------------
Start Writing Synthesis Report
---------------------------------------------------------------------------------

Report BlackBoxes: 
+-+--------------+----------+
| |BlackBox name |Instances |
+-+--------------+----------+
+-+--------------+----------+

Report Cell Usage: 
+------+------+------+
|      |Cell  |Count |
+------+------+------+
|1     |LUT3  |    12|
|2     |LUT5  |   313|
|3     |LUT6  |   261|
|4     |MUXF7 |    80|
|5     |MUXF8 |    20|
|6     |FDRE  |   340|
+------+------+------+
---------------------------------------------------------------------------------
Finished Writing Synthesis Report : Time (s): cpu = 00:00:34 ; elapsed = 00:01:30 . Memory (MB): peak = 1379.520 ; gain = 266.973
---------------------------------------------------------------------------------
Synthesis finished with 0 errors, 0 critical warnings and 0 warnings.
Synthesis Optimization Runtime : Time (s): cpu = 00:00:24 ; elapsed = 00:01:03 . Memory (MB): peak = 1379.520 ; gain = 171.441
Synthesis Optimization Complete : Time (s): cpu = 00:00:34 ; elapsed = 00:01:30 . Memory (MB): peak = 1379.520 ; gain = 266.973
INFO: [Project 1-571] Translating synthesized netlist
Netlist sorting complete. Time (s): cpu = 00:00:00 ; elapsed = 00:00:00.010 . Memory (MB): peak = 1391.586 ; gain = 0.000
INFO: [Netlist 29-17] Analyzing 100 Unisim elements for replacement
INFO: [Netlist 29-28] Unisim Transformation completed in 0 CPU seconds
WARNING: [Netlist 29-101] Netlist 'design_dijkstra_all_dpram_0_0' is not ideal for floorplanning, since the cellview 'dpram' contains a large number of primitives.  Please consider enabling hierarchy in synthesis if you want to do floorplanning.
INFO: [Project 1-570] Preparing netlist for logic optimization
INFO: [Opt 31-138] Pushed 0 inverter(s) to 0 load pin(s).
Netlist sorting complete. Time (s): cpu = 00:00:00 ; elapsed = 00:00:00 . Memory (MB): peak = 1391.586 ; gain = 0.000
INFO: [Project 1-111] Unisim Transformation Summary:
No Unisim elements were transformed.

INFO: [Common 17-83] Releasing license: Synthesis
19 Infos, 2 Warnings, 0 Critical Warnings and 0 Errors encountered.
synth_design completed successfully
synth_design: Time (s): cpu = 00:00:42 ; elapsed = 00:01:52 . Memory (MB): peak = 1391.586 ; gain = 279.039
INFO: [Common 17-1381] The checkpoint 'D:/projets/2020_2/project_DIJKSTRA/project_DIJKSTRA.runs/design_dijkstra_all_dpram_0_0_synth_1/design_dijkstra_all_dpram_0_0.dcp' has been generated.
WARNING: [Common 17-576] 'use_project_ipc' is deprecated. This option is deprecated and no longer used.
INFO: [Common 17-1381] The checkpoint 'D:/projets/2020_2/project_DIJKSTRA/project_DIJKSTRA.runs/design_dijkstra_all_dpram_0_0_synth_1/design_dijkstra_all_dpram_0_0.dcp' has been generated.
INFO: [runtcl-4] Executing : report_utilization -file design_dijkstra_all_dpram_0_0_utilization_synth.rpt -pb design_dijkstra_all_dpram_0_0_utilization_synth.pb
INFO: [Common 17-206] Exiting Vivado at Tue Jun  7 11:02:47 2022...
