13:59:22 INFO  : Launching XSCT server: xsct.bat -n  -interactive D:\projets\2020_2\project_FPGA\vitis_dijkstra\temp_xsdb_launch_script.tcl
13:59:23 INFO  : Registering command handlers for Vitis TCF services
13:59:27 INFO  : XSCT server has started successfully.
13:59:27 INFO  : plnx-install-location is set to ''
13:59:29 INFO  : Platform repository initialization has completed.
13:59:42 INFO  : Successfully done setting XSCT server connection channel  
13:59:44 INFO  : Successfully done query RDI_DATADIR 
13:59:44 INFO  : Successfully done setting workspace for the tool. 
14:00:39 INFO  : Result from executing command 'getProjects': design_dijkstra_ram_wrapper
14:00:39 INFO  : Result from executing command 'getPlatforms': 
14:00:40 WARN  : An unexpected exception occurred in the module 'platform project logging'
14:00:40 INFO  : Platform 'design_dijkstra_ram_wrapper' is added to custom repositories.
14:00:52 INFO  : Platform 'design_dijkstra_ram_wrapper' is added to custom repositories.
14:03:32 INFO  : Result from executing command 'getProjects': design_dijkstra_ram_wrapper
14:03:32 INFO  : Result from executing command 'getPlatforms': design_dijkstra_ram_wrapper|D:/projets/2020_2/project_FPGA/vitis_dijkstra/design_dijkstra_ram_wrapper/export/design_dijkstra_ram_wrapper/design_dijkstra_ram_wrapper.xpfm
14:04:29 INFO  : Connected to target on host '127.0.0.1' and port '3121'.
14:04:30 INFO  : 'targets -set -filter {jtag_cable_name =~ "Digilent Zybo Z7 210351B48339A" && level==0 && jtag_device_ctx=="jsn-Zybo Z7-210351B48339A-23727093-0"}' command is executed.
14:04:33 INFO  : Device configured successfully with "D:/projets/2020_2/project_FPGA/vitis_dijkstra/dijkstra/_ide/bitstream/design_dijkstra_ram_wrapper.bit"
14:04:51 INFO  : Connected to target on host '127.0.0.1' and port '3121'.
14:04:51 INFO  : 'targets -set -filter {jtag_cable_name =~ "Digilent Zybo Z7 210351B48339A" && level==0 && jtag_device_ctx=="jsn-Zybo Z7-210351B48339A-23727093-0"}' command is executed.
14:04:53 INFO  : Device configured successfully with "D:/projets/2020_2/project_FPGA/vitis_dijkstra/dijkstra/_ide/bitstream/design_dijkstra_ram_wrapper.bit"
14:05:06 INFO  : Connected to target on host '127.0.0.1' and port '3121'.
14:05:07 INFO  : Jtag cable 'Digilent Zybo Z7 210351B48339A' is selected.
14:05:07 INFO  : 'jtag frequency' command is executed.
14:05:07 INFO  : Context for 'APU' is selected.
14:05:07 INFO  : System reset is completed.
14:05:10 INFO  : 'after 3000' command is executed.
14:05:10 INFO  : 'targets -set -filter {jtag_cable_name =~ "Digilent Zybo Z7 210351B48339A" && level==0 && jtag_device_ctx=="jsn-Zybo Z7-210351B48339A-23727093-0"}' command is executed.
14:05:12 INFO  : Device configured successfully with "D:/projets/2020_2/project_FPGA/vitis_dijkstra/dijkstra/_ide/bitstream/design_dijkstra_ram_wrapper.bit"
14:05:12 INFO  : Context for 'APU' is selected.
14:05:12 INFO  : Hardware design and registers information is loaded from 'D:/projets/2020_2/project_FPGA/vitis_dijkstra/design_dijkstra_ram_wrapper/export/design_dijkstra_ram_wrapper/hw/design_dijkstra_ram_wrapper.xsa'.
14:05:12 INFO  : 'configparams force-mem-access 1' command is executed.
14:05:12 INFO  : Context for 'APU' is selected.
14:05:12 INFO  : Sourcing of 'D:/projets/2020_2/project_FPGA/vitis_dijkstra/dijkstra/_ide/psinit/ps7_init.tcl' is done.
14:05:13 INFO  : 'ps7_init' command is executed.
14:05:13 INFO  : 'ps7_post_config' command is executed.
14:05:13 INFO  : 'configparams force-mem-access 0' command is executed.
14:05:13 INFO  : ----------------XSDB Script----------------
connect -url tcp:127.0.0.1:3121
targets -set -nocase -filter {name =~"APU*"}
rst -system
after 3000
targets -set -filter {jtag_cable_name =~ "Digilent Zybo Z7 210351B48339A" && level==0 && jtag_device_ctx=="jsn-Zybo Z7-210351B48339A-23727093-0"}
fpga -file D:/projets/2020_2/project_FPGA/vitis_dijkstra/dijkstra/_ide/bitstream/design_dijkstra_ram_wrapper.bit
targets -set -nocase -filter {name =~"APU*"}
loadhw -hw D:/projets/2020_2/project_FPGA/vitis_dijkstra/design_dijkstra_ram_wrapper/export/design_dijkstra_ram_wrapper/hw/design_dijkstra_ram_wrapper.xsa -mem-ranges [list {0x40000000 0xbfffffff}] -regs
configparams force-mem-access 1
targets -set -nocase -filter {name =~"APU*"}
source D:/projets/2020_2/project_FPGA/vitis_dijkstra/dijkstra/_ide/psinit/ps7_init.tcl
ps7_init
ps7_post_config
configparams force-mem-access 0
----------------End of Script----------------

14:05:13 INFO  : Launch script is exported to file 'D:\projets\2020_2\project_FPGA\vitis_dijkstra\dijkstra_system\_ide\scripts\systemdebugger_dijkstra_system_standalone.tcl'
14:05:28 INFO  : Disconnected from the channel tcfchan#2.
14:05:56 INFO  : Checking for BSP changes to sync application flags for project 'dijkstra'...
14:06:07 INFO  : Connected to target on host '127.0.0.1' and port '3121'.
14:06:07 INFO  : 'targets -set -filter {jtag_cable_name =~ "Digilent Zybo Z7 210351B48339A" && level==0 && jtag_device_ctx=="jsn-Zybo Z7-210351B48339A-23727093-0"}' command is executed.
14:06:09 INFO  : Device configured successfully with "D:/projets/2020_2/project_FPGA/vitis_dijkstra/dijkstra/_ide/bitstream/design_dijkstra_ram_wrapper.bit"
14:06:13 INFO  : Connected to target on host '127.0.0.1' and port '3121'.
14:06:13 INFO  : Jtag cable 'Digilent Zybo Z7 210351B48339A' is selected.
14:06:13 INFO  : 'jtag frequency' command is executed.
14:06:13 INFO  : Context for 'APU' is selected.
14:06:13 INFO  : System reset is completed.
14:06:16 INFO  : 'after 3000' command is executed.
14:06:17 INFO  : 'targets -set -filter {jtag_cable_name =~ "Digilent Zybo Z7 210351B48339A" && level==0 && jtag_device_ctx=="jsn-Zybo Z7-210351B48339A-23727093-0"}' command is executed.
14:06:19 INFO  : Device configured successfully with "D:/projets/2020_2/project_FPGA/vitis_dijkstra/dijkstra/_ide/bitstream/design_dijkstra_ram_wrapper.bit"
14:06:19 INFO  : Context for 'APU' is selected.
14:06:19 INFO  : Hardware design and registers information is loaded from 'D:/projets/2020_2/project_FPGA/vitis_dijkstra/design_dijkstra_ram_wrapper/export/design_dijkstra_ram_wrapper/hw/design_dijkstra_ram_wrapper.xsa'.
14:06:19 INFO  : 'configparams force-mem-access 1' command is executed.
14:06:19 INFO  : Context for 'APU' is selected.
14:06:19 INFO  : Sourcing of 'D:/projets/2020_2/project_FPGA/vitis_dijkstra/dijkstra/_ide/psinit/ps7_init.tcl' is done.
14:06:19 INFO  : 'ps7_init' command is executed.
14:06:19 INFO  : 'ps7_post_config' command is executed.
14:06:19 INFO  : Context for processor 'ps7_cortexa9_0' is selected.
14:06:20 INFO  : The application 'D:/projets/2020_2/project_FPGA/vitis_dijkstra/dijkstra/Debug/dijkstra.elf' is downloaded to processor 'ps7_cortexa9_0'.
14:06:20 INFO  : 'configparams force-mem-access 0' command is executed.
14:06:20 INFO  : ----------------XSDB Script----------------
connect -url tcp:127.0.0.1:3121
targets -set -nocase -filter {name =~"APU*"}
rst -system
after 3000
targets -set -filter {jtag_cable_name =~ "Digilent Zybo Z7 210351B48339A" && level==0 && jtag_device_ctx=="jsn-Zybo Z7-210351B48339A-23727093-0"}
fpga -file D:/projets/2020_2/project_FPGA/vitis_dijkstra/dijkstra/_ide/bitstream/design_dijkstra_ram_wrapper.bit
targets -set -nocase -filter {name =~"APU*"}
loadhw -hw D:/projets/2020_2/project_FPGA/vitis_dijkstra/design_dijkstra_ram_wrapper/export/design_dijkstra_ram_wrapper/hw/design_dijkstra_ram_wrapper.xsa -mem-ranges [list {0x40000000 0xbfffffff}] -regs
configparams force-mem-access 1
targets -set -nocase -filter {name =~"APU*"}
source D:/projets/2020_2/project_FPGA/vitis_dijkstra/dijkstra/_ide/psinit/ps7_init.tcl
ps7_init
ps7_post_config
targets -set -nocase -filter {name =~ "*A9*#0"}
dow D:/projets/2020_2/project_FPGA/vitis_dijkstra/dijkstra/Debug/dijkstra.elf
configparams force-mem-access 0
----------------End of Script----------------

14:06:20 INFO  : Context for processor 'ps7_cortexa9_0' is selected.
14:06:20 INFO  : 'con' command is executed.
14:06:20 INFO  : ----------------XSDB Script (After Launch)----------------
targets -set -nocase -filter {name =~ "*A9*#0"}
con
----------------End of Script----------------

14:06:20 INFO  : Launch script is exported to file 'D:\projets\2020_2\project_FPGA\vitis_dijkstra\dijkstra_system\_ide\scripts\systemdebugger_dijkstra_system_standalone.tcl'
14:07:39 INFO  : Disconnected from the channel tcfchan#4.
14:07:40 INFO  : Connected to target on host '127.0.0.1' and port '3121'.
14:07:41 INFO  : Jtag cable 'Digilent Zybo Z7 210351B48339A' is selected.
14:07:41 INFO  : 'jtag frequency' command is executed.
14:07:41 INFO  : Context for 'APU' is selected.
14:07:41 INFO  : System reset is completed.
14:07:44 INFO  : 'after 3000' command is executed.
14:07:44 INFO  : 'targets -set -filter {jtag_cable_name =~ "Digilent Zybo Z7 210351B48339A" && level==0 && jtag_device_ctx=="jsn-Zybo Z7-210351B48339A-23727093-0"}' command is executed.
14:07:46 INFO  : Device configured successfully with "D:/projets/2020_2/project_FPGA/vitis_dijkstra/dijkstra/_ide/bitstream/design_dijkstra_ram_wrapper.bit"
14:07:46 INFO  : Context for 'APU' is selected.
14:07:46 INFO  : Hardware design and registers information is loaded from 'D:/projets/2020_2/project_FPGA/vitis_dijkstra/design_dijkstra_ram_wrapper/export/design_dijkstra_ram_wrapper/hw/design_dijkstra_ram_wrapper.xsa'.
14:07:46 INFO  : 'configparams force-mem-access 1' command is executed.
14:07:46 INFO  : Context for 'APU' is selected.
14:07:46 INFO  : Sourcing of 'D:/projets/2020_2/project_FPGA/vitis_dijkstra/dijkstra/_ide/psinit/ps7_init.tcl' is done.
14:07:46 INFO  : 'ps7_init' command is executed.
14:07:46 INFO  : 'ps7_post_config' command is executed.
14:07:46 INFO  : Context for processor 'ps7_cortexa9_0' is selected.
14:07:47 INFO  : The application 'D:/projets/2020_2/project_FPGA/vitis_dijkstra/dijkstra/Debug/dijkstra.elf' is downloaded to processor 'ps7_cortexa9_0'.
14:07:47 INFO  : 'configparams force-mem-access 0' command is executed.
14:07:47 INFO  : ----------------XSDB Script----------------
connect -url tcp:127.0.0.1:3121
targets -set -nocase -filter {name =~"APU*"}
rst -system
after 3000
targets -set -filter {jtag_cable_name =~ "Digilent Zybo Z7 210351B48339A" && level==0 && jtag_device_ctx=="jsn-Zybo Z7-210351B48339A-23727093-0"}
fpga -file D:/projets/2020_2/project_FPGA/vitis_dijkstra/dijkstra/_ide/bitstream/design_dijkstra_ram_wrapper.bit
targets -set -nocase -filter {name =~"APU*"}
loadhw -hw D:/projets/2020_2/project_FPGA/vitis_dijkstra/design_dijkstra_ram_wrapper/export/design_dijkstra_ram_wrapper/hw/design_dijkstra_ram_wrapper.xsa -mem-ranges [list {0x40000000 0xbfffffff}] -regs
configparams force-mem-access 1
targets -set -nocase -filter {name =~"APU*"}
source D:/projets/2020_2/project_FPGA/vitis_dijkstra/dijkstra/_ide/psinit/ps7_init.tcl
ps7_init
ps7_post_config
targets -set -nocase -filter {name =~ "*A9*#0"}
dow D:/projets/2020_2/project_FPGA/vitis_dijkstra/dijkstra/Debug/dijkstra.elf
configparams force-mem-access 0
----------------End of Script----------------

14:07:47 INFO  : Context for processor 'ps7_cortexa9_0' is selected.
14:07:47 INFO  : 'con' command is executed.
14:07:47 INFO  : ----------------XSDB Script (After Launch)----------------
targets -set -nocase -filter {name =~ "*A9*#0"}
con
----------------End of Script----------------

14:07:47 INFO  : Launch script is exported to file 'D:\projets\2020_2\project_FPGA\vitis_dijkstra\dijkstra_system\_ide\scripts\systemdebugger_dijkstra_system_standalone.tcl'
14:24:39 INFO  : Checking for BSP changes to sync application flags for project 'dijkstra'...
14:26:08 INFO  : Connected to target on host '127.0.0.1' and port '3121'.
14:26:08 INFO  : 'targets -set -filter {jtag_cable_name =~ "Digilent Zybo Z7 210351B48339A" && level==0 && jtag_device_ctx=="jsn-Zybo Z7-210351B48339A-23727093-0"}' command is executed.
14:26:10 INFO  : Device configured successfully with "D:/projets/2020_2/project_FPGA/vitis_dijkstra/dijkstra/_ide/bitstream/design_dijkstra_ram_wrapper.bit"
14:26:25 INFO  : Disconnected from the channel tcfchan#5.
14:26:26 INFO  : Connected to target on host '127.0.0.1' and port '3121'.
14:26:26 INFO  : Jtag cable 'Digilent Zybo Z7 210351B48339A' is selected.
14:26:26 INFO  : 'jtag frequency' command is executed.
14:26:26 INFO  : Context for 'APU' is selected.
14:26:26 INFO  : System reset is completed.
14:26:29 INFO  : 'after 3000' command is executed.
14:26:29 INFO  : 'targets -set -filter {jtag_cable_name =~ "Digilent Zybo Z7 210351B48339A" && level==0 && jtag_device_ctx=="jsn-Zybo Z7-210351B48339A-23727093-0"}' command is executed.
14:26:31 INFO  : Device configured successfully with "D:/projets/2020_2/project_FPGA/vitis_dijkstra/dijkstra/_ide/bitstream/design_dijkstra_ram_wrapper.bit"
14:26:31 INFO  : Context for 'APU' is selected.
14:26:31 INFO  : Hardware design and registers information is loaded from 'D:/projets/2020_2/project_FPGA/vitis_dijkstra/design_dijkstra_ram_wrapper/export/design_dijkstra_ram_wrapper/hw/design_dijkstra_ram_wrapper.xsa'.
14:26:31 INFO  : 'configparams force-mem-access 1' command is executed.
14:26:31 INFO  : Context for 'APU' is selected.
14:26:31 INFO  : Sourcing of 'D:/projets/2020_2/project_FPGA/vitis_dijkstra/dijkstra/_ide/psinit/ps7_init.tcl' is done.
14:26:32 INFO  : 'ps7_init' command is executed.
14:26:32 INFO  : 'ps7_post_config' command is executed.
14:26:32 INFO  : Context for processor 'ps7_cortexa9_0' is selected.
14:26:32 INFO  : The application 'D:/projets/2020_2/project_FPGA/vitis_dijkstra/dijkstra/Debug/dijkstra.elf' is downloaded to processor 'ps7_cortexa9_0'.
14:26:32 INFO  : 'configparams force-mem-access 0' command is executed.
14:26:32 INFO  : ----------------XSDB Script----------------
connect -url tcp:127.0.0.1:3121
targets -set -nocase -filter {name =~"APU*"}
rst -system
after 3000
targets -set -filter {jtag_cable_name =~ "Digilent Zybo Z7 210351B48339A" && level==0 && jtag_device_ctx=="jsn-Zybo Z7-210351B48339A-23727093-0"}
fpga -file D:/projets/2020_2/project_FPGA/vitis_dijkstra/dijkstra/_ide/bitstream/design_dijkstra_ram_wrapper.bit
targets -set -nocase -filter {name =~"APU*"}
loadhw -hw D:/projets/2020_2/project_FPGA/vitis_dijkstra/design_dijkstra_ram_wrapper/export/design_dijkstra_ram_wrapper/hw/design_dijkstra_ram_wrapper.xsa -mem-ranges [list {0x40000000 0xbfffffff}] -regs
configparams force-mem-access 1
targets -set -nocase -filter {name =~"APU*"}
source D:/projets/2020_2/project_FPGA/vitis_dijkstra/dijkstra/_ide/psinit/ps7_init.tcl
ps7_init
ps7_post_config
targets -set -nocase -filter {name =~ "*A9*#0"}
dow D:/projets/2020_2/project_FPGA/vitis_dijkstra/dijkstra/Debug/dijkstra.elf
configparams force-mem-access 0
----------------End of Script----------------

14:26:32 INFO  : Context for processor 'ps7_cortexa9_0' is selected.
14:26:32 INFO  : 'con' command is executed.
14:26:32 INFO  : ----------------XSDB Script (After Launch)----------------
targets -set -nocase -filter {name =~ "*A9*#0"}
con
----------------End of Script----------------

14:26:32 INFO  : Launch script is exported to file 'D:\projets\2020_2\project_FPGA\vitis_dijkstra\dijkstra_system\_ide\scripts\systemdebugger_dijkstra_system_standalone.tcl'
14:28:11 INFO  : Checking for BSP changes to sync application flags for project 'dijkstra'...
14:28:16 INFO  : Disconnected from the channel tcfchan#6.
14:28:16 INFO  : Connected to target on host '127.0.0.1' and port '3121'.
14:28:16 INFO  : Jtag cable 'Digilent Zybo Z7 210351B48339A' is selected.
14:28:16 INFO  : 'jtag frequency' command is executed.
14:28:16 INFO  : Context for 'APU' is selected.
14:28:16 INFO  : System reset is completed.
14:28:19 INFO  : 'after 3000' command is executed.
14:28:19 INFO  : 'targets -set -filter {jtag_cable_name =~ "Digilent Zybo Z7 210351B48339A" && level==0 && jtag_device_ctx=="jsn-Zybo Z7-210351B48339A-23727093-0"}' command is executed.
14:28:22 INFO  : Device configured successfully with "D:/projets/2020_2/project_FPGA/vitis_dijkstra/dijkstra/_ide/bitstream/design_dijkstra_ram_wrapper.bit"
14:28:22 INFO  : Context for 'APU' is selected.
14:28:22 INFO  : Hardware design and registers information is loaded from 'D:/projets/2020_2/project_FPGA/vitis_dijkstra/design_dijkstra_ram_wrapper/export/design_dijkstra_ram_wrapper/hw/design_dijkstra_ram_wrapper.xsa'.
14:28:22 INFO  : 'configparams force-mem-access 1' command is executed.
14:28:22 INFO  : Context for 'APU' is selected.
14:28:22 INFO  : Sourcing of 'D:/projets/2020_2/project_FPGA/vitis_dijkstra/dijkstra/_ide/psinit/ps7_init.tcl' is done.
14:28:22 INFO  : 'ps7_init' command is executed.
14:28:22 INFO  : 'ps7_post_config' command is executed.
14:28:22 INFO  : Context for processor 'ps7_cortexa9_0' is selected.
14:28:22 INFO  : The application 'D:/projets/2020_2/project_FPGA/vitis_dijkstra/dijkstra/Debug/dijkstra.elf' is downloaded to processor 'ps7_cortexa9_0'.
14:28:22 INFO  : 'configparams force-mem-access 0' command is executed.
14:28:22 INFO  : ----------------XSDB Script----------------
connect -url tcp:127.0.0.1:3121
targets -set -nocase -filter {name =~"APU*"}
rst -system
after 3000
targets -set -filter {jtag_cable_name =~ "Digilent Zybo Z7 210351B48339A" && level==0 && jtag_device_ctx=="jsn-Zybo Z7-210351B48339A-23727093-0"}
fpga -file D:/projets/2020_2/project_FPGA/vitis_dijkstra/dijkstra/_ide/bitstream/design_dijkstra_ram_wrapper.bit
targets -set -nocase -filter {name =~"APU*"}
loadhw -hw D:/projets/2020_2/project_FPGA/vitis_dijkstra/design_dijkstra_ram_wrapper/export/design_dijkstra_ram_wrapper/hw/design_dijkstra_ram_wrapper.xsa -mem-ranges [list {0x40000000 0xbfffffff}] -regs
configparams force-mem-access 1
targets -set -nocase -filter {name =~"APU*"}
source D:/projets/2020_2/project_FPGA/vitis_dijkstra/dijkstra/_ide/psinit/ps7_init.tcl
ps7_init
ps7_post_config
targets -set -nocase -filter {name =~ "*A9*#0"}
dow D:/projets/2020_2/project_FPGA/vitis_dijkstra/dijkstra/Debug/dijkstra.elf
configparams force-mem-access 0
----------------End of Script----------------

14:28:22 INFO  : Context for processor 'ps7_cortexa9_0' is selected.
14:28:22 INFO  : 'con' command is executed.
14:28:22 INFO  : ----------------XSDB Script (After Launch)----------------
targets -set -nocase -filter {name =~ "*A9*#0"}
con
----------------End of Script----------------

14:28:22 INFO  : Launch script is exported to file 'D:\projets\2020_2\project_FPGA\vitis_dijkstra\dijkstra_system\_ide\scripts\systemdebugger_dijkstra_system_standalone.tcl'
14:29:19 INFO  : Checking for BSP changes to sync application flags for project 'dijkstra'...
14:29:29 INFO  : Disconnected from the channel tcfchan#7.
14:29:29 INFO  : Connected to target on host '127.0.0.1' and port '3121'.
14:29:29 INFO  : Jtag cable 'Digilent Zybo Z7 210351B48339A' is selected.
14:29:29 INFO  : 'jtag frequency' command is executed.
14:29:29 INFO  : Context for 'APU' is selected.
14:29:30 INFO  : System reset is completed.
14:29:33 INFO  : 'after 3000' command is executed.
14:29:33 INFO  : 'targets -set -filter {jtag_cable_name =~ "Digilent Zybo Z7 210351B48339A" && level==0 && jtag_device_ctx=="jsn-Zybo Z7-210351B48339A-23727093-0"}' command is executed.
14:29:35 INFO  : Device configured successfully with "D:/projets/2020_2/project_FPGA/vitis_dijkstra/dijkstra/_ide/bitstream/design_dijkstra_ram_wrapper.bit"
14:29:35 INFO  : Context for 'APU' is selected.
14:29:35 INFO  : Hardware design and registers information is loaded from 'D:/projets/2020_2/project_FPGA/vitis_dijkstra/design_dijkstra_ram_wrapper/export/design_dijkstra_ram_wrapper/hw/design_dijkstra_ram_wrapper.xsa'.
14:29:35 INFO  : 'configparams force-mem-access 1' command is executed.
14:29:35 INFO  : Context for 'APU' is selected.
14:29:35 INFO  : Sourcing of 'D:/projets/2020_2/project_FPGA/vitis_dijkstra/dijkstra/_ide/psinit/ps7_init.tcl' is done.
14:29:35 INFO  : 'ps7_init' command is executed.
14:29:35 INFO  : 'ps7_post_config' command is executed.
14:29:35 INFO  : Context for processor 'ps7_cortexa9_0' is selected.
14:29:36 INFO  : The application 'D:/projets/2020_2/project_FPGA/vitis_dijkstra/dijkstra/Debug/dijkstra.elf' is downloaded to processor 'ps7_cortexa9_0'.
14:29:36 INFO  : 'configparams force-mem-access 0' command is executed.
14:29:36 INFO  : ----------------XSDB Script----------------
connect -url tcp:127.0.0.1:3121
targets -set -nocase -filter {name =~"APU*"}
rst -system
after 3000
targets -set -filter {jtag_cable_name =~ "Digilent Zybo Z7 210351B48339A" && level==0 && jtag_device_ctx=="jsn-Zybo Z7-210351B48339A-23727093-0"}
fpga -file D:/projets/2020_2/project_FPGA/vitis_dijkstra/dijkstra/_ide/bitstream/design_dijkstra_ram_wrapper.bit
targets -set -nocase -filter {name =~"APU*"}
loadhw -hw D:/projets/2020_2/project_FPGA/vitis_dijkstra/design_dijkstra_ram_wrapper/export/design_dijkstra_ram_wrapper/hw/design_dijkstra_ram_wrapper.xsa -mem-ranges [list {0x40000000 0xbfffffff}] -regs
configparams force-mem-access 1
targets -set -nocase -filter {name =~"APU*"}
source D:/projets/2020_2/project_FPGA/vitis_dijkstra/dijkstra/_ide/psinit/ps7_init.tcl
ps7_init
ps7_post_config
targets -set -nocase -filter {name =~ "*A9*#0"}
dow D:/projets/2020_2/project_FPGA/vitis_dijkstra/dijkstra/Debug/dijkstra.elf
configparams force-mem-access 0
----------------End of Script----------------

14:29:36 INFO  : Context for processor 'ps7_cortexa9_0' is selected.
14:29:36 INFO  : 'con' command is executed.
14:29:36 INFO  : ----------------XSDB Script (After Launch)----------------
targets -set -nocase -filter {name =~ "*A9*#0"}
con
----------------End of Script----------------

14:29:36 INFO  : Launch script is exported to file 'D:\projets\2020_2\project_FPGA\vitis_dijkstra\dijkstra_system\_ide\scripts\systemdebugger_dijkstra_system_standalone.tcl'
14:36:41 INFO  : Checking for BSP changes to sync application flags for project 'dijkstra'...
14:37:08 INFO  : Checking for BSP changes to sync application flags for project 'dijkstra'...
14:37:34 INFO  : Checking for BSP changes to sync application flags for project 'dijkstra'...
14:37:45 INFO  : Disconnected from the channel tcfchan#8.
14:39:40 INFO  : Checking for BSP changes to sync application flags for project 'dijkstra'...
14:39:47 INFO  : Checking for BSP changes to sync application flags for project 'dijkstra'...
14:39:59 INFO  : Connected to target on host '127.0.0.1' and port '3121'.
14:39:59 INFO  : Jtag cable 'Digilent Zybo Z7 210351B48339A' is selected.
14:39:59 INFO  : 'jtag frequency' command is executed.
14:39:59 INFO  : Context for 'APU' is selected.
14:40:00 INFO  : System reset is completed.
14:40:03 INFO  : 'after 3000' command is executed.
14:40:03 INFO  : 'targets -set -filter {jtag_cable_name =~ "Digilent Zybo Z7 210351B48339A" && level==0 && jtag_device_ctx=="jsn-Zybo Z7-210351B48339A-23727093-0"}' command is executed.
14:40:05 INFO  : Device configured successfully with "D:/projets/2020_2/project_FPGA/vitis_dijkstra/dijkstra/_ide/bitstream/design_dijkstra_ram_wrapper.bit"
14:40:05 INFO  : Context for 'APU' is selected.
14:40:05 INFO  : Hardware design and registers information is loaded from 'D:/projets/2020_2/project_FPGA/vitis_dijkstra/design_dijkstra_ram_wrapper/export/design_dijkstra_ram_wrapper/hw/design_dijkstra_ram_wrapper.xsa'.
14:40:05 INFO  : 'configparams force-mem-access 1' command is executed.
14:40:05 INFO  : Context for 'APU' is selected.
14:40:05 INFO  : Sourcing of 'D:/projets/2020_2/project_FPGA/vitis_dijkstra/dijkstra/_ide/psinit/ps7_init.tcl' is done.
14:40:05 INFO  : 'ps7_init' command is executed.
14:40:05 INFO  : 'ps7_post_config' command is executed.
14:40:05 INFO  : Context for processor 'ps7_cortexa9_0' is selected.
14:40:06 INFO  : The application 'D:/projets/2020_2/project_FPGA/vitis_dijkstra/dijkstra/Debug/dijkstra.elf' is downloaded to processor 'ps7_cortexa9_0'.
14:40:06 INFO  : 'configparams force-mem-access 0' command is executed.
14:40:06 INFO  : ----------------XSDB Script----------------
connect -url tcp:127.0.0.1:3121
targets -set -nocase -filter {name =~"APU*"}
rst -system
after 3000
targets -set -filter {jtag_cable_name =~ "Digilent Zybo Z7 210351B48339A" && level==0 && jtag_device_ctx=="jsn-Zybo Z7-210351B48339A-23727093-0"}
fpga -file D:/projets/2020_2/project_FPGA/vitis_dijkstra/dijkstra/_ide/bitstream/design_dijkstra_ram_wrapper.bit
targets -set -nocase -filter {name =~"APU*"}
loadhw -hw D:/projets/2020_2/project_FPGA/vitis_dijkstra/design_dijkstra_ram_wrapper/export/design_dijkstra_ram_wrapper/hw/design_dijkstra_ram_wrapper.xsa -mem-ranges [list {0x40000000 0xbfffffff}] -regs
configparams force-mem-access 1
targets -set -nocase -filter {name =~"APU*"}
source D:/projets/2020_2/project_FPGA/vitis_dijkstra/dijkstra/_ide/psinit/ps7_init.tcl
ps7_init
ps7_post_config
targets -set -nocase -filter {name =~ "*A9*#0"}
dow D:/projets/2020_2/project_FPGA/vitis_dijkstra/dijkstra/Debug/dijkstra.elf
configparams force-mem-access 0
----------------End of Script----------------

14:40:06 INFO  : Context for processor 'ps7_cortexa9_0' is selected.
14:40:06 INFO  : 'con' command is executed.
14:40:06 INFO  : ----------------XSDB Script (After Launch)----------------
targets -set -nocase -filter {name =~ "*A9*#0"}
con
----------------End of Script----------------

14:40:06 INFO  : Launch script is exported to file 'D:\projets\2020_2\project_FPGA\vitis_dijkstra\dijkstra_system\_ide\scripts\systemdebugger_dijkstra_system_standalone.tcl'
14:40:07 INFO  : Disconnected from the channel tcfchan#9.
14:40:08 INFO  : Connected to target on host '127.0.0.1' and port '3121'.
14:40:08 INFO  : Jtag cable 'Digilent Zybo Z7 210351B48339A' is selected.
14:40:08 INFO  : 'jtag frequency' command is executed.
14:40:08 INFO  : Context for 'APU' is selected.
14:40:08 INFO  : System reset is completed.
14:40:11 INFO  : 'after 3000' command is executed.
14:40:11 INFO  : 'targets -set -filter {jtag_cable_name =~ "Digilent Zybo Z7 210351B48339A" && level==0 && jtag_device_ctx=="jsn-Zybo Z7-210351B48339A-23727093-0"}' command is executed.
14:40:13 INFO  : Device configured successfully with "D:/projets/2020_2/project_FPGA/vitis_dijkstra/dijkstra/_ide/bitstream/design_dijkstra_ram_wrapper.bit"
14:40:13 INFO  : Context for 'APU' is selected.
14:40:13 INFO  : Hardware design and registers information is loaded from 'D:/projets/2020_2/project_FPGA/vitis_dijkstra/design_dijkstra_ram_wrapper/export/design_dijkstra_ram_wrapper/hw/design_dijkstra_ram_wrapper.xsa'.
14:40:13 INFO  : 'configparams force-mem-access 1' command is executed.
14:40:13 INFO  : Context for 'APU' is selected.
14:40:13 INFO  : Sourcing of 'D:/projets/2020_2/project_FPGA/vitis_dijkstra/dijkstra/_ide/psinit/ps7_init.tcl' is done.
14:40:14 INFO  : 'ps7_init' command is executed.
14:40:14 INFO  : 'ps7_post_config' command is executed.
14:40:14 INFO  : Context for processor 'ps7_cortexa9_0' is selected.
14:40:14 INFO  : The application 'D:/projets/2020_2/project_FPGA/vitis_dijkstra/dijkstra/Debug/dijkstra.elf' is downloaded to processor 'ps7_cortexa9_0'.
14:40:14 INFO  : 'configparams force-mem-access 0' command is executed.
14:40:14 INFO  : ----------------XSDB Script----------------
connect -url tcp:127.0.0.1:3121
targets -set -nocase -filter {name =~"APU*"}
rst -system
after 3000
targets -set -filter {jtag_cable_name =~ "Digilent Zybo Z7 210351B48339A" && level==0 && jtag_device_ctx=="jsn-Zybo Z7-210351B48339A-23727093-0"}
fpga -file D:/projets/2020_2/project_FPGA/vitis_dijkstra/dijkstra/_ide/bitstream/design_dijkstra_ram_wrapper.bit
targets -set -nocase -filter {name =~"APU*"}
loadhw -hw D:/projets/2020_2/project_FPGA/vitis_dijkstra/design_dijkstra_ram_wrapper/export/design_dijkstra_ram_wrapper/hw/design_dijkstra_ram_wrapper.xsa -mem-ranges [list {0x40000000 0xbfffffff}] -regs
configparams force-mem-access 1
targets -set -nocase -filter {name =~"APU*"}
source D:/projets/2020_2/project_FPGA/vitis_dijkstra/dijkstra/_ide/psinit/ps7_init.tcl
ps7_init
ps7_post_config
targets -set -nocase -filter {name =~ "*A9*#0"}
dow D:/projets/2020_2/project_FPGA/vitis_dijkstra/dijkstra/Debug/dijkstra.elf
configparams force-mem-access 0
----------------End of Script----------------

14:40:14 INFO  : Context for processor 'ps7_cortexa9_0' is selected.
14:40:14 INFO  : 'con' command is executed.
14:40:14 INFO  : ----------------XSDB Script (After Launch)----------------
targets -set -nocase -filter {name =~ "*A9*#0"}
con
----------------End of Script----------------

14:40:14 INFO  : Launch script is exported to file 'D:\projets\2020_2\project_FPGA\vitis_dijkstra\dijkstra_system\_ide\scripts\systemdebugger_dijkstra_system_standalone.tcl'
14:41:40 INFO  : Checking for BSP changes to sync application flags for project 'dijkstra'...
14:41:53 INFO  : Checking for BSP changes to sync application flags for project 'dijkstra'...
14:42:12 INFO  : Checking for BSP changes to sync application flags for project 'dijkstra'...
14:42:30 INFO  : Checking for BSP changes to sync application flags for project 'dijkstra'...
14:42:44 INFO  : Checking for BSP changes to sync application flags for project 'dijkstra'...
14:43:46 INFO  : Checking for BSP changes to sync application flags for project 'dijkstra'...
14:44:02 INFO  : Disconnected from the channel tcfchan#10.
14:44:02 INFO  : Connected to target on host '127.0.0.1' and port '3121'.
14:44:02 INFO  : Jtag cable 'Digilent Zybo Z7 210351B48339A' is selected.
14:44:02 INFO  : 'jtag frequency' command is executed.
14:44:02 INFO  : Context for 'APU' is selected.
14:44:02 INFO  : System reset is completed.
14:44:05 INFO  : 'after 3000' command is executed.
14:44:06 INFO  : 'targets -set -filter {jtag_cable_name =~ "Digilent Zybo Z7 210351B48339A" && level==0 && jtag_device_ctx=="jsn-Zybo Z7-210351B48339A-23727093-0"}' command is executed.
14:44:08 INFO  : Device configured successfully with "D:/projets/2020_2/project_FPGA/vitis_dijkstra/dijkstra/_ide/bitstream/design_dijkstra_ram_wrapper.bit"
14:44:08 INFO  : Context for 'APU' is selected.
14:44:08 INFO  : Hardware design and registers information is loaded from 'D:/projets/2020_2/project_FPGA/vitis_dijkstra/design_dijkstra_ram_wrapper/export/design_dijkstra_ram_wrapper/hw/design_dijkstra_ram_wrapper.xsa'.
14:44:08 INFO  : 'configparams force-mem-access 1' command is executed.
14:44:08 INFO  : Context for 'APU' is selected.
14:44:08 INFO  : Sourcing of 'D:/projets/2020_2/project_FPGA/vitis_dijkstra/dijkstra/_ide/psinit/ps7_init.tcl' is done.
14:44:08 INFO  : 'ps7_init' command is executed.
14:44:08 INFO  : 'ps7_post_config' command is executed.
14:44:08 INFO  : Context for processor 'ps7_cortexa9_0' is selected.
14:44:09 INFO  : The application 'D:/projets/2020_2/project_FPGA/vitis_dijkstra/dijkstra/Debug/dijkstra.elf' is downloaded to processor 'ps7_cortexa9_0'.
14:44:09 INFO  : 'configparams force-mem-access 0' command is executed.
14:44:09 INFO  : ----------------XSDB Script----------------
connect -url tcp:127.0.0.1:3121
targets -set -nocase -filter {name =~"APU*"}
rst -system
after 3000
targets -set -filter {jtag_cable_name =~ "Digilent Zybo Z7 210351B48339A" && level==0 && jtag_device_ctx=="jsn-Zybo Z7-210351B48339A-23727093-0"}
fpga -file D:/projets/2020_2/project_FPGA/vitis_dijkstra/dijkstra/_ide/bitstream/design_dijkstra_ram_wrapper.bit
targets -set -nocase -filter {name =~"APU*"}
loadhw -hw D:/projets/2020_2/project_FPGA/vitis_dijkstra/design_dijkstra_ram_wrapper/export/design_dijkstra_ram_wrapper/hw/design_dijkstra_ram_wrapper.xsa -mem-ranges [list {0x40000000 0xbfffffff}] -regs
configparams force-mem-access 1
targets -set -nocase -filter {name =~"APU*"}
source D:/projets/2020_2/project_FPGA/vitis_dijkstra/dijkstra/_ide/psinit/ps7_init.tcl
ps7_init
ps7_post_config
targets -set -nocase -filter {name =~ "*A9*#0"}
dow D:/projets/2020_2/project_FPGA/vitis_dijkstra/dijkstra/Debug/dijkstra.elf
configparams force-mem-access 0
----------------End of Script----------------

14:44:09 INFO  : Context for processor 'ps7_cortexa9_0' is selected.
14:44:09 INFO  : 'con' command is executed.
14:44:09 INFO  : ----------------XSDB Script (After Launch)----------------
targets -set -nocase -filter {name =~ "*A9*#0"}
con
----------------End of Script----------------

14:44:09 INFO  : Launch script is exported to file 'D:\projets\2020_2\project_FPGA\vitis_dijkstra\dijkstra_system\_ide\scripts\systemdebugger_dijkstra_system_standalone.tcl'
14:48:42 INFO  : Checking for BSP changes to sync application flags for project 'dijkstra'...
14:48:51 INFO  : Disconnected from the channel tcfchan#11.
