#-----------------------------------------------------------
# Vivado v2020.2 (64-bit)
# SW Build 3064766 on Wed Nov 18 09:12:45 MST 2020
# IP Build 3064653 on Wed Nov 18 14:17:31 MST 2020
# Start of session at: Wed Aug 10 13:15:26 2022
# Process ID: 16892
# Current directory: D:/projets/2020_2/project_UART_PC
# Command line: vivado.exe -gui_launcher_event rodinguilauncherevent5632 D:\projets\2020_2\project_UART_PC\project_UART_PC.xpr
# Log file: D:/projets/2020_2/project_UART_PC/vivado.log
# Journal file: D:/projets/2020_2/project_UART_PC\vivado.jou
#-----------------------------------------------------------
start_gui
open_project D:/projets/2020_2/project_UART_PC/project_UART_PC.xpr
WARNING: [filemgmt 56-3] Default IP Output Path : Could not find the directory 'D:/projets/2020_2/project_UART_PC/project_UART_PC.gen/sources_1'.
Scanning sources...
Finished scanning sources
INFO: [IP_Flow 19-234] Refreshing IP repositories
INFO: [IP_Flow 19-1704] No user IP repositories specified
INFO: [IP_Flow 19-2313] Loaded Vivado IP repository 'D:/Programmes/Vivado/2020.2/data/ip'.
open_project: Time (s): cpu = 00:00:12 ; elapsed = 00:00:06 . Memory (MB): peak = 1126.816 ; gain = 0.000
update_compile_order -fileset sources_1
exit
INFO: [Common 17-206] Exiting Vivado at Wed Aug 10 14:05:21 2022...
