TRACE::2022-06-13.14:06:02::SCWBifWriter::Found the complete platform D:/projets/2020_2/project_FPGA/vitis_dijkstra/design_dijkstra_ram_wrapper/export/design_dijkstra_ram_wrapper/design_dijkstra_ram_wrapper.xpfm
TRACE::2022-06-13.14:06:02::SCWBifWriter::hardware databse : design_dijkstra_ram_wrapper_1
TRACE::2022-06-13.14:06:02::SCWBifWriter::bitstream found in the design
TRACE::2022-06-13.14:06:02::SCWBifWriter::Found a baremetal domain, proc: ps7_cortexa9_0
TRACE::2022-06-13.14:06:02::SCWBifWriter::proc type : 
TRACE::2022-06-13.14:06:02::SCWBifWriter::proc[0] : ps7_cortexa9_0
TRACE::2022-06-13.14:06:02::SCWBifWriter::Device type is : zynq
TRACE::2022-06-13.14:06:02::SCWBifWriter::Writing BIF to file : D:/projets/2020_2/project_FPGA/vitis_dijkstra/dijkstra_system/Debug/system.bif
TRACE::2022-06-13.14:06:02::SCWBifWriter::Writing the Zynq Baremetal bif 
TRACE::2022-06-14.12:04:49::SCWBifWriter::Found the complete platform D:/projets/2020_2/project_FPGA/vitis_dijkstra/design_dijkstra_ram_wrapper/export/design_dijkstra_ram_wrapper/design_dijkstra_ram_wrapper.xpfm
TRACE::2022-06-14.12:04:49::SCWBifWriter::hardware databse : design_dijkstra_ram_wrapper_27
TRACE::2022-06-14.12:04:49::SCWBifWriter::bitstream found in the design
TRACE::2022-06-14.12:04:49::SCWBifWriter::Found a baremetal domain, proc: ps7_cortexa9_0
TRACE::2022-06-14.12:04:49::SCWBifWriter::proc type : 
TRACE::2022-06-14.12:04:49::SCWBifWriter::proc[0] : ps7_cortexa9_0
TRACE::2022-06-14.12:04:49::SCWBifWriter::Device type is : zynq
TRACE::2022-06-14.12:04:49::SCWBifWriter::Writing BIF to file : D:/projets/2020_2/project_FPGA/vitis_dijkstra/dijkstra_system/Debug/system.bif
TRACE::2022-06-14.12:04:49::SCWBifWriter::Writing the Zynq Baremetal bif 
TRACE::2022-06-14.13:24:29::SCWBifWriter::Found the complete platform D:/projets/2020_2/project_FPGA/vitis_dijkstra/design_dijkstra_ram_wrapper/export/design_dijkstra_ram_wrapper/design_dijkstra_ram_wrapper.xpfm
TRACE::2022-06-14.13:24:29::SCWBifWriter::hardware databse : design_dijkstra_ram_wrapper_10
TRACE::2022-06-14.13:24:29::SCWBifWriter::bitstream found in the design
TRACE::2022-06-14.13:24:29::SCWBifWriter::Found a baremetal domain, proc: ps7_cortexa9_0
TRACE::2022-06-14.13:24:29::SCWBifWriter::proc type : 
TRACE::2022-06-14.13:24:29::SCWBifWriter::proc[0] : ps7_cortexa9_0
TRACE::2022-06-14.13:24:29::SCWBifWriter::Device type is : zynq
TRACE::2022-06-14.13:24:29::SCWBifWriter::Writing BIF to file : D:/projets/2020_2/project_FPGA/vitis_dijkstra/dijkstra_system/Debug/system.bif
TRACE::2022-06-14.13:24:29::SCWBifWriter::Writing the Zynq Baremetal bif 
TRACE::2022-06-14.14:10:25::SCWBifWriter::Found the complete platform D:/projets/2020_2/project_FPGA/vitis_dijkstra/design_dijkstra_ram_wrapper/export/design_dijkstra_ram_wrapper/design_dijkstra_ram_wrapper.xpfm
TRACE::2022-06-14.14:10:25::SCWBifWriter::hardware databse : design_dijkstra_ram_wrapper_37
TRACE::2022-06-14.14:10:25::SCWBifWriter::bitstream found in the design
TRACE::2022-06-14.14:10:25::SCWBifWriter::Found a baremetal domain, proc: ps7_cortexa9_0
TRACE::2022-06-14.14:10:25::SCWBifWriter::proc type : 
TRACE::2022-06-14.14:10:25::SCWBifWriter::proc[0] : ps7_cortexa9_0
TRACE::2022-06-14.14:10:25::SCWBifWriter::Device type is : zynq
TRACE::2022-06-14.14:10:25::SCWBifWriter::Writing BIF to file : D:/projets/2020_2/project_FPGA/vitis_dijkstra/dijkstra_system/Debug/system.bif
TRACE::2022-06-14.14:10:25::SCWBifWriter::Writing the Zynq Baremetal bif 
TRACE::2022-06-14.14:20:39::SCWBifWriter::Found the complete platform D:/projets/2020_2/project_FPGA/vitis_dijkstra/design_dijkstra_ram_wrapper/export/design_dijkstra_ram_wrapper/design_dijkstra_ram_wrapper.xpfm
TRACE::2022-06-14.14:20:39::SCWBifWriter::hardware databse : design_dijkstra_ram_wrapper_41
TRACE::2022-06-14.14:20:39::SCWBifWriter::bitstream found in the design
TRACE::2022-06-14.14:20:39::SCWBifWriter::Found a baremetal domain, proc: ps7_cortexa9_0
TRACE::2022-06-14.14:20:39::SCWBifWriter::proc type : 
TRACE::2022-06-14.14:20:39::SCWBifWriter::proc[0] : ps7_cortexa9_0
TRACE::2022-06-14.14:20:39::SCWBifWriter::Device type is : zynq
TRACE::2022-06-14.14:20:39::SCWBifWriter::Writing BIF to file : D:/projets/2020_2/project_FPGA/vitis_dijkstra/dijkstra_system/Debug/system.bif
TRACE::2022-06-14.14:20:39::SCWBifWriter::Writing the Zynq Baremetal bif 
TRACE::2022-06-14.14:29:42::SCWBifWriter::Found the complete platform D:/projets/2020_2/project_FPGA/vitis_dijkstra/design_dijkstra_ram_wrapper/export/design_dijkstra_ram_wrapper/design_dijkstra_ram_wrapper.xpfm
TRACE::2022-06-14.14:29:42::SCWBifWriter::hardware databse : design_dijkstra_ram_wrapper_45
TRACE::2022-06-14.14:29:42::SCWBifWriter::bitstream found in the design
TRACE::2022-06-14.14:29:42::SCWBifWriter::Found a baremetal domain, proc: ps7_cortexa9_0
TRACE::2022-06-14.14:29:42::SCWBifWriter::proc type : 
TRACE::2022-06-14.14:29:42::SCWBifWriter::proc[0] : ps7_cortexa9_0
TRACE::2022-06-14.14:29:42::SCWBifWriter::Device type is : zynq
TRACE::2022-06-14.14:29:42::SCWBifWriter::Writing BIF to file : D:/projets/2020_2/project_FPGA/vitis_dijkstra/dijkstra_system/Debug/system.bif
TRACE::2022-06-14.14:29:42::SCWBifWriter::Writing the Zynq Baremetal bif 
TRACE::2022-06-14.14:51:48::SCWBifWriter::Found the complete platform D:/projets/2020_2/project_FPGA/vitis_dijkstra/design_dijkstra_ram_wrapper/export/design_dijkstra_ram_wrapper/design_dijkstra_ram_wrapper.xpfm
TRACE::2022-06-14.14:51:48::SCWBifWriter::hardware databse : design_dijkstra_ram_wrapper_49
TRACE::2022-06-14.14:51:48::SCWBifWriter::bitstream found in the design
TRACE::2022-06-14.14:51:48::SCWBifWriter::Found a baremetal domain, proc: ps7_cortexa9_0
TRACE::2022-06-14.14:51:48::SCWBifWriter::proc type : 
TRACE::2022-06-14.14:51:48::SCWBifWriter::proc[0] : ps7_cortexa9_0
TRACE::2022-06-14.14:51:48::SCWBifWriter::Device type is : zynq
TRACE::2022-06-14.14:51:48::SCWBifWriter::Writing BIF to file : D:/projets/2020_2/project_FPGA/vitis_dijkstra/dijkstra_system/Debug/system.bif
TRACE::2022-06-14.14:51:48::SCWBifWriter::Writing the Zynq Baremetal bif 
TRACE::2022-06-14.15:03:15::SCWBifWriter::Found the complete platform D:/projets/2020_2/project_FPGA/vitis_dijkstra/design_dijkstra_ram_wrapper/export/design_dijkstra_ram_wrapper/design_dijkstra_ram_wrapper.xpfm
TRACE::2022-06-14.15:03:15::SCWBifWriter::hardware databse : design_dijkstra_ram_wrapper_53
TRACE::2022-06-14.15:03:15::SCWBifWriter::bitstream found in the design
TRACE::2022-06-14.15:03:15::SCWBifWriter::Found a baremetal domain, proc: ps7_cortexa9_0
TRACE::2022-06-14.15:03:15::SCWBifWriter::proc type : 
TRACE::2022-06-14.15:03:15::SCWBifWriter::proc[0] : ps7_cortexa9_0
TRACE::2022-06-14.15:03:15::SCWBifWriter::Device type is : zynq
TRACE::2022-06-14.15:03:15::SCWBifWriter::Writing BIF to file : D:/projets/2020_2/project_FPGA/vitis_dijkstra/dijkstra_system/Debug/system.bif
TRACE::2022-06-14.15:03:15::SCWBifWriter::Writing the Zynq Baremetal bif 
TRACE::2022-06-14.15:18:44::SCWBifWriter::Found the complete platform D:/projets/2020_2/project_FPGA/vitis_dijkstra/design_dijkstra_ram_wrapper/export/design_dijkstra_ram_wrapper/design_dijkstra_ram_wrapper.xpfm
TRACE::2022-06-14.15:18:44::SCWBifWriter::hardware databse : design_dijkstra_ram_wrapper_57
TRACE::2022-06-14.15:18:44::SCWBifWriter::bitstream found in the design
TRACE::2022-06-14.15:18:44::SCWBifWriter::Found a baremetal domain, proc: ps7_cortexa9_0
TRACE::2022-06-14.15:18:44::SCWBifWriter::proc type : 
TRACE::2022-06-14.15:18:44::SCWBifWriter::proc[0] : ps7_cortexa9_0
TRACE::2022-06-14.15:18:44::SCWBifWriter::Device type is : zynq
TRACE::2022-06-14.15:18:44::SCWBifWriter::Writing BIF to file : D:/projets/2020_2/project_FPGA/vitis_dijkstra/dijkstra_system/Debug/system.bif
TRACE::2022-06-14.15:18:44::SCWBifWriter::Writing the Zynq Baremetal bif 
TRACE::2022-06-14.15:38:57::SCWBifWriter::Found the complete platform D:/projets/2020_2/project_FPGA/vitis_dijkstra/design_dijkstra_ram_wrapper/export/design_dijkstra_ram_wrapper/design_dijkstra_ram_wrapper.xpfm
TRACE::2022-06-14.15:38:57::SCWBifWriter::hardware databse : design_dijkstra_ram_wrapper_61
TRACE::2022-06-14.15:38:57::SCWBifWriter::bitstream found in the design
TRACE::2022-06-14.15:38:57::SCWBifWriter::Found a baremetal domain, proc: ps7_cortexa9_0
TRACE::2022-06-14.15:38:57::SCWBifWriter::proc type : 
TRACE::2022-06-14.15:38:57::SCWBifWriter::proc[0] : ps7_cortexa9_0
TRACE::2022-06-14.15:38:57::SCWBifWriter::Device type is : zynq
TRACE::2022-06-14.15:38:57::SCWBifWriter::Writing BIF to file : D:/projets/2020_2/project_FPGA/vitis_dijkstra/dijkstra_system/Debug/system.bif
TRACE::2022-06-14.15:38:57::SCWBifWriter::Writing the Zynq Baremetal bif 
TRACE::2022-06-14.15:50:23::SCWBifWriter::Found the complete platform D:/projets/2020_2/project_FPGA/vitis_dijkstra/design_dijkstra_ram_wrapper/export/design_dijkstra_ram_wrapper/design_dijkstra_ram_wrapper.xpfm
TRACE::2022-06-14.15:50:23::SCWBifWriter::hardware databse : design_dijkstra_ram_wrapper_65
TRACE::2022-06-14.15:50:23::SCWBifWriter::bitstream found in the design
TRACE::2022-06-14.15:50:23::SCWBifWriter::Found a baremetal domain, proc: ps7_cortexa9_0
TRACE::2022-06-14.15:50:23::SCWBifWriter::proc type : 
TRACE::2022-06-14.15:50:23::SCWBifWriter::proc[0] : ps7_cortexa9_0
TRACE::2022-06-14.15:50:23::SCWBifWriter::Device type is : zynq
TRACE::2022-06-14.15:50:23::SCWBifWriter::Writing BIF to file : D:/projets/2020_2/project_FPGA/vitis_dijkstra/dijkstra_system/Debug/system.bif
TRACE::2022-06-14.15:50:23::SCWBifWriter::Writing the Zynq Baremetal bif 
TRACE::2022-06-14.16:03:45::SCWBifWriter::Found the complete platform D:/projets/2020_2/project_FPGA/vitis_dijkstra/design_dijkstra_ram_wrapper/export/design_dijkstra_ram_wrapper/design_dijkstra_ram_wrapper.xpfm
TRACE::2022-06-14.16:03:45::SCWBifWriter::hardware databse : design_dijkstra_ram_wrapper_69
TRACE::2022-06-14.16:03:45::SCWBifWriter::bitstream found in the design
TRACE::2022-06-14.16:03:45::SCWBifWriter::Found a baremetal domain, proc: ps7_cortexa9_0
TRACE::2022-06-14.16:03:45::SCWBifWriter::proc type : 
TRACE::2022-06-14.16:03:45::SCWBifWriter::proc[0] : ps7_cortexa9_0
TRACE::2022-06-14.16:03:45::SCWBifWriter::Device type is : zynq
TRACE::2022-06-14.16:03:45::SCWBifWriter::Writing BIF to file : D:/projets/2020_2/project_FPGA/vitis_dijkstra/dijkstra_system/Debug/system.bif
TRACE::2022-06-14.16:03:45::SCWBifWriter::Writing the Zynq Baremetal bif 
