
*** Running vivado
    with args -log design_dijkstra_ram_Dijkstra_algorithm_0_0.vds -m64 -product Vivado -mode batch -messageDb vivado.pb -notrace -source design_dijkstra_ram_Dijkstra_algorithm_0_0.tcl



****** Vivado v2020.2 (64-bit)
  **** SW Build 3064766 on Wed Nov 18 09:12:45 MST 2020
  **** IP Build 3064653 on Wed Nov 18 14:17:31 MST 2020
    ** Copyright 1986-2020 Xilinx, Inc. All Rights Reserved.

source design_dijkstra_ram_Dijkstra_algorithm_0_0.tcl -notrace
INFO: [IP_Flow 19-234] Refreshing IP repositories
INFO: [IP_Flow 19-1700] Loaded user IP repository 'd:/projets/2020_2/ip_repo/Dijkstra_algorithm_1.0'.
INFO: [IP_Flow 19-2313] Loaded Vivado IP repository 'D:/Programmes/Vivado/2020.2/data/ip'.
Command: synth_design -top design_dijkstra_ram_Dijkstra_algorithm_0_0 -part xc7z020clg400-1 -mode out_of_context
Starting synth_design
Attempting to get a license for feature 'Synthesis' and/or device 'xc7z020'
INFO: [Common 17-349] Got license for feature 'Synthesis' and/or device 'xc7z020'
INFO: [Device 21-403] Loading part xc7z020clg400-1
INFO: [Synth 8-7079] Multithreading enabled for synth_design using a maximum of 2 processes.
INFO: [Synth 8-7078] Launching helper process for spawning children vivado processes
INFO: [Synth 8-7075] Helper process launched with PID 17084
---------------------------------------------------------------------------------
Starting RTL Elaboration : Time (s): cpu = 00:00:04 ; elapsed = 00:00:04 . Memory (MB): peak = 1176.977 ; gain = 50.188
---------------------------------------------------------------------------------
INFO: [Synth 8-638] synthesizing module 'design_dijkstra_ram_Dijkstra_algorithm_0_0' [d:/projets/2020_2/project_DIJKSTRA/project_DIJKSTRA.gen/sources_1/bd/design_dijkstra_ram/ip/design_dijkstra_ram_Dijkstra_algorithm_0_0/synth/design_dijkstra_ram_Dijkstra_algorithm_0_0.vhd:88]
	Parameter C_S00_AXI_DATA_WIDTH bound to: 32 - type: integer 
	Parameter C_S00_AXI_ADDR_WIDTH bound to: 4 - type: integer 
	Parameter nb_bit_dist bound to: 5 - type: integer 
	Parameter nb_bit_addr bound to: 5 - type: integer 
	Parameter nb_node bound to: 17 - type: integer 
INFO: [Synth 8-3491] module 'Dijkstra_algorithm_v1_0' declared at 'd:/projets/2020_2/project_DIJKSTRA/project_DIJKSTRA.gen/sources_1/bd/design_dijkstra_ram/ipshared/2e02/hdl/Dijkstra_algorithm_v1_0.vhd:8' bound to instance 'U0' of component 'Dijkstra_algorithm_v1_0' [d:/projets/2020_2/project_DIJKSTRA/project_DIJKSTRA.gen/sources_1/bd/design_dijkstra_ram/ip/design_dijkstra_ram_Dijkstra_algorithm_0_0/synth/design_dijkstra_ram_Dijkstra_algorithm_0_0.vhd:161]
INFO: [Synth 8-638] synthesizing module 'Dijkstra_algorithm_v1_0' [d:/projets/2020_2/project_DIJKSTRA/project_DIJKSTRA.gen/sources_1/bd/design_dijkstra_ram/ipshared/2e02/hdl/Dijkstra_algorithm_v1_0.vhd:60]
	Parameter nb_bit_dist bound to: 5 - type: integer 
	Parameter nb_bit_addr bound to: 5 - type: integer 
	Parameter nb_node bound to: 17 - type: integer 
	Parameter C_S00_AXI_DATA_WIDTH bound to: 32 - type: integer 
	Parameter C_S00_AXI_ADDR_WIDTH bound to: 4 - type: integer 
	Parameter C_S_AXI_DATA_WIDTH bound to: 32 - type: integer 
	Parameter C_S_AXI_ADDR_WIDTH bound to: 4 - type: integer 
INFO: [Synth 8-3491] module 'Dijkstra_algorithm_v1_0_S00_AXI' declared at 'd:/projets/2020_2/project_DIJKSTRA/project_DIJKSTRA.gen/sources_1/bd/design_dijkstra_ram/ipshared/2e02/hdl/Dijkstra_algorithm_v1_0_S00_AXI.vhd:8' bound to instance 'Dijkstra_algorithm_v1_0_S00_AXI_inst' of component 'Dijkstra_algorithm_v1_0_S00_AXI' [d:/projets/2020_2/project_DIJKSTRA/project_DIJKSTRA.gen/sources_1/bd/design_dijkstra_ram/ipshared/2e02/hdl/Dijkstra_algorithm_v1_0.vhd:104]
INFO: [Synth 8-638] synthesizing module 'Dijkstra_algorithm_v1_0_S00_AXI' [d:/projets/2020_2/project_DIJKSTRA/project_DIJKSTRA.gen/sources_1/bd/design_dijkstra_ram/ipshared/2e02/hdl/Dijkstra_algorithm_v1_0_S00_AXI.vhd:96]
	Parameter nb_bit_dist bound to: 5 - type: integer 
	Parameter nb_bit_addr bound to: 5 - type: integer 
	Parameter nb_node bound to: 17 - type: integer 
	Parameter C_S_AXI_DATA_WIDTH bound to: 32 - type: integer 
	Parameter C_S_AXI_ADDR_WIDTH bound to: 4 - type: integer 
INFO: [Synth 8-226] default block is never used [d:/projets/2020_2/project_DIJKSTRA/project_DIJKSTRA.gen/sources_1/bd/design_dijkstra_ram/ipshared/2e02/hdl/Dijkstra_algorithm_v1_0_S00_AXI.vhd:257]
INFO: [Synth 8-226] default block is never used [d:/projets/2020_2/project_DIJKSTRA/project_DIJKSTRA.gen/sources_1/bd/design_dijkstra_ram/ipshared/2e02/hdl/Dijkstra_algorithm_v1_0_S00_AXI.vhd:387]
	Parameter nb_bit_dist bound to: 5 - type: integer 
	Parameter nb_bit_addr bound to: 5 - type: integer 
	Parameter nb_node bound to: 17 - type: integer 
INFO: [Synth 8-3491] module 'TOP_dijkstra' declared at 'd:/projets/2020_2/project_DIJKSTRA/project_DIJKSTRA.gen/sources_1/bd/design_dijkstra_ram/ipshared/2e02/src/TOP_dijkstra.vhd:37' bound to instance 'DIJKSTRA' of component 'TOP_dijkstra' [d:/projets/2020_2/project_DIJKSTRA/project_DIJKSTRA.gen/sources_1/bd/design_dijkstra_ram/ipshared/2e02/hdl/Dijkstra_algorithm_v1_0_S00_AXI.vhd:422]
INFO: [Synth 8-638] synthesizing module 'TOP_dijkstra' [d:/projets/2020_2/project_DIJKSTRA/project_DIJKSTRA.gen/sources_1/bd/design_dijkstra_ram/ipshared/2e02/src/TOP_dijkstra.vhd:56]
	Parameter nb_bit_dist bound to: 5 - type: integer 
	Parameter nb_bit_addr bound to: 5 - type: integer 
	Parameter nb_node bound to: 17 - type: integer 
INFO: [Synth 8-3491] module 'DIJKSTRA_CONTROLLER' declared at 'd:/projets/2020_2/project_DIJKSTRA/project_DIJKSTRA.gen/sources_1/bd/design_dijkstra_ram/ipshared/2e02/src/DIJKSTRA_CONTROLLER.vhd:37' bound to instance 'CONTROLLER' of component 'DIJKSTRA_CONTROLLER' [d:/projets/2020_2/project_DIJKSTRA/project_DIJKSTRA.gen/sources_1/bd/design_dijkstra_ram/ipshared/2e02/src/TOP_dijkstra.vhd:208]
INFO: [Synth 8-638] synthesizing module 'DIJKSTRA_CONTROLLER' [d:/projets/2020_2/project_DIJKSTRA/project_DIJKSTRA.gen/sources_1/bd/design_dijkstra_ram/ipshared/2e02/src/DIJKSTRA_CONTROLLER.vhd:62]
	Parameter nb_bit_dist bound to: 5 - type: integer 
	Parameter nb_bit_addr bound to: 5 - type: integer 
	Parameter nb_node bound to: 17 - type: integer 
INFO: [Synth 8-226] default block is never used [d:/projets/2020_2/project_DIJKSTRA/project_DIJKSTRA.gen/sources_1/bd/design_dijkstra_ram/ipshared/2e02/src/DIJKSTRA_CONTROLLER.vhd:122]
INFO: [Synth 8-256] done synthesizing module 'DIJKSTRA_CONTROLLER' (1#1) [d:/projets/2020_2/project_DIJKSTRA/project_DIJKSTRA.gen/sources_1/bd/design_dijkstra_ram/ipshared/2e02/src/DIJKSTRA_CONTROLLER.vhd:62]
INFO: [Synth 8-3491] module 'NEAREST_NODE' declared at 'd:/projets/2020_2/project_DIJKSTRA/project_DIJKSTRA.gen/sources_1/bd/design_dijkstra_ram/ipshared/2e02/src/NEAREST_NODE.vhd:37' bound to instance 'NEAREST_NODE_D' of component 'NEAREST_NODE' [d:/projets/2020_2/project_DIJKSTRA/project_DIJKSTRA.gen/sources_1/bd/design_dijkstra_ram/ipshared/2e02/src/TOP_dijkstra.vhd:230]
INFO: [Synth 8-638] synthesizing module 'NEAREST_NODE' [d:/projets/2020_2/project_DIJKSTRA/project_DIJKSTRA.gen/sources_1/bd/design_dijkstra_ram/ipshared/2e02/src/NEAREST_NODE.vhd:66]
	Parameter nb_bit_dist bound to: 5 - type: integer 
	Parameter nb_bit_addr bound to: 5 - type: integer 
	Parameter nb_node bound to: 17 - type: integer 
INFO: [Synth 8-256] done synthesizing module 'NEAREST_NODE' (2#1) [d:/projets/2020_2/project_DIJKSTRA/project_DIJKSTRA.gen/sources_1/bd/design_dijkstra_ram/ipshared/2e02/src/NEAREST_NODE.vhd:66]
INFO: [Synth 8-3491] module 'ROM' declared at 'd:/projets/2020_2/project_DIJKSTRA/project_DIJKSTRA.gen/sources_1/bd/design_dijkstra_ram/ipshared/2e02/src/ROM.vhd:34' bound to instance 'ROM_M' of component 'ROM' [d:/projets/2020_2/project_DIJKSTRA/project_DIJKSTRA.gen/sources_1/bd/design_dijkstra_ram/ipshared/2e02/src/TOP_dijkstra.vhd:256]
INFO: [Synth 8-638] synthesizing module 'ROM' [d:/projets/2020_2/project_DIJKSTRA/project_DIJKSTRA.gen/sources_1/bd/design_dijkstra_ram/ipshared/2e02/src/ROM.vhd:43]
	Parameter addr_length bound to: 5 - type: integer 
	Parameter data_length bound to: 10 - type: integer 
INFO: [Synth 8-256] done synthesizing module 'ROM' (3#1) [d:/projets/2020_2/project_DIJKSTRA/project_DIJKSTRA.gen/sources_1/bd/design_dijkstra_ram/ipshared/2e02/src/ROM.vhd:43]
INFO: [Synth 8-3491] module 'UPDATE_RAM' declared at 'd:/projets/2020_2/project_DIJKSTRA/project_DIJKSTRA.gen/sources_1/bd/design_dijkstra_ram/ipshared/2e02/src/UPDATE_RAM.vhd:37' bound to instance 'UPDATE_RAM_D' of component 'UPDATE_RAM' [d:/projets/2020_2/project_DIJKSTRA/project_DIJKSTRA.gen/sources_1/bd/design_dijkstra_ram/ipshared/2e02/src/TOP_dijkstra.vhd:264]
INFO: [Synth 8-638] synthesizing module 'UPDATE_RAM' [d:/projets/2020_2/project_DIJKSTRA/project_DIJKSTRA.gen/sources_1/bd/design_dijkstra_ram/ipshared/2e02/src/UPDATE_RAM.vhd:62]
	Parameter nb_bit_dist bound to: 5 - type: integer 
	Parameter nb_bit_addr bound to: 5 - type: integer 
	Parameter nb_node bound to: 17 - type: integer 
INFO: [Synth 8-256] done synthesizing module 'UPDATE_RAM' (4#1) [d:/projets/2020_2/project_DIJKSTRA/project_DIJKSTRA.gen/sources_1/bd/design_dijkstra_ram/ipshared/2e02/src/UPDATE_RAM.vhd:62]
INFO: [Synth 8-3491] module 'comparateur1' declared at 'd:/projets/2020_2/project_DIJKSTRA/project_DIJKSTRA.gen/sources_1/bd/design_dijkstra_ram/ipshared/2e02/src/comparateur1.vhd:37' bound to instance 'comparateur1_0' of component 'comparateur1' [d:/projets/2020_2/project_DIJKSTRA/project_DIJKSTRA.gen/sources_1/bd/design_dijkstra_ram/ipshared/2e02/src/TOP_dijkstra.vhd:287]
INFO: [Synth 8-638] synthesizing module 'comparateur1' [d:/projets/2020_2/project_DIJKSTRA/project_DIJKSTRA.gen/sources_1/bd/design_dijkstra_ram/ipshared/2e02/src/comparateur1.vhd:46]
	Parameter nb_bit_dist bound to: 5 - type: integer 
INFO: [Synth 8-256] done synthesizing module 'comparateur1' (5#1) [d:/projets/2020_2/project_DIJKSTRA/project_DIJKSTRA.gen/sources_1/bd/design_dijkstra_ram/ipshared/2e02/src/comparateur1.vhd:46]
INFO: [Synth 8-3491] module 'comparateur2' declared at 'd:/projets/2020_2/project_DIJKSTRA/project_DIJKSTRA.gen/sources_1/bd/design_dijkstra_ram/ipshared/2e02/src/comparateur2.vhd:37' bound to instance 'comparateur2_0' of component 'comparateur2' [d:/projets/2020_2/project_DIJKSTRA/project_DIJKSTRA.gen/sources_1/bd/design_dijkstra_ram/ipshared/2e02/src/TOP_dijkstra.vhd:296]
INFO: [Synth 8-638] synthesizing module 'comparateur2' [d:/projets/2020_2/project_DIJKSTRA/project_DIJKSTRA.gen/sources_1/bd/design_dijkstra_ram/ipshared/2e02/src/comparateur2.vhd:47]
	Parameter nb_bit_dist bound to: 5 - type: integer 
	Parameter nb_bit_addr bound to: 5 - type: integer 
INFO: [Synth 8-256] done synthesizing module 'comparateur2' (6#1) [d:/projets/2020_2/project_DIJKSTRA/project_DIJKSTRA.gen/sources_1/bd/design_dijkstra_ram/ipshared/2e02/src/comparateur2.vhd:47]
INFO: [Synth 8-3491] module 'dpram' declared at 'd:/projets/2020_2/project_DIJKSTRA/project_DIJKSTRA.gen/sources_1/bd/design_dijkstra_ram/ipshared/2e02/src/DPRAM.vhd:29' bound to instance 'dpram_0' of component 'dpram' [d:/projets/2020_2/project_DIJKSTRA/project_DIJKSTRA.gen/sources_1/bd/design_dijkstra_ram/ipshared/2e02/src/TOP_dijkstra.vhd:305]
INFO: [Synth 8-638] synthesizing module 'dpram' [d:/projets/2020_2/project_DIJKSTRA/project_DIJKSTRA.gen/sources_1/bd/design_dijkstra_ram/ipshared/2e02/src/DPRAM.vhd:43]
Reason is one or more of the following :
	1: RAM has multiple writes via different ports in same process. If RAM inferencing intended, write to one port per process. 
	2: Unable to determine number of words or word size in RAM. 
	3: No valid read/write found for RAM. 
RAM "memory_ram_reg" dissolved into registers
INFO: [Synth 8-256] done synthesizing module 'dpram' (7#1) [d:/projets/2020_2/project_DIJKSTRA/project_DIJKSTRA.gen/sources_1/bd/design_dijkstra_ram/ipshared/2e02/src/DPRAM.vhd:43]
INFO: [Synth 8-256] done synthesizing module 'TOP_dijkstra' (8#1) [d:/projets/2020_2/project_DIJKSTRA/project_DIJKSTRA.gen/sources_1/bd/design_dijkstra_ram/ipshared/2e02/src/TOP_dijkstra.vhd:56]
INFO: [Synth 8-256] done synthesizing module 'Dijkstra_algorithm_v1_0_S00_AXI' (9#1) [d:/projets/2020_2/project_DIJKSTRA/project_DIJKSTRA.gen/sources_1/bd/design_dijkstra_ram/ipshared/2e02/hdl/Dijkstra_algorithm_v1_0_S00_AXI.vhd:96]
INFO: [Synth 8-256] done synthesizing module 'Dijkstra_algorithm_v1_0' (10#1) [d:/projets/2020_2/project_DIJKSTRA/project_DIJKSTRA.gen/sources_1/bd/design_dijkstra_ram/ipshared/2e02/hdl/Dijkstra_algorithm_v1_0.vhd:60]
INFO: [Synth 8-256] done synthesizing module 'design_dijkstra_ram_Dijkstra_algorithm_0_0' (11#1) [d:/projets/2020_2/project_DIJKSTRA/project_DIJKSTRA.gen/sources_1/bd/design_dijkstra_ram/ip/design_dijkstra_ram_Dijkstra_algorithm_0_0/synth/design_dijkstra_ram_Dijkstra_algorithm_0_0.vhd:88]
---------------------------------------------------------------------------------
Finished RTL Elaboration : Time (s): cpu = 00:00:05 ; elapsed = 00:00:05 . Memory (MB): peak = 1240.863 ; gain = 114.074
---------------------------------------------------------------------------------
---------------------------------------------------------------------------------
Start Handling Custom Attributes
---------------------------------------------------------------------------------
---------------------------------------------------------------------------------
Finished Handling Custom Attributes : Time (s): cpu = 00:00:06 ; elapsed = 00:00:06 . Memory (MB): peak = 1240.863 ; gain = 114.074
---------------------------------------------------------------------------------
---------------------------------------------------------------------------------
Finished RTL Optimization Phase 1 : Time (s): cpu = 00:00:06 ; elapsed = 00:00:06 . Memory (MB): peak = 1240.863 ; gain = 114.074
---------------------------------------------------------------------------------
Netlist sorting complete. Time (s): cpu = 00:00:00 ; elapsed = 00:00:00.027 . Memory (MB): peak = 1240.863 ; gain = 0.000
INFO: [Project 1-570] Preparing netlist for logic optimization

Processing XDC Constraints
Initializing timing engine
Completed Processing XDC Constraints

Netlist sorting complete. Time (s): cpu = 00:00:00 ; elapsed = 00:00:00.001 . Memory (MB): peak = 1348.414 ; gain = 0.000
INFO: [Project 1-111] Unisim Transformation Summary:
No Unisim elements were transformed.

Constraint Validation Runtime : Time (s): cpu = 00:00:01 ; elapsed = 00:00:00.046 . Memory (MB): peak = 1348.414 ; gain = 0.000
---------------------------------------------------------------------------------
Finished Constraint Validation : Time (s): cpu = 00:00:11 ; elapsed = 00:00:12 . Memory (MB): peak = 1348.414 ; gain = 221.625
---------------------------------------------------------------------------------
---------------------------------------------------------------------------------
Start Loading Part and Timing Information
---------------------------------------------------------------------------------
Loading part: xc7z020clg400-1
---------------------------------------------------------------------------------
Finished Loading Part and Timing Information : Time (s): cpu = 00:00:11 ; elapsed = 00:00:12 . Memory (MB): peak = 1348.414 ; gain = 221.625
---------------------------------------------------------------------------------
---------------------------------------------------------------------------------
Start Applying 'set_property' XDC Constraints
---------------------------------------------------------------------------------
---------------------------------------------------------------------------------
Finished applying 'set_property' XDC Constraints : Time (s): cpu = 00:00:11 ; elapsed = 00:00:12 . Memory (MB): peak = 1348.414 ; gain = 221.625
---------------------------------------------------------------------------------
INFO: [Synth 8-802] inferred FSM for state register 'current_state_reg' in module 'DIJKSTRA_CONTROLLER'
INFO: [Synth 8-802] inferred FSM for state register 'current_state_reg' in module 'NEAREST_NODE'
INFO: [Synth 8-802] inferred FSM for state register 'current_state_reg' in module 'UPDATE_RAM'
---------------------------------------------------------------------------------------------------
                   State |                     New Encoding |                Previous Encoding 
---------------------------------------------------------------------------------------------------
                    idle |                               00 |                               00
              update_ram |                               01 |                               01
            nearest_node |                               10 |                               10
               read_path |                               11 |                               11
---------------------------------------------------------------------------------------------------
INFO: [Synth 8-3354] encoded FSM with state register 'current_state_reg' using encoding 'sequential' in module 'DIJKSTRA_CONTROLLER'
---------------------------------------------------------------------------------------------------
                   State |                     New Encoding |                Previous Encoding 
---------------------------------------------------------------------------------------------------
                    idle |                          0000001 |                              000
                read_ram |                          1000000 |                              001
                 compare |                          0100000 |                              010
                    buff |                          0010000 |                              011
            nearest_node |                          0001000 |                              100
           write_ram_ext |                          0000100 |                              101
          write_nb_nodes |                          0000010 |                              110
---------------------------------------------------------------------------------------------------
INFO: [Synth 8-3354] encoded FSM with state register 'current_state_reg' using encoding 'one-hot' in module 'NEAREST_NODE'
---------------------------------------------------------------------------------------------------
                   State |                     New Encoding |                Previous Encoding 
---------------------------------------------------------------------------------------------------
                    idle |                          0000001 |                              000
                init_ram |                          0000010 |                              001
                read_rom |                          0000100 |                              010
                read_ram |                          0001000 |                              011
                 compare |                          0010000 |                              100
               write_ram |                          0100000 |                              101
             end_compare |                          1000000 |                              110
---------------------------------------------------------------------------------------------------
INFO: [Synth 8-3354] encoded FSM with state register 'current_state_reg' using encoding 'one-hot' in module 'UPDATE_RAM'
---------------------------------------------------------------------------------
Finished RTL Optimization Phase 2 : Time (s): cpu = 00:00:12 ; elapsed = 00:00:13 . Memory (MB): peak = 1348.414 ; gain = 221.625
---------------------------------------------------------------------------------
---------------------------------------------------------------------------------
Start RTL Component Statistics 
---------------------------------------------------------------------------------
Detailed RTL Component Info : 
+---Adders : 
	   2 Input    6 Bit       Adders := 1     
	   2 Input    5 Bit       Adders := 7     
	   3 Input    5 Bit       Adders := 1     
+---Registers : 
	               32 Bit    Registers := 5     
	               17 Bit    Registers := 1     
	               10 Bit    Registers := 38    
	                5 Bit    Registers := 6     
	                4 Bit    Registers := 2     
	                2 Bit    Registers := 2     
	                1 Bit    Registers := 9     
+---Muxes : 
	   2 Input  320 Bit        Muxes := 1     
	   2 Input   32 Bit        Muxes := 4     
	   4 Input   32 Bit        Muxes := 4     
	   2 Input   17 Bit        Muxes := 4     
	   2 Input   10 Bit        Muxes := 20    
	   4 Input   10 Bit        Muxes := 1     
	   7 Input   10 Bit        Muxes := 3     
	   7 Input    7 Bit        Muxes := 2     
	   2 Input    7 Bit        Muxes := 14    
	   2 Input    6 Bit        Muxes := 1     
	   7 Input    6 Bit        Muxes := 1     
	   2 Input    5 Bit        Muxes := 5     
	   7 Input    5 Bit        Muxes := 7     
	   7 Input    3 Bit        Muxes := 1     
	   4 Input    2 Bit        Muxes := 1     
	   2 Input    2 Bit        Muxes := 5     
	   7 Input    2 Bit        Muxes := 1     
	   2 Input    1 Bit        Muxes := 18    
	   4 Input    1 Bit        Muxes := 5     
	   7 Input    1 Bit        Muxes := 5     
---------------------------------------------------------------------------------
Finished RTL Component Statistics 
---------------------------------------------------------------------------------
---------------------------------------------------------------------------------
Start Part Resource Summary
---------------------------------------------------------------------------------
Part Resources:
DSPs: 220 (col length:60)
BRAMs: 280 (col length: RAMB18 60 RAMB36 30)
---------------------------------------------------------------------------------
Finished Part Resource Summary
---------------------------------------------------------------------------------
---------------------------------------------------------------------------------
Start Cross Boundary and Area Optimization
---------------------------------------------------------------------------------
---------------------------------------------------------------------------------
Finished Cross Boundary and Area Optimization : Time (s): cpu = 00:00:19 ; elapsed = 00:00:20 . Memory (MB): peak = 1348.414 ; gain = 221.625
---------------------------------------------------------------------------------
---------------------------------------------------------------------------------
Start ROM, RAM, DSP, Shift Register and Retiming Reporting
---------------------------------------------------------------------------------

ROM: Preliminary Mapping	Report
+-------------------------------------------+-------------------------------------------------------------------------+---------------+----------------+
|Module Name                                | RTL Object                                                              | Depth x Width | Implemented As | 
+-------------------------------------------+-------------------------------------------------------------------------+---------------+----------------+
|ROM                                        | mem[0]                                                                  | 32x6          | LUT            | 
|UPDATE_RAM                                 | node_addr                                                               | 32x5          | LUT            | 
|UPDATE_RAM                                 | nb_nodes                                                                | 32x3          | LUT            | 
|design_dijkstra_ram_Dijkstra_algorithm_0_0 | U0/Dijkstra_algorithm_v1_0_S00_AXI_inst/DIJKSTRA/ROM_M/mem[0]           | 32x6          | LUT            | 
|design_dijkstra_ram_Dijkstra_algorithm_0_0 | U0/Dijkstra_algorithm_v1_0_S00_AXI_inst/DIJKSTRA/UPDATE_RAM_D/node_addr | 32x5          | LUT            | 
|design_dijkstra_ram_Dijkstra_algorithm_0_0 | U0/Dijkstra_algorithm_v1_0_S00_AXI_inst/DIJKSTRA/UPDATE_RAM_D/nb_nodes  | 32x3          | LUT            | 
+-------------------------------------------+-------------------------------------------------------------------------+---------------+----------------+

---------------------------------------------------------------------------------
Finished ROM, RAM, DSP, Shift Register and Retiming Reporting
---------------------------------------------------------------------------------
---------------------------------------------------------------------------------
Start Applying XDC Timing Constraints
---------------------------------------------------------------------------------
---------------------------------------------------------------------------------
Finished Applying XDC Timing Constraints : Time (s): cpu = 00:00:24 ; elapsed = 00:00:25 . Memory (MB): peak = 1348.414 ; gain = 221.625
---------------------------------------------------------------------------------
---------------------------------------------------------------------------------
Start Timing Optimization
---------------------------------------------------------------------------------
---------------------------------------------------------------------------------
Finished Timing Optimization : Time (s): cpu = 00:00:24 ; elapsed = 00:00:25 . Memory (MB): peak = 1348.414 ; gain = 221.625
---------------------------------------------------------------------------------
---------------------------------------------------------------------------------
Start Technology Mapping
---------------------------------------------------------------------------------
---------------------------------------------------------------------------------
Finished Technology Mapping : Time (s): cpu = 00:00:25 ; elapsed = 00:00:26 . Memory (MB): peak = 1366.047 ; gain = 239.258
---------------------------------------------------------------------------------
---------------------------------------------------------------------------------
Start IO Insertion
---------------------------------------------------------------------------------
---------------------------------------------------------------------------------
Start Flattening Before IO Insertion
---------------------------------------------------------------------------------
---------------------------------------------------------------------------------
Finished Flattening Before IO Insertion
---------------------------------------------------------------------------------
---------------------------------------------------------------------------------
Start Final Netlist Cleanup
---------------------------------------------------------------------------------
---------------------------------------------------------------------------------
Finished Final Netlist Cleanup
---------------------------------------------------------------------------------
---------------------------------------------------------------------------------
Finished IO Insertion : Time (s): cpu = 00:00:28 ; elapsed = 00:00:29 . Memory (MB): peak = 1380.836 ; gain = 254.047
---------------------------------------------------------------------------------
---------------------------------------------------------------------------------
Start Renaming Generated Instances
---------------------------------------------------------------------------------
---------------------------------------------------------------------------------
Finished Renaming Generated Instances : Time (s): cpu = 00:00:28 ; elapsed = 00:00:29 . Memory (MB): peak = 1380.836 ; gain = 254.047
---------------------------------------------------------------------------------
---------------------------------------------------------------------------------
Start Rebuilding User Hierarchy
---------------------------------------------------------------------------------
---------------------------------------------------------------------------------
Finished Rebuilding User Hierarchy : Time (s): cpu = 00:00:28 ; elapsed = 00:00:29 . Memory (MB): peak = 1380.836 ; gain = 254.047
---------------------------------------------------------------------------------
---------------------------------------------------------------------------------
Start Renaming Generated Ports
---------------------------------------------------------------------------------
---------------------------------------------------------------------------------
Finished Renaming Generated Ports : Time (s): cpu = 00:00:28 ; elapsed = 00:00:29 . Memory (MB): peak = 1380.836 ; gain = 254.047
---------------------------------------------------------------------------------
---------------------------------------------------------------------------------
Start Handling Custom Attributes
---------------------------------------------------------------------------------
---------------------------------------------------------------------------------
Finished Handling Custom Attributes : Time (s): cpu = 00:00:28 ; elapsed = 00:00:29 . Memory (MB): peak = 1380.836 ; gain = 254.047
---------------------------------------------------------------------------------
---------------------------------------------------------------------------------
Start Renaming Generated Nets
---------------------------------------------------------------------------------
---------------------------------------------------------------------------------
Finished Renaming Generated Nets : Time (s): cpu = 00:00:28 ; elapsed = 00:00:29 . Memory (MB): peak = 1380.836 ; gain = 254.047
---------------------------------------------------------------------------------
---------------------------------------------------------------------------------
Start Writing Synthesis Report
---------------------------------------------------------------------------------

Report BlackBoxes: 
+-+--------------+----------+
| |BlackBox name |Instances |
+-+--------------+----------+
+-+--------------+----------+

Report Cell Usage: 
+------+------+------+
|      |Cell  |Count |
+------+------+------+
|1     |LUT1  |     5|
|2     |LUT2  |    26|
|3     |LUT3  |    21|
|4     |LUT4  |    54|
|5     |LUT5  |    73|
|6     |LUT6  |   610|
|7     |MUXF7 |    86|
|8     |MUXF8 |    20|
|9     |FDCE  |    49|
|10    |FDPE  |     2|
|11    |FDRE  |   521|
|12    |FDSE  |     3|
+------+------+------+
---------------------------------------------------------------------------------
Finished Writing Synthesis Report : Time (s): cpu = 00:00:28 ; elapsed = 00:00:29 . Memory (MB): peak = 1380.836 ; gain = 254.047
---------------------------------------------------------------------------------
Synthesis finished with 0 errors, 0 critical warnings and 0 warnings.
Synthesis Optimization Runtime : Time (s): cpu = 00:00:21 ; elapsed = 00:00:28 . Memory (MB): peak = 1380.836 ; gain = 146.496
Synthesis Optimization Complete : Time (s): cpu = 00:00:29 ; elapsed = 00:00:30 . Memory (MB): peak = 1380.836 ; gain = 254.047
INFO: [Project 1-571] Translating synthesized netlist
Netlist sorting complete. Time (s): cpu = 00:00:00 ; elapsed = 00:00:00.030 . Memory (MB): peak = 1392.945 ; gain = 0.000
INFO: [Netlist 29-17] Analyzing 106 Unisim elements for replacement
INFO: [Netlist 29-28] Unisim Transformation completed in 0 CPU seconds
INFO: [Project 1-570] Preparing netlist for logic optimization
INFO: [Opt 31-138] Pushed 0 inverter(s) to 0 load pin(s).
Netlist sorting complete. Time (s): cpu = 00:00:00 ; elapsed = 00:00:00 . Memory (MB): peak = 1392.945 ; gain = 0.000
INFO: [Project 1-111] Unisim Transformation Summary:
No Unisim elements were transformed.

INFO: [Common 17-83] Releasing license: Synthesis
58 Infos, 0 Warnings, 0 Critical Warnings and 0 Errors encountered.
synth_design completed successfully
synth_design: Time (s): cpu = 00:00:34 ; elapsed = 00:00:37 . Memory (MB): peak = 1392.945 ; gain = 266.156
INFO: [Common 17-1381] The checkpoint 'D:/projets/2020_2/project_DIJKSTRA/project_DIJKSTRA.runs/design_dijkstra_ram_Dijkstra_algorithm_0_0_synth_1/design_dijkstra_ram_Dijkstra_algorithm_0_0.dcp' has been generated.
WARNING: [Common 17-576] 'use_project_ipc' is deprecated. This option is deprecated and no longer used.
INFO: [Coretcl 2-1648] Added synthesis output to IP cache for IP design_dijkstra_ram_Dijkstra_algorithm_0_0, cache-ID = cd6941a5b1ee2966
INFO: [Coretcl 2-1174] Renamed 10 cell refs.
INFO: [Common 17-1381] The checkpoint 'D:/projets/2020_2/project_DIJKSTRA/project_DIJKSTRA.runs/design_dijkstra_ram_Dijkstra_algorithm_0_0_synth_1/design_dijkstra_ram_Dijkstra_algorithm_0_0.dcp' has been generated.
INFO: [runtcl-4] Executing : report_utilization -file design_dijkstra_ram_Dijkstra_algorithm_0_0_utilization_synth.rpt -pb design_dijkstra_ram_Dijkstra_algorithm_0_0_utilization_synth.pb
INFO: [Common 17-206] Exiting Vivado at Mon Jun 13 16:54:53 2022...
