
*** Running vivado
    with args -log design_IMU_AXI_IO_buffer_0_0.vds -m64 -product Vivado -mode batch -messageDb vivado.pb -notrace -source design_IMU_AXI_IO_buffer_0_0.tcl



****** Vivado v2020.2 (64-bit)
  **** SW Build 3064766 on Wed Nov 18 09:12:45 MST 2020
  **** IP Build 3064653 on Wed Nov 18 14:17:31 MST 2020
    ** Copyright 1986-2020 Xilinx, Inc. All Rights Reserved.

source design_IMU_AXI_IO_buffer_0_0.tcl -notrace
create_project: Time (s): cpu = 00:00:04 ; elapsed = 00:00:08 . Memory (MB): peak = 1126.895 ; gain = 0.000
INFO: [IP_Flow 19-234] Refreshing IP repositories
INFO: [IP_Flow 19-1700] Loaded user IP repository 'd:/projets/2020_2/project_IMU/IP_IMU_1.0'.
INFO: [IP_Flow 19-2313] Loaded Vivado IP repository 'D:/Programmes/Vivado/2020.2/data/ip'.
Command: synth_design -top design_IMU_AXI_IO_buffer_0_0 -part xc7z020clg400-1 -mode out_of_context
Starting synth_design
WARNING: [IP_Flow 19-3571] IP 'design_IMU_AXI_IO_buffer_0_0' is restricted:
* Module reference is stale and needs refreshing.
Attempting to get a license for feature 'Synthesis' and/or device 'xc7z020'
INFO: [Common 17-349] Got license for feature 'Synthesis' and/or device 'xc7z020'
INFO: [Device 21-403] Loading part xc7z020clg400-1
INFO: [Synth 8-7079] Multithreading enabled for synth_design using a maximum of 2 processes.
INFO: [Synth 8-7078] Launching helper process for spawning children vivado processes
INFO: [Synth 8-7075] Helper process launched with PID 13680
---------------------------------------------------------------------------------
Starting RTL Elaboration : Time (s): cpu = 00:00:07 ; elapsed = 00:00:13 . Memory (MB): peak = 1177.375 ; gain = 50.480
---------------------------------------------------------------------------------
INFO: [Synth 8-638] synthesizing module 'design_IMU_AXI_IO_buffer_0_0' [d:/projets/2020_2/project_IMU/project_IMU.gen/sources_1/bd/design_IMU_AXI/ip/design_IMU_AXI_IO_buffer_0_0/synth/design_IMU_AXI_IO_buffer_0_0.vhd:65]
INFO: [Synth 8-3491] module 'IO_buffer' declared at 'D:/projets/2020_2/project_IMU/project_IMU.srcs/sources_1/imports/sources_1/imports/new/IO_buffer.vhd:37' bound to instance 'U0' of component 'IO_buffer' [d:/projets/2020_2/project_IMU/project_IMU.gen/sources_1/bd/design_IMU_AXI/ip/design_IMU_AXI_IO_buffer_0_0/synth/design_IMU_AXI_IO_buffer_0_0.vhd:85]
INFO: [Synth 8-638] synthesizing module 'IO_buffer' [D:/projets/2020_2/project_IMU/project_IMU.srcs/sources_1/imports/sources_1/imports/new/IO_buffer.vhd:45]
	Parameter DRIVE bound to: 8 - type: integer 
	Parameter IBUF_LOW_PWR bound to: 1 - type: bool 
	Parameter IOSTANDARD bound to: DEFAULT - type: string 
	Parameter SLEW bound to: SLOW - type: string 
INFO: [Synth 8-113] binding component instance 'IOBUF_inst' to cell 'IOBUF' [D:/projets/2020_2/project_IMU/project_IMU.srcs/sources_1/imports/sources_1/imports/new/IO_buffer.vhd:49]
INFO: [Synth 8-256] done synthesizing module 'IO_buffer' (1#1) [D:/projets/2020_2/project_IMU/project_IMU.srcs/sources_1/imports/sources_1/imports/new/IO_buffer.vhd:45]
INFO: [Synth 8-256] done synthesizing module 'design_IMU_AXI_IO_buffer_0_0' (2#1) [d:/projets/2020_2/project_IMU/project_IMU.gen/sources_1/bd/design_IMU_AXI/ip/design_IMU_AXI_IO_buffer_0_0/synth/design_IMU_AXI_IO_buffer_0_0.vhd:65]
---------------------------------------------------------------------------------
Finished RTL Elaboration : Time (s): cpu = 00:00:08 ; elapsed = 00:00:26 . Memory (MB): peak = 1231.527 ; gain = 104.633
---------------------------------------------------------------------------------
---------------------------------------------------------------------------------
Start Handling Custom Attributes
---------------------------------------------------------------------------------
---------------------------------------------------------------------------------
Finished Handling Custom Attributes : Time (s): cpu = 00:00:09 ; elapsed = 00:00:29 . Memory (MB): peak = 1231.527 ; gain = 104.633
---------------------------------------------------------------------------------
---------------------------------------------------------------------------------
Finished RTL Optimization Phase 1 : Time (s): cpu = 00:00:09 ; elapsed = 00:00:29 . Memory (MB): peak = 1231.527 ; gain = 104.633
---------------------------------------------------------------------------------
Netlist sorting complete. Time (s): cpu = 00:00:00 ; elapsed = 00:00:00.001 . Memory (MB): peak = 1231.527 ; gain = 0.000
INFO: [Netlist 29-17] Analyzing 1 Unisim elements for replacement
INFO: [Netlist 29-28] Unisim Transformation completed in 0 CPU seconds
INFO: [Project 1-570] Preparing netlist for logic optimization

Processing XDC Constraints
Initializing timing engine
Completed Processing XDC Constraints

Netlist sorting complete. Time (s): cpu = 00:00:00 ; elapsed = 00:00:00 . Memory (MB): peak = 1256.148 ; gain = 0.000
INFO: [Project 1-111] Unisim Transformation Summary:
  A total of 1 instances were transformed.
  IOBUF => IOBUF (IBUF, OBUFT): 1 instance 

Constraint Validation Runtime : Time (s): cpu = 00:00:00 ; elapsed = 00:00:02 . Memory (MB): peak = 1256.168 ; gain = 0.020
---------------------------------------------------------------------------------
Finished Constraint Validation : Time (s): cpu = 00:00:17 ; elapsed = 00:01:03 . Memory (MB): peak = 1256.168 ; gain = 129.273
---------------------------------------------------------------------------------
---------------------------------------------------------------------------------
Start Loading Part and Timing Information
---------------------------------------------------------------------------------
Loading part: xc7z020clg400-1
---------------------------------------------------------------------------------
Finished Loading Part and Timing Information : Time (s): cpu = 00:00:17 ; elapsed = 00:01:03 . Memory (MB): peak = 1256.168 ; gain = 129.273
---------------------------------------------------------------------------------
---------------------------------------------------------------------------------
Start Applying 'set_property' XDC Constraints
---------------------------------------------------------------------------------
---------------------------------------------------------------------------------
Finished applying 'set_property' XDC Constraints : Time (s): cpu = 00:00:17 ; elapsed = 00:01:03 . Memory (MB): peak = 1256.168 ; gain = 129.273
---------------------------------------------------------------------------------
---------------------------------------------------------------------------------
Finished RTL Optimization Phase 2 : Time (s): cpu = 00:00:17 ; elapsed = 00:01:03 . Memory (MB): peak = 1256.168 ; gain = 129.273
---------------------------------------------------------------------------------
---------------------------------------------------------------------------------
Start RTL Component Statistics 
---------------------------------------------------------------------------------
Detailed RTL Component Info : 
---------------------------------------------------------------------------------
Finished RTL Component Statistics 
---------------------------------------------------------------------------------
---------------------------------------------------------------------------------
Start Part Resource Summary
---------------------------------------------------------------------------------
Part Resources:
DSPs: 220 (col length:60)
BRAMs: 280 (col length: RAMB18 60 RAMB36 30)
---------------------------------------------------------------------------------
Finished Part Resource Summary
---------------------------------------------------------------------------------
---------------------------------------------------------------------------------
Start Cross Boundary and Area Optimization
---------------------------------------------------------------------------------
---------------------------------------------------------------------------------
Finished Cross Boundary and Area Optimization : Time (s): cpu = 00:00:18 ; elapsed = 00:01:06 . Memory (MB): peak = 1256.168 ; gain = 129.273
---------------------------------------------------------------------------------
---------------------------------------------------------------------------------
Start Applying XDC Timing Constraints
---------------------------------------------------------------------------------
---------------------------------------------------------------------------------
Finished Applying XDC Timing Constraints : Time (s): cpu = 00:00:26 ; elapsed = 00:01:14 . Memory (MB): peak = 1298.754 ; gain = 171.859
---------------------------------------------------------------------------------
---------------------------------------------------------------------------------
Start Timing Optimization
---------------------------------------------------------------------------------
---------------------------------------------------------------------------------
Finished Timing Optimization : Time (s): cpu = 00:00:26 ; elapsed = 00:01:14 . Memory (MB): peak = 1298.754 ; gain = 171.859
---------------------------------------------------------------------------------
---------------------------------------------------------------------------------
Start Technology Mapping
---------------------------------------------------------------------------------
---------------------------------------------------------------------------------
Finished Technology Mapping : Time (s): cpu = 00:00:26 ; elapsed = 00:01:14 . Memory (MB): peak = 1317.859 ; gain = 190.965
---------------------------------------------------------------------------------
---------------------------------------------------------------------------------
Start IO Insertion
---------------------------------------------------------------------------------
---------------------------------------------------------------------------------
Start Flattening Before IO Insertion
---------------------------------------------------------------------------------
---------------------------------------------------------------------------------
Finished Flattening Before IO Insertion
---------------------------------------------------------------------------------
---------------------------------------------------------------------------------
Start Final Netlist Cleanup
---------------------------------------------------------------------------------
---------------------------------------------------------------------------------
Finished Final Netlist Cleanup
---------------------------------------------------------------------------------
---------------------------------------------------------------------------------
Finished IO Insertion : Time (s): cpu = 00:00:30 ; elapsed = 00:01:19 . Memory (MB): peak = 1323.625 ; gain = 196.730
---------------------------------------------------------------------------------
---------------------------------------------------------------------------------
Start Renaming Generated Instances
---------------------------------------------------------------------------------
---------------------------------------------------------------------------------
Finished Renaming Generated Instances : Time (s): cpu = 00:00:30 ; elapsed = 00:01:19 . Memory (MB): peak = 1323.625 ; gain = 196.730
---------------------------------------------------------------------------------
---------------------------------------------------------------------------------
Start Rebuilding User Hierarchy
---------------------------------------------------------------------------------
---------------------------------------------------------------------------------
Finished Rebuilding User Hierarchy : Time (s): cpu = 00:00:30 ; elapsed = 00:01:19 . Memory (MB): peak = 1323.625 ; gain = 196.730
---------------------------------------------------------------------------------
---------------------------------------------------------------------------------
Start Renaming Generated Ports
---------------------------------------------------------------------------------
---------------------------------------------------------------------------------
Finished Renaming Generated Ports : Time (s): cpu = 00:00:30 ; elapsed = 00:01:19 . Memory (MB): peak = 1323.625 ; gain = 196.730
---------------------------------------------------------------------------------
---------------------------------------------------------------------------------
Start Handling Custom Attributes
---------------------------------------------------------------------------------
---------------------------------------------------------------------------------
Finished Handling Custom Attributes : Time (s): cpu = 00:00:30 ; elapsed = 00:01:19 . Memory (MB): peak = 1323.625 ; gain = 196.730
---------------------------------------------------------------------------------
---------------------------------------------------------------------------------
Start Renaming Generated Nets
---------------------------------------------------------------------------------
---------------------------------------------------------------------------------
Finished Renaming Generated Nets : Time (s): cpu = 00:00:30 ; elapsed = 00:01:19 . Memory (MB): peak = 1323.625 ; gain = 196.730
---------------------------------------------------------------------------------
---------------------------------------------------------------------------------
Start Writing Synthesis Report
---------------------------------------------------------------------------------

Report BlackBoxes: 
+-+--------------+----------+
| |BlackBox name |Instances |
+-+--------------+----------+
+-+--------------+----------+

Report Cell Usage: 
+------+------+------+
|      |Cell  |Count |
+------+------+------+
|1     |IOBUF |     1|
+------+------+------+
---------------------------------------------------------------------------------
Finished Writing Synthesis Report : Time (s): cpu = 00:00:30 ; elapsed = 00:01:19 . Memory (MB): peak = 1323.625 ; gain = 196.730
---------------------------------------------------------------------------------
Synthesis finished with 0 errors, 0 critical warnings and 0 warnings.
Synthesis Optimization Runtime : Time (s): cpu = 00:00:19 ; elapsed = 00:00:54 . Memory (MB): peak = 1323.625 ; gain = 172.090
Synthesis Optimization Complete : Time (s): cpu = 00:00:30 ; elapsed = 00:01:19 . Memory (MB): peak = 1323.625 ; gain = 196.730
INFO: [Project 1-571] Translating synthesized netlist
Netlist sorting complete. Time (s): cpu = 00:00:00 ; elapsed = 00:00:00 . Memory (MB): peak = 1323.625 ; gain = 0.000
INFO: [Netlist 29-17] Analyzing 1 Unisim elements for replacement
INFO: [Netlist 29-28] Unisim Transformation completed in 0 CPU seconds
INFO: [Project 1-570] Preparing netlist for logic optimization
INFO: [Opt 31-138] Pushed 0 inverter(s) to 0 load pin(s).
Netlist sorting complete. Time (s): cpu = 00:00:00 ; elapsed = 00:00:00 . Memory (MB): peak = 1340.980 ; gain = 0.000
INFO: [Project 1-111] Unisim Transformation Summary:
  A total of 1 instances were transformed.
  IOBUF => IOBUF (IBUF, OBUFT): 1 instance 

INFO: [Common 17-83] Releasing license: Synthesis
25 Infos, 1 Warnings, 0 Critical Warnings and 0 Errors encountered.
synth_design completed successfully
synth_design: Time (s): cpu = 00:00:39 ; elapsed = 00:01:34 . Memory (MB): peak = 1340.980 ; gain = 214.086
INFO: [Common 17-1381] The checkpoint 'D:/projets/2020_2/project_IMU/project_IMU.runs/design_IMU_AXI_IO_buffer_0_0_synth_1/design_IMU_AXI_IO_buffer_0_0.dcp' has been generated.
WARNING: [Common 17-576] 'use_project_ipc' is deprecated. This option is deprecated and no longer used.
INFO: [Common 17-1381] The checkpoint 'D:/projets/2020_2/project_IMU/project_IMU.runs/design_IMU_AXI_IO_buffer_0_0_synth_1/design_IMU_AXI_IO_buffer_0_0.dcp' has been generated.
INFO: [runtcl-4] Executing : report_utilization -file design_IMU_AXI_IO_buffer_0_0_utilization_synth.rpt -pb design_IMU_AXI_IO_buffer_0_0_utilization_synth.pb
INFO: [Common 17-206] Exiting Vivado at Wed Jun 15 13:59:26 2022...
