Copyright 1986-2020 Xilinx, Inc. All Rights Reserved.
--------------------------------------------------------------------------------------------------------
| Tool Version : Vivado v.2020.2 (win64) Build 3064766 Wed Nov 18 09:12:45 MST 2020
| Date         : Mon Jul 11 10:46:18 2022
| Host         : D-14JM0W2 running 64-bit major release  (build 9200)
| Command      : report_control_sets -verbose -file design_dijkstra_reg_wrapper_control_sets_placed.rpt
| Design       : design_dijkstra_reg_wrapper
| Device       : xc7z020
--------------------------------------------------------------------------------------------------------

Control Set Information

Table of Contents
-----------------
1. Summary
2. Histogram
3. Flip-Flop Distribution
4. Detailed Control Set Information

1. Summary
----------

+----------------------------------------------------------+-------+
|                          Status                          | Count |
+----------------------------------------------------------+-------+
| Total control sets                                       |   137 |
|    Minimum number of control sets                        |   137 |
|    Addition due to synthesis replication                 |     0 |
|    Addition due to physical synthesis replication        |     0 |
| Unused register locations in slices containing registers |   435 |
+----------------------------------------------------------+-------+
* Control sets can be merged at opt_design using control_set_merge or merge_equivalent_drivers
** Run report_qor_suggestions for automated merging and remapping suggestions


2. Histogram
------------

+--------------------+-------+
|       Fanout       | Count |
+--------------------+-------+
| Total control sets |   137 |
| >= 0 to < 4        |     2 |
| >= 4 to < 6        |    32 |
| >= 6 to < 8        |     6 |
| >= 8 to < 10       |    32 |
| >= 10 to < 12      |    40 |
| >= 12 to < 14      |     3 |
| >= 14 to < 16      |     2 |
| >= 16              |    20 |
+--------------------+-------+
* Control sets can be remapped at either synth_design or opt_design


3. Flip-Flop Distribution
-------------------------

+--------------+-----------------------+------------------------+-----------------+--------------+
| Clock Enable | Synchronous Set/Reset | Asynchronous Set/Reset | Total Registers | Total Slices |
+--------------+-----------------------+------------------------+-----------------+--------------+
| No           | No                    | No                     |             215 |           70 |
| No           | No                    | Yes                    |              38 |           17 |
| No           | Yes                   | No                     |             110 |           44 |
| Yes          | No                    | No                     |             746 |          241 |
| Yes          | No                    | Yes                    |              40 |           14 |
| Yes          | Yes                   | No                     |             520 |          145 |
+--------------+-----------------------+------------------------+-----------------+--------------+


4. Detailed Control Set Information
-----------------------------------

+------------------------------------------------------------+---------------------------------------------------------------------------------------------------------------------------------------------------------------------------+------------------------------------------------------------------------------------------------------------------------------------------------------------------+------------------+----------------+--------------+
|                        Clock Signal                        |                                                                               Enable Signal                                                                               |                                                                         Set/Reset Signal                                                                         | Slice Load Count | Bel Load Count | Bels / Slice |
+------------------------------------------------------------+---------------------------------------------------------------------------------------------------------------------------------------------------------------------------+------------------------------------------------------------------------------------------------------------------------------------------------------------------+------------------+----------------+--------------+
|  design_dijkstra_reg_i/processing_system7_0/inst/FCLK_CLK0 | design_dijkstra_reg_i/ps7_0_axi_periph/s00_couplers/auto_pc/inst/gen_axilite.gen_b2s_conv.axilite_b2s/WR.aw_channel_0/aw_cmd_fsm_0/FSM_sequential_state_reg[0]_1          | design_dijkstra_reg_i/ps7_0_axi_periph/s00_couplers/auto_pc/inst/gen_axilite.gen_b2s_conv.axilite_b2s/WR.aw_channel_0/aw_cmd_fsm_0/FSM_sequential_state_reg[0]_0 |                1 |              1 |         1.00 |
|  design_dijkstra_reg_i/processing_system7_0/inst/FCLK_CLK0 | design_dijkstra_reg_i/ps7_0_axi_periph/s00_couplers/auto_pc/inst/gen_axilite.gen_b2s_conv.axilite_b2s/WR.b_channel_0/bid_fifo_0/sel                                       |                                                                                                                                                                  |                1 |              2 |         2.00 |
|  design_dijkstra_reg_i/processing_system7_0/inst/FCLK_CLK0 |                                                                                                                                                                           | design_dijkstra_reg_i/rst_ps7_0_50M/U0/EXT_LPF/lpf_int                                                                                                           |                2 |              4 |         2.00 |
|  design_dijkstra_reg_i/processing_system7_0/inst/FCLK_CLK0 |                                                                                                                                                                           | design_dijkstra_reg_i/ps7_0_axi_periph/s00_couplers/auto_pc/inst/gen_axilite.gen_b2s_conv.axilite_b2s/SI_REG/ar.ar_pipe/aresetn_d_reg[1]_inv_0                   |                2 |              4 |         2.00 |
|  design_dijkstra_reg_i/processing_system7_0/inst/FCLK_CLK0 |                                                                                                                                                                           | design_dijkstra_reg_i/ps7_0_axi_periph/s00_couplers/auto_pc/inst/gen_axilite.gen_b2s_conv.axilite_b2s/SI_REG/aw.aw_pipe/aresetn_d_reg[0]_0                       |                2 |              4 |         2.00 |
|  design_dijkstra_reg_i/processing_system7_0/inst/FCLK_CLK0 | design_dijkstra_reg_i/ps7_0_axi_periph/s00_couplers/auto_pc/inst/gen_axilite.gen_b2s_conv.axilite_b2s/RD.ar_channel_0/ar_cmd_fsm_0/m_axi_arready_2                        | design_dijkstra_reg_i/ps7_0_axi_periph/s00_couplers/auto_pc/inst/gen_axilite.gen_b2s_conv.axilite_b2s/RD.ar_channel_0/ar_cmd_fsm_0/FSM_sequential_state_reg[1]_0 |                2 |              4 |         2.00 |
|  design_dijkstra_reg_i/processing_system7_0/inst/FCLK_CLK0 | design_dijkstra_reg_i/axi_uartlite_0/U0/UARTLITE_CORE_I/BAUD_RATE_I/en_16x_Baud                                                                                           |                                                                                                                                                                  |                2 |              4 |         2.00 |
|  design_dijkstra_reg_i/processing_system7_0/inst/FCLK_CLK0 | design_dijkstra_reg_i/axi_uartlite_0/U0/AXI_LITE_IPIF_I/I_SLAVE_ATTACHMENT/start2                                                                                         | design_dijkstra_reg_i/axi_uartlite_0/U0/AXI_LITE_IPIF_I/I_SLAVE_ATTACHMENT/I_DECODER/cs_ce_clr                                                                   |                1 |              4 |         4.00 |
|  design_dijkstra_reg_i/processing_system7_0/inst/FCLK_CLK0 | design_dijkstra_reg_i/Dijkstra_reg_0/U0/Dijkstra_reg_v1_0_S00_AXI_inst/DIJKSTRA/NEAREST_NODE_D/cpt_addr0                                                                  | design_dijkstra_reg_i/Dijkstra_reg_0/U0/Dijkstra_reg_v1_0_S00_AXI_inst/DIJKSTRA/NEAREST_NODE_D/cpt_addr[4]_i_1_n_0                                               |                1 |              5 |         5.00 |
|  design_dijkstra_reg_i/processing_system7_0/inst/FCLK_CLK0 | design_dijkstra_reg_i/Dijkstra_reg_0/U0/Dijkstra_reg_v1_0_S00_AXI_inst/DIJKSTRA/NEAREST_NODE_D/FSM_onehot_current_state_reg[2]_11[0]                                      | design_dijkstra_reg_i/Dijkstra_reg_0/U0/Dijkstra_reg_v1_0_S00_AXI_inst/DIJKSTRA/CONTROLLER/AR[0]                                                                 |                2 |              5 |         2.50 |
|  design_dijkstra_reg_i/processing_system7_0/inst/FCLK_CLK0 | design_dijkstra_reg_i/Dijkstra_reg_0/U0/Dijkstra_reg_v1_0_S00_AXI_inst/DIJKSTRA/NEAREST_NODE_D/FSM_onehot_current_state_reg[2]_14[0]                                      | design_dijkstra_reg_i/Dijkstra_reg_0/U0/Dijkstra_reg_v1_0_S00_AXI_inst/DIJKSTRA/CONTROLLER/AR[0]                                                                 |                2 |              5 |         2.50 |
|  design_dijkstra_reg_i/processing_system7_0/inst/FCLK_CLK0 | design_dijkstra_reg_i/Dijkstra_reg_0/U0/Dijkstra_reg_v1_0_S00_AXI_inst/DIJKSTRA/NEAREST_NODE_D/E[0]                                                                       | design_dijkstra_reg_i/Dijkstra_reg_0/U0/Dijkstra_reg_v1_0_S00_AXI_inst/DIJKSTRA/CONTROLLER/AR[0]                                                                 |                1 |              5 |         5.00 |
|  design_dijkstra_reg_i/processing_system7_0/inst/FCLK_CLK0 | design_dijkstra_reg_i/Dijkstra_reg_0/U0/Dijkstra_reg_v1_0_S00_AXI_inst/DIJKSTRA/NEAREST_NODE_D/FSM_onehot_current_state_reg[2]_13[0]                                      | design_dijkstra_reg_i/Dijkstra_reg_0/U0/Dijkstra_reg_v1_0_S00_AXI_inst/DIJKSTRA/CONTROLLER/AR[0]                                                                 |                2 |              5 |         2.50 |
|  design_dijkstra_reg_i/processing_system7_0/inst/FCLK_CLK0 | design_dijkstra_reg_i/Dijkstra_reg_0/U0/Dijkstra_reg_v1_0_S00_AXI_inst/DIJKSTRA/NEAREST_NODE_D/FSM_onehot_current_state_reg[2]_9[0]                                       | design_dijkstra_reg_i/Dijkstra_reg_0/U0/Dijkstra_reg_v1_0_S00_AXI_inst/DIJKSTRA/CONTROLLER/AR[0]                                                                 |                2 |              5 |         2.50 |
|  design_dijkstra_reg_i/processing_system7_0/inst/FCLK_CLK0 | design_dijkstra_reg_i/Dijkstra_reg_0/U0/Dijkstra_reg_v1_0_S00_AXI_inst/DIJKSTRA/NEAREST_NODE_D/FSM_onehot_current_state_reg[2]_16[0]                                      | design_dijkstra_reg_i/Dijkstra_reg_0/U0/Dijkstra_reg_v1_0_S00_AXI_inst/DIJKSTRA/CONTROLLER/AR[0]                                                                 |                2 |              5 |         2.50 |
|  design_dijkstra_reg_i/processing_system7_0/inst/FCLK_CLK0 | design_dijkstra_reg_i/Dijkstra_reg_0/U0/Dijkstra_reg_v1_0_S00_AXI_inst/DIJKSTRA/NEAREST_NODE_D/FSM_onehot_current_state_reg[2]_17[0]                                      | design_dijkstra_reg_i/Dijkstra_reg_0/U0/Dijkstra_reg_v1_0_S00_AXI_inst/DIJKSTRA/CONTROLLER/AR[0]                                                                 |                2 |              5 |         2.50 |
|  design_dijkstra_reg_i/processing_system7_0/inst/FCLK_CLK0 | design_dijkstra_reg_i/Dijkstra_reg_0/U0/Dijkstra_reg_v1_0_S00_AXI_inst/DIJKSTRA/NEAREST_NODE_D/FSM_onehot_current_state_reg[2]_19[0]                                      | design_dijkstra_reg_i/Dijkstra_reg_0/U0/Dijkstra_reg_v1_0_S00_AXI_inst/DIJKSTRA/CONTROLLER/AR[0]                                                                 |                2 |              5 |         2.50 |
|  design_dijkstra_reg_i/processing_system7_0/inst/FCLK_CLK0 | design_dijkstra_reg_i/Dijkstra_reg_0/U0/Dijkstra_reg_v1_0_S00_AXI_inst/DIJKSTRA/NEAREST_NODE_D/FSM_onehot_current_state_reg[2]_12[0]                                      | design_dijkstra_reg_i/Dijkstra_reg_0/U0/Dijkstra_reg_v1_0_S00_AXI_inst/DIJKSTRA/CONTROLLER/AR[0]                                                                 |                1 |              5 |         5.00 |
|  design_dijkstra_reg_i/processing_system7_0/inst/FCLK_CLK0 | design_dijkstra_reg_i/Dijkstra_reg_0/U0/Dijkstra_reg_v1_0_S00_AXI_inst/DIJKSTRA/NEAREST_NODE_D/FSM_onehot_current_state_reg[2]_6[0]                                       | design_dijkstra_reg_i/Dijkstra_reg_0/U0/Dijkstra_reg_v1_0_S00_AXI_inst/DIJKSTRA/CONTROLLER/AR[0]                                                                 |                1 |              5 |         5.00 |
|  design_dijkstra_reg_i/processing_system7_0/inst/FCLK_CLK0 | design_dijkstra_reg_i/Dijkstra_reg_0/U0/Dijkstra_reg_v1_0_S00_AXI_inst/axi_arready0                                                                                       | design_dijkstra_reg_i/Dijkstra_reg_0/U0/Dijkstra_reg_v1_0_S00_AXI_inst/DIJKSTRA/CONTROLLER/AR[0]                                                                 |                2 |              5 |         2.50 |
|  design_dijkstra_reg_i/processing_system7_0/inst/FCLK_CLK0 | design_dijkstra_reg_i/Dijkstra_reg_0/U0/Dijkstra_reg_v1_0_S00_AXI_inst/axi_awready0                                                                                       | design_dijkstra_reg_i/Dijkstra_reg_0/U0/Dijkstra_reg_v1_0_S00_AXI_inst/DIJKSTRA/CONTROLLER/AR[0]                                                                 |                1 |              5 |         5.00 |
|  design_dijkstra_reg_i/processing_system7_0/inst/FCLK_CLK0 | design_dijkstra_reg_i/Dijkstra_reg_0/U0/Dijkstra_reg_v1_0_S00_AXI_inst/DIJKSTRA/NEAREST_NODE_D/FSM_onehot_current_state_reg[2]_8[0]                                       | design_dijkstra_reg_i/Dijkstra_reg_0/U0/Dijkstra_reg_v1_0_S00_AXI_inst/DIJKSTRA/CONTROLLER/AR[0]                                                                 |                1 |              5 |         5.00 |
|  design_dijkstra_reg_i/processing_system7_0/inst/FCLK_CLK0 | design_dijkstra_reg_i/Dijkstra_reg_0/U0/Dijkstra_reg_v1_0_S00_AXI_inst/DIJKSTRA/NEAREST_NODE_D/FSM_onehot_current_state_reg[2]_15[0]                                      | design_dijkstra_reg_i/Dijkstra_reg_0/U0/Dijkstra_reg_v1_0_S00_AXI_inst/DIJKSTRA/CONTROLLER/AR[0]                                                                 |                1 |              5 |         5.00 |
|  design_dijkstra_reg_i/processing_system7_0/inst/FCLK_CLK0 | design_dijkstra_reg_i/Dijkstra_reg_0/U0/Dijkstra_reg_v1_0_S00_AXI_inst/DIJKSTRA/NEAREST_NODE_D/FSM_onehot_current_state_reg[2]_10[0]                                      | design_dijkstra_reg_i/Dijkstra_reg_0/U0/Dijkstra_reg_v1_0_S00_AXI_inst/DIJKSTRA/CONTROLLER/AR[0]                                                                 |                1 |              5 |         5.00 |
|  design_dijkstra_reg_i/processing_system7_0/inst/FCLK_CLK0 | design_dijkstra_reg_i/Dijkstra_reg_0/U0/Dijkstra_reg_v1_0_S00_AXI_inst/DIJKSTRA/NEAREST_NODE_D/FSM_onehot_current_state_reg[2]_4[0]                                       | design_dijkstra_reg_i/Dijkstra_reg_0/U0/Dijkstra_reg_v1_0_S00_AXI_inst/DIJKSTRA/CONTROLLER/AR[0]                                                                 |                1 |              5 |         5.00 |
|  design_dijkstra_reg_i/processing_system7_0/inst/FCLK_CLK0 | design_dijkstra_reg_i/Dijkstra_reg_0/U0/Dijkstra_reg_v1_0_S00_AXI_inst/DIJKSTRA/NEAREST_NODE_D/FSM_onehot_current_state_reg[2]_5[0]                                       | design_dijkstra_reg_i/Dijkstra_reg_0/U0/Dijkstra_reg_v1_0_S00_AXI_inst/DIJKSTRA/CONTROLLER/AR[0]                                                                 |                1 |              5 |         5.00 |
|  design_dijkstra_reg_i/processing_system7_0/inst/FCLK_CLK0 | design_dijkstra_reg_i/Dijkstra_reg_0/U0/Dijkstra_reg_v1_0_S00_AXI_inst/DIJKSTRA/NEAREST_NODE_D/FSM_onehot_current_state_reg[2]_7[0]                                       | design_dijkstra_reg_i/Dijkstra_reg_0/U0/Dijkstra_reg_v1_0_S00_AXI_inst/DIJKSTRA/CONTROLLER/AR[0]                                                                 |                2 |              5 |         2.50 |
|  design_dijkstra_reg_i/processing_system7_0/inst/FCLK_CLK0 | design_dijkstra_reg_i/Balise_0/U0/Balise_v1_0_S00_AXI_inst/RX/RX_DV                                                                                                       | design_dijkstra_reg_i/Balise_0/U0/Balise_v1_0_S00_AXI_inst/balise[3]_i_1_n_0                                                                                     |                1 |              5 |         5.00 |
|  design_dijkstra_reg_i/processing_system7_0/inst/FCLK_CLK0 | design_dijkstra_reg_i/Dijkstra_reg_0/U0/Dijkstra_reg_v1_0_S00_AXI_inst/DIJKSTRA/NEAREST_NODE_D/FSM_onehot_current_state_reg[2]_18[0]                                      | design_dijkstra_reg_i/Dijkstra_reg_0/U0/Dijkstra_reg_v1_0_S00_AXI_inst/DIJKSTRA/CONTROLLER/AR[0]                                                                 |                1 |              5 |         5.00 |
|  design_dijkstra_reg_i/processing_system7_0/inst/FCLK_CLK0 | design_dijkstra_reg_i/Dijkstra_reg_0/U0/Dijkstra_reg_v1_0_S00_AXI_inst/DIJKSTRA/NEAREST_NODE_D/cpt_addr_reg[1]_1[0]                                                       | design_dijkstra_reg_i/Dijkstra_reg_0/U0/Dijkstra_reg_v1_0_S00_AXI_inst/DIJKSTRA/CONTROLLER/AR[0]                                                                 |                1 |              5 |         5.00 |
|  design_dijkstra_reg_i/processing_system7_0/inst/FCLK_CLK0 | design_dijkstra_reg_i/ps7_0_axi_periph/s00_couplers/auto_pc/inst/gen_axilite.gen_b2s_conv.axilite_b2s/RD.r_channel_0/transaction_fifo_0/cnt_read[4]_i_1_n_0               | design_dijkstra_reg_i/ps7_0_axi_periph/s00_couplers/auto_pc/inst/gen_axilite.gen_b2s_conv.axilite_b2s/areset_d1                                                  |                2 |              5 |         2.50 |
|  design_dijkstra_reg_i/processing_system7_0/inst/FCLK_CLK0 | design_dijkstra_reg_i/ps7_0_axi_periph/s00_couplers/auto_pc/inst/gen_axilite.gen_b2s_conv.axilite_b2s/RD.r_channel_0/rd_data_fifo_0/cnt_read[4]_i_1__0_n_0                | design_dijkstra_reg_i/ps7_0_axi_periph/s00_couplers/auto_pc/inst/gen_axilite.gen_b2s_conv.axilite_b2s/areset_d1                                                  |                1 |              5 |         5.00 |
|  design_dijkstra_reg_i/processing_system7_0/inst/FCLK_CLK0 | design_dijkstra_reg_i/Dijkstra_reg_0/U0/Dijkstra_reg_v1_0_S00_AXI_inst/DIJKSTRA/UPDATE_RAM_D/E[0]                                                                         |                                                                                                                                                                  |                1 |              5 |         5.00 |
|  design_dijkstra_reg_i/processing_system7_0/inst/FCLK_CLK0 | design_dijkstra_reg_i/Dijkstra_reg_0/U0/Dijkstra_reg_v1_0_S00_AXI_inst/DIJKSTRA/UPDATE_RAM_D/cpt0                                                                         | design_dijkstra_reg_i/Dijkstra_reg_0/U0/Dijkstra_reg_v1_0_S00_AXI_inst/DIJKSTRA/UPDATE_RAM_D/cpt[4]_i_1_n_0                                                      |                2 |              5 |         2.50 |
|  design_dijkstra_reg_i/processing_system7_0/inst/FCLK_CLK0 |                                                                                                                                                                           | design_dijkstra_reg_i/axi_uartlite_0/U0/UARTLITE_CORE_I/UARTLITE_RX_I/SRL_FIFO_I/I_SRL_FIFO_RBU_F/CNTR_INCR_DECR_ADDN_F_I/SS[0]                                  |                2 |              6 |         3.00 |
|  design_dijkstra_reg_i/processing_system7_0/inst/FCLK_CLK0 |                                                                                                                                                                           | design_dijkstra_reg_i/axi_uartlite_0/U0/UARTLITE_CORE_I/UARTLITE_TX_I/SRL_FIFO_I/I_SRL_FIFO_RBU_F/CNTR_INCR_DECR_ADDN_F_I/SS[0]                                  |                3 |              6 |         2.00 |
|  design_dijkstra_reg_i/processing_system7_0/inst/FCLK_CLK0 | design_dijkstra_reg_i/rst_ps7_0_50M/U0/SEQ/seq_cnt_en                                                                                                                     | design_dijkstra_reg_i/rst_ps7_0_50M/U0/SEQ/SEQ_COUNTER/clear                                                                                                     |                1 |              6 |         6.00 |
|  design_dijkstra_reg_i/processing_system7_0/inst/FCLK_CLK0 | design_dijkstra_reg_i/axi_uartlite_0/U0/UARTLITE_CORE_I/BAUD_RATE_I/en_16x_Baud                                                                                           | design_dijkstra_reg_i/axi_uartlite_0/U0/UARTLITE_CORE_I/UARTLITE_RX_I/SERIAL_TO_PARALLEL[8].fifo_din[8]_i_1_n_0                                                  |                1 |              7 |         7.00 |
|  design_dijkstra_reg_i/processing_system7_0/inst/FCLK_CLK0 |                                                                                                                                                                           | design_dijkstra_reg_i/time_pulse_0/U0/pulse_1us_i_2_n_0                                                                                                          |                2 |              7 |         3.50 |
|  design_dijkstra_reg_i/processing_system7_0/inst/FCLK_CLK0 | design_dijkstra_reg_i/Timer_ronde_0/U0/Timer_ronde_v1_0_S00_AXI_inst/cpt_time_0                                                                                           | design_dijkstra_reg_i/Timer_ronde_0/U0/Timer_ronde_v1_0_S00_AXI_inst/cpt_time[6]_i_1_n_0                                                                         |                2 |              7 |         3.50 |
|  design_dijkstra_reg_i/processing_system7_0/inst/FCLK_CLK0 | design_dijkstra_reg_i/Dijkstra_reg_0/U0/Dijkstra_reg_v1_0_S00_AXI_inst/p_1_in[7]                                                                                          | design_dijkstra_reg_i/Dijkstra_reg_0/U0/Dijkstra_reg_v1_0_S00_AXI_inst/DIJKSTRA/CONTROLLER/AR[0]                                                                 |                4 |              8 |         2.00 |
|  design_dijkstra_reg_i/processing_system7_0/inst/FCLK_CLK0 | design_dijkstra_reg_i/Timer_ronde_0/U0/Timer_ronde_v1_0_S00_AXI_inst/slv_reg0[23]_i_1_n_0                                                                                 | design_dijkstra_reg_i/Timer_ronde_0/U0/Timer_ronde_v1_0_S00_AXI_inst/axi_awready_i_1_n_0                                                                         |                1 |              8 |         8.00 |
|  design_dijkstra_reg_i/processing_system7_0/inst/FCLK_CLK0 | design_dijkstra_reg_i/Timer_ronde_0/U0/Timer_ronde_v1_0_S00_AXI_inst/slv_reg0[31]_i_1_n_0                                                                                 | design_dijkstra_reg_i/Timer_ronde_0/U0/Timer_ronde_v1_0_S00_AXI_inst/axi_awready_i_1_n_0                                                                         |                2 |              8 |         4.00 |
|  design_dijkstra_reg_i/processing_system7_0/inst/FCLK_CLK0 | design_dijkstra_reg_i/Timer_ronde_0/U0/Timer_ronde_v1_0_S00_AXI_inst/slv_reg0[7]_i_1_n_0                                                                                  | design_dijkstra_reg_i/Timer_ronde_0/U0/Timer_ronde_v1_0_S00_AXI_inst/axi_awready_i_1_n_0                                                                         |                1 |              8 |         8.00 |
|  design_dijkstra_reg_i/processing_system7_0/inst/FCLK_CLK0 | design_dijkstra_reg_i/Timer_ronde_0/U0/Timer_ronde_v1_0_S00_AXI_inst/slv_reg0[15]_i_1_n_0                                                                                 | design_dijkstra_reg_i/Timer_ronde_0/U0/Timer_ronde_v1_0_S00_AXI_inst/axi_awready_i_1_n_0                                                                         |                2 |              8 |         4.00 |
|  design_dijkstra_reg_i/processing_system7_0/inst/FCLK_CLK0 | design_dijkstra_reg_i/Timer_ronde_0/U0/Timer_ronde_v1_0_S00_AXI_inst/slv_reg2[7]_i_1_n_0                                                                                  | design_dijkstra_reg_i/Timer_ronde_0/U0/Timer_ronde_v1_0_S00_AXI_inst/axi_awready_i_1_n_0                                                                         |                1 |              8 |         8.00 |
|  design_dijkstra_reg_i/processing_system7_0/inst/FCLK_CLK0 | design_dijkstra_reg_i/Timer_ronde_0/U0/Timer_ronde_v1_0_S00_AXI_inst/p_1_in[31]                                                                                           | design_dijkstra_reg_i/Timer_ronde_0/U0/Timer_ronde_v1_0_S00_AXI_inst/axi_awready_i_1_n_0                                                                         |                3 |              8 |         2.67 |
|  design_dijkstra_reg_i/processing_system7_0/inst/FCLK_CLK0 | design_dijkstra_reg_i/Timer_ronde_0/U0/Timer_ronde_v1_0_S00_AXI_inst/p_1_in[7]                                                                                            | design_dijkstra_reg_i/Timer_ronde_0/U0/Timer_ronde_v1_0_S00_AXI_inst/axi_awready_i_1_n_0                                                                         |                1 |              8 |         8.00 |
|  design_dijkstra_reg_i/processing_system7_0/inst/FCLK_CLK0 | design_dijkstra_reg_i/Dijkstra_reg_0/U0/Dijkstra_reg_v1_0_S00_AXI_inst/p_1_in[15]                                                                                         | design_dijkstra_reg_i/Dijkstra_reg_0/U0/Dijkstra_reg_v1_0_S00_AXI_inst/DIJKSTRA/CONTROLLER/AR[0]                                                                 |                1 |              8 |         8.00 |
|  design_dijkstra_reg_i/processing_system7_0/inst/FCLK_CLK0 | design_dijkstra_reg_i/Timer_ronde_0/U0/Timer_ronde_v1_0_S00_AXI_inst/p_1_in[23]                                                                                           | design_dijkstra_reg_i/Timer_ronde_0/U0/Timer_ronde_v1_0_S00_AXI_inst/axi_awready_i_1_n_0                                                                         |                2 |              8 |         4.00 |
|  design_dijkstra_reg_i/processing_system7_0/inst/FCLK_CLK0 | design_dijkstra_reg_i/Dijkstra_reg_0/U0/Dijkstra_reg_v1_0_S00_AXI_inst/p_1_in[23]                                                                                         | design_dijkstra_reg_i/Dijkstra_reg_0/U0/Dijkstra_reg_v1_0_S00_AXI_inst/DIJKSTRA/CONTROLLER/AR[0]                                                                 |                1 |              8 |         8.00 |
|  design_dijkstra_reg_i/processing_system7_0/inst/FCLK_CLK0 | design_dijkstra_reg_i/Balise_0/U0/Balise_v1_0_S00_AXI_inst/slv_reg0[23]_i_1_n_0                                                                                           | design_dijkstra_reg_i/Balise_0/U0/Balise_v1_0_S00_AXI_inst/axi_awready_i_1_n_0                                                                                   |                1 |              8 |         8.00 |
|  design_dijkstra_reg_i/processing_system7_0/inst/FCLK_CLK0 | design_dijkstra_reg_i/Dijkstra_reg_0/U0/Dijkstra_reg_v1_0_S00_AXI_inst/p_1_in[31]                                                                                         | design_dijkstra_reg_i/Dijkstra_reg_0/U0/Dijkstra_reg_v1_0_S00_AXI_inst/DIJKSTRA/CONTROLLER/AR[0]                                                                 |                2 |              8 |         4.00 |
|  design_dijkstra_reg_i/processing_system7_0/inst/FCLK_CLK0 | design_dijkstra_reg_i/ps7_0_axi_periph/s00_couplers/auto_pc/inst/gen_axilite.gen_b2s_conv.axilite_b2s/WR.b_channel_0/mhandshake_r                                         | design_dijkstra_reg_i/ps7_0_axi_periph/s00_couplers/auto_pc/inst/gen_axilite.gen_b2s_conv.axilite_b2s/WR.b_channel_0/bid_fifo_0/SR[0]                            |                2 |              8 |         4.00 |
|  design_dijkstra_reg_i/processing_system7_0/inst/FCLK_CLK0 | design_dijkstra_reg_i/Timer_ronde_0/U0/Timer_ronde_v1_0_S00_AXI_inst/slv_reg2[15]_i_1_n_0                                                                                 | design_dijkstra_reg_i/Timer_ronde_0/U0/Timer_ronde_v1_0_S00_AXI_inst/axi_awready_i_1_n_0                                                                         |                1 |              8 |         8.00 |
|  design_dijkstra_reg_i/processing_system7_0/inst/FCLK_CLK0 | design_dijkstra_reg_i/Timer_ronde_0/U0/Timer_ronde_v1_0_S00_AXI_inst/slv_reg2[23]_i_1_n_0                                                                                 | design_dijkstra_reg_i/Timer_ronde_0/U0/Timer_ronde_v1_0_S00_AXI_inst/axi_awready_i_1_n_0                                                                         |                1 |              8 |         8.00 |
|  design_dijkstra_reg_i/processing_system7_0/inst/FCLK_CLK0 | design_dijkstra_reg_i/Timer_ronde_0/U0/Timer_ronde_v1_0_S00_AXI_inst/slv_reg2[31]_i_1_n_0                                                                                 | design_dijkstra_reg_i/Timer_ronde_0/U0/Timer_ronde_v1_0_S00_AXI_inst/axi_awready_i_1_n_0                                                                         |                1 |              8 |         8.00 |
|  design_dijkstra_reg_i/processing_system7_0/inst/FCLK_CLK0 | design_dijkstra_reg_i/ps7_0_axi_periph/s00_couplers/auto_pc/inst/gen_axilite.gen_b2s_conv.axilite_b2s/WR.aw_channel_0/aw_cmd_fsm_0/m_valid_i_reg[0]                       |                                                                                                                                                                  |                5 |              8 |         1.60 |
|  design_dijkstra_reg_i/processing_system7_0/inst/FCLK_CLK0 | design_dijkstra_reg_i/ps7_0_axi_periph/s00_couplers/auto_pc/inst/gen_axilite.gen_b2s_conv.axilite_b2s/WR.aw_channel_0/cmd_translator_0/incr_cmd_0/axaddr_incr[11]_i_1_n_0 |                                                                                                                                                                  |                2 |              8 |         4.00 |
|  design_dijkstra_reg_i/processing_system7_0/inst/FCLK_CLK0 | design_dijkstra_reg_i/ps7_0_axi_periph/s00_couplers/auto_pc/inst/gen_axilite.gen_b2s_conv.axilite_b2s/RD.ar_channel_0/ar_cmd_fsm_0/E[0]                                   |                                                                                                                                                                  |                5 |              8 |         1.60 |
|  design_dijkstra_reg_i/processing_system7_0/inst/FCLK_CLK0 | design_dijkstra_reg_i/Balise_0/U0/Balise_v1_0_S00_AXI_inst/slv_reg0[15]_i_1_n_0                                                                                           | design_dijkstra_reg_i/Balise_0/U0/Balise_v1_0_S00_AXI_inst/axi_awready_i_1_n_0                                                                                   |                2 |              8 |         4.00 |
|  design_dijkstra_reg_i/processing_system7_0/inst/FCLK_CLK0 | design_dijkstra_reg_i/Balise_0/U0/Balise_v1_0_S00_AXI_inst/slv_reg0[31]_i_1_n_0                                                                                           | design_dijkstra_reg_i/Balise_0/U0/Balise_v1_0_S00_AXI_inst/axi_awready_i_1_n_0                                                                                   |                1 |              8 |         8.00 |
|  design_dijkstra_reg_i/processing_system7_0/inst/FCLK_CLK0 | design_dijkstra_reg_i/Balise_0/U0/Balise_v1_0_S00_AXI_inst/slv_reg0[7]_i_1_n_0                                                                                            | design_dijkstra_reg_i/Balise_0/U0/Balise_v1_0_S00_AXI_inst/axi_awready_i_1_n_0                                                                                   |                2 |              8 |         4.00 |
|  design_dijkstra_reg_i/processing_system7_0/inst/FCLK_CLK0 | design_dijkstra_reg_i/ps7_0_axi_periph/s00_couplers/auto_pc/inst/gen_axilite.gen_b2s_conv.axilite_b2s/RD.ar_channel_0/ar_cmd_fsm_0/sel_first_reg[0]                       |                                                                                                                                                                  |                2 |              8 |         4.00 |
|  design_dijkstra_reg_i/processing_system7_0/inst/FCLK_CLK0 | design_dijkstra_reg_i/Balise_0/U0/Balise_v1_0_S00_AXI_inst/slv_reg3[23]_i_1_n_0                                                                                           | design_dijkstra_reg_i/Balise_0/U0/Balise_v1_0_S00_AXI_inst/axi_awready_i_1_n_0                                                                                   |                1 |              8 |         8.00 |
|  design_dijkstra_reg_i/processing_system7_0/inst/FCLK_CLK0 | design_dijkstra_reg_i/Balise_0/U0/Balise_v1_0_S00_AXI_inst/slv_reg3[15]_i_1_n_0                                                                                           | design_dijkstra_reg_i/Balise_0/U0/Balise_v1_0_S00_AXI_inst/axi_awready_i_1_n_0                                                                                   |                1 |              8 |         8.00 |
|  design_dijkstra_reg_i/processing_system7_0/inst/FCLK_CLK0 | design_dijkstra_reg_i/Balise_0/U0/Balise_v1_0_S00_AXI_inst/slv_reg3[7]_i_1_n_0                                                                                            | design_dijkstra_reg_i/Balise_0/U0/Balise_v1_0_S00_AXI_inst/axi_awready_i_1_n_0                                                                                   |                2 |              8 |         4.00 |
|  design_dijkstra_reg_i/processing_system7_0/inst/FCLK_CLK0 | design_dijkstra_reg_i/Balise_0/U0/Balise_v1_0_S00_AXI_inst/slv_reg3[31]_i_1_n_0                                                                                           | design_dijkstra_reg_i/Balise_0/U0/Balise_v1_0_S00_AXI_inst/axi_awready_i_1_n_0                                                                                   |                3 |              8 |         2.67 |
|  design_dijkstra_reg_i/processing_system7_0/inst/FCLK_CLK0 | design_dijkstra_reg_i/Timer_ronde_0/U0/Timer_ronde_v1_0_S00_AXI_inst/p_1_in[15]                                                                                           | design_dijkstra_reg_i/Timer_ronde_0/U0/Timer_ronde_v1_0_S00_AXI_inst/axi_awready_i_1_n_0                                                                         |                1 |              8 |         8.00 |
|  design_dijkstra_reg_i/processing_system7_0/inst/FCLK_CLK0 | design_dijkstra_reg_i/axi_uartlite_0/U0/AXI_LITE_IPIF_I/I_SLAVE_ATTACHMENT/I_DECODER/fifo_wr                                                                              |                                                                                                                                                                  |                1 |              8 |         8.00 |
|  design_dijkstra_reg_i/processing_system7_0/inst/FCLK_CLK0 | design_dijkstra_reg_i/axi_uartlite_0/U0/UARTLITE_CORE_I/UARTLITE_RX_I/SRL_FIFO_I/I_SRL_FIFO_RBU_F/DYNSHREG_F_I/fifo_wr                                                    |                                                                                                                                                                  |                1 |              8 |         8.00 |
|  design_dijkstra_reg_i/processing_system7_0/inst/FCLK_CLK0 | design_dijkstra_reg_i/axi_uartlite_0/U0/AXI_LITE_IPIF_I/I_SLAVE_ATTACHMENT/s_axi_rresp_i                                                                                  | design_dijkstra_reg_i/axi_uartlite_0/U0/AXI_LITE_IPIF_I/I_SLAVE_ATTACHMENT/rst                                                                                   |                4 |              9 |         2.25 |
|  design_dijkstra_reg_i/processing_system7_0/inst/FCLK_CLK0 |                                                                                                                                                                           | design_dijkstra_reg_i/Balise_0/U0/Balise_v1_0_S00_AXI_inst/axi_awready_i_1_n_0                                                                                   |                3 |             10 |         3.33 |
|  design_dijkstra_reg_i/processing_system7_0/inst/FCLK_CLK0 |                                                                                                                                                                           | design_dijkstra_reg_i/ps7_0_axi_periph/s00_couplers/auto_pc/inst/gen_axilite.gen_b2s_conv.axilite_b2s/areset_d1                                                  |                5 |             10 |         2.00 |
|  design_dijkstra_reg_i/processing_system7_0/inst/FCLK_CLK0 | design_dijkstra_reg_i/Dijkstra_reg_0/U0/Dijkstra_reg_v1_0_S00_AXI_inst/DIJKSTRA/UPDATE_RAM_D/cpt_ram_reg[3]_0                                                             |                                                                                                                                                                  |                2 |             10 |         5.00 |
|  design_dijkstra_reg_i/processing_system7_0/inst/FCLK_CLK0 | design_dijkstra_reg_i/Dijkstra_reg_0/U0/Dijkstra_reg_v1_0_S00_AXI_inst/DIJKSTRA/UPDATE_RAM_D/cpt_ram_reg[4]_6                                                             |                                                                                                                                                                  |                6 |             10 |         1.67 |
|  design_dijkstra_reg_i/processing_system7_0/inst/FCLK_CLK0 | design_dijkstra_reg_i/Dijkstra_reg_0/U0/Dijkstra_reg_v1_0_S00_AXI_inst/DIJKSTRA/UPDATE_RAM_D/cpt_ram_reg[4]_2                                                             |                                                                                                                                                                  |                3 |             10 |         3.33 |
|  design_dijkstra_reg_i/processing_system7_0/inst/FCLK_CLK0 | design_dijkstra_reg_i/Dijkstra_reg_0/U0/Dijkstra_reg_v1_0_S00_AXI_inst/DIJKSTRA/UPDATE_RAM_D/cpt_ram_reg[4]_4                                                             |                                                                                                                                                                  |                5 |             10 |         2.00 |
|  design_dijkstra_reg_i/processing_system7_0/inst/FCLK_CLK0 |                                                                                                                                                                           | design_dijkstra_reg_i/Timer_ronde_0/U0/Timer_ronde_v1_0_S00_AXI_inst/axi_awready_i_1_n_0                                                                         |                4 |             10 |         2.50 |
|  design_dijkstra_reg_i/processing_system7_0/inst/FCLK_CLK0 | design_dijkstra_reg_i/Dijkstra_reg_0/U0/Dijkstra_reg_v1_0_S00_AXI_inst/DIJKSTRA/UPDATE_RAM_D/cpt_ram_reg[4]_20                                                            |                                                                                                                                                                  |                2 |             10 |         5.00 |
|  design_dijkstra_reg_i/processing_system7_0/inst/FCLK_CLK0 | design_dijkstra_reg_i/Dijkstra_reg_0/U0/Dijkstra_reg_v1_0_S00_AXI_inst/DIJKSTRA/UPDATE_RAM_D/cpt_ram_reg[4]_3                                                             |                                                                                                                                                                  |                5 |             10 |         2.00 |
|  design_dijkstra_reg_i/processing_system7_0/inst/FCLK_CLK0 | design_dijkstra_reg_i/Dijkstra_reg_0/U0/Dijkstra_reg_v1_0_S00_AXI_inst/DIJKSTRA/UPDATE_RAM_D/cpt_ram_reg[3]_7                                                             |                                                                                                                                                                  |                3 |             10 |         3.33 |
|  design_dijkstra_reg_i/processing_system7_0/inst/FCLK_CLK0 | design_dijkstra_reg_i/Dijkstra_reg_0/U0/Dijkstra_reg_v1_0_S00_AXI_inst/DIJKSTRA/UPDATE_RAM_D/cpt_ram_reg[4]_12                                                            |                                                                                                                                                                  |                3 |             10 |         3.33 |
|  design_dijkstra_reg_i/processing_system7_0/inst/FCLK_CLK0 | design_dijkstra_reg_i/Dijkstra_reg_0/U0/Dijkstra_reg_v1_0_S00_AXI_inst/DIJKSTRA/UPDATE_RAM_D/cpt_ram_reg[4]_13                                                            |                                                                                                                                                                  |                6 |             10 |         1.67 |
|  design_dijkstra_reg_i/processing_system7_0/inst/FCLK_CLK0 | design_dijkstra_reg_i/Dijkstra_reg_0/U0/Dijkstra_reg_v1_0_S00_AXI_inst/DIJKSTRA/CONTROLLER/s_next_node_0                                                                  | design_dijkstra_reg_i/Dijkstra_reg_0/U0/Dijkstra_reg_v1_0_S00_AXI_inst/DIJKSTRA/CONTROLLER/AR[0]                                                                 |                4 |             10 |         2.50 |
|  design_dijkstra_reg_i/processing_system7_0/inst/FCLK_CLK0 | design_dijkstra_reg_i/Dijkstra_reg_0/U0/Dijkstra_reg_v1_0_S00_AXI_inst/DIJKSTRA/UPDATE_RAM_D/cpt_ram_reg[4]_9                                                             |                                                                                                                                                                  |                3 |             10 |         3.33 |
|  design_dijkstra_reg_i/processing_system7_0/inst/FCLK_CLK0 | design_dijkstra_reg_i/Dijkstra_reg_0/U0/Dijkstra_reg_v1_0_S00_AXI_inst/DIJKSTRA/UPDATE_RAM_D/cpt_ram_reg[4]_15                                                            |                                                                                                                                                                  |                3 |             10 |         3.33 |
|  design_dijkstra_reg_i/processing_system7_0/inst/FCLK_CLK0 | design_dijkstra_reg_i/Dijkstra_reg_0/U0/Dijkstra_reg_v1_0_S00_AXI_inst/DIJKSTRA/UPDATE_RAM_D/cpt_ram_reg[3]_2                                                             |                                                                                                                                                                  |                3 |             10 |         3.33 |
|  design_dijkstra_reg_i/processing_system7_0/inst/FCLK_CLK0 | design_dijkstra_reg_i/Dijkstra_reg_0/U0/Dijkstra_reg_v1_0_S00_AXI_inst/DIJKSTRA/CONTROLLER/s_start_node                                                                   | design_dijkstra_reg_i/Dijkstra_reg_0/U0/Dijkstra_reg_v1_0_S00_AXI_inst/DIJKSTRA/CONTROLLER/AR[0]                                                                 |                3 |             10 |         3.33 |
|  design_dijkstra_reg_i/processing_system7_0/inst/FCLK_CLK0 | design_dijkstra_reg_i/Dijkstra_reg_0/U0/Dijkstra_reg_v1_0_S00_AXI_inst/DIJKSTRA/UPDATE_RAM_D/cpt_ram_reg[4]_1                                                             |                                                                                                                                                                  |                6 |             10 |         1.67 |
|  design_dijkstra_reg_i/processing_system7_0/inst/FCLK_CLK0 | design_dijkstra_reg_i/Dijkstra_reg_0/U0/Dijkstra_reg_v1_0_S00_AXI_inst/DIJKSTRA/UPDATE_RAM_D/cpt_ram_reg[3]_1                                                             |                                                                                                                                                                  |                5 |             10 |         2.00 |
|  design_dijkstra_reg_i/processing_system7_0/inst/FCLK_CLK0 | design_dijkstra_reg_i/Dijkstra_reg_0/U0/Dijkstra_reg_v1_0_S00_AXI_inst/DIJKSTRA/UPDATE_RAM_D/cpt_ram_reg[3]_4                                                             |                                                                                                                                                                  |                5 |             10 |         2.00 |
|  design_dijkstra_reg_i/processing_system7_0/inst/FCLK_CLK0 | design_dijkstra_reg_i/Dijkstra_reg_0/U0/Dijkstra_reg_v1_0_S00_AXI_inst/DIJKSTRA/UPDATE_RAM_D/cpt_ram_reg[3]_6                                                             |                                                                                                                                                                  |                6 |             10 |         1.67 |
|  design_dijkstra_reg_i/processing_system7_0/inst/FCLK_CLK0 | design_dijkstra_reg_i/Dijkstra_reg_0/U0/Dijkstra_reg_v1_0_S00_AXI_inst/DIJKSTRA/UPDATE_RAM_D/cpt_ram_reg[3]_3                                                             |                                                                                                                                                                  |                4 |             10 |         2.50 |
|  design_dijkstra_reg_i/processing_system7_0/inst/FCLK_CLK0 | design_dijkstra_reg_i/Dijkstra_reg_0/U0/Dijkstra_reg_v1_0_S00_AXI_inst/DIJKSTRA/UPDATE_RAM_D/cpt_ram_reg[4]_0                                                             |                                                                                                                                                                  |                2 |             10 |         5.00 |
|  design_dijkstra_reg_i/processing_system7_0/inst/FCLK_CLK0 | design_dijkstra_reg_i/Dijkstra_reg_0/U0/Dijkstra_reg_v1_0_S00_AXI_inst/DIJKSTRA/UPDATE_RAM_D/cpt_ram_reg[4]_21                                                            |                                                                                                                                                                  |                2 |             10 |         5.00 |
|  design_dijkstra_reg_i/processing_system7_0/inst/FCLK_CLK0 | design_dijkstra_reg_i/time_pulse_0/U0/pulse_1ms_i_1_n_0                                                                                                                   | design_dijkstra_reg_i/time_pulse_0/U0/pulse_1us_i_2_n_0                                                                                                          |                4 |             10 |         2.50 |
|  design_dijkstra_reg_i/processing_system7_0/inst/FCLK_CLK0 | design_dijkstra_reg_i/time_pulse_0/U0/cpt_1us1                                                                                                                            | design_dijkstra_reg_i/time_pulse_0/U0/pulse_1us_i_2_n_0                                                                                                          |                3 |             10 |         3.33 |
|  design_dijkstra_reg_i/processing_system7_0/inst/FCLK_CLK0 | design_dijkstra_reg_i/Dijkstra_reg_0/U0/Dijkstra_reg_v1_0_S00_AXI_inst/DIJKSTRA/UPDATE_RAM_D/cpt_ram_reg[3]_5                                                             |                                                                                                                                                                  |                3 |             10 |         3.33 |
|  design_dijkstra_reg_i/processing_system7_0/inst/FCLK_CLK0 | design_dijkstra_reg_i/Dijkstra_reg_0/U0/Dijkstra_reg_v1_0_S00_AXI_inst/DIJKSTRA/UPDATE_RAM_D/cpt_ram_reg[4]_11                                                            |                                                                                                                                                                  |                2 |             10 |         5.00 |
|  design_dijkstra_reg_i/processing_system7_0/inst/FCLK_CLK0 | design_dijkstra_reg_i/Dijkstra_reg_0/U0/Dijkstra_reg_v1_0_S00_AXI_inst/DIJKSTRA/UPDATE_RAM_D/cpt_ram_reg[4]_10                                                            |                                                                                                                                                                  |                6 |             10 |         1.67 |
|  design_dijkstra_reg_i/processing_system7_0/inst/FCLK_CLK0 | design_dijkstra_reg_i/Dijkstra_reg_0/U0/Dijkstra_reg_v1_0_S00_AXI_inst/DIJKSTRA/UPDATE_RAM_D/cpt_ram_reg[4]_19                                                            |                                                                                                                                                                  |                5 |             10 |         2.00 |
|  design_dijkstra_reg_i/processing_system7_0/inst/FCLK_CLK0 | design_dijkstra_reg_i/Dijkstra_reg_0/U0/Dijkstra_reg_v1_0_S00_AXI_inst/DIJKSTRA/UPDATE_RAM_D/cpt_ram_reg[4]_18                                                            |                                                                                                                                                                  |                4 |             10 |         2.50 |
|  design_dijkstra_reg_i/processing_system7_0/inst/FCLK_CLK0 | design_dijkstra_reg_i/Dijkstra_reg_0/U0/Dijkstra_reg_v1_0_S00_AXI_inst/DIJKSTRA/UPDATE_RAM_D/cpt_ram_reg[4]_17                                                            |                                                                                                                                                                  |                3 |             10 |         3.33 |
|  design_dijkstra_reg_i/processing_system7_0/inst/FCLK_CLK0 | design_dijkstra_reg_i/Dijkstra_reg_0/U0/Dijkstra_reg_v1_0_S00_AXI_inst/DIJKSTRA/UPDATE_RAM_D/cpt_ram_reg[4]_5                                                             |                                                                                                                                                                  |                5 |             10 |         2.00 |
|  design_dijkstra_reg_i/processing_system7_0/inst/FCLK_CLK0 | design_dijkstra_reg_i/Dijkstra_reg_0/U0/Dijkstra_reg_v1_0_S00_AXI_inst/DIJKSTRA/UPDATE_RAM_D/cpt_ram_reg[4]_16                                                            |                                                                                                                                                                  |                3 |             10 |         3.33 |
|  design_dijkstra_reg_i/processing_system7_0/inst/FCLK_CLK0 | design_dijkstra_reg_i/Dijkstra_reg_0/U0/Dijkstra_reg_v1_0_S00_AXI_inst/DIJKSTRA/UPDATE_RAM_D/cpt_ram_reg[4]_22                                                            |                                                                                                                                                                  |                4 |             10 |         2.50 |
|  design_dijkstra_reg_i/processing_system7_0/inst/FCLK_CLK0 | design_dijkstra_reg_i/Dijkstra_reg_0/U0/Dijkstra_reg_v1_0_S00_AXI_inst/DIJKSTRA/UPDATE_RAM_D/cpt_ram_reg[4]_23                                                            |                                                                                                                                                                  |                4 |             10 |         2.50 |
|  design_dijkstra_reg_i/processing_system7_0/inst/FCLK_CLK0 | design_dijkstra_reg_i/Dijkstra_reg_0/U0/Dijkstra_reg_v1_0_S00_AXI_inst/DIJKSTRA/UPDATE_RAM_D/cpt_ram_reg[4]_14                                                            |                                                                                                                                                                  |                4 |             10 |         2.50 |
|  design_dijkstra_reg_i/processing_system7_0/inst/FCLK_CLK0 | design_dijkstra_reg_i/Dijkstra_reg_0/U0/Dijkstra_reg_v1_0_S00_AXI_inst/DIJKSTRA/UPDATE_RAM_D/cpt_ram_reg[4]_7                                                             |                                                                                                                                                                  |                3 |             10 |         3.33 |
|  design_dijkstra_reg_i/processing_system7_0/inst/FCLK_CLK0 | design_dijkstra_reg_i/Dijkstra_reg_0/U0/Dijkstra_reg_v1_0_S00_AXI_inst/DIJKSTRA/UPDATE_RAM_D/cpt_ram_reg[4]_8                                                             |                                                                                                                                                                  |                5 |             10 |         2.00 |
|  design_dijkstra_reg_i/processing_system7_0/inst/FCLK_CLK0 |                                                                                                                                                                           | design_dijkstra_reg_i/axi_uartlite_0/U0/AXI_LITE_IPIF_I/I_SLAVE_ATTACHMENT/rst                                                                                   |                4 |             11 |         2.75 |
|  design_dijkstra_reg_i/processing_system7_0/inst/FCLK_CLK0 | design_dijkstra_reg_i/Balise_0/U0/Balise_v1_0_S00_AXI_inst/RX/r_Clk_Count[12]_i_2_n_0                                                                                     | design_dijkstra_reg_i/Balise_0/U0/Balise_v1_0_S00_AXI_inst/RX/r_Clk_Count[12]_i_1_n_0                                                                            |                5 |             12 |         2.40 |
|  design_dijkstra_reg_i/processing_system7_0/inst/FCLK_CLK0 |                                                                                                                                                                           | design_dijkstra_reg_i/ps7_0_axi_periph/xbar/inst/gen_sasd.crossbar_sasd_0/addr_arbiter_inst/SR[0]                                                                |                6 |             13 |         2.17 |
|  design_dijkstra_reg_i/processing_system7_0/inst/FCLK_CLK0 | design_dijkstra_reg_i/ps7_0_axi_periph/s00_couplers/auto_pc/inst/gen_axilite.gen_b2s_conv.axilite_b2s/RD.r_channel_0/r_push_r                                             |                                                                                                                                                                  |                4 |             13 |         3.25 |
|  design_dijkstra_reg_i/processing_system7_0/inst/FCLK_CLK0 | design_dijkstra_reg_i/ps7_0_axi_periph/s00_couplers/auto_pc/inst/gen_axilite.gen_b2s_conv.axilite_b2s/SI_REG/b.b_pipe/p_1_in                                              |                                                                                                                                                                  |                2 |             14 |         7.00 |
|  design_dijkstra_reg_i/processing_system7_0/inst/FCLK_CLK0 | design_dijkstra_reg_i/ps7_0_axi_periph/s00_couplers/auto_pc/inst/gen_axilite.gen_b2s_conv.axilite_b2s/SI_REG/b.b_pipe/s_ready_i_reg_0                                     |                                                                                                                                                                  |                2 |             14 |         7.00 |
|  design_dijkstra_reg_i/processing_system7_0/inst/FCLK_CLK0 | design_dijkstra_reg_i/ps7_0_axi_periph/s00_couplers/auto_pc/inst/gen_axilite.gen_b2s_conv.axilite_b2s/WR.aw_channel_0/aw_cmd_fsm_0/m_axi_awready_0                        |                                                                                                                                                                  |                3 |             16 |         5.33 |
|  design_dijkstra_reg_i/processing_system7_0/inst/FCLK_CLK0 | design_dijkstra_reg_i/ps7_0_axi_periph/s00_couplers/auto_pc/inst/gen_axilite.gen_b2s_conv.axilite_b2s/RD.ar_channel_0/ar_cmd_fsm_0/m_axi_arready_2                        |                                                                                                                                                                  |                6 |             17 |         2.83 |
|  design_dijkstra_reg_i/processing_system7_0/inst/FCLK_CLK0 | design_dijkstra_reg_i/rst_ps7_0_50M/U0/peripheral_aresetn[0]                                                                                                              |                                                                                                                                                                  |               10 |             17 |         1.70 |
|  design_dijkstra_reg_i/processing_system7_0/inst/FCLK_CLK0 | design_dijkstra_reg_i/ps7_0_axi_periph/s00_couplers/auto_pc/inst/gen_axilite.gen_b2s_conv.axilite_b2s/WR.aw_channel_0/aw_cmd_fsm_0/FSM_sequential_state_reg[0]_1          |                                                                                                                                                                  |                9 |             20 |         2.22 |
|  design_dijkstra_reg_i/processing_system7_0/inst/FCLK_CLK0 | design_dijkstra_reg_i/ps7_0_axi_periph/xbar/inst/gen_sasd.crossbar_sasd_0/addr_arbiter_inst/p_0_in1_in                                                                    | design_dijkstra_reg_i/ps7_0_axi_periph/xbar/inst/gen_sasd.crossbar_sasd_0/addr_arbiter_inst/SR[0]                                                                |                9 |             21 |         2.33 |
|  design_dijkstra_reg_i/processing_system7_0/inst/FCLK_CLK0 |                                                                                                                                                                           | design_dijkstra_reg_i/axi_uartlite_0/U0/UARTLITE_CORE_I/UARTLITE_RX_I/SR[0]                                                                                      |                8 |             25 |         3.12 |
|  design_dijkstra_reg_i/processing_system7_0/inst/FCLK_CLK0 | design_dijkstra_reg_i/axi_uartlite_0/U0/UARTLITE_CORE_I/BAUD_RATE_I/en_16x_Baud                                                                                           | design_dijkstra_reg_i/axi_uartlite_0/U0/UARTLITE_CORE_I/UARTLITE_RX_I/SR[0]                                                                                      |                8 |             28 |         3.50 |
|  design_dijkstra_reg_i/processing_system7_0/inst/FCLK_CLK0 | design_dijkstra_reg_i/Dijkstra_reg_0/U0/Dijkstra_reg_v1_0_S00_AXI_inst/slv_reg_rden                                                                                       | design_dijkstra_reg_i/Dijkstra_reg_0/U0/Dijkstra_reg_v1_0_S00_AXI_inst/DIJKSTRA/CONTROLLER/AR[0]                                                                 |               12 |             32 |         2.67 |
|  design_dijkstra_reg_i/processing_system7_0/inst/FCLK_CLK0 | design_dijkstra_reg_i/Timer_ronde_0/U0/Timer_ronde_v1_0_S00_AXI_inst/slv_reg_rden                                                                                         | design_dijkstra_reg_i/Timer_ronde_0/U0/Timer_ronde_v1_0_S00_AXI_inst/axi_awready_i_1_n_0                                                                         |               12 |             32 |         2.67 |
|  design_dijkstra_reg_i/processing_system7_0/inst/FCLK_CLK0 | design_dijkstra_reg_i/Balise_0/U0/Balise_v1_0_S00_AXI_inst/slv_reg_rden                                                                                                   | design_dijkstra_reg_i/Balise_0/U0/Balise_v1_0_S00_AXI_inst/axi_awready_i_1_n_0                                                                                   |               11 |             32 |         2.91 |
|  design_dijkstra_reg_i/processing_system7_0/inst/FCLK_CLK0 | design_dijkstra_reg_i/ps7_0_axi_periph/s00_couplers/auto_pc/inst/gen_axilite.gen_b2s_conv.axilite_b2s/RD.r_channel_0/rd_data_fifo_0/wr_en0                                |                                                                                                                                                                  |                9 |             34 |         3.78 |
|  design_dijkstra_reg_i/processing_system7_0/inst/FCLK_CLK0 | design_dijkstra_reg_i/ps7_0_axi_periph/xbar/inst/gen_sasd.crossbar_sasd_0/addr_arbiter_inst/E[0]                                                                          |                                                                                                                                                                  |               13 |             35 |         2.69 |
|  design_dijkstra_reg_i/processing_system7_0/inst/FCLK_CLK0 |                                                                                                                                                                           | design_dijkstra_reg_i/Dijkstra_reg_0/U0/Dijkstra_reg_v1_0_S00_AXI_inst/DIJKSTRA/CONTROLLER/AR[0]                                                                 |               18 |             38 |         2.11 |
|  design_dijkstra_reg_i/processing_system7_0/inst/FCLK_CLK0 | design_dijkstra_reg_i/ps7_0_axi_periph/s00_couplers/auto_pc/inst/gen_axilite.gen_b2s_conv.axilite_b2s/WR.aw_channel_0/aw_cmd_fsm_0/E[0]                                   |                                                                                                                                                                  |                8 |             44 |         5.50 |
|  design_dijkstra_reg_i/processing_system7_0/inst/FCLK_CLK0 | design_dijkstra_reg_i/ps7_0_axi_periph/s00_couplers/auto_pc/inst/gen_axilite.gen_b2s_conv.axilite_b2s/RD.ar_channel_0/ar_cmd_fsm_0/m_valid_i_reg[0]                       |                                                                                                                                                                  |               10 |             44 |         4.40 |
|  design_dijkstra_reg_i/processing_system7_0/inst/FCLK_CLK0 | design_dijkstra_reg_i/ps7_0_axi_periph/s00_couplers/auto_pc/inst/gen_axilite.gen_b2s_conv.axilite_b2s/SI_REG/ar.ar_pipe/s_ready_i_reg_0                                   |                                                                                                                                                                  |               10 |             44 |         4.40 |
|  design_dijkstra_reg_i/processing_system7_0/inst/FCLK_CLK0 | design_dijkstra_reg_i/ps7_0_axi_periph/s00_couplers/auto_pc/inst/gen_axilite.gen_b2s_conv.axilite_b2s/SI_REG/aw.aw_pipe/s_ready_i_reg_0                                   |                                                                                                                                                                  |                9 |             44 |         4.89 |
|  design_dijkstra_reg_i/processing_system7_0/inst/FCLK_CLK0 | design_dijkstra_reg_i/ps7_0_axi_periph/s00_couplers/auto_pc/inst/gen_axilite.gen_b2s_conv.axilite_b2s/SI_REG/r.r_pipe/s_ready_i_reg_0                                     |                                                                                                                                                                  |               11 |             47 |         4.27 |
|  design_dijkstra_reg_i/processing_system7_0/inst/FCLK_CLK0 | design_dijkstra_reg_i/ps7_0_axi_periph/s00_couplers/auto_pc/inst/gen_axilite.gen_b2s_conv.axilite_b2s/SI_REG/r.r_pipe/p_1_in                                              |                                                                                                                                                                  |                9 |             47 |         5.22 |
|  design_dijkstra_reg_i/processing_system7_0/inst/FCLK_CLK0 |                                                                                                                                                                           |                                                                                                                                                                  |               71 |            216 |         3.04 |
+------------------------------------------------------------+---------------------------------------------------------------------------------------------------------------------------------------------------------------------------+------------------------------------------------------------------------------------------------------------------------------------------------------------------+------------------+----------------+--------------+


