Copyright 1986-2020 Xilinx, Inc. All Rights Reserved.
---------------------------------------------------------------------------------------------------
| Tool Version : Vivado v.2020.2 (win64) Build 3064766 Wed Nov 18 09:12:45 MST 2020
| Date         : Wed Jun 15 16:07:53 2022
| Host         : D-14JM0W2 running 64-bit major release  (build 9200)
| Command      : report_control_sets -verbose -file design_IMU_AXI_wrapper_control_sets_placed.rpt
| Design       : design_IMU_AXI_wrapper
| Device       : xc7z020
---------------------------------------------------------------------------------------------------

Control Set Information

Table of Contents
-----------------
1. Summary
2. Histogram
3. Flip-Flop Distribution
4. Detailed Control Set Information

1. Summary
----------

+----------------------------------------------------------+-------+
|                          Status                          | Count |
+----------------------------------------------------------+-------+
| Total control sets                                       |    46 |
|    Minimum number of control sets                        |    46 |
|    Addition due to synthesis replication                 |     0 |
|    Addition due to physical synthesis replication        |     0 |
| Unused register locations in slices containing registers |   126 |
+----------------------------------------------------------+-------+
* Control sets can be merged at opt_design using control_set_merge or merge_equivalent_drivers
** Run report_qor_suggestions for automated merging and remapping suggestions


2. Histogram
------------

+--------------------+-------+
|       Fanout       | Count |
+--------------------+-------+
| Total control sets |    46 |
| >= 0 to < 4        |     2 |
| >= 4 to < 6        |     8 |
| >= 6 to < 8        |     4 |
| >= 8 to < 10       |     7 |
| >= 10 to < 12      |     3 |
| >= 12 to < 14      |     2 |
| >= 14 to < 16      |     2 |
| >= 16              |    18 |
+--------------------+-------+
* Control sets can be remapped at either synth_design or opt_design


3. Flip-Flop Distribution
-------------------------

+--------------+-----------------------+------------------------+-----------------+--------------+
| Clock Enable | Synchronous Set/Reset | Asynchronous Set/Reset | Total Registers | Total Slices |
+--------------+-----------------------+------------------------+-----------------+--------------+
| No           | No                    | No                     |              98 |           40 |
| No           | No                    | Yes                    |              42 |           23 |
| No           | Yes                   | No                     |              31 |           10 |
| Yes          | No                    | No                     |             260 |           57 |
| Yes          | No                    | Yes                    |              86 |           29 |
| Yes          | Yes                   | No                     |             109 |           28 |
+--------------+-----------------------+------------------------+-----------------+--------------+


4. Detailed Control Set Information
-----------------------------------

+-------------------------------------------------------+-------------------------------------------------------------------------------------------------------------------------------------------------------------+-------------------------------------------------------------------------------------------------------------------------------------------------------------+------------------+----------------+--------------+
|                      Clock Signal                     |                                                                        Enable Signal                                                                        |                                                                       Set/Reset Signal                                                                      | Slice Load Count | Bel Load Count | Bels / Slice |
+-------------------------------------------------------+-------------------------------------------------------------------------------------------------------------------------------------------------------------+-------------------------------------------------------------------------------------------------------------------------------------------------------------+------------------+----------------+--------------+
|  design_IMU_AXI_i/processing_system7_0/inst/FCLK_CLK0 | design_IMU_AXI_i/ps7_0_axi_periph/s00_couplers/auto_pc/inst/gen_axilite.gen_b2s_conv.axilite_b2s/WR.aw_channel_0/aw_cmd_fsm_0/FSM_sequential_state_reg[0]_1 | design_IMU_AXI_i/ps7_0_axi_periph/s00_couplers/auto_pc/inst/gen_axilite.gen_b2s_conv.axilite_b2s/WR.aw_channel_0/aw_cmd_fsm_0/FSM_sequential_state_reg[0]_0 |                1 |              1 |         1.00 |
|  design_IMU_AXI_i/processing_system7_0/inst/FCLK_CLK0 | design_IMU_AXI_i/ps7_0_axi_periph/s00_couplers/auto_pc/inst/gen_axilite.gen_b2s_conv.axilite_b2s/WR.b_channel_0/bid_fifo_0/sel                              |                                                                                                                                                             |                1 |              2 |         2.00 |
|  design_IMU_AXI_i/processing_system7_0/inst/FCLK_CLK0 |                                                                                                                                                             | design_IMU_AXI_i/ps7_0_axi_periph/s00_couplers/auto_pc/inst/gen_axilite.gen_b2s_conv.axilite_b2s/SI_REG/ar.ar_pipe/aresetn_d_reg[1]_inv_0                   |                1 |              4 |         4.00 |
|  design_IMU_AXI_i/processing_system7_0/inst/FCLK_CLK0 |                                                                                                                                                             | design_IMU_AXI_i/rst_ps7_0_50M/U0/EXT_LPF/lpf_int                                                                                                           |                2 |              4 |         2.00 |
|  design_IMU_AXI_i/processing_system7_0/inst/FCLK_CLK0 |                                                                                                                                                             | design_IMU_AXI_i/ps7_0_axi_periph/s00_couplers/auto_pc/inst/gen_axilite.gen_b2s_conv.axilite_b2s/SI_REG/aw.aw_pipe/aresetn_d_reg[0]_0                       |                1 |              4 |         4.00 |
|  design_IMU_AXI_i/processing_system7_0/inst/FCLK_CLK0 | design_IMU_AXI_i/I2C_master_0/U0/current_state[3]_i_1_n_0                                                                                                   | design_IMU_AXI_i/I2C_master_0/U0/ack_err_i_2_n_0                                                                                                            |                3 |              4 |         1.33 |
|  design_IMU_AXI_i/processing_system7_0/inst/FCLK_CLK0 | design_IMU_AXI_i/ps7_0_axi_periph/s00_couplers/auto_pc/inst/gen_axilite.gen_b2s_conv.axilite_b2s/RD.ar_channel_0/ar_cmd_fsm_0/m_axi_arready_2               | design_IMU_AXI_i/ps7_0_axi_periph/s00_couplers/auto_pc/inst/gen_axilite.gen_b2s_conv.axilite_b2s/RD.ar_channel_0/ar_cmd_fsm_0/FSM_sequential_state_reg[1]_0 |                2 |              4 |         2.00 |
|  design_IMU_AXI_i/processing_system7_0/inst/FCLK_CLK0 | design_IMU_AXI_i/ps7_0_axi_periph/s00_couplers/auto_pc/inst/gen_axilite.gen_b2s_conv.axilite_b2s/RD.r_channel_0/transaction_fifo_0/cnt_read[4]_i_1_n_0      | design_IMU_AXI_i/ps7_0_axi_periph/s00_couplers/auto_pc/inst/gen_axilite.gen_b2s_conv.axilite_b2s/areset_d1                                                  |                2 |              5 |         2.50 |
|  design_IMU_AXI_i/processing_system7_0/inst/FCLK_CLK0 | design_IMU_AXI_i/IP_IMU_0/U0/IP_IMU_v1_0_S00_AXI_inst/IMU/cpt_ms[4]_i_1_n_0                                                                                 | design_IMU_AXI_i/IP_IMU_0/U0/IP_IMU_v1_0_S00_AXI_inst/IMU/AR[0]                                                                                             |                2 |              5 |         2.50 |
|  design_IMU_AXI_i/processing_system7_0/inst/FCLK_CLK0 | design_IMU_AXI_i/ps7_0_axi_periph/s00_couplers/auto_pc/inst/gen_axilite.gen_b2s_conv.axilite_b2s/RD.r_channel_0/rd_data_fifo_0/cnt_read[4]_i_1__0_n_0       | design_IMU_AXI_i/ps7_0_axi_periph/s00_couplers/auto_pc/inst/gen_axilite.gen_b2s_conv.axilite_b2s/areset_d1                                                  |                1 |              5 |         5.00 |
|  design_IMU_AXI_i/processing_system7_0/inst/FCLK_CLK0 | design_IMU_AXI_i/rst_ps7_0_50M/U0/SEQ/seq_cnt_en                                                                                                            | design_IMU_AXI_i/rst_ps7_0_50M/U0/SEQ/SEQ_COUNTER/clear                                                                                                     |                1 |              6 |         6.00 |
|  design_IMU_AXI_i/processing_system7_0/inst/FCLK_CLK0 | design_IMU_AXI_i/I2C_master_0/U0/data_wr_buf                                                                                                                | design_IMU_AXI_i/I2C_master_0/U0/ack_err_i_2_n_0                                                                                                            |                2 |              6 |         3.00 |
|  design_IMU_AXI_i/processing_system7_0/inst/FCLK_CLK0 |                                                                                                                                                             | design_IMU_AXI_i/time_pulse_0/U0/pulse_1us_i_2_n_0                                                                                                          |                2 |              7 |         3.50 |
|  design_IMU_AXI_i/processing_system7_0/inst/FCLK_CLK0 | design_IMU_AXI_i/I2C_master_0/U0/data_wr_buf0                                                                                                               |                                                                                                                                                             |                2 |              7 |         3.50 |
|  design_IMU_AXI_i/processing_system7_0/inst/FCLK_CLK0 | design_IMU_AXI_i/ps7_0_axi_periph/s00_couplers/auto_pc/inst/gen_axilite.gen_b2s_conv.axilite_b2s/RD.ar_channel_0/ar_cmd_fsm_0/E[0]                          |                                                                                                                                                             |                4 |              8 |         2.00 |
|  design_IMU_AXI_i/processing_system7_0/inst/FCLK_CLK0 | design_IMU_AXI_i/IP_IMU_0/U0/IP_IMU_v1_0_S00_AXI_inst/IMU/acc_yH_1                                                                                          | design_IMU_AXI_i/IP_IMU_0/U0/IP_IMU_v1_0_S00_AXI_inst/IMU/AR[0]                                                                                             |                2 |              8 |         4.00 |
|  design_IMU_AXI_i/processing_system7_0/inst/FCLK_CLK0 | design_IMU_AXI_i/IP_IMU_0/U0/IP_IMU_v1_0_S00_AXI_inst/IMU/acc_xH[7]_i_1_n_0                                                                                 | design_IMU_AXI_i/IP_IMU_0/U0/IP_IMU_v1_0_S00_AXI_inst/IMU/AR[0]                                                                                             |                1 |              8 |         8.00 |
|  design_IMU_AXI_i/processing_system7_0/inst/FCLK_CLK0 | design_IMU_AXI_i/I2C_master_0/U0/data_rd[7]_i_1_n_0                                                                                                         | design_IMU_AXI_i/I2C_master_0/U0/ack_err_i_2_n_0                                                                                                            |                2 |              8 |         4.00 |
|  design_IMU_AXI_i/processing_system7_0/inst/FCLK_CLK0 | design_IMU_AXI_i/ps7_0_axi_periph/s00_couplers/auto_pc/inst/gen_axilite.gen_b2s_conv.axilite_b2s/WR.b_channel_0/mhandshake_r                                | design_IMU_AXI_i/ps7_0_axi_periph/s00_couplers/auto_pc/inst/gen_axilite.gen_b2s_conv.axilite_b2s/WR.b_channel_0/bid_fifo_0/SR[0]                            |                3 |              8 |         2.67 |
|  design_IMU_AXI_i/processing_system7_0/inst/FCLK_CLK0 | design_IMU_AXI_i/ps7_0_axi_periph/s00_couplers/auto_pc/inst/gen_axilite.gen_b2s_conv.axilite_b2s/RD.ar_channel_0/ar_cmd_fsm_0/sel_first_reg[0]              |                                                                                                                                                             |                2 |              8 |         4.00 |
|  design_IMU_AXI_i/processing_system7_0/inst/FCLK_CLK0 | design_IMU_AXI_i/IP_IMU_0/U0/IP_IMU_v1_0_S00_AXI_inst/IMU/vit_ang_zH_0                                                                                      | design_IMU_AXI_i/IP_IMU_0/U0/IP_IMU_v1_0_S00_AXI_inst/IMU/AR[0]                                                                                             |                2 |              8 |         4.00 |
|  design_IMU_AXI_i/processing_system7_0/inst/FCLK_CLK0 | design_IMU_AXI_i/time_pulse_0/U0/cpt_1us1                                                                                                                   | design_IMU_AXI_i/time_pulse_0/U0/pulse_1us_i_2_n_0                                                                                                          |                5 |             10 |         2.00 |
|  design_IMU_AXI_i/processing_system7_0/inst/FCLK_CLK0 | design_IMU_AXI_i/IP_IMU_0/U0/IP_IMU_v1_0_S00_AXI_inst/IMU/addr_i2c[6]_i_1_n_0                                                                               | design_IMU_AXI_i/IP_IMU_0/U0/IP_IMU_v1_0_S00_AXI_inst/IMU/AR[0]                                                                                             |                4 |             10 |         2.50 |
|  design_IMU_AXI_i/processing_system7_0/inst/FCLK_CLK0 |                                                                                                                                                             | design_IMU_AXI_i/ps7_0_axi_periph/s00_couplers/auto_pc/inst/gen_axilite.gen_b2s_conv.axilite_b2s/areset_d1                                                  |                3 |             10 |         3.33 |
|  design_IMU_AXI_i/processing_system7_0/inst/FCLK_CLK0 | design_IMU_AXI_i/ps7_0_axi_periph/s00_couplers/auto_pc/inst/gen_axilite.gen_b2s_conv.axilite_b2s/WR.aw_channel_0/aw_cmd_fsm_0/FSM_sequential_state_reg[0]_1 |                                                                                                                                                             |                5 |             12 |         2.40 |
|  design_IMU_AXI_i/processing_system7_0/inst/FCLK_CLK0 | design_IMU_AXI_i/ps7_0_axi_periph/s00_couplers/auto_pc/inst/gen_axilite.gen_b2s_conv.axilite_b2s/RD.r_channel_0/r_push_r                                    |                                                                                                                                                             |                4 |             13 |         3.25 |
|  design_IMU_AXI_i/processing_system7_0/inst/FCLK_CLK0 | design_IMU_AXI_i/ps7_0_axi_periph/s00_couplers/auto_pc/inst/gen_axilite.gen_b2s_conv.axilite_b2s/SI_REG/b.b_pipe/p_1_in                                     |                                                                                                                                                             |                4 |             14 |         3.50 |
|  design_IMU_AXI_i/processing_system7_0/inst/FCLK_CLK0 | design_IMU_AXI_i/ps7_0_axi_periph/s00_couplers/auto_pc/inst/gen_axilite.gen_b2s_conv.axilite_b2s/SI_REG/b.b_pipe/s_ready_i_reg_0                            |                                                                                                                                                             |                4 |             14 |         3.50 |
|  design_IMU_AXI_i/processing_system7_0/inst/FCLK_CLK0 | design_IMU_AXI_i/IP_IMU_0/U0/IP_IMU_v1_0_S00_AXI_inst/IMU/E[0]                                                                                              | design_IMU_AXI_i/IP_IMU_0/U0/IP_IMU_v1_0_S00_AXI_inst/IMU/AR[0]                                                                                             |                4 |             16 |         4.00 |
|  design_IMU_AXI_i/processing_system7_0/inst/FCLK_CLK0 | design_IMU_AXI_i/IP_IMU_0/U0/IP_IMU_v1_0_S00_AXI_inst/IMU/data_nb_reg[0]_0[0]                                                                               | design_IMU_AXI_i/IP_IMU_0/U0/IP_IMU_v1_0_S00_AXI_inst/IMU/AR[0]                                                                                             |                2 |             16 |         8.00 |
|  design_IMU_AXI_i/processing_system7_0/inst/FCLK_CLK0 | design_IMU_AXI_i/IP_IMU_0/U0/IP_IMU_v1_0_S00_AXI_inst/IMU/data_nb_reg[0]_1[0]                                                                               | design_IMU_AXI_i/IP_IMU_0/U0/IP_IMU_v1_0_S00_AXI_inst/IMU/AR[0]                                                                                             |                3 |             16 |         5.33 |
|  design_IMU_AXI_i/processing_system7_0/inst/FCLK_CLK0 | design_IMU_AXI_i/IP_IMU_0/U0/IP_IMU_v1_0_S00_AXI_inst/slv_reg_rden                                                                                          | design_IMU_AXI_i/IP_IMU_0/U0/IP_IMU_v1_0_S00_AXI_inst/IMU/AR[0]                                                                                             |                4 |             16 |         4.00 |
|  design_IMU_AXI_i/processing_system7_0/inst/FCLK_CLK0 | design_IMU_AXI_i/ps7_0_axi_periph/s00_couplers/auto_pc/inst/gen_axilite.gen_b2s_conv.axilite_b2s/WR.aw_channel_0/aw_cmd_fsm_0/m_axi_awready_0               |                                                                                                                                                             |                3 |             16 |         5.33 |
|  design_IMU_AXI_i/processing_system7_0/inst/FCLK_CLK0 | design_IMU_AXI_i/IP_IMU_0/U0/IP_IMU_v1_0_S00_AXI_inst/IMU/data_nb_reg[1]_0[0]                                                                               | design_IMU_AXI_i/IP_IMU_0/U0/IP_IMU_v1_0_S00_AXI_inst/IMU/AR[0]                                                                                             |                5 |             16 |         3.20 |
|  design_IMU_AXI_i/processing_system7_0/inst/FCLK_CLK0 | design_IMU_AXI_i/ps7_0_axi_periph/s00_couplers/auto_pc/inst/gen_axilite.gen_b2s_conv.axilite_b2s/RD.ar_channel_0/ar_cmd_fsm_0/m_axi_arready_2               |                                                                                                                                                             |                5 |             17 |         3.40 |
|  design_IMU_AXI_i/processing_system7_0/inst/FCLK_CLK0 | design_IMU_AXI_i/ps7_0_axi_periph/s00_couplers/auto_pc/inst/gen_axilite.gen_b2s_conv.axilite_b2s/WR.aw_channel_0/aw_cmd_fsm_0/E[0]                          |                                                                                                                                                             |                3 |             17 |         5.67 |
|  design_IMU_AXI_i/processing_system7_0/inst/FCLK_CLK0 | design_IMU_AXI_i/ps7_0_axi_periph/s00_couplers/auto_pc/inst/gen_axilite.gen_b2s_conv.axilite_b2s/SI_REG/aw.aw_pipe/s_ready_i_reg_0                          |                                                                                                                                                             |                3 |             17 |         5.67 |
|  design_IMU_AXI_i/processing_system7_0/inst/FCLK_CLK0 |                                                                                                                                                             | design_IMU_AXI_i/IP_IMU_0/U0/IP_IMU_v1_0_S00_AXI_inst/IMU/AR[0]                                                                                             |               10 |             18 |         1.80 |
|  design_IMU_AXI_i/processing_system7_0/inst/FCLK_CLK0 | design_IMU_AXI_i/IP_IMU_0/U0/IP_IMU_v1_0_S00_AXI_inst/IMU/data_nb[1]_i_1_n_0                                                                                | design_IMU_AXI_i/IP_IMU_0/U0/IP_IMU_v1_0_S00_AXI_inst/IMU/AR[0]                                                                                             |                6 |             19 |         3.17 |
|  design_IMU_AXI_i/processing_system7_0/inst/FCLK_CLK0 |                                                                                                                                                             | design_IMU_AXI_i/I2C_master_0/U0/ack_err_i_2_n_0                                                                                                            |               14 |             26 |         1.86 |
|  design_IMU_AXI_i/processing_system7_0/inst/FCLK_CLK0 | design_IMU_AXI_i/ps7_0_axi_periph/s00_couplers/auto_pc/inst/gen_axilite.gen_b2s_conv.axilite_b2s/SI_REG/ar.ar_pipe/s_ready_i_reg_0                          |                                                                                                                                                             |                6 |             28 |         4.67 |
|  design_IMU_AXI_i/processing_system7_0/inst/FCLK_CLK0 | design_IMU_AXI_i/ps7_0_axi_periph/s00_couplers/auto_pc/inst/gen_axilite.gen_b2s_conv.axilite_b2s/RD.ar_channel_0/ar_cmd_fsm_0/m_valid_i_reg[0]              |                                                                                                                                                             |                5 |             28 |         5.60 |
|  design_IMU_AXI_i/processing_system7_0/inst/FCLK_CLK0 | design_IMU_AXI_i/ps7_0_axi_periph/s00_couplers/auto_pc/inst/gen_axilite.gen_b2s_conv.axilite_b2s/RD.r_channel_0/rd_data_fifo_0/wr_en0                       |                                                                                                                                                             |                9 |             32 |         3.56 |
|  design_IMU_AXI_i/processing_system7_0/inst/FCLK_CLK0 | design_IMU_AXI_i/ps7_0_axi_periph/s00_couplers/auto_pc/inst/gen_axilite.gen_b2s_conv.axilite_b2s/SI_REG/r.r_pipe/p_1_in                                     |                                                                                                                                                             |                7 |             45 |         6.43 |
|  design_IMU_AXI_i/processing_system7_0/inst/FCLK_CLK0 | design_IMU_AXI_i/ps7_0_axi_periph/s00_couplers/auto_pc/inst/gen_axilite.gen_b2s_conv.axilite_b2s/SI_REG/r.r_pipe/s_ready_i_reg_0                            |                                                                                                                                                             |                7 |             45 |         6.43 |
|  design_IMU_AXI_i/processing_system7_0/inst/FCLK_CLK0 |                                                                                                                                                             |                                                                                                                                                             |               41 |             99 |         2.41 |
+-------------------------------------------------------+-------------------------------------------------------------------------------------------------------------------------------------------------------------+-------------------------------------------------------------------------------------------------------------------------------------------------------------+------------------+----------------+--------------+


