
*** Running vivado
    with args -log design_IMU_AXI_wrapper.vdi -applog -m64 -product Vivado -messageDb vivado.pb -mode batch -source design_IMU_AXI_wrapper.tcl -notrace



****** Vivado v2020.2 (64-bit)
  **** SW Build 3064766 on Wed Nov 18 09:12:45 MST 2020
  **** IP Build 3064653 on Wed Nov 18 14:17:31 MST 2020
    ** Copyright 1986-2020 Xilinx, Inc. All Rights Reserved.

source design_IMU_AXI_wrapper.tcl -notrace
INFO: [IP_Flow 19-234] Refreshing IP repositories
INFO: [IP_Flow 19-1700] Loaded user IP repository 'd:/projets/2020_2/project_IMU/IP_IMU_1.0'.
INFO: [IP_Flow 19-2313] Loaded Vivado IP repository 'D:/Programmes/Vivado/2020.2/data/ip'.
Command: link_design -top design_IMU_AXI_wrapper -part xc7z020clg400-1
Design is defaulting to srcset: sources_1
Design is defaulting to constrset: constrs_1
INFO: [Device 21-403] Loading part xc7z020clg400-1
INFO: [Project 1-454] Reading design checkpoint 'd:/projets/2020_2/project_IMU/project_IMU.gen/sources_1/bd/design_IMU_AXI/ip/design_IMU_AXI_I2C_master_0_0/design_IMU_AXI_I2C_master_0_0.dcp' for cell 'design_IMU_AXI_i/I2C_master_0'
INFO: [Project 1-454] Reading design checkpoint 'd:/projets/2020_2/project_IMU/project_IMU.gen/sources_1/bd/design_IMU_AXI/ip/design_IMU_AXI_IO_buffer_0_0/design_IMU_AXI_IO_buffer_0_0.dcp' for cell 'design_IMU_AXI_i/IO_buffer_0'
INFO: [Project 1-454] Reading design checkpoint 'd:/projets/2020_2/project_IMU/project_IMU.gen/sources_1/bd/design_IMU_AXI/ip/design_IMU_AXI_IO_buffer_0_1/design_IMU_AXI_IO_buffer_0_1.dcp' for cell 'design_IMU_AXI_i/IO_buffer_1'
INFO: [Project 1-454] Reading design checkpoint 'd:/projets/2020_2/project_IMU/project_IMU.gen/sources_1/bd/design_IMU_AXI/ip/design_IMU_AXI_IP_IMU_0_0/design_IMU_AXI_IP_IMU_0_0.dcp' for cell 'design_IMU_AXI_i/IP_IMU_0'
INFO: [Project 1-454] Reading design checkpoint 'd:/projets/2020_2/project_IMU/project_IMU.gen/sources_1/bd/design_IMU_AXI/ip/design_IMU_AXI_processing_system7_0_0/design_IMU_AXI_processing_system7_0_0.dcp' for cell 'design_IMU_AXI_i/processing_system7_0'
INFO: [Project 1-454] Reading design checkpoint 'd:/projets/2020_2/project_IMU/project_IMU.gen/sources_1/bd/design_IMU_AXI/ip/design_IMU_AXI_rst_ps7_0_50M_0/design_IMU_AXI_rst_ps7_0_50M_0.dcp' for cell 'design_IMU_AXI_i/rst_ps7_0_50M'
INFO: [Project 1-454] Reading design checkpoint 'd:/projets/2020_2/project_IMU/project_IMU.gen/sources_1/bd/design_IMU_AXI/ip/design_IMU_AXI_time_pulse_0_0/design_IMU_AXI_time_pulse_0_0.dcp' for cell 'design_IMU_AXI_i/time_pulse_0'
INFO: [Project 1-454] Reading design checkpoint 'd:/projets/2020_2/project_IMU/project_IMU.gen/sources_1/bd/design_IMU_AXI/ip/design_IMU_AXI_auto_pc_0/design_IMU_AXI_auto_pc_0.dcp' for cell 'design_IMU_AXI_i/ps7_0_axi_periph/s00_couplers/auto_pc'
Netlist sorting complete. Time (s): cpu = 00:00:01 ; elapsed = 00:00:00.065 . Memory (MB): peak = 1125.582 ; gain = 0.000
INFO: [Netlist 29-17] Analyzing 20 Unisim elements for replacement
INFO: [Netlist 29-28] Unisim Transformation completed in 0 CPU seconds
INFO: [Project 1-479] Netlist was created with Vivado 2020.2
INFO: [Project 1-570] Preparing netlist for logic optimization
WARNING: [Constraints 18-550] Could not create 'DRIVE' constraint because net 'design_IMU_AXI_i/IO_buffer_0/IOBUF_IO_I' is not directly connected to top level port. Synthesis is ignored for DRIVE but preserved for implementation.
WARNING: [Constraints 18-550] Could not create 'IBUF_LOW_PWR' constraint because net 'design_IMU_AXI_i/IO_buffer_0/IOBUF_IO_I' is not directly connected to top level port. Synthesis is ignored for IBUF_LOW_PWR but preserved for implementation.
WARNING: [Constraints 18-550] Could not create 'SLEW' constraint because net 'design_IMU_AXI_i/IO_buffer_0/IOBUF_IO_I' is not directly connected to top level port. Synthesis is ignored for SLEW but preserved for implementation.
WARNING: [Constraints 18-550] Could not create 'DRIVE' constraint because net 'design_IMU_AXI_i/IO_buffer_0/IOBUF_IO_O' is not directly connected to top level port. Synthesis is ignored for DRIVE but preserved for implementation.
WARNING: [Constraints 18-550] Could not create 'IBUF_LOW_PWR' constraint because net 'design_IMU_AXI_i/IO_buffer_0/IOBUF_IO_O' is not directly connected to top level port. Synthesis is ignored for IBUF_LOW_PWR but preserved for implementation.
WARNING: [Constraints 18-550] Could not create 'SLEW' constraint because net 'design_IMU_AXI_i/IO_buffer_0/IOBUF_IO_O' is not directly connected to top level port. Synthesis is ignored for SLEW but preserved for implementation.
WARNING: [Constraints 18-550] Could not create 'DRIVE' constraint because net 'design_IMU_AXI_i/IO_buffer_0/IOBUF_IO_T' is not directly connected to top level port. Synthesis is ignored for DRIVE but preserved for implementation.
WARNING: [Constraints 18-550] Could not create 'IBUF_LOW_PWR' constraint because net 'design_IMU_AXI_i/IO_buffer_0/IOBUF_IO_T' is not directly connected to top level port. Synthesis is ignored for IBUF_LOW_PWR but preserved for implementation.
WARNING: [Constraints 18-550] Could not create 'SLEW' constraint because net 'design_IMU_AXI_i/IO_buffer_0/IOBUF_IO_T' is not directly connected to top level port. Synthesis is ignored for SLEW but preserved for implementation.
WARNING: [Constraints 18-550] Could not create 'DRIVE' constraint because net 'design_IMU_AXI_i/IO_buffer_1/IOBUF_IO_I' is not directly connected to top level port. Synthesis is ignored for DRIVE but preserved for implementation.
WARNING: [Constraints 18-550] Could not create 'IBUF_LOW_PWR' constraint because net 'design_IMU_AXI_i/IO_buffer_1/IOBUF_IO_I' is not directly connected to top level port. Synthesis is ignored for IBUF_LOW_PWR but preserved for implementation.
WARNING: [Constraints 18-550] Could not create 'SLEW' constraint because net 'design_IMU_AXI_i/IO_buffer_1/IOBUF_IO_I' is not directly connected to top level port. Synthesis is ignored for SLEW but preserved for implementation.
WARNING: [Constraints 18-550] Could not create 'DRIVE' constraint because net 'design_IMU_AXI_i/IO_buffer_1/IOBUF_IO_O' is not directly connected to top level port. Synthesis is ignored for DRIVE but preserved for implementation.
WARNING: [Constraints 18-550] Could not create 'IBUF_LOW_PWR' constraint because net 'design_IMU_AXI_i/IO_buffer_1/IOBUF_IO_O' is not directly connected to top level port. Synthesis is ignored for IBUF_LOW_PWR but preserved for implementation.
WARNING: [Constraints 18-550] Could not create 'SLEW' constraint because net 'design_IMU_AXI_i/IO_buffer_1/IOBUF_IO_O' is not directly connected to top level port. Synthesis is ignored for SLEW but preserved for implementation.
WARNING: [Constraints 18-550] Could not create 'DRIVE' constraint because net 'design_IMU_AXI_i/IO_buffer_1/IOBUF_IO_T' is not directly connected to top level port. Synthesis is ignored for DRIVE but preserved for implementation.
WARNING: [Constraints 18-550] Could not create 'IBUF_LOW_PWR' constraint because net 'design_IMU_AXI_i/IO_buffer_1/IOBUF_IO_T' is not directly connected to top level port. Synthesis is ignored for IBUF_LOW_PWR but preserved for implementation.
WARNING: [Constraints 18-550] Could not create 'SLEW' constraint because net 'design_IMU_AXI_i/IO_buffer_1/IOBUF_IO_T' is not directly connected to top level port. Synthesis is ignored for SLEW but preserved for implementation.
Parsing XDC File [d:/projets/2020_2/project_IMU/project_IMU.gen/sources_1/bd/design_IMU_AXI/ip/design_IMU_AXI_processing_system7_0_0/design_IMU_AXI_processing_system7_0_0.xdc] for cell 'design_IMU_AXI_i/processing_system7_0/inst'
Finished Parsing XDC File [d:/projets/2020_2/project_IMU/project_IMU.gen/sources_1/bd/design_IMU_AXI/ip/design_IMU_AXI_processing_system7_0_0/design_IMU_AXI_processing_system7_0_0.xdc] for cell 'design_IMU_AXI_i/processing_system7_0/inst'
Parsing XDC File [d:/projets/2020_2/project_IMU/project_IMU.gen/sources_1/bd/design_IMU_AXI/ip/design_IMU_AXI_rst_ps7_0_50M_0/design_IMU_AXI_rst_ps7_0_50M_0_board.xdc] for cell 'design_IMU_AXI_i/rst_ps7_0_50M/U0'
Finished Parsing XDC File [d:/projets/2020_2/project_IMU/project_IMU.gen/sources_1/bd/design_IMU_AXI/ip/design_IMU_AXI_rst_ps7_0_50M_0/design_IMU_AXI_rst_ps7_0_50M_0_board.xdc] for cell 'design_IMU_AXI_i/rst_ps7_0_50M/U0'
Parsing XDC File [d:/projets/2020_2/project_IMU/project_IMU.gen/sources_1/bd/design_IMU_AXI/ip/design_IMU_AXI_rst_ps7_0_50M_0/design_IMU_AXI_rst_ps7_0_50M_0.xdc] for cell 'design_IMU_AXI_i/rst_ps7_0_50M/U0'
Finished Parsing XDC File [d:/projets/2020_2/project_IMU/project_IMU.gen/sources_1/bd/design_IMU_AXI/ip/design_IMU_AXI_rst_ps7_0_50M_0/design_IMU_AXI_rst_ps7_0_50M_0.xdc] for cell 'design_IMU_AXI_i/rst_ps7_0_50M/U0'
Parsing XDC File [D:/projets/2020_2/project_IMU/project_IMU.srcs/constrs_1/imports/Desktop/zybo-z7-20.xdc]
Finished Parsing XDC File [D:/projets/2020_2/project_IMU/project_IMU.srcs/constrs_1/imports/Desktop/zybo-z7-20.xdc]
INFO: [Opt 31-138] Pushed 0 inverter(s) to 0 load pin(s).
Netlist sorting complete. Time (s): cpu = 00:00:00 ; elapsed = 00:00:00 . Memory (MB): peak = 1125.582 ; gain = 0.000
INFO: [Project 1-111] Unisim Transformation Summary:
  A total of 2 instances were transformed.
  IOBUF => IOBUF (IBUF, OBUFT): 2 instances

18 Infos, 18 Warnings, 0 Critical Warnings and 0 Errors encountered.
link_design completed successfully
link_design: Time (s): cpu = 00:00:09 ; elapsed = 00:00:15 . Memory (MB): peak = 1125.582 ; gain = 0.000
Command: opt_design
Attempting to get a license for feature 'Implementation' and/or device 'xc7z020'
INFO: [Common 17-349] Got license for feature 'Implementation' and/or device 'xc7z020'
Running DRC as a precondition to command opt_design

Starting DRC Task
INFO: [DRC 23-27] Running DRC with 2 threads
INFO: [Project 1-461] DRC finished with 0 Errors
INFO: [Project 1-462] Please refer to the DRC report (report_drc) for more information.

Time (s): cpu = 00:00:01 ; elapsed = 00:00:00.804 . Memory (MB): peak = 1125.582 ; gain = 0.000

Starting Cache Timing Information Task
INFO: [Timing 38-35] Done setting XDC timing constraints.
Ending Cache Timing Information Task | Checksum: 14179281b

Time (s): cpu = 00:00:07 ; elapsed = 00:00:07 . Memory (MB): peak = 1653.188 ; gain = 527.605

Starting Logic Optimization Task

Phase 1 Retarget
INFO: [Opt 31-138] Pushed 0 inverter(s) to 0 load pin(s).
INFO: [Opt 31-49] Retargeted 0 cell(s).
Phase 1 Retarget | Checksum: 161c9810e

Time (s): cpu = 00:00:00 ; elapsed = 00:00:00.096 . Memory (MB): peak = 1873.613 ; gain = 0.000
INFO: [Opt 31-389] Phase Retarget created 7 cells and removed 32 cells

Phase 2 Constant propagation
INFO: [Opt 31-138] Pushed 0 inverter(s) to 0 load pin(s).
Phase 2 Constant propagation | Checksum: 10ee5a5f9

Time (s): cpu = 00:00:00 ; elapsed = 00:00:00.114 . Memory (MB): peak = 1873.613 ; gain = 0.000
INFO: [Opt 31-389] Phase Constant propagation created 9 cells and removed 21 cells

Phase 3 Sweep
Phase 3 Sweep | Checksum: 1af28878b

Time (s): cpu = 00:00:00 ; elapsed = 00:00:00.291 . Memory (MB): peak = 1873.613 ; gain = 0.000
INFO: [Opt 31-389] Phase Sweep created 0 cells and removed 429 cells

Phase 4 BUFG optimization
Phase 4 BUFG optimization | Checksum: 1af28878b

Time (s): cpu = 00:00:00 ; elapsed = 00:00:00.310 . Memory (MB): peak = 1873.613 ; gain = 0.000
INFO: [Opt 31-662] Phase BUFG optimization created 0 cells of which 0 are BUFGs and removed 0 cells.

Phase 5 Shift Register Optimization
INFO: [Opt 31-1064] SRL Remap converted 0 SRLs to 0 registers and converted 0 registers of register chains to 0 SRLs
Phase 5 Shift Register Optimization | Checksum: 1af28878b

Time (s): cpu = 00:00:00 ; elapsed = 00:00:00.315 . Memory (MB): peak = 1873.613 ; gain = 0.000
INFO: [Opt 31-389] Phase Shift Register Optimization created 0 cells and removed 0 cells

Phase 6 Post Processing Netlist
Phase 6 Post Processing Netlist | Checksum: 1af28878b

Time (s): cpu = 00:00:00 ; elapsed = 00:00:00.323 . Memory (MB): peak = 1873.613 ; gain = 0.000
INFO: [Opt 31-389] Phase Post Processing Netlist created 0 cells and removed 0 cells
Opt_design Change Summary
=========================


-------------------------------------------------------------------------------------------------------------------------
|  Phase                        |  #Cells created  |  #Cells Removed  |  #Constrained objects preventing optimizations  |
-------------------------------------------------------------------------------------------------------------------------
|  Retarget                     |               7  |              32  |                                              0  |
|  Constant propagation         |               9  |              21  |                                              0  |
|  Sweep                        |               0  |             429  |                                              0  |
|  BUFG optimization            |               0  |               0  |                                              0  |
|  Shift Register Optimization  |               0  |               0  |                                              0  |
|  Post Processing Netlist      |               0  |               0  |                                              0  |
-------------------------------------------------------------------------------------------------------------------------



Starting Connectivity Check Task

Time (s): cpu = 00:00:00 ; elapsed = 00:00:00.003 . Memory (MB): peak = 1873.613 ; gain = 0.000
Ending Logic Optimization Task | Checksum: ec05f603

Time (s): cpu = 00:00:00 ; elapsed = 00:00:00.382 . Memory (MB): peak = 1873.613 ; gain = 0.000

Starting Power Optimization Task
INFO: [Pwropt 34-132] Skipping clock gating for clocks with a period < 2.00 ns.
Ending Power Optimization Task | Checksum: ec05f603

Time (s): cpu = 00:00:00 ; elapsed = 00:00:00.008 . Memory (MB): peak = 1873.613 ; gain = 0.000

Starting Final Cleanup Task
Ending Final Cleanup Task | Checksum: ec05f603

Time (s): cpu = 00:00:00 ; elapsed = 00:00:00 . Memory (MB): peak = 1873.613 ; gain = 0.000

Starting Netlist Obfuscation Task
Netlist sorting complete. Time (s): cpu = 00:00:00 ; elapsed = 00:00:00.001 . Memory (MB): peak = 1873.613 ; gain = 0.000
Ending Netlist Obfuscation Task | Checksum: ec05f603

Time (s): cpu = 00:00:00 ; elapsed = 00:00:00.001 . Memory (MB): peak = 1873.613 ; gain = 0.000
INFO: [Common 17-83] Releasing license: Implementation
35 Infos, 18 Warnings, 0 Critical Warnings and 0 Errors encountered.
opt_design completed successfully
opt_design: Time (s): cpu = 00:00:10 ; elapsed = 00:00:10 . Memory (MB): peak = 1873.613 ; gain = 748.031
INFO: [Timing 38-480] Writing timing data to binary archive.
Writing placer database...
Writing XDEF routing.
Writing XDEF routing logical nets.
Writing XDEF routing special nets.
Write XDEF Complete: Time (s): cpu = 00:00:01 ; elapsed = 00:00:00.056 . Memory (MB): peak = 1873.613 ; gain = 0.000
INFO: [Common 17-1381] The checkpoint 'D:/projets/2020_2/project_IMU/project_IMU.runs/impl_1/design_IMU_AXI_wrapper_opt.dcp' has been generated.
INFO: [runtcl-4] Executing : report_drc -file design_IMU_AXI_wrapper_drc_opted.rpt -pb design_IMU_AXI_wrapper_drc_opted.pb -rpx design_IMU_AXI_wrapper_drc_opted.rpx
Command: report_drc -file design_IMU_AXI_wrapper_drc_opted.rpt -pb design_IMU_AXI_wrapper_drc_opted.pb -rpx design_IMU_AXI_wrapper_drc_opted.rpx
INFO: [IP_Flow 19-1839] IP Catalog is up to date.
INFO: [Timing 38-35] Done setting XDC timing constraints.
INFO: [DRC 23-27] Running DRC with 2 threads
INFO: [Coretcl 2-168] The results of DRC are in file D:/projets/2020_2/project_IMU/project_IMU.runs/impl_1/design_IMU_AXI_wrapper_drc_opted.rpt.
report_drc completed successfully
Command: place_design
Attempting to get a license for feature 'Implementation' and/or device 'xc7z020'
INFO: [Common 17-349] Got license for feature 'Implementation' and/or device 'xc7z020'
INFO: [DRC 23-27] Running DRC with 2 threads
INFO: [Vivado_Tcl 4-198] DRC finished with 0 Errors
INFO: [Vivado_Tcl 4-199] Please refer to the DRC report (report_drc) for more information.
Running DRC as a precondition to command place_design
INFO: [DRC 23-27] Running DRC with 2 threads
INFO: [Vivado_Tcl 4-198] DRC finished with 0 Errors
INFO: [Vivado_Tcl 4-199] Please refer to the DRC report (report_drc) for more information.

Starting Placer Task
INFO: [Place 30-611] Multithreading enabled for place_design using a maximum of 2 CPUs

Phase 1 Placer Initialization

Phase 1.1 Placer Initialization Netlist Sorting
Netlist sorting complete. Time (s): cpu = 00:00:00 ; elapsed = 00:00:00.001 . Memory (MB): peak = 1909.504 ; gain = 0.000
Phase 1.1 Placer Initialization Netlist Sorting | Checksum: 6af9435e

Time (s): cpu = 00:00:00 ; elapsed = 00:00:00.008 . Memory (MB): peak = 1909.504 ; gain = 0.000
Netlist sorting complete. Time (s): cpu = 00:00:00 ; elapsed = 00:00:00.001 . Memory (MB): peak = 1909.504 ; gain = 0.000

Phase 1.2 IO Placement/ Clock Placement/ Build Placer Device
Phase 1.2 IO Placement/ Clock Placement/ Build Placer Device | Checksum: cd6c77e1

Time (s): cpu = 00:00:01 ; elapsed = 00:00:00.369 . Memory (MB): peak = 1909.504 ; gain = 0.000

Phase 1.3 Build Placer Netlist Model
Phase 1.3 Build Placer Netlist Model | Checksum: 1bacc3dcb

Time (s): cpu = 00:00:01 ; elapsed = 00:00:00.597 . Memory (MB): peak = 1909.504 ; gain = 0.000

Phase 1.4 Constrain Clocks/Macros
Phase 1.4 Constrain Clocks/Macros | Checksum: 1bacc3dcb

Time (s): cpu = 00:00:01 ; elapsed = 00:00:00.601 . Memory (MB): peak = 1909.504 ; gain = 0.000
Phase 1 Placer Initialization | Checksum: 1bacc3dcb

Time (s): cpu = 00:00:01 ; elapsed = 00:00:00.606 . Memory (MB): peak = 1909.504 ; gain = 0.000

Phase 2 Global Placement

Phase 2.1 Floorplanning
Phase 2.1 Floorplanning | Checksum: 19e4b45c3

Time (s): cpu = 00:00:01 ; elapsed = 00:00:00.714 . Memory (MB): peak = 1909.504 ; gain = 0.000

Phase 2.2 Update Timing before SLR Path Opt
Phase 2.2 Update Timing before SLR Path Opt | Checksum: 1187e865a

Time (s): cpu = 00:00:01 ; elapsed = 00:00:00.786 . Memory (MB): peak = 1909.504 ; gain = 0.000

Phase 2.3 Global Placement Core

Phase 2.3.1 Physical Synthesis In Placer
INFO: [Physopt 32-1035] Found 0 LUTNM shape to break, 23 LUT instances to create LUTNM shape
INFO: [Physopt 32-1044] Break lutnm for timing: one critical 0, two critical 0, total 0, new lutff created 0
INFO: [Physopt 32-775] End 1 Pass. Optimized 9 nets or cells. Created 0 new cell, deleted 9 existing cells and moved 0 existing cell
INFO: [Physopt 32-65] No nets found for high-fanout optimization.
INFO: [Physopt 32-232] Optimized 0 net. Created 0 new instance.
INFO: [Physopt 32-775] End 1 Pass. Optimized 0 net or cell. Created 0 new cell, deleted 0 existing cell and moved 0 existing cell
INFO: [Physopt 32-670] No setup violation found.  DSP Register Optimization was not performed.
INFO: [Physopt 32-670] No setup violation found.  Shift Register to Pipeline Optimization was not performed.
INFO: [Physopt 32-670] No setup violation found.  Shift Register Optimization was not performed.
INFO: [Physopt 32-670] No setup violation found.  BRAM Register Optimization was not performed.
INFO: [Physopt 32-670] No setup violation found.  URAM Register Optimization was not performed.
INFO: [Physopt 32-949] No candidate nets found for dynamic/static region interface net replication
INFO: [Physopt 32-775] End 1 Pass. Optimized 0 net or cell. Created 0 new cell, deleted 0 existing cell and moved 0 existing cell
Netlist sorting complete. Time (s): cpu = 00:00:00 ; elapsed = 00:00:00.001 . Memory (MB): peak = 1909.504 ; gain = 0.000

Summary of Physical Synthesis Optimizations
============================================


-----------------------------------------------------------------------------------------------------------------------------------------------------------
|  Optimization                                     |  Added Cells  |  Removed Cells  |  Optimized Cells/Nets  |  Dont Touch  |  Iterations  |  Elapsed   |
-----------------------------------------------------------------------------------------------------------------------------------------------------------
|  LUT Combining                                    |            0  |              9  |                     9  |           0  |           1  |  00:00:00  |
|  Very High Fanout                                 |            0  |              0  |                     0  |           0  |           1  |  00:00:00  |
|  DSP Register                                     |            0  |              0  |                     0  |           0  |           0  |  00:00:00  |
|  Shift Register to Pipeline                       |            0  |              0  |                     0  |           0  |           0  |  00:00:00  |
|  Shift Register                                   |            0  |              0  |                     0  |           0  |           0  |  00:00:00  |
|  BRAM Register                                    |            0  |              0  |                     0  |           0  |           0  |  00:00:00  |
|  URAM Register                                    |            0  |              0  |                     0  |           0  |           0  |  00:00:00  |
|  Dynamic/Static Region Interface Net Replication  |            0  |              0  |                     0  |           0  |           1  |  00:00:00  |
|  Total                                            |            0  |              9  |                     9  |           0  |           3  |  00:00:00  |
-----------------------------------------------------------------------------------------------------------------------------------------------------------


Phase 2.3.1 Physical Synthesis In Placer | Checksum: 18fb3fd2b

Time (s): cpu = 00:00:05 ; elapsed = 00:00:02 . Memory (MB): peak = 1909.504 ; gain = 0.000
Phase 2.3 Global Placement Core | Checksum: 11cd12ff1

Time (s): cpu = 00:00:05 ; elapsed = 00:00:03 . Memory (MB): peak = 1909.504 ; gain = 0.000
Phase 2 Global Placement | Checksum: 11cd12ff1

Time (s): cpu = 00:00:05 ; elapsed = 00:00:03 . Memory (MB): peak = 1909.504 ; gain = 0.000

Phase 3 Detail Placement

Phase 3.1 Commit Multi Column Macros
Phase 3.1 Commit Multi Column Macros | Checksum: 120ae35f4

Time (s): cpu = 00:00:05 ; elapsed = 00:00:03 . Memory (MB): peak = 1909.504 ; gain = 0.000

Phase 3.2 Commit Most Macros & LUTRAMs
Phase 3.2 Commit Most Macros & LUTRAMs | Checksum: 9dfd85b6

Time (s): cpu = 00:00:05 ; elapsed = 00:00:03 . Memory (MB): peak = 1909.504 ; gain = 0.000

Phase 3.3 Area Swap Optimization
Phase 3.3 Area Swap Optimization | Checksum: d0d615fb

Time (s): cpu = 00:00:05 ; elapsed = 00:00:03 . Memory (MB): peak = 1909.504 ; gain = 0.000

Phase 3.4 Pipeline Register Optimization
Phase 3.4 Pipeline Register Optimization | Checksum: 111f62183

Time (s): cpu = 00:00:05 ; elapsed = 00:00:03 . Memory (MB): peak = 1909.504 ; gain = 0.000

Phase 3.5 Small Shape Detail Placement
Phase 3.5 Small Shape Detail Placement | Checksum: 1848d11a5

Time (s): cpu = 00:00:06 ; elapsed = 00:00:03 . Memory (MB): peak = 1909.504 ; gain = 0.000

Phase 3.6 Re-assign LUT pins
Phase 3.6 Re-assign LUT pins | Checksum: 1bf737282

Time (s): cpu = 00:00:06 ; elapsed = 00:00:03 . Memory (MB): peak = 1909.504 ; gain = 0.000

Phase 3.7 Pipeline Register Optimization
Phase 3.7 Pipeline Register Optimization | Checksum: 104935dea

Time (s): cpu = 00:00:06 ; elapsed = 00:00:03 . Memory (MB): peak = 1909.504 ; gain = 0.000
Phase 3 Detail Placement | Checksum: 104935dea

Time (s): cpu = 00:00:06 ; elapsed = 00:00:03 . Memory (MB): peak = 1909.504 ; gain = 0.000

Phase 4 Post Placement Optimization and Clean-Up

Phase 4.1 Post Commit Optimization
INFO: [Timing 38-35] Done setting XDC timing constraints.

Phase 4.1.1 Post Placement Optimization
Post Placement Optimization Initialization | Checksum: 12219dac0

Phase 4.1.1.1 BUFG Insertion

Starting Physical Synthesis Task

Phase 1 Physical Synthesis Initialization
INFO: [Physopt 32-721] Multithreading enabled for phys_opt_design using a maximum of 2 CPUs
INFO: [Physopt 32-619] Estimated Timing Summary | WNS=14.158 | TNS=0.000 |
Phase 1 Physical Synthesis Initialization | Checksum: f894ba04

Time (s): cpu = 00:00:00 ; elapsed = 00:00:00.045 . Memory (MB): peak = 1909.504 ; gain = 0.000
INFO: [Place 46-56] BUFG insertion identified 0 candidate nets. Inserted BUFG: 0, Replicated BUFG Driver: 0, Skipped due to Placement/Routing Conflicts: 0, Skipped due to Timing Degradation: 0, Skipped due to Illegal Netlist: 0.
Ending Physical Synthesis Task | Checksum: 17357c69c

Time (s): cpu = 00:00:00 ; elapsed = 00:00:00.048 . Memory (MB): peak = 1909.504 ; gain = 0.000
Phase 4.1.1.1 BUFG Insertion | Checksum: 12219dac0

Time (s): cpu = 00:00:06 ; elapsed = 00:00:04 . Memory (MB): peak = 1909.504 ; gain = 0.000
INFO: [Place 30-746] Post Placement Timing Summary WNS=14.158. For the most accurate timing information please run report_timing.

Time (s): cpu = 00:00:06 ; elapsed = 00:00:04 . Memory (MB): peak = 1909.504 ; gain = 0.000
Phase 4.1 Post Commit Optimization | Checksum: 167c8b007

Time (s): cpu = 00:00:06 ; elapsed = 00:00:04 . Memory (MB): peak = 1909.504 ; gain = 0.000

Phase 4.2 Post Placement Cleanup
Phase 4.2 Post Placement Cleanup | Checksum: 167c8b007

Time (s): cpu = 00:00:06 ; elapsed = 00:00:04 . Memory (MB): peak = 1909.504 ; gain = 0.000

Phase 4.3 Placer Reporting

Phase 4.3.1 Print Estimated Congestion
INFO: [Place 30-612] Post-Placement Estimated Congestion 
 ____________________________________________________
|           | Global Congestion | Short Congestion  |
| Direction | Region Size       | Region Size       |
|___________|___________________|___________________|
|      North|                1x1|                1x1|
|___________|___________________|___________________|
|      South|                1x1|                1x1|
|___________|___________________|___________________|
|       East|                1x1|                1x1|
|___________|___________________|___________________|
|       West|                1x1|                1x1|
|___________|___________________|___________________|

Phase 4.3.1 Print Estimated Congestion | Checksum: 167c8b007

Time (s): cpu = 00:00:06 ; elapsed = 00:00:04 . Memory (MB): peak = 1909.504 ; gain = 0.000
Phase 4.3 Placer Reporting | Checksum: 167c8b007

Time (s): cpu = 00:00:06 ; elapsed = 00:00:04 . Memory (MB): peak = 1909.504 ; gain = 0.000

Phase 4.4 Final Placement Cleanup
Netlist sorting complete. Time (s): cpu = 00:00:00 ; elapsed = 00:00:00.002 . Memory (MB): peak = 1909.504 ; gain = 0.000

Time (s): cpu = 00:00:06 ; elapsed = 00:00:04 . Memory (MB): peak = 1909.504 ; gain = 0.000
Phase 4 Post Placement Optimization and Clean-Up | Checksum: 1b71efe73

Time (s): cpu = 00:00:06 ; elapsed = 00:00:04 . Memory (MB): peak = 1909.504 ; gain = 0.000
Ending Placer Task | Checksum: 141a16263

Time (s): cpu = 00:00:06 ; elapsed = 00:00:04 . Memory (MB): peak = 1909.504 ; gain = 0.000
INFO: [Common 17-83] Releasing license: Implementation
70 Infos, 18 Warnings, 0 Critical Warnings and 0 Errors encountered.
place_design completed successfully
INFO: [Timing 38-480] Writing timing data to binary archive.
Writing placer database...
Writing XDEF routing.
Writing XDEF routing logical nets.
Writing XDEF routing special nets.
Write XDEF Complete: Time (s): cpu = 00:00:00 ; elapsed = 00:00:00.129 . Memory (MB): peak = 1909.504 ; gain = 0.000
INFO: [Common 17-1381] The checkpoint 'D:/projets/2020_2/project_IMU/project_IMU.runs/impl_1/design_IMU_AXI_wrapper_placed.dcp' has been generated.
INFO: [runtcl-4] Executing : report_io -file design_IMU_AXI_wrapper_io_placed.rpt
report_io: Time (s): cpu = 00:00:00 ; elapsed = 00:00:00.041 . Memory (MB): peak = 1909.504 ; gain = 0.000
INFO: [runtcl-4] Executing : report_utilization -file design_IMU_AXI_wrapper_utilization_placed.rpt -pb design_IMU_AXI_wrapper_utilization_placed.pb
INFO: [runtcl-4] Executing : report_control_sets -verbose -file design_IMU_AXI_wrapper_control_sets_placed.rpt
report_control_sets: Time (s): cpu = 00:00:00 ; elapsed = 00:00:00.005 . Memory (MB): peak = 1909.504 ; gain = 0.000
Command: phys_opt_design
Attempting to get a license for feature 'Implementation' and/or device 'xc7z020'
INFO: [Common 17-349] Got license for feature 'Implementation' and/or device 'xc7z020'
INFO: [Vivado_Tcl 4-383] Design worst setup slack (WNS) is greater than or equal to 0.000 ns. Skipping all physical synthesis optimizations.
INFO: [Vivado_Tcl 4-232] No setup violation found. The netlist was not modified.
INFO: [Common 17-83] Releasing license: Implementation
79 Infos, 18 Warnings, 0 Critical Warnings and 0 Errors encountered.
phys_opt_design completed successfully
INFO: [Timing 38-480] Writing timing data to binary archive.
Writing placer database...
Writing XDEF routing.
Writing XDEF routing logical nets.
Writing XDEF routing special nets.
Write XDEF Complete: Time (s): cpu = 00:00:00 ; elapsed = 00:00:00.135 . Memory (MB): peak = 1909.504 ; gain = 0.000
INFO: [Common 17-1381] The checkpoint 'D:/projets/2020_2/project_IMU/project_IMU.runs/impl_1/design_IMU_AXI_wrapper_physopt.dcp' has been generated.
Command: route_design
Attempting to get a license for feature 'Implementation' and/or device 'xc7z020'
INFO: [Common 17-349] Got license for feature 'Implementation' and/or device 'xc7z020'
Running DRC as a precondition to command route_design
INFO: [DRC 23-27] Running DRC with 2 threads
INFO: [Vivado_Tcl 4-198] DRC finished with 0 Errors
INFO: [Vivado_Tcl 4-199] Please refer to the DRC report (report_drc) for more information.


Starting Routing Task
INFO: [Route 35-254] Multithreading enabled for route_design using a maximum of 2 CPUs
Checksum: PlaceDB: aa91d361 ConstDB: 0 ShapeSum: 970f8f02 RouteDB: 0

Phase 1 Build RT Design
Phase 1 Build RT Design | Checksum: 1561afde9

Time (s): cpu = 00:00:22 ; elapsed = 00:00:20 . Memory (MB): peak = 2010.348 ; gain = 93.715
Post Restoration Checksum: NetGraph: f7096219 NumContArr: 5f119bd0 Constraints: 0 Timing: 0

Phase 2 Router Initialization

Phase 2.1 Create Timer
Phase 2.1 Create Timer | Checksum: 1561afde9

Time (s): cpu = 00:00:22 ; elapsed = 00:00:20 . Memory (MB): peak = 2010.348 ; gain = 93.715

Phase 2.2 Fix Topology Constraints
Phase 2.2 Fix Topology Constraints | Checksum: 1561afde9

Time (s): cpu = 00:00:22 ; elapsed = 00:00:20 . Memory (MB): peak = 2016.582 ; gain = 99.949

Phase 2.3 Pre Route Cleanup
Phase 2.3 Pre Route Cleanup | Checksum: 1561afde9

Time (s): cpu = 00:00:22 ; elapsed = 00:00:20 . Memory (MB): peak = 2016.582 ; gain = 99.949
 Number of Nodes with overlaps = 0

Phase 2.4 Update Timing
Phase 2.4 Update Timing | Checksum: 16a49f681

Time (s): cpu = 00:00:23 ; elapsed = 00:00:20 . Memory (MB): peak = 2042.918 ; gain = 126.285
INFO: [Route 35-416] Intermediate Timing Summary | WNS=14.284 | TNS=0.000  | WHS=-0.143 | THS=-13.105|

Phase 2 Router Initialization | Checksum: 19fa0e572

Time (s): cpu = 00:00:23 ; elapsed = 00:00:20 . Memory (MB): peak = 2042.918 ; gain = 126.285

Router Utilization Summary
  Global Vertical Routing Utilization    = 0 %
  Global Horizontal Routing Utilization  = 0 %
  Routable Net Status*
  *Does not include unroutable nets such as driverless and loadless.
  Run report_route_status for detailed report.
  Number of Failed Nets               = 1181
    (Failed Nets is the sum of unrouted and partially routed nets)
  Number of Unrouted Nets             = 1181
  Number of Partially Routed Nets     = 0
  Number of Node Overlaps             = 0


Phase 3 Initial Routing

Phase 3.1 Global Routing
Phase 3.1 Global Routing | Checksum: 19fa0e572

Time (s): cpu = 00:00:23 ; elapsed = 00:00:20 . Memory (MB): peak = 2042.918 ; gain = 126.285
Phase 3 Initial Routing | Checksum: 175b8a43e

Time (s): cpu = 00:00:23 ; elapsed = 00:00:20 . Memory (MB): peak = 2042.918 ; gain = 126.285

Phase 4 Rip-up And Reroute

Phase 4.1 Global Iteration 0
 Number of Nodes with overlaps = 73
 Number of Nodes with overlaps = 0
INFO: [Route 35-416] Intermediate Timing Summary | WNS=13.689 | TNS=0.000  | WHS=N/A    | THS=N/A    |

Phase 4.1 Global Iteration 0 | Checksum: 1e942c0bb

Time (s): cpu = 00:00:24 ; elapsed = 00:00:21 . Memory (MB): peak = 2042.918 ; gain = 126.285

Phase 4.2 Global Iteration 1
 Number of Nodes with overlaps = 1
 Number of Nodes with overlaps = 0
INFO: [Route 35-416] Intermediate Timing Summary | WNS=13.689 | TNS=0.000  | WHS=N/A    | THS=N/A    |

Phase 4.2 Global Iteration 1 | Checksum: dddaa9fe

Time (s): cpu = 00:00:24 ; elapsed = 00:00:21 . Memory (MB): peak = 2042.918 ; gain = 126.285
Phase 4 Rip-up And Reroute | Checksum: dddaa9fe

Time (s): cpu = 00:00:24 ; elapsed = 00:00:21 . Memory (MB): peak = 2042.918 ; gain = 126.285

Phase 5 Delay and Skew Optimization

Phase 5.1 Delay CleanUp
Phase 5.1 Delay CleanUp | Checksum: dddaa9fe

Time (s): cpu = 00:00:24 ; elapsed = 00:00:21 . Memory (MB): peak = 2042.918 ; gain = 126.285

Phase 5.2 Clock Skew Optimization
Phase 5.2 Clock Skew Optimization | Checksum: dddaa9fe

Time (s): cpu = 00:00:24 ; elapsed = 00:00:21 . Memory (MB): peak = 2042.918 ; gain = 126.285
Phase 5 Delay and Skew Optimization | Checksum: dddaa9fe

Time (s): cpu = 00:00:24 ; elapsed = 00:00:21 . Memory (MB): peak = 2042.918 ; gain = 126.285

Phase 6 Post Hold Fix

Phase 6.1 Hold Fix Iter

Phase 6.1.1 Update Timing
Phase 6.1.1 Update Timing | Checksum: ec3447b6

Time (s): cpu = 00:00:24 ; elapsed = 00:00:21 . Memory (MB): peak = 2042.918 ; gain = 126.285
INFO: [Route 35-416] Intermediate Timing Summary | WNS=13.689 | TNS=0.000  | WHS=0.106  | THS=0.000  |

Phase 6.1 Hold Fix Iter | Checksum: bddeec93

Time (s): cpu = 00:00:24 ; elapsed = 00:00:21 . Memory (MB): peak = 2042.918 ; gain = 126.285
Phase 6 Post Hold Fix | Checksum: bddeec93

Time (s): cpu = 00:00:24 ; elapsed = 00:00:21 . Memory (MB): peak = 2042.918 ; gain = 126.285

Phase 7 Route finalize

Router Utilization Summary
  Global Vertical Routing Utilization    = 0.216423 %
  Global Horizontal Routing Utilization  = 0.206136 %
  Routable Net Status*
  *Does not include unroutable nets such as driverless and loadless.
  Run report_route_status for detailed report.
  Number of Failed Nets               = 0
    (Failed Nets is the sum of unrouted and partially routed nets)
  Number of Unrouted Nets             = 0
  Number of Partially Routed Nets     = 0
  Number of Node Overlaps             = 0

Phase 7 Route finalize | Checksum: 7d790150

Time (s): cpu = 00:00:24 ; elapsed = 00:00:21 . Memory (MB): peak = 2042.918 ; gain = 126.285

Phase 8 Verifying routed nets

 Verification completed successfully
Phase 8 Verifying routed nets | Checksum: 7d790150

Time (s): cpu = 00:00:24 ; elapsed = 00:00:21 . Memory (MB): peak = 2042.918 ; gain = 126.285

Phase 9 Depositing Routes
Phase 9 Depositing Routes | Checksum: 56a05ce5

Time (s): cpu = 00:00:24 ; elapsed = 00:00:21 . Memory (MB): peak = 2042.918 ; gain = 126.285

Phase 10 Post Router Timing
INFO: [Route 35-57] Estimated Timing Summary | WNS=13.689 | TNS=0.000  | WHS=0.106  | THS=0.000  |

INFO: [Route 35-327] The final timing numbers are based on the router estimated timing analysis. For a complete and accurate timing signoff, please run report_timing_summary.
Phase 10 Post Router Timing | Checksum: 56a05ce5

Time (s): cpu = 00:00:24 ; elapsed = 00:00:21 . Memory (MB): peak = 2042.918 ; gain = 126.285
INFO: [Route 35-16] Router Completed Successfully

Time (s): cpu = 00:00:24 ; elapsed = 00:00:21 . Memory (MB): peak = 2042.918 ; gain = 126.285

Routing Is Done.
INFO: [Common 17-83] Releasing license: Implementation
94 Infos, 18 Warnings, 0 Critical Warnings and 0 Errors encountered.
route_design completed successfully
route_design: Time (s): cpu = 00:00:26 ; elapsed = 00:00:22 . Memory (MB): peak = 2042.918 ; gain = 133.414
INFO: [Timing 38-480] Writing timing data to binary archive.
Writing placer database...
Writing XDEF routing.
Writing XDEF routing logical nets.
Writing XDEF routing special nets.
Write XDEF Complete: Time (s): cpu = 00:00:01 ; elapsed = 00:00:00.157 . Memory (MB): peak = 2048.273 ; gain = 5.355
INFO: [Common 17-1381] The checkpoint 'D:/projets/2020_2/project_IMU/project_IMU.runs/impl_1/design_IMU_AXI_wrapper_routed.dcp' has been generated.
INFO: [runtcl-4] Executing : report_drc -file design_IMU_AXI_wrapper_drc_routed.rpt -pb design_IMU_AXI_wrapper_drc_routed.pb -rpx design_IMU_AXI_wrapper_drc_routed.rpx
Command: report_drc -file design_IMU_AXI_wrapper_drc_routed.rpt -pb design_IMU_AXI_wrapper_drc_routed.pb -rpx design_IMU_AXI_wrapper_drc_routed.rpx
INFO: [IP_Flow 19-1839] IP Catalog is up to date.
INFO: [DRC 23-27] Running DRC with 2 threads
INFO: [Coretcl 2-168] The results of DRC are in file D:/projets/2020_2/project_IMU/project_IMU.runs/impl_1/design_IMU_AXI_wrapper_drc_routed.rpt.
report_drc completed successfully
INFO: [runtcl-4] Executing : report_methodology -file design_IMU_AXI_wrapper_methodology_drc_routed.rpt -pb design_IMU_AXI_wrapper_methodology_drc_routed.pb -rpx design_IMU_AXI_wrapper_methodology_drc_routed.rpx
Command: report_methodology -file design_IMU_AXI_wrapper_methodology_drc_routed.rpt -pb design_IMU_AXI_wrapper_methodology_drc_routed.pb -rpx design_IMU_AXI_wrapper_methodology_drc_routed.rpx
INFO: [Timing 38-35] Done setting XDC timing constraints.
INFO: [DRC 23-133] Running Methodology with 2 threads
INFO: [Coretcl 2-1520] The results of Report Methodology are in file D:/projets/2020_2/project_IMU/project_IMU.runs/impl_1/design_IMU_AXI_wrapper_methodology_drc_routed.rpt.
report_methodology completed successfully
INFO: [runtcl-4] Executing : report_power -file design_IMU_AXI_wrapper_power_routed.rpt -pb design_IMU_AXI_wrapper_power_summary_routed.pb -rpx design_IMU_AXI_wrapper_power_routed.rpx
Command: report_power -file design_IMU_AXI_wrapper_power_routed.rpt -pb design_IMU_AXI_wrapper_power_summary_routed.pb -rpx design_IMU_AXI_wrapper_power_routed.rpx
INFO: [Timing 38-35] Done setting XDC timing constraints.
Running Vector-less Activity Propagation...

Finished Running Vector-less Activity Propagation
106 Infos, 18 Warnings, 0 Critical Warnings and 0 Errors encountered.
report_power completed successfully
INFO: [runtcl-4] Executing : report_route_status -file design_IMU_AXI_wrapper_route_status.rpt -pb design_IMU_AXI_wrapper_route_status.pb
INFO: [runtcl-4] Executing : report_timing_summary -max_paths 10 -file design_IMU_AXI_wrapper_timing_summary_routed.rpt -pb design_IMU_AXI_wrapper_timing_summary_routed.pb -rpx design_IMU_AXI_wrapper_timing_summary_routed.rpx -warn_on_violation 
INFO: [Timing 38-91] UpdateTimingParams: Speed grade: -1, Delay Type: min_max.
INFO: [Timing 38-191] Multithreading enabled for timing update using a maximum of 2 CPUs
INFO: [runtcl-4] Executing : report_incremental_reuse -file design_IMU_AXI_wrapper_incremental_reuse_routed.rpt
INFO: [Vivado_Tcl 4-1062] Incremental flow is disabled. No incremental reuse Info to report.
INFO: [runtcl-4] Executing : report_clock_utilization -file design_IMU_AXI_wrapper_clock_utilization_routed.rpt
INFO: [runtcl-4] Executing : report_bus_skew -warn_on_violation -file design_IMU_AXI_wrapper_bus_skew_routed.rpt -pb design_IMU_AXI_wrapper_bus_skew_routed.pb -rpx design_IMU_AXI_wrapper_bus_skew_routed.rpx
INFO: [Timing 38-91] UpdateTimingParams: Speed grade: -1, Delay Type: min_max.
INFO: [Timing 38-191] Multithreading enabled for timing update using a maximum of 2 CPUs
Command: write_bitstream -force design_IMU_AXI_wrapper.bit
Attempting to get a license for feature 'Implementation' and/or device 'xc7z020'
INFO: [Common 17-349] Got license for feature 'Implementation' and/or device 'xc7z020'
Running DRC as a precondition to command write_bitstream
INFO: [IP_Flow 19-1839] IP Catalog is up to date.
INFO: [DRC 23-27] Running DRC with 2 threads
INFO: [Vivado 12-3199] DRC finished with 0 Errors
INFO: [Vivado 12-3200] Please refer to the DRC report (report_drc) for more information.
INFO: [Designutils 20-2272] Running write_bitstream with 2 threads.
Loading data files...
Loading site data...
Loading route data...
Processing options...
Creating bitmap...
Creating bitstream...
Writing bitstream ./design_IMU_AXI_wrapper.bit...
INFO: [Vivado 12-1842] Bitgen Completed Successfully.
INFO: [Project 1-120] WebTalk data collection is mandatory when using a WebPACK part without a full Vivado license. To see the specific WebTalk data collected for your design, open the usage_statistics_webtalk.html or usage_statistics_webtalk.xml file in the implementation directory.
INFO: [Common 17-186] 'D:/projets/2020_2/project_IMU/project_IMU.runs/impl_1/usage_statistics_webtalk.xml' has been successfully sent to Xilinx on Wed Jun 15 16:08:35 2022. For additional details about this file, please refer to the WebTalk help file at D:/Programmes/Vivado/2020.2/doc/webtalk_introduction.html.
INFO: [Common 17-83] Releasing license: Implementation
13 Infos, 0 Warnings, 0 Critical Warnings and 0 Errors encountered.
write_bitstream completed successfully
write_bitstream: Time (s): cpu = 00:00:13 ; elapsed = 00:00:16 . Memory (MB): peak = 2509.449 ; gain = 439.137
INFO: [Common 17-206] Exiting Vivado at Wed Jun 15 16:08:35 2022...
