Change Component Designator: OldDesignator=U? NewDesignator=U1
Added Component: Designator=J26(61301221021)
Add component (AddParameter): Name = "Contact Resistance"; Value = "20mOhm"; VariantName = "[No Variations]"
Add component (AddParameter): Name = "Datasheet URL"; Value = "https://katalog.we-online.de/em/datasheet/6130xx21021.pdf"; VariantName = "[No Variations]"
Add component (AddParameter): Name = "Gender"; Value = "Male"; VariantName = "[No Variations]"
Add component (AddParameter): Name = "Manufacturer"; Value = "Wurth Elektronik"; VariantName = "[No Variations]"
Add component (AddParameter): Name = "Manufacturer URL"; Value = "http://www.we-online.de"; VariantName = "[No Variations]"
Add component (AddParameter): Name = "Mounting Technology"; Value = "THT"; VariantName = "[No Variations]"
Add component (AddParameter): Name = "Operating Temperature"; Value = "-40to105degC"; VariantName = "[No Variations]"
Add component (AddParameter): Name = "Orientation"; Value = "Angled"; VariantName = "[No Variations]"
Add component (AddParameter): Name = "Package Reference"; Value = "61301221021"; VariantName = "[No Variations]"
Add component (AddParameter): Name = "Packaging"; Value = "Bag"; VariantName = "[No Variations]"
Add component (AddParameter): Name = "Part Number"; Value = "61301221021"; VariantName = "[No Variations]"
Add component (AddParameter): Name = "Pin Number"; Value = "12"; VariantName = "[No Variations]"
Add component (AddParameter): Name = "Pitch"; Value = "2.54mm"; VariantName = "[No Variations]"
Add component (AddParameter): Name = "Publisher"; Value = "WurthElektronik"; VariantName = "[No Variations]"
Add component (AddParameter): Name = "Rated Current"; Value = "3A"; VariantName = "[No Variations]"
Add component (AddParameter): Name = "Row Number"; Value = "Dual"; VariantName = "[No Variations]"
Add component (AddParameter): Name = "Withstanding Voltage"; Value = "500VAC"; VariantName = "[No Variations]"
Add component (AddParameter): Name = "Working Voltage"; Value = "250VAC"; VariantName = "[No Variations]"
Added Component: Designator=J34(61301221021)
Add component (AddParameter): Name = "Contact Resistance"; Value = "20mOhm"; VariantName = "[No Variations]"
Add component (AddParameter): Name = "Datasheet URL"; Value = "https://katalog.we-online.de/em/datasheet/6130xx21021.pdf"; VariantName = "[No Variations]"
Add component (AddParameter): Name = "Gender"; Value = "Male"; VariantName = "[No Variations]"
Add component (AddParameter): Name = "Manufacturer"; Value = "Wurth Elektronik"; VariantName = "[No Variations]"
Add component (AddParameter): Name = "Manufacturer URL"; Value = "http://www.we-online.de"; VariantName = "[No Variations]"
Add component (AddParameter): Name = "Mounting Technology"; Value = "THT"; VariantName = "[No Variations]"
Add component (AddParameter): Name = "Operating Temperature"; Value = "-40to105degC"; VariantName = "[No Variations]"
Add component (AddParameter): Name = "Orientation"; Value = "Angled"; VariantName = "[No Variations]"
Add component (AddParameter): Name = "Package Reference"; Value = "61301221021"; VariantName = "[No Variations]"
Add component (AddParameter): Name = "Packaging"; Value = "Bag"; VariantName = "[No Variations]"
Add component (AddParameter): Name = "Part Number"; Value = "61301221021"; VariantName = "[No Variations]"
Add component (AddParameter): Name = "Pin Number"; Value = "12"; VariantName = "[No Variations]"
Add component (AddParameter): Name = "Pitch"; Value = "2.54mm"; VariantName = "[No Variations]"
Add component (AddParameter): Name = "Publisher"; Value = "WurthElektronik"; VariantName = "[No Variations]"
Add component (AddParameter): Name = "Rated Current"; Value = "3A"; VariantName = "[No Variations]"
Add component (AddParameter): Name = "Row Number"; Value = "Dual"; VariantName = "[No Variations]"
Add component (AddParameter): Name = "Withstanding Voltage"; Value = "500VAC"; VariantName = "[No Variations]"
Add component (AddParameter): Name = "Working Voltage"; Value = "250VAC"; VariantName = "[No Variations]"
Added Component: Designator=U2(FP-PW0016A-IPC_A)
Added Component: Designator=U?(FP-DBV0005A-IPC_A)
Add component (AddParameter): Name = "Manufacturer"; Value = "Texas Instruments"; VariantName = "[No Variations]"
Add component (AddParameter): Name = "Manufacturer Part Number"; Value = "OPA607QDBVRQ1"; VariantName = "[No Variations]"
Add component (AddParameter): Name = "Pricing 1"; Value = "1=1,44000, 10=1,30000, 25=1,23000, 50=1,23000, 100=1,01000, 250=0,94200, 500=0,83200, 1000=0,65700, 3000=0,63500, 10000=0,63500 (USD)"; VariantName = "[No Variations]"
Add component (AddParameter): Name = "RoHS"; Value = "Yes"; VariantName = "[No Variations]"
Add component (AddParameter): Name = "Stock 1"; Value = "4836"; VariantName = "[No Variations]"
Add component (AddParameter): Name = "Supplier 1"; Value = "Mouser"; VariantName = "[No Variations]"
Add component (AddParameter): Name = "Supplier Part Number 1"; Value = "595-OPA607QDBVRQ1"; VariantName = "[No Variations]"
Added Net: Name=+3V3_US
Added Net: Name=+3V3
Added Pin To Net: NetName=+5V_US Pin=U1-16
Added Pin To Net: NetName=+5V_US Pin=U2-16
Added Net: Name=+5V_US
Added Pin To Net: NetName=+5V Pin=U?-5
Added Net: Name=+5V
Added Net: Name=+12V
Added Pin To Net: NetName=BALISE_I2C_SCL Pin=J34-9
Added Net: Name=BALISE_I2C_SCL
Added Pin To Net: NetName=BALISE_I2C_SDA Pin=J34-11
Added Net: Name=BALISE_I2C_SDA
Added Pin To Net: NetName=BAT_CHARGING Pin=J?-10
Added Net: Name=BAT_CHARGING
Added Net: Name=BAT_LED_CHARGING
Added Net: Name=BAT_LED_NEED_CHARGE
Added Pin To Net: NetName=BAT_NEED_CHARGE Pin=J?-8
Added Pin To Net: NetName=BAT_NEED_CHARGE Pin=U?-1
Added Net: Name=BAT_NEED_CHARGE
Added Pin To Net: NetName=GND Pin=J26-3
Added Pin To Net: NetName=GND Pin=J26-4
Added Pin To Net: NetName=GND Pin=J34-3
Added Pin To Net: NetName=GND Pin=J34-4
Added Pin To Net: NetName=GND Pin=J?-3
Added Pin To Net: NetName=GND Pin=J?-4
Added Pin To Net: NetName=GND Pin=U1-6
Added Pin To Net: NetName=GND Pin=U1-8
Added Pin To Net: NetName=GND Pin=U2-6
Added Pin To Net: NetName=GND Pin=U2-8
Added Pin To Net: NetName=GND Pin=U?-2
Added Net: Name=GND
Added Net: Name=GSM_PWR_5VIN
Added Pin To Net: NetName=GSM_RST Pin=J?-12
Added Net: Name=GSM_RST
Added Pin To Net: NetName=GSM_UART_RXD Pin=J?-5
Added Net: Name=GSM_UART_RXD
Added Pin To Net: NetName=GSM_UART_TXD Pin=J?-7
Added Net: Name=GSM_UART_TXD
Added Net: Name=HOLO_LED_DEBUG
Added Net: Name=HOLO_LED_PWR
Added Pin To Net: NetName=HOLO_UART_RX Pin=J?-9
Added Net: Name=HOLO_UART_RX
Added Pin To Net: NetName=HOLO_UART_TX Pin=J?-11
Added Net: Name=HOLO_UART_TX
Added Pin To Net: NetName=IMU_I2C_SCL Pin=J34-6
Added Net: Name=IMU_I2C_SCL
Added Pin To Net: NetName=IMU_I2C_SDA Pin=J34-8
Added Net: Name=IMU_I2C_SDA
Added Net: Name=NetD1_1
Added Net: Name=NetD2_1
Added Net: Name=NetD3_1
Added Net: Name=NetD4_1
Added Net: Name=NetD?_1
Added Net: Name=NetQ11_1
Added Net: Name=NetQ21_1
Added Net: Name=NetQ22_1
Added Pin To Net: NetName=NetR31_2 Pin=U?-3
Added Net: Name=NetR31_2
Added Pin To Net: NetName=NetR33_1 Pin=U?-4
Added Net: Name=NetR33_1
Added Net: Name=NetR34_1
Added Net: Name=NFC_FD
Added Pin To Net: NetName=NFC_I2C_SCL Pin=J34-10
Added Net: Name=NFC_I2C_SCL
Added Pin To Net: NetName=NFC_I2C_SDA Pin=J34-12
Added Net: Name=NFC_I2C_SDA
Added Pin To Net: NetName=PWR_MGT_GSM Pin=J?-6
Added Net: Name=PWR_MGT_GSM
Added Pin To Net: NetName=PWR_MGT_US Pin=J26-10
Added Net: Name=PWR_MGT_US
Added Pin To Net: NetName=US_1_ECHO_5V Pin=U2-13
Added Net: Name=US_1_ECHO_5V
Added Pin To Net: NetName=US_1_TRIG_5V Pin=U1-13
Added Net: Name=US_1_TRIG_5V
Added Pin To Net: NetName=US_2_ECHO_5V Pin=U2-14
Added Net: Name=US_2_ECHO_5V
Added Pin To Net: NetName=US_2_TRIG_5V Pin=U1-14
Added Net: Name=US_2_TRIG_5V
Added Pin To Net: NetName=US_3_ECHO_5V Pin=U2-15
Added Net: Name=US_3_ECHO_5V
Added Pin To Net: NetName=US_3_TRIG_5V Pin=U1-15
Added Net: Name=US_3_TRIG_5V
Added Pin To Net: NetName=US_4_ECHO_5V Pin=U2-12
Added Net: Name=US_4_ECHO_5V
Added Pin To Net: NetName=US_4_TRIG_5V Pin=U1-12
Added Net: Name=US_4_TRIG_5V
Added Pin To Net: NetName=US_5_ECHO_5V Pin=U2-1
Added Net: Name=US_5_ECHO_5V
Added Pin To Net: NetName=US_5_TRIG_5V Pin=U1-1
Added Net: Name=US_5_TRIG_5V
Added Pin To Net: NetName=US_ECHO_3V3 Pin=J26-9
Added Net: Name=US_ECHO_3V3
Added Pin To Net: NetName=US_ECHO_5V Pin=U2-3
Added Net: Name=US_ECHO_5V
Added Pin To Net: NetName=US_SEL[0] Pin=J26-12
Added Pin To Net: NetName=US_SEL[0] Pin=U1-11
Added Pin To Net: NetName=US_SEL[0] Pin=U2-11
Added Net: Name=US_SEL[0]
Added Pin To Net: NetName=US_SEL[1] Pin=J26-5
Added Pin To Net: NetName=US_SEL[1] Pin=U1-10
Added Pin To Net: NetName=US_SEL[1] Pin=U2-10
Added Net: Name=US_SEL[1]
Added Pin To Net: NetName=US_SEL[2] Pin=J26-7
Added Pin To Net: NetName=US_SEL[2] Pin=U1-9
Added Pin To Net: NetName=US_SEL[2] Pin=U2-9
Added Net: Name=US_SEL[2]
Added Pin To Net: NetName=US_TRIG_3V3 Pin=J26-11
Added Net: Name=US_TRIG_3V3
Added Pin To Net: NetName=US_TRIG_5V Pin=U1-3
Added Net: Name=US_TRIG_5V
