INFO: [VRFC 10-2263] Analyzing Verilog file "D:/projets/2020_2/project_DIJKSTRA/project_DIJKSTRA.ip_user_files/bd/design_dijkstra_all/ip/design_dijkstra_all_xlconstant_0_0/sim/design_dijkstra_all_xlconstant_0_0.v" into library xil_defaultlib
INFO: [VRFC 10-311] analyzing module design_dijkstra_all_xlconstant_0_0
INFO: [VRFC 10-2263] Analyzing Verilog file "D:/projets/2020_2/project_DIJKSTRA/project_DIJKSTRA.ip_user_files/bd/design_dijkstra_all/ip/design_dijkstra_all_xlconstant_0_1/sim/design_dijkstra_all_xlconstant_0_1.v" into library xil_defaultlib
INFO: [VRFC 10-311] analyzing module design_dijkstra_all_xlconstant_0_1
INFO: [VRFC 10-2263] Analyzing Verilog file "D:/projets/2020_2/project_DIJKSTRA/project_DIJKSTRA.ip_user_files/bd/design_dijkstra_all/ip/design_dijkstra_all_xlconstant_0_2/sim/design_dijkstra_all_xlconstant_0_2.v" into library xil_defaultlib
INFO: [VRFC 10-311] analyzing module design_dijkstra_all_xlconstant_0_2
INFO: [VRFC 10-2263] Analyzing Verilog file "D:/projets/2020_2/project_DIJKSTRA/project_DIJKSTRA.sim/sim_1/behav/xsim/glbl.v" into library xil_defaultlib
INFO: [VRFC 10-311] analyzing module glbl
INFO: [VRFC 10-163] Analyzing VHDL file "D:/projets/2020_2/project_DIJKSTRA/project_DIJKSTRA.srcs/sources_1/imports/new/pkg_dijkstra.vhd" into library robot
INFO: [VRFC 10-163] Analyzing VHDL file "D:/projets/2020_2/project_DIJKSTRA/project_DIJKSTRA.srcs/sources_1/imports/new/comparateur1.vhd" into library xil_defaultlib
INFO: [VRFC 10-3107] analyzing entity 'comparateur1'
INFO: [VRFC 10-163] Analyzing VHDL file "D:/projets/2020_2/project_DIJKSTRA/project_DIJKSTRA.srcs/sources_1/imports/new/comparateur2.vhd" into library xil_defaultlib
INFO: [VRFC 10-3107] analyzing entity 'comparateur2'
INFO: [VRFC 10-163] Analyzing VHDL file "D:/projets/2020_2/project_DIJKSTRA/project_DIJKSTRA.srcs/sources_1/imports/new/ROM.vhd" into library xil_defaultlib
INFO: [VRFC 10-3107] analyzing entity 'ROM'
INFO: [VRFC 10-163] Analyzing VHDL file "D:/projets/2020_2/project_DIJKSTRA/project_DIJKSTRA.srcs/sources_1/imports/new/DPRAM.vhd" into library xil_defaultlib
INFO: [VRFC 10-3107] analyzing entity 'dpram'
INFO: [VRFC 10-163] Analyzing VHDL file "D:/projets/2020_2/project_DIJKSTRA/project_DIJKSTRA.srcs/sources_1/imports/new/UPDATE_RAM.vhd" into library xil_defaultlib
INFO: [VRFC 10-3107] analyzing entity 'UPDATE_RAM'
INFO: [VRFC 10-163] Analyzing VHDL file "D:/projets/2020_2/project_DIJKSTRA/project_DIJKSTRA.srcs/sources_1/imports/new/NEAREST_NODE.vhd" into library xil_defaultlib
INFO: [VRFC 10-3107] analyzing entity 'NEAREST_NODE'
INFO: [VRFC 10-163] Analyzing VHDL file "D:/projets/2020_2/project_DIJKSTRA/project_DIJKSTRA.srcs/sources_1/imports/new/DIJKSTRA_CONTROLLER.vhd" into library xil_defaultlib
INFO: [VRFC 10-3107] analyzing entity 'DIJKSTRA_CONTROLLER'
INFO: [VRFC 10-163] Analyzing VHDL file "D:/projets/2020_2/project_DIJKSTRA/project_DIJKSTRA.ip_user_files/bd/design_dijkstra_all/ip/design_dijkstra_all_comparateur1_0_0/sim/design_dijkstra_all_comparateur1_0_0.vhd" into library xil_defaultlib
INFO: [VRFC 10-3107] analyzing entity 'design_dijkstra_all_comparateur1_0_0'
INFO: [VRFC 10-163] Analyzing VHDL file "D:/projets/2020_2/project_DIJKSTRA/project_DIJKSTRA.ip_user_files/bd/design_dijkstra_all/ip/design_dijkstra_all_comparateur2_0_0/sim/design_dijkstra_all_comparateur2_0_0.vhd" into library xil_defaultlib
INFO: [VRFC 10-3107] analyzing entity 'design_dijkstra_all_comparateur2_0_0'
INFO: [VRFC 10-163] Analyzing VHDL file "D:/projets/2020_2/project_DIJKSTRA/project_DIJKSTRA.ip_user_files/bd/design_dijkstra_all/ip/design_dijkstra_all_blk_mem_gen_0_0/design_dijkstra_all_blk_mem_gen_0_0_sim_netlist.vhdl" into library xil_defaultlib
INFO: [VRFC 10-3107] analyzing entity 'design_dijkstra_all_blk_mem_gen_0_0_blk_mem_gen_prim_wrapper'
INFO: [VRFC 10-3107] analyzing entity 'design_dijkstra_all_blk_mem_gen_0_0_blk_mem_gen_prim_width'
INFO: [VRFC 10-3107] analyzing entity 'design_dijkstra_all_blk_mem_gen_0_0_blk_mem_gen_generic_cstr'
INFO: [VRFC 10-3107] analyzing entity 'design_dijkstra_all_blk_mem_gen_0_0_blk_mem_gen_top'
INFO: [VRFC 10-3107] analyzing entity 'design_dijkstra_all_blk_mem_gen_0_0_blk_mem_gen_v8_4_4_synth'
INFO: [VRFC 10-3107] analyzing entity 'design_dijkstra_all_blk_mem_gen_0_0_blk_mem_gen_v8_4_4'
INFO: [VRFC 10-3107] analyzing entity 'design_dijkstra_all_blk_mem_gen_0_0'
INFO: [VRFC 10-163] Analyzing VHDL file "D:/projets/2020_2/project_DIJKSTRA/project_DIJKSTRA.ip_user_files/bd/design_dijkstra_all/ip/design_dijkstra_all_ROM_0_0/sim/design_dijkstra_all_ROM_0_0.vhd" into library xil_defaultlib
INFO: [VRFC 10-3107] analyzing entity 'design_dijkstra_all_ROM_0_0'
INFO: [VRFC 10-163] Analyzing VHDL file "D:/projets/2020_2/project_DIJKSTRA/project_DIJKSTRA.ip_user_files/bd/design_dijkstra_all/ip/design_dijkstra_all_dpram_0_0/sim/design_dijkstra_all_dpram_0_0.vhd" into library xil_defaultlib
INFO: [VRFC 10-3107] analyzing entity 'design_dijkstra_all_dpram_0_0'
INFO: [VRFC 10-163] Analyzing VHDL file "D:/projets/2020_2/project_DIJKSTRA/project_DIJKSTRA.ip_user_files/bd/design_dijkstra_all/ip/design_dijkstra_all_ila_0_0/sim/design_dijkstra_all_ila_0_0.vhd" into library xil_defaultlib
INFO: [VRFC 10-3107] analyzing entity 'design_dijkstra_all_ila_0_0'
INFO: [VRFC 10-163] Analyzing VHDL file "D:/projets/2020_2/project_DIJKSTRA/project_DIJKSTRA.ip_user_files/bd/design_dijkstra_all/ip/design_dijkstra_all_clk_wiz_0_0/design_dijkstra_all_clk_wiz_0_0_sim_netlist.vhdl" into library xil_defaultlib
INFO: [VRFC 10-3107] analyzing entity 'design_dijkstra_all_clk_wiz_0_0_design_dijkstra_all_clk_wiz_0_0_clk_wiz'
INFO: [VRFC 10-3107] analyzing entity 'design_dijkstra_all_clk_wiz_0_0'
INFO: [VRFC 10-163] Analyzing VHDL file "D:/projets/2020_2/project_DIJKSTRA/project_DIJKSTRA.ip_user_files/bd/design_dijkstra_all/ip/design_dijkstra_all_UPDATE_RAM_0_0/sim/design_dijkstra_all_UPDATE_RAM_0_0.vhd" into library xil_defaultlib
INFO: [VRFC 10-3107] analyzing entity 'design_dijkstra_all_UPDATE_RAM_0_0'
INFO: [VRFC 10-163] Analyzing VHDL file "D:/projets/2020_2/project_DIJKSTRA/project_DIJKSTRA.ip_user_files/bd/design_dijkstra_all/ip/design_dijkstra_all_NEAREST_NODE_0_0/sim/design_dijkstra_all_NEAREST_NODE_0_0.vhd" into library xil_defaultlib
INFO: [VRFC 10-3107] analyzing entity 'design_dijkstra_all_NEAREST_NODE_0_0'
INFO: [VRFC 10-163] Analyzing VHDL file "D:/projets/2020_2/project_DIJKSTRA/project_DIJKSTRA.ip_user_files/bd/design_dijkstra_all/ip/design_dijkstra_all_DIJKSTRA_CONTROLLER_0_0/sim/design_dijkstra_all_DIJKSTRA_CONTROLLER_0_0.vhd" into library xil_defaultlib
INFO: [VRFC 10-3107] analyzing entity 'design_dijkstra_all_DIJKSTRA_CONTROLLER_0_0'
INFO: [VRFC 10-163] Analyzing VHDL file "D:/projets/2020_2/project_DIJKSTRA/project_DIJKSTRA.ip_user_files/bd/design_dijkstra_all/sim/design_dijkstra_all.vhd" into library xil_defaultlib
INFO: [VRFC 10-3107] analyzing entity 'design_dijkstra_all'
INFO: [VRFC 10-163] Analyzing VHDL file "D:/projets/2020_2/project_DIJKSTRA/project_DIJKSTRA.gen/sources_1/bd/design_dijkstra_all/hdl/design_dijkstra_all_wrapper.vhd" into library xil_defaultlib
INFO: [VRFC 10-3107] analyzing entity 'design_dijkstra_all_wrapper'
INFO: [VRFC 10-163] Analyzing VHDL file "D:/projets/2020_2/project_DIJKSTRA/project_DIJKSTRA.srcs/sim_1/new/tb_dijkstra.vhd" into library xil_defaultlib
INFO: [VRFC 10-3107] analyzing entity 'tb_dijkstra'
