Added Component: Designator=J14(61301221021)
Add component (AddParameter): Name = "Contact Resistance"; Value = "20mOhm"; VariantName = "[No Variations]"
Add component (AddParameter): Name = "Datasheet URL"; Value = "https://katalog.we-online.de/em/datasheet/6130xx21021.pdf"; VariantName = "[No Variations]"
Add component (AddParameter): Name = "Gender"; Value = "Male"; VariantName = "[No Variations]"
Add component (AddParameter): Name = "Manufacturer"; Value = "Wurth Elektronik"; VariantName = "[No Variations]"
Add component (AddParameter): Name = "Manufacturer URL"; Value = "http://www.we-online.de"; VariantName = "[No Variations]"
Add component (AddParameter): Name = "Mounting Technology"; Value = "THT"; VariantName = "[No Variations]"
Add component (AddParameter): Name = "Operating Temperature"; Value = "-40to105degC"; VariantName = "[No Variations]"
Add component (AddParameter): Name = "Orientation"; Value = "Angled"; VariantName = "[No Variations]"
Add component (AddParameter): Name = "Package Reference"; Value = "61301221021"; VariantName = "[No Variations]"
Add component (AddParameter): Name = "Packaging"; Value = "Bag"; VariantName = "[No Variations]"
Add component (AddParameter): Name = "Part Number"; Value = "61301221021"; VariantName = "[No Variations]"
Add component (AddParameter): Name = "Pin Number"; Value = "12"; VariantName = "[No Variations]"
Add component (AddParameter): Name = "Pitch"; Value = "2.54mm"; VariantName = "[No Variations]"
Add component (AddParameter): Name = "Publisher"; Value = "WurthElektronik"; VariantName = "[No Variations]"
Add component (AddParameter): Name = "Rated Current"; Value = "3A"; VariantName = "[No Variations]"
Add component (AddParameter): Name = "Row Number"; Value = "Dual"; VariantName = "[No Variations]"
Add component (AddParameter): Name = "Supplier 1"; Value = "Mouser"; VariantName = "[No Variations]"
Add component (AddParameter): Name = "Supplier Part Number 1"; Value = "710-61301221021"; VariantName = "[No Variations]"
Add component (AddParameter): Name = "Withstanding Voltage"; Value = "500VAC"; VariantName = "[No Variations]"
Add component (AddParameter): Name = "Working Voltage"; Value = "250VAC"; VariantName = "[No Variations]"
Added Component: Designator=J26(61301221021)
Add component (AddParameter): Name = "Contact Resistance"; Value = "20mOhm"; VariantName = "[No Variations]"
Add component (AddParameter): Name = "Datasheet URL"; Value = "https://katalog.we-online.de/em/datasheet/6130xx21021.pdf"; VariantName = "[No Variations]"
Add component (AddParameter): Name = "Gender"; Value = "Male"; VariantName = "[No Variations]"
Add component (AddParameter): Name = "Manufacturer"; Value = "Wurth Elektronik"; VariantName = "[No Variations]"
Add component (AddParameter): Name = "Manufacturer URL"; Value = "http://www.we-online.de"; VariantName = "[No Variations]"
Add component (AddParameter): Name = "Mounting Technology"; Value = "THT"; VariantName = "[No Variations]"
Add component (AddParameter): Name = "Operating Temperature"; Value = "-40to105degC"; VariantName = "[No Variations]"
Add component (AddParameter): Name = "Orientation"; Value = "Angled"; VariantName = "[No Variations]"
Add component (AddParameter): Name = "Package Reference"; Value = "61301221021"; VariantName = "[No Variations]"
Add component (AddParameter): Name = "Packaging"; Value = "Bag"; VariantName = "[No Variations]"
Add component (AddParameter): Name = "Part Number"; Value = "61301221021"; VariantName = "[No Variations]"
Add component (AddParameter): Name = "Pin Number"; Value = "12"; VariantName = "[No Variations]"
Add component (AddParameter): Name = "Pitch"; Value = "2.54mm"; VariantName = "[No Variations]"
Add component (AddParameter): Name = "Publisher"; Value = "WurthElektronik"; VariantName = "[No Variations]"
Add component (AddParameter): Name = "Rated Current"; Value = "3A"; VariantName = "[No Variations]"
Add component (AddParameter): Name = "Row Number"; Value = "Dual"; VariantName = "[No Variations]"
Add component (AddParameter): Name = "Supplier 1"; Value = "Mouser"; VariantName = "[No Variations]"
Add component (AddParameter): Name = "Supplier Part Number 1"; Value = "710-61301221021"; VariantName = "[No Variations]"
Add component (AddParameter): Name = "Withstanding Voltage"; Value = "500VAC"; VariantName = "[No Variations]"
Add component (AddParameter): Name = "Working Voltage"; Value = "250VAC"; VariantName = "[No Variations]"
Added Component: Designator=J34(61301221021)
Add component (AddParameter): Name = "Contact Resistance"; Value = "20mOhm"; VariantName = "[No Variations]"
Add component (AddParameter): Name = "Datasheet URL"; Value = "https://katalog.we-online.de/em/datasheet/6130xx21021.pdf"; VariantName = "[No Variations]"
Add component (AddParameter): Name = "Gender"; Value = "Male"; VariantName = "[No Variations]"
Add component (AddParameter): Name = "Manufacturer"; Value = "Wurth Elektronik"; VariantName = "[No Variations]"
Add component (AddParameter): Name = "Manufacturer URL"; Value = "http://www.we-online.de"; VariantName = "[No Variations]"
Add component (AddParameter): Name = "Mounting Technology"; Value = "THT"; VariantName = "[No Variations]"
Add component (AddParameter): Name = "Operating Temperature"; Value = "-40to105degC"; VariantName = "[No Variations]"
Add component (AddParameter): Name = "Orientation"; Value = "Angled"; VariantName = "[No Variations]"
Add component (AddParameter): Name = "Package Reference"; Value = "61301221021"; VariantName = "[No Variations]"
Add component (AddParameter): Name = "Packaging"; Value = "Bag"; VariantName = "[No Variations]"
Add component (AddParameter): Name = "Part Number"; Value = "61301221021"; VariantName = "[No Variations]"
Add component (AddParameter): Name = "Pin Number"; Value = "12"; VariantName = "[No Variations]"
Add component (AddParameter): Name = "Pitch"; Value = "2.54mm"; VariantName = "[No Variations]"
Add component (AddParameter): Name = "Publisher"; Value = "WurthElektronik"; VariantName = "[No Variations]"
Add component (AddParameter): Name = "Rated Current"; Value = "3A"; VariantName = "[No Variations]"
Add component (AddParameter): Name = "Row Number"; Value = "Dual"; VariantName = "[No Variations]"
Add component (AddParameter): Name = "Supplier 1"; Value = "Mouser"; VariantName = "[No Variations]"
Add component (AddParameter): Name = "Supplier Part Number 1"; Value = "710-61301221021"; VariantName = "[No Variations]"
Add component (AddParameter): Name = "Withstanding Voltage"; Value = "500VAC"; VariantName = "[No Variations]"
Add component (AddParameter): Name = "Working Voltage"; Value = "250VAC"; VariantName = "[No Variations]"
Added Pin To Net: NetName=BAT_ALERT Pin=J14-1
Added Pin To Net: NetName=GSM_UART_RXD Pin=J14-2
Added Pin To Net: NetName=BAT_I2C_SCL Pin=J14-3
Added Pin To Net: NetName=HOLO_UART_RX Pin=J14-4
Added Pin To Net: NetName=GND Pin=J14-5
Added Pin To Net: NetName=GSM_UART_TXD Pin=J14-7
Added Pin To Net: NetName=GSM_RST Pin=J14-8
Added Pin To Net: NetName=BAT_I2C_SDA Pin=J14-9
Added Pin To Net: NetName=HOLO_UART_TX Pin=J14-10
Added Pin To Net: NetName=GND Pin=J14-11
Added Pin To Net: NetName=US_SEL_0 Pin=J26-1
Added Pin To Net: NetName=US_SEL_1 Pin=J26-2
Added Pin To Net: NetName=US_SEL_2 Pin=J26-3
Added Pin To Net: NetName=PWR_MGT_GSM Pin=J26-4
Added Pin To Net: NetName=GND Pin=J26-5
Added Pin To Net: NetName=US_TRIG_3V3 Pin=J26-7
Added Pin To Net: NetName=US_ECHO_3V3 Pin=J26-8
Added Pin To Net: NetName=PWR_MGT_US Pin=J26-9
Added Pin To Net: NetName=PWR_MGT_NFC Pin=J26-10
Added Pin To Net: NetName=GND Pin=J26-11
Added Pin To Net: NetName=NFC_I2C_SDA Pin=J34-1
Added Pin To Net: NetName=BALISE_I2C_SCL Pin=J34-2
Added Pin To Net: NetName=IMU_I2C_SCL Pin=J34-3
Added Pin To Net: NetName=IMU_I2C_SDA Pin=J34-4
Added Pin To Net: NetName=GND Pin=J34-5
Added Pin To Net: NetName=NFC_I2C_SCL Pin=J34-7
Added Pin To Net: NetName=NFC_FD Pin=J34-8
Added Pin To Net: NetName=BALISE_I2C_SDA Pin=J34-9
Added Pin To Net: NetName=GND Pin=J34-11
