Removed Pin From Net: NetName=HOLO_LED_PWR Pin=Q41-1
Removed Pin From Net: NetName=HOLO_LED_DEBUG Pin=Q42-1
Removed Pin From Net: NetName=BAT_ALERT Pin=Q43-1
Removed Pin From Net: NetName=US_SEL_2 Pin=U21-9
Removed Pin From Net: NetName=US_SEL_1 Pin=U21-10
Removed Pin From Net: NetName=US_SEL_0 Pin=U21-11
Removed Pin From Net: NetName=US_SEL_2 Pin=U22-9
Removed Pin From Net: NetName=US_SEL_1 Pin=U22-10
Removed Pin From Net: NetName=US_SEL_0 Pin=U22-11
Removed Pin From Net: NetName=US_TRIG_3V3 Pin=U23-2
Removed Pin From Net: NetName=US_ECHO_3V3 Pin=U24-4
Change Component Footprint: Designator=U23 Old Footprint=SOT65P210X110-5N New Footprint=FP-DBV0005A-IPC_A
Change Component Footprint: Designator=U24 Old Footprint=SOT65P210X110-5N New Footprint=FP-DBV0005A-IPC_A
Change Component Comment : Designator=R57 Old Comment=8.2k New Comment=820
Change Component Comment : Designator=R514 Old Comment=8.2k New Comment=820
Change Component Comment : Designator=R521 Old Comment=8.2k New Comment=820
Change Component Comment : Designator=R528 Old Comment=8.2k New Comment=820
Change Component Comment : Designator=R51 Old Comment=10k New Comment=1k
Change Component Comment : Designator=R55 Old Comment=10k New Comment=1k
Change Component Comment : Designator=R56 Old Comment=10k New Comment=1k
Change Component Comment : Designator=R58 Old Comment=10k New Comment=1k
Change Component Comment : Designator=R512 Old Comment=10k New Comment=1k
Change Component Comment : Designator=R513 Old Comment=10k New Comment=1k
Change Component Comment : Designator=R515 Old Comment=10k New Comment=1k
Change Component Comment : Designator=R519 Old Comment=10k New Comment=1k
Change Component Comment : Designator=R520 Old Comment=10k New Comment=1k
Change Component Comment : Designator=R522 Old Comment=10k New Comment=1k
Change Component Comment : Designator=R526 Old Comment=10k New Comment=1k
Change Component Comment : Designator=R527 Old Comment=10k New Comment=1k
Change Component Comment : Designator=R52 Old Comment=100k New Comment=10k
Change Component Comment : Designator=R59 Old Comment=100k New Comment=10k
Change Component Comment : Designator=R516 Old Comment=100k New Comment=10k
Change Component Comment : Designator=R523 Old Comment=100k New Comment=10k
Change Component Comment : Designator=U23 Old Comment=SN74LV1T04DCKRG4 New Comment=SN74LV1T02DBVRG4
Change Component Comment : Designator=U24 Old Comment=SN74LV1T04DCKRG4 New Comment=SN74LV1T02DBVRG4
Change component parameters: Designator = "U23" ("U23"); Footprint = "SOT65P210X110-5N"; UniqueID = "\QWUQKLLT" ("\QWUQKLLT")
Change component parameters (AddParameter): Name = "Case/Package"; Value = "SOT-23-5"; VariantName = "[No Variations]"
Change component parameters (AddParameter): Name = "Category"; Value = "Logic Gates"; VariantName = "[No Variations]"
Change component parameters (AddParameter): Name = "ComponentLink1Description"; Value = "http://www.ti.com/lit/ds/symlink/sn74lv1t02.pdf?src-supplier=Digi-Key"; VariantName = "[No Variations]"
Change component parameters (AddParameter): Name = "ComponentLink1URL"; Value = "http://www.ti.com/lit/ds/symlink/sn74lv1t02.pdf?src-supplier=Digi-Key"; VariantName = "[No Variations]"
Change component parameters (AddParameter): Name = "ComponentLink2Description"; Value = "http://www.ti.com/general/docs/suppproductinfo.tsp?distId=10&amp;gotoUrl=http%3A%2F%2Fwww.ti.com%2Flit%2Fgpn%2Fsn74lv1t02&src-supplier=Digi-Key"; VariantName = "[No Variations]"
Change component parameters (AddParameter): Name = "ComponentLink2URL"; Value = "http://www.ti.com/general/docs/suppproductinfo.tsp?distId=10&amp;gotoUrl=http%3A%2F%2Fwww.ti.com%2Flit%2Fgpn%2Fsn74lv1t02&src-supplier=Digi-Key"; VariantName = "[No Variations]"
Change component parameters (AddParameter): Name = "High Level Output Current"; Value = "8mA"; VariantName = "[No Variations]"
Change component parameters (AddParameter): Name = "Logic Function"; Value = "NOR GATE"; VariantName = "[No Variations]"
Change component parameters (AddParameter): Name = "Low Level Output Current"; Value = "8mA"; VariantName = "[No Variations]"
Change component parameters (AddParameter): Name = "Manufacturer"; Value = "Texas Instruments"; VariantName = "[No Variations]"
Change component parameters (AddParameter): Name = "Manufacturer Part Number"; Value = "SN74LV1T02DBVRG4"; VariantName = "[No Variations]"
Change component parameters (AddParameter): Name = "Max Operating Temperature"; Value = "125°C"; VariantName = "[No Variations]"
Change component parameters (AddParameter): Name = "Min Operating Temperature"; Value = "-40°C"; VariantName = "[No Variations]"
Change component parameters (AddParameter): Name = "Mount"; Value = "Surface Mount"; VariantName = "[No Variations]"
Change component parameters (AddParameter): Name = "Number of Bits"; Value = "1"; VariantName = "[No Variations]"
Change component parameters (AddParameter): Name = "Number of Circuits"; Value = "1"; VariantName = "[No Variations]"
Change component parameters (AddParameter): Name = "Number of Inputs"; Value = "2"; VariantName = "[No Variations]"
Change component parameters (AddParameter): Name = "Packaging"; Value = "Cut Tape"; VariantName = "[No Variations]"
Change component parameters (AddParameter): Name = "Pricing 1"; Value = "1=0,56000, 10=0,47800, 50=0,47800, 100=0,33100, 500=0,28000, 1000=0,21700, 3000=0,19700, 6000=0,18400, 10000=0,18400 (USD)"; VariantName = "[No Variations]"
Change component parameters (AddParameter): Name = "Propagation Delay"; Value = "7ns"; VariantName = "[No Variations]"
Change component parameters (AddParameter): Name = "Quiescent Current"; Value = "10uA"; VariantName = "[No Variations]"
Change component parameters (AddParameter): Name = "RoHS"; Value = "Yes"; VariantName = "[No Variations]"
Change component parameters (AddParameter): Name = "RoHS Compliant"; Value = "Yes"; VariantName = "[No Variations]"
Change component parameters (AddParameter): Name = "Stock 1"; Value = "2805"; VariantName = "[No Variations]"
Change component parameters (AddParameter): Name = "Supplier 1"; Value = "Mouser"; VariantName = "[No Variations]"
Change component parameters (AddParameter): Name = "Supplier Part Number 1"; Value = "595-SN74LV1T02DBVRG4"; VariantName = "[No Variations]"
Change component parameters: Designator = "U24" ("U24"); Footprint = "SOT65P210X110-5N"; UniqueID = "\ALIJQNFC" ("\ALIJQNFC")
Change component parameters (AddParameter): Name = "Case/Package"; Value = "SOT-23-5"; VariantName = "[No Variations]"
Change component parameters (AddParameter): Name = "Category"; Value = "Logic Gates"; VariantName = "[No Variations]"
Change component parameters (AddParameter): Name = "ComponentLink1Description"; Value = "http://www.ti.com/lit/ds/symlink/sn74lv1t02.pdf?src-supplier=Digi-Key"; VariantName = "[No Variations]"
Change component parameters (AddParameter): Name = "ComponentLink1URL"; Value = "http://www.ti.com/lit/ds/symlink/sn74lv1t02.pdf?src-supplier=Digi-Key"; VariantName = "[No Variations]"
Change component parameters (AddParameter): Name = "ComponentLink2Description"; Value = "http://www.ti.com/general/docs/suppproductinfo.tsp?distId=10&amp;gotoUrl=http%3A%2F%2Fwww.ti.com%2Flit%2Fgpn%2Fsn74lv1t02&src-supplier=Digi-Key"; VariantName = "[No Variations]"
Change component parameters (AddParameter): Name = "ComponentLink2URL"; Value = "http://www.ti.com/general/docs/suppproductinfo.tsp?distId=10&amp;gotoUrl=http%3A%2F%2Fwww.ti.com%2Flit%2Fgpn%2Fsn74lv1t02&src-supplier=Digi-Key"; VariantName = "[No Variations]"
Change component parameters (AddParameter): Name = "High Level Output Current"; Value = "8mA"; VariantName = "[No Variations]"
Change component parameters (AddParameter): Name = "Logic Function"; Value = "NOR GATE"; VariantName = "[No Variations]"
Change component parameters (AddParameter): Name = "Low Level Output Current"; Value = "8mA"; VariantName = "[No Variations]"
Change component parameters (AddParameter): Name = "Manufacturer"; Value = "Texas Instruments"; VariantName = "[No Variations]"
Change component parameters (AddParameter): Name = "Manufacturer Part Number"; Value = "SN74LV1T02DBVRG4"; VariantName = "[No Variations]"
Change component parameters (AddParameter): Name = "Max Operating Temperature"; Value = "125°C"; VariantName = "[No Variations]"
Change component parameters (AddParameter): Name = "Min Operating Temperature"; Value = "-40°C"; VariantName = "[No Variations]"
Change component parameters (AddParameter): Name = "Mount"; Value = "Surface Mount"; VariantName = "[No Variations]"
Change component parameters (AddParameter): Name = "Number of Bits"; Value = "1"; VariantName = "[No Variations]"
Change component parameters (AddParameter): Name = "Number of Circuits"; Value = "1"; VariantName = "[No Variations]"
Change component parameters (AddParameter): Name = "Number of Inputs"; Value = "2"; VariantName = "[No Variations]"
Change component parameters (AddParameter): Name = "Packaging"; Value = "Cut Tape"; VariantName = "[No Variations]"
Change component parameters (AddParameter): Name = "Pricing 1"; Value = "1=0,56000, 10=0,47800, 50=0,47800, 100=0,33100, 500=0,28000, 1000=0,21700, 3000=0,19700, 6000=0,18400, 10000=0,18400 (USD)"; VariantName = "[No Variations]"
Change component parameters (AddParameter): Name = "Propagation Delay"; Value = "7ns"; VariantName = "[No Variations]"
Change component parameters (AddParameter): Name = "Quiescent Current"; Value = "10uA"; VariantName = "[No Variations]"
Change component parameters (AddParameter): Name = "RoHS"; Value = "Yes"; VariantName = "[No Variations]"
Change component parameters (AddParameter): Name = "RoHS Compliant"; Value = "Yes"; VariantName = "[No Variations]"
Change component parameters (AddParameter): Name = "Stock 1"; Value = "2805"; VariantName = "[No Variations]"
Change component parameters (AddParameter): Name = "Supplier 1"; Value = "Mouser"; VariantName = "[No Variations]"
Change component parameters (AddParameter): Name = "Supplier Part Number 1"; Value = "595-SN74LV1T02DBVRG4"; VariantName = "[No Variations]"
Added Component: Designator=C23(FP-C0603C104K5RAC3121-IPC_A)
Add component (AddParameter): Name = "Case/Package"; Value = "0603"; VariantName = "[No Variations]"
Add component (AddParameter): Name = "Category"; Value = "Ceramic Capacitors"; VariantName = "[No Variations]"
Add component (AddParameter): Name = "Manufacturer"; Value = "KEMET"; VariantName = "[No Variations]"
Add component (AddParameter): Name = "Manufacturer Part Number"; Value = "C0603C104K5RAC3121"; VariantName = "[No Variations]"
Add component (AddParameter): Name = "Pricing 1"; Value = "1=0,13000, 10=0,09200, 50=0,09200, 100=0,04300, 1000=0,02500, 10000=0,01900 (USD)"; VariantName = "[No Variations]"
Add component (AddParameter): Name = "RoHS"; Value = "Yes"; VariantName = "[No Variations]"
Add component (AddParameter): Name = "RoHS Compliant"; Value = "Yes"; VariantName = "[No Variations]"
Add component (AddParameter): Name = "Stock 1"; Value = "3306727"; VariantName = "[No Variations]"
Add component (AddParameter): Name = "Supplier 1"; Value = "Mouser"; VariantName = "[No Variations]"
Added Component: Designator=C24(FP-C0603C104K5RAC3121-IPC_A)
Add component (AddParameter): Name = "Case/Package"; Value = "0603"; VariantName = "[No Variations]"
Add component (AddParameter): Name = "Category"; Value = "Ceramic Capacitors"; VariantName = "[No Variations]"
Add component (AddParameter): Name = "Manufacturer"; Value = "KEMET"; VariantName = "[No Variations]"
Add component (AddParameter): Name = "Manufacturer Part Number"; Value = "C0603C104K5RAC3121"; VariantName = "[No Variations]"
Add component (AddParameter): Name = "Pricing 1"; Value = "1=0,13000, 10=0,09200, 50=0,09200, 100=0,04300, 1000=0,02500, 10000=0,01900 (USD)"; VariantName = "[No Variations]"
Add component (AddParameter): Name = "RoHS"; Value = "Yes"; VariantName = "[No Variations]"
Add component (AddParameter): Name = "RoHS Compliant"; Value = "Yes"; VariantName = "[No Variations]"
Add component (AddParameter): Name = "Stock 1"; Value = "3306727"; VariantName = "[No Variations]"
Add component (AddParameter): Name = "Supplier 1"; Value = "Mouser"; VariantName = "[No Variations]"
Added Component: Designator=R21(RESC2013X50X30ML20T20)
Added Component: Designator=R22(RESC2013X50X30ML20T20)
Added Component: Designator=R23(RESC2013X50X30ML20T20)
Added Component: Designator=R24(RESC2013X50X30ML20T20)
Added Component: Designator=R25(RESC2013X50X30ML20T20)
Added Component: Designator=R45(RESC2013X50X30ML20T20)
Added Component: Designator=R46(RESC2013X50X30ML20T20)
Added Component: Designator=R47(RESC2013X50X30ML20T20)
Added Pin To Net: NetName=GND Pin=C23-1
Added Pin To Net: NetName=+5V_US Pin=C23-2
Added Pin To Net: NetName=GND Pin=C24-1
Added Pin To Net: NetName=+3V3_US Pin=C24-2
Added Pin To Net: NetName=US_SEL_0 Pin=R21-2
Added Pin To Net: NetName=US_SEL_1 Pin=R22-2
Added Pin To Net: NetName=US_SEL_2 Pin=R23-2
Added Pin To Net: NetName=US_TRIG_3V3 Pin=R24-1
Added Pin To Net: NetName=US_ECHO_3V3 Pin=R25-2
Added Pin To Net: NetName=HOLO_LED_PWR Pin=R45-1
Added Pin To Net: NetName=HOLO_LED_DEBUG Pin=R46-1
Added Pin To Net: NetName=BAT_ALERT Pin=R47-1
Added Pin To Net: NetName=US_ECHO_5V Pin=U24-1
Added Pin To Net: NetName=NetQ41_1 Pin=Q41-1
Added Pin To Net: NetName=NetQ41_1 Pin=R45-2
Added Net: Name=NetQ41_1
Added Pin To Net: NetName=NetQ42_1 Pin=Q42-1
Added Pin To Net: NetName=NetQ42_1 Pin=R46-2
Added Net: Name=NetQ42_1
Added Pin To Net: NetName=NetQ43_1 Pin=Q43-1
Added Pin To Net: NetName=NetQ43_1 Pin=R47-2
Added Net: Name=NetQ43_1
Added Pin To Net: NetName=NetR21_1 Pin=R21-1
Added Pin To Net: NetName=NetR21_1 Pin=R23-1
Added Pin To Net: NetName=NetR21_1 Pin=U21-9
Added Pin To Net: NetName=NetR21_1 Pin=U21-11
Added Pin To Net: NetName=NetR21_1 Pin=U22-9
Added Pin To Net: NetName=NetR21_1 Pin=U22-11
Added Net: Name=NetR21_1
Added Pin To Net: NetName=NetR22_1 Pin=R22-1
Added Pin To Net: NetName=NetR22_1 Pin=U21-10
Added Pin To Net: NetName=NetR22_1 Pin=U22-10
Added Net: Name=NetR22_1
Added Pin To Net: NetName=NetR24_2 Pin=R24-2
Added Pin To Net: NetName=NetR24_2 Pin=U23-1
Added Pin To Net: NetName=NetR24_2 Pin=U23-2
Added Net: Name=NetR24_2
Added Pin To Net: NetName=NetR25_1 Pin=R25-1
Added Pin To Net: NetName=NetR25_1 Pin=U24-4
Added Net: Name=NetR25_1
