Vivado Simulator 2020.2
Copyright 1986-1999, 2001-2020 Xilinx, Inc. All Rights Reserved.
Running: D:/Programmes/Vivado/2020.2/bin/unwrapped/win64.o/xelab.exe -wto b1093c9091664e24a7878faa3b5cc88f --incr --debug typical --relax --mt 2 -L xil_defaultlib -L secureip --snapshot tb_ultrason_behav xil_defaultlib.tb_ultrason -log elaborate.log 
Using 2 slave threads.
Starting static elaboration
Completed static elaboration
Starting simulation data flow analysis
Completed simulation data flow analysis
Time Resolution for simulation is 1ps
Compiling package std.standard
Compiling package std.textio
Compiling package ieee.std_logic_1164
Compiling package ieee.numeric_std
Compiling package unisim.vcomponents
Compiling architecture behavioral of entity xil_defaultlib.Counter [\Counter(bits_compteur=13)\]
Compiling architecture behavioral of entity xil_defaultlib.Counter [\Counter(bits_compteur=4)\]
Compiling architecture behavioral of entity xil_defaultlib.Counter [\Counter(bits_compteur=6)\]
Compiling architecture behavioral of entity xil_defaultlib.Ultrason [ultrason_default]
Compiling architecture behavioral of entity xil_defaultlib.time_pulse [time_pulse_default]
Compiling architecture behavioral of entity xil_defaultlib.tb_ultrason
Built simulation snapshot tb_ultrason_behav
