Removed Pin From Net: NetName=GND Pin=Q?-3
Change Component Designator: OldDesignator=C? NewDesignator=C1
Change Component Designator: OldDesignator=C? NewDesignator=C2
Change Component Designator: OldDesignator=C? NewDesignator=C3
Change Component Designator: OldDesignator=D? NewDesignator=D1
Change Component Designator: OldDesignator=D? NewDesignator=D2
Change Component Designator: OldDesignator=D? NewDesignator=D3
Change Component Designator: OldDesignator=D? NewDesignator=D4
Change Component Designator: OldDesignator=Q? NewDesignator=Q1
Change Component Designator: OldDesignator=Q? NewDesignator=Q2
Change Component Designator: OldDesignator=R? NewDesignator=R1
Change Component Designator: OldDesignator=R? NewDesignator=R2
Change Component Designator: OldDesignator=R? NewDesignator=R3
Change Component Designator: OldDesignator=R? NewDesignator=R4
Added Pin To Net: NetName=+5V Pin=Q1-2
Added Pin To Net: NetName=NetC1_1 Pin=C1-1
Added Net: Name=NetC1_1
Added Pin To Net: NetName=NetC1_2 Pin=C1-2
Added Net: Name=NetC1_2
Added Pin To Net: NetName=NetD1_2 Pin=Q1-1
Added Pin To Net: NetName=NetD1_2 Pin=R1-1
Added Net: Name=NetD1_2
Added Pin To Net: NetName=NetD2_2 Pin=Q2-1
Added Pin To Net: NetName=NetD2_2 Pin=R2-1
Added Net: Name=NetD2_2
Added Pin To Net: NetName=NetD3_2 Pin=R3-1
Added Net: Name=NetD3_2
Added Pin To Net: NetName=NetD4_2 Pin=R4-1
Added Net: Name=NetD4_2
Added Member To Class: ClassName=sch_station_de_charge Member=Component C1 LDECA2330KA0N00
Added Member To Class: ClassName=sch_station_de_charge Member=Component C2 1µF
Added Member To Class: ClassName=sch_station_de_charge Member=Component D1 PMEG6010ER,115
Added Member To Class: ClassName=sch_station_de_charge Member=Component D3 PMEG6010ER,115
Added Member To Class: ClassName=sch_station_de_charge Member=Component D4 PMEG6010ER,115
Added Member To Class: ClassName=sch_station_de_charge Member=Component Q2 ZXTN19055DZTA
Added Member To Class: ClassName=sch_station_de_charge Member=Component R1 1kOhm
Added Member To Class: ClassName=sch_station_de_charge Member=Component R2 1kOhm
Added Member To Class: ClassName=sch_station_de_charge Member=Component R4 10kOhm
Added Room: Name=sch_station_de_charge
