TRACE::2022-06-10.13:24:07::SCWBifWriter::Found the complete platform D:/projets/2020_2/project_DIJKSTRA/vitis/design_axi_wrapper/export/design_axi_wrapper/design_axi_wrapper.xpfm
TRACE::2022-06-10.13:24:07::SCWBifWriter::hardware databse : design_axi_wrapper_0
TRACE::2022-06-10.13:24:07::SCWBifWriter::bitstream found in the design
TRACE::2022-06-10.13:24:07::SCWBifWriter::Found a baremetal domain, proc: ps7_cortexa9_0
TRACE::2022-06-10.13:24:07::SCWBifWriter::proc type : 
TRACE::2022-06-10.13:24:07::SCWBifWriter::proc[0] : ps7_cortexa9_0
TRACE::2022-06-10.13:24:07::SCWBifWriter::Device type is : zynq
TRACE::2022-06-10.13:24:07::SCWBifWriter::Writing BIF to file : D:/projets/2020_2/project_DIJKSTRA/vitis/dijkstra_app_system/Debug/system.bif
TRACE::2022-06-10.13:24:07::SCWBifWriter::Writing the Zynq Baremetal bif 
TRACE::2022-06-10.13:30:25::SCWBifWriter::Found the complete platform D:/projets/2020_2/project_DIJKSTRA/vitis/design_axi_wrapper/export/design_axi_wrapper/design_axi_wrapper.xpfm
TRACE::2022-06-10.13:30:25::SCWBifWriter::hardware databse : design_axi_wrapper_0
TRACE::2022-06-10.13:30:25::SCWBifWriter::bitstream found in the design
TRACE::2022-06-10.13:30:25::SCWBifWriter::Found a baremetal domain, proc: ps7_cortexa9_0
TRACE::2022-06-10.13:30:25::SCWBifWriter::proc type : 
TRACE::2022-06-10.13:30:25::SCWBifWriter::proc[0] : ps7_cortexa9_0
TRACE::2022-06-10.13:30:25::SCWBifWriter::Device type is : zynq
TRACE::2022-06-10.13:30:25::SCWBifWriter::Writing BIF to file : D:/projets/2020_2/project_DIJKSTRA/vitis/dijkstra_app_system/Debug/system.bif
TRACE::2022-06-10.13:30:25::SCWBifWriter::Writing the Zynq Baremetal bif 
TRACE::2022-06-10.13:32:26::SCWBifWriter::Found the complete platform D:/projets/2020_2/project_DIJKSTRA/vitis/design_axi_wrapper/export/design_axi_wrapper/design_axi_wrapper.xpfm
TRACE::2022-06-10.13:32:26::SCWBifWriter::hardware databse : design_axi_wrapper_0
TRACE::2022-06-10.13:32:26::SCWBifWriter::bitstream found in the design
TRACE::2022-06-10.13:32:26::SCWBifWriter::Found a baremetal domain, proc: ps7_cortexa9_0
TRACE::2022-06-10.13:32:26::SCWBifWriter::proc type : 
TRACE::2022-06-10.13:32:26::SCWBifWriter::proc[0] : ps7_cortexa9_0
TRACE::2022-06-10.13:32:26::SCWBifWriter::Device type is : zynq
TRACE::2022-06-10.13:32:26::SCWBifWriter::Writing BIF to file : D:/projets/2020_2/project_DIJKSTRA/vitis/dijkstra_app_system/Debug/system.bif
TRACE::2022-06-10.13:32:26::SCWBifWriter::Writing the Zynq Baremetal bif 
TRACE::2022-06-10.13:54:10::SCWBifWriter::Found the complete platform D:/projets/2020_2/project_DIJKSTRA/vitis/design_axi_wrapper/export/design_axi_wrapper/design_axi_wrapper.xpfm
TRACE::2022-06-10.13:54:10::SCWBifWriter::hardware databse : design_axi_wrapper_0
TRACE::2022-06-10.13:54:10::SCWBifWriter::bitstream found in the design
TRACE::2022-06-10.13:54:10::SCWBifWriter::Found a baremetal domain, proc: ps7_cortexa9_0
TRACE::2022-06-10.13:54:10::SCWBifWriter::proc type : 
TRACE::2022-06-10.13:54:10::SCWBifWriter::proc[0] : ps7_cortexa9_0
TRACE::2022-06-10.13:54:10::SCWBifWriter::Device type is : zynq
TRACE::2022-06-10.13:54:10::SCWBifWriter::Writing BIF to file : D:/projets/2020_2/project_DIJKSTRA/vitis/dijkstra_app_system/Debug/system.bif
TRACE::2022-06-10.13:54:10::SCWBifWriter::Writing the Zynq Baremetal bif 
TRACE::2022-06-10.15:04:04::SCWBifWriter::Found the complete platform D:/projets/2020_2/project_DIJKSTRA/vitis/design_axi_wrapper/export/design_axi_wrapper/design_axi_wrapper.xpfm
TRACE::2022-06-10.15:04:04::SCWBifWriter::hardware databse : design_axi_wrapper_4
TRACE::2022-06-10.15:04:04::SCWBifWriter::bitstream found in the design
TRACE::2022-06-10.15:04:04::SCWBifWriter::Found a baremetal domain, proc: ps7_cortexa9_0
TRACE::2022-06-10.15:04:04::SCWBifWriter::proc type : 
TRACE::2022-06-10.15:04:04::SCWBifWriter::proc[0] : ps7_cortexa9_0
TRACE::2022-06-10.15:04:04::SCWBifWriter::Device type is : zynq
TRACE::2022-06-10.15:04:04::SCWBifWriter::Writing BIF to file : D:/projets/2020_2/project_DIJKSTRA/vitis/dijkstra_app_system/Debug/system.bif
TRACE::2022-06-10.15:04:04::SCWBifWriter::Writing the Zynq Baremetal bif 
