#-----------------------------------------------------------
# Vivado v2020.2 (64-bit)
# SW Build 3064766 on Wed Nov 18 09:12:45 MST 2020
# IP Build 3064653 on Wed Nov 18 14:17:31 MST 2020
# Start of session at: Tue Jul 12 13:54:46 2022
# Process ID: 12356
# Current directory: D:/projets/2020_2/project_DIJKSTRA
# Command line: vivado.exe -gui_launcher_event rodinguilauncherevent11904 D:\projets\2020_2\project_DIJKSTRA\project_DIJKSTRA.xpr
# Log file: D:/projets/2020_2/project_DIJKSTRA/vivado.log
# Journal file: D:/projets/2020_2/project_DIJKSTRA\vivado.jou
#-----------------------------------------------------------
start_gui
open_project D:/projets/2020_2/project_DIJKSTRA/project_DIJKSTRA.xpr
Scanning sources...
Finished scanning sources
INFO: [IP_Flow 19-234] Refreshing IP repositories
INFO: [IP_Flow 19-1700] Loaded user IP repository 'd:/projets/2020_2/ip_repo/Dijkstra_algorithm_1.0'.
INFO: [IP_Flow 19-2313] Loaded Vivado IP repository 'D:/Programmes/Vivado/2020.2/data/ip'.
WARNING: [BD 41-1661] One or more IPs have been locked in the design 'design_dijkstra_ram.bd'. Please run report_ip_status for more details and recommendations on how to fix this issue.
List of locked IPs:
design_dijkstra_ram_Dijkstra_algorithm_0_0

WARNING: [BD 41-1661] One or more IPs have been locked in the design 'design_axi.bd'. Please run report_ip_status for more details and recommendations on how to fix this issue.
List of locked IPs:
design_axi_Dijkstra_algorithm_0_0

open_project: Time (s): cpu = 00:00:20 ; elapsed = 00:00:26 . Memory (MB): peak = 1153.445 ; gain = 27.051
update_compile_order -fileset sources_1
exit
INFO: [Common 17-206] Exiting Vivado at Tue Jul 12 14:20:52 2022...
