14:24:43 INFO  : Launching XSCT server: xsct.bat -n  -interactive D:\projets\2020_2\project_IMU\vitis\temp_xsdb_launch_script.tcl
14:24:44 INFO  : Registering command handlers for Vitis TCF services
14:24:49 INFO  : Platform repository initialization has completed.
14:24:50 INFO  : XSCT server has started successfully.
14:25:00 INFO  : Successfully done setting XSCT server connection channel  
14:25:00 INFO  : plnx-install-location is set to ''
14:25:00 INFO  : Successfully done query RDI_DATADIR 
14:25:00 INFO  : Successfully done setting workspace for the tool. 
14:26:03 INFO  : Result from executing command 'getProjects': design_IMU_AXI_wrapper
14:26:03 INFO  : Result from executing command 'getPlatforms': 
14:26:03 WARN  : An unexpected exception occurred in the module 'platform project logging'
14:26:04 INFO  : Platform 'design_IMU_AXI_wrapper' is added to custom repositories.
14:26:15 INFO  : Platform 'design_IMU_AXI_wrapper' is added to custom repositories.
14:28:32 INFO  : Result from executing command 'getProjects': design_IMU_AXI_wrapper
14:28:32 INFO  : Result from executing command 'getPlatforms': design_IMU_AXI_wrapper|D:/projets/2020_2/project_IMU/vitis/design_IMU_AXI_wrapper/export/design_IMU_AXI_wrapper/design_IMU_AXI_wrapper.xpfm
14:28:33 INFO  : Checking for BSP changes to sync application flags for project 'IMU_project'...
14:29:10 INFO  : Checking for BSP changes to sync application flags for project 'IMU_project'...
14:34:04 INFO  : Checking for BSP changes to sync application flags for project 'IMU_project'...
14:34:15 INFO  : Connected to target on host '127.0.0.1' and port '3121'.
14:34:40 INFO  : Connected to target on host '127.0.0.1' and port '3121'.
14:34:40 INFO  : Jtag cable 'Digilent Zybo Z7 210351B48339A' is selected.
14:34:40 INFO  : 'jtag frequency' command is executed.
14:34:41 INFO  : Context for 'APU' is selected.
14:34:41 INFO  : System reset is completed.
14:34:44 INFO  : 'after 3000' command is executed.
14:34:44 INFO  : 'targets -set -filter {jtag_cable_name =~ "Digilent Zybo Z7 210351B48339A" && level==0 && jtag_device_ctx=="jsn-Zybo Z7-210351B48339A-23727093-0"}' command is executed.
14:34:46 INFO  : Device configured successfully with "D:/projets/2020_2/project_IMU/vitis/IMU_project/_ide/bitstream/design_IMU_AXI_wrapper.bit"
14:34:46 INFO  : Context for 'APU' is selected.
14:34:46 INFO  : Hardware design and registers information is loaded from 'D:/projets/2020_2/project_IMU/vitis/design_IMU_AXI_wrapper/export/design_IMU_AXI_wrapper/hw/design_IMU_AXI_wrapper.xsa'.
14:34:46 INFO  : 'configparams force-mem-access 1' command is executed.
14:34:46 INFO  : Context for 'APU' is selected.
14:34:46 INFO  : Sourcing of 'D:/projets/2020_2/project_IMU/vitis/IMU_project/_ide/psinit/ps7_init.tcl' is done.
14:34:47 INFO  : 'ps7_init' command is executed.
14:34:47 INFO  : 'ps7_post_config' command is executed.
14:34:47 INFO  : Context for processor 'ps7_cortexa9_0' is selected.
14:34:47 INFO  : The application 'D:/projets/2020_2/project_IMU/vitis/IMU_project/Debug/IMU_project.elf' is downloaded to processor 'ps7_cortexa9_0'.
14:34:47 INFO  : 'configparams force-mem-access 0' command is executed.
14:34:47 INFO  : ----------------XSDB Script----------------
connect -url tcp:127.0.0.1:3121
targets -set -nocase -filter {name =~"APU*"}
rst -system
after 3000
targets -set -filter {jtag_cable_name =~ "Digilent Zybo Z7 210351B48339A" && level==0 && jtag_device_ctx=="jsn-Zybo Z7-210351B48339A-23727093-0"}
fpga -file D:/projets/2020_2/project_IMU/vitis/IMU_project/_ide/bitstream/design_IMU_AXI_wrapper.bit
targets -set -nocase -filter {name =~"APU*"}
loadhw -hw D:/projets/2020_2/project_IMU/vitis/design_IMU_AXI_wrapper/export/design_IMU_AXI_wrapper/hw/design_IMU_AXI_wrapper.xsa -mem-ranges [list {0x40000000 0xbfffffff}] -regs
configparams force-mem-access 1
targets -set -nocase -filter {name =~"APU*"}
source D:/projets/2020_2/project_IMU/vitis/IMU_project/_ide/psinit/ps7_init.tcl
ps7_init
ps7_post_config
targets -set -nocase -filter {name =~ "*A9*#0"}
dow D:/projets/2020_2/project_IMU/vitis/IMU_project/Debug/IMU_project.elf
configparams force-mem-access 0
----------------End of Script----------------

14:34:47 INFO  : Context for processor 'ps7_cortexa9_0' is selected.
14:34:47 INFO  : 'con' command is executed.
14:34:47 INFO  : ----------------XSDB Script (After Launch)----------------
targets -set -nocase -filter {name =~ "*A9*#0"}
con
----------------End of Script----------------

14:34:47 INFO  : Launch script is exported to file 'D:\projets\2020_2\project_IMU\vitis\IMU_project_system\_ide\scripts\systemdebugger_imu_project_system_standalone.tcl'
14:36:27 INFO  : Disconnected from the channel tcfchan#3.
14:36:27 INFO  : Connected to target on host '127.0.0.1' and port '3121'.
14:36:27 INFO  : Jtag cable 'Digilent Zybo Z7 210351B48339A' is selected.
14:36:27 INFO  : 'jtag frequency' command is executed.
14:36:27 INFO  : Context for 'APU' is selected.
14:36:27 INFO  : System reset is completed.
14:36:30 INFO  : 'after 3000' command is executed.
14:36:30 INFO  : 'targets -set -filter {jtag_cable_name =~ "Digilent Zybo Z7 210351B48339A" && level==0 && jtag_device_ctx=="jsn-Zybo Z7-210351B48339A-23727093-0"}' command is executed.
14:36:33 INFO  : Device configured successfully with "D:/projets/2020_2/project_IMU/vitis/IMU_project/_ide/bitstream/design_IMU_AXI_wrapper.bit"
14:36:33 INFO  : Context for 'APU' is selected.
14:36:33 INFO  : Hardware design and registers information is loaded from 'D:/projets/2020_2/project_IMU/vitis/design_IMU_AXI_wrapper/export/design_IMU_AXI_wrapper/hw/design_IMU_AXI_wrapper.xsa'.
14:36:33 INFO  : 'configparams force-mem-access 1' command is executed.
14:36:33 INFO  : Context for 'APU' is selected.
14:36:33 INFO  : Sourcing of 'D:/projets/2020_2/project_IMU/vitis/IMU_project/_ide/psinit/ps7_init.tcl' is done.
14:36:33 INFO  : 'ps7_init' command is executed.
14:36:33 INFO  : 'ps7_post_config' command is executed.
14:36:33 INFO  : Context for processor 'ps7_cortexa9_0' is selected.
14:36:33 INFO  : The application 'D:/projets/2020_2/project_IMU/vitis/IMU_project/Debug/IMU_project.elf' is downloaded to processor 'ps7_cortexa9_0'.
14:36:34 INFO  : 'configparams force-mem-access 0' command is executed.
14:36:34 INFO  : ----------------XSDB Script----------------
connect -url tcp:127.0.0.1:3121
targets -set -nocase -filter {name =~"APU*"}
rst -system
after 3000
targets -set -filter {jtag_cable_name =~ "Digilent Zybo Z7 210351B48339A" && level==0 && jtag_device_ctx=="jsn-Zybo Z7-210351B48339A-23727093-0"}
fpga -file D:/projets/2020_2/project_IMU/vitis/IMU_project/_ide/bitstream/design_IMU_AXI_wrapper.bit
targets -set -nocase -filter {name =~"APU*"}
loadhw -hw D:/projets/2020_2/project_IMU/vitis/design_IMU_AXI_wrapper/export/design_IMU_AXI_wrapper/hw/design_IMU_AXI_wrapper.xsa -mem-ranges [list {0x40000000 0xbfffffff}] -regs
configparams force-mem-access 1
targets -set -nocase -filter {name =~"APU*"}
source D:/projets/2020_2/project_IMU/vitis/IMU_project/_ide/psinit/ps7_init.tcl
ps7_init
ps7_post_config
targets -set -nocase -filter {name =~ "*A9*#0"}
dow D:/projets/2020_2/project_IMU/vitis/IMU_project/Debug/IMU_project.elf
configparams force-mem-access 0
----------------End of Script----------------

14:36:34 INFO  : Context for processor 'ps7_cortexa9_0' is selected.
14:36:34 INFO  : 'con' command is executed.
14:36:34 INFO  : ----------------XSDB Script (After Launch)----------------
targets -set -nocase -filter {name =~ "*A9*#0"}
con
----------------End of Script----------------

14:36:34 INFO  : Launch script is exported to file 'D:\projets\2020_2\project_IMU\vitis\IMU_project_system\_ide\scripts\systemdebugger_imu_project_system_standalone.tcl'
14:41:40 INFO  : Checking for BSP changes to sync application flags for project 'IMU_project'...
14:41:50 INFO  : Disconnected from the channel tcfchan#4.
14:41:50 INFO  : Connected to target on host '127.0.0.1' and port '3121'.
14:41:50 INFO  : Jtag cable 'Digilent Zybo Z7 210351B48339A' is selected.
14:41:50 INFO  : 'jtag frequency' command is executed.
14:41:50 INFO  : Context for 'APU' is selected.
14:41:51 INFO  : System reset is completed.
14:41:54 INFO  : 'after 3000' command is executed.
14:41:54 INFO  : 'targets -set -filter {jtag_cable_name =~ "Digilent Zybo Z7 210351B48339A" && level==0 && jtag_device_ctx=="jsn-Zybo Z7-210351B48339A-23727093-0"}' command is executed.
14:41:56 INFO  : Device configured successfully with "D:/projets/2020_2/project_IMU/vitis/IMU_project/_ide/bitstream/design_IMU_AXI_wrapper.bit"
14:41:56 INFO  : Context for 'APU' is selected.
14:41:56 INFO  : Hardware design and registers information is loaded from 'D:/projets/2020_2/project_IMU/vitis/design_IMU_AXI_wrapper/export/design_IMU_AXI_wrapper/hw/design_IMU_AXI_wrapper.xsa'.
14:41:56 INFO  : 'configparams force-mem-access 1' command is executed.
14:41:56 INFO  : Context for 'APU' is selected.
14:41:56 INFO  : Sourcing of 'D:/projets/2020_2/project_IMU/vitis/IMU_project/_ide/psinit/ps7_init.tcl' is done.
14:41:56 INFO  : 'ps7_init' command is executed.
14:41:56 INFO  : 'ps7_post_config' command is executed.
14:41:56 INFO  : Context for processor 'ps7_cortexa9_0' is selected.
14:41:57 INFO  : The application 'D:/projets/2020_2/project_IMU/vitis/IMU_project/Debug/IMU_project.elf' is downloaded to processor 'ps7_cortexa9_0'.
14:41:57 INFO  : 'configparams force-mem-access 0' command is executed.
14:41:57 INFO  : ----------------XSDB Script----------------
connect -url tcp:127.0.0.1:3121
targets -set -nocase -filter {name =~"APU*"}
rst -system
after 3000
targets -set -filter {jtag_cable_name =~ "Digilent Zybo Z7 210351B48339A" && level==0 && jtag_device_ctx=="jsn-Zybo Z7-210351B48339A-23727093-0"}
fpga -file D:/projets/2020_2/project_IMU/vitis/IMU_project/_ide/bitstream/design_IMU_AXI_wrapper.bit
targets -set -nocase -filter {name =~"APU*"}
loadhw -hw D:/projets/2020_2/project_IMU/vitis/design_IMU_AXI_wrapper/export/design_IMU_AXI_wrapper/hw/design_IMU_AXI_wrapper.xsa -mem-ranges [list {0x40000000 0xbfffffff}] -regs
configparams force-mem-access 1
targets -set -nocase -filter {name =~"APU*"}
source D:/projets/2020_2/project_IMU/vitis/IMU_project/_ide/psinit/ps7_init.tcl
ps7_init
ps7_post_config
targets -set -nocase -filter {name =~ "*A9*#0"}
dow D:/projets/2020_2/project_IMU/vitis/IMU_project/Debug/IMU_project.elf
configparams force-mem-access 0
----------------End of Script----------------

14:41:57 INFO  : Context for processor 'ps7_cortexa9_0' is selected.
14:41:57 INFO  : 'con' command is executed.
14:41:57 INFO  : ----------------XSDB Script (After Launch)----------------
targets -set -nocase -filter {name =~ "*A9*#0"}
con
----------------End of Script----------------

14:41:57 INFO  : Launch script is exported to file 'D:\projets\2020_2\project_IMU\vitis\IMU_project_system\_ide\scripts\systemdebugger_imu_project_system_standalone.tcl'
14:43:42 INFO  : Disconnected from the channel tcfchan#5.
14:43:42 INFO  : Connected to target on host '127.0.0.1' and port '3121'.
14:43:42 INFO  : Jtag cable 'Digilent Zybo Z7 210351B48339A' is selected.
14:43:42 INFO  : 'jtag frequency' command is executed.
14:43:42 INFO  : Context for 'APU' is selected.
14:43:42 INFO  : System reset is completed.
14:43:45 INFO  : 'after 3000' command is executed.
14:43:45 INFO  : 'targets -set -filter {jtag_cable_name =~ "Digilent Zybo Z7 210351B48339A" && level==0 && jtag_device_ctx=="jsn-Zybo Z7-210351B48339A-23727093-0"}' command is executed.
14:43:47 INFO  : Device configured successfully with "D:/projets/2020_2/project_IMU/vitis/IMU_project/_ide/bitstream/design_IMU_AXI_wrapper.bit"
14:43:47 INFO  : Context for 'APU' is selected.
14:43:47 INFO  : Hardware design and registers information is loaded from 'D:/projets/2020_2/project_IMU/vitis/design_IMU_AXI_wrapper/export/design_IMU_AXI_wrapper/hw/design_IMU_AXI_wrapper.xsa'.
14:43:47 INFO  : 'configparams force-mem-access 1' command is executed.
14:43:48 INFO  : Context for 'APU' is selected.
14:43:48 INFO  : Sourcing of 'D:/projets/2020_2/project_IMU/vitis/IMU_project/_ide/psinit/ps7_init.tcl' is done.
14:43:48 INFO  : 'ps7_init' command is executed.
14:43:48 INFO  : 'ps7_post_config' command is executed.
14:43:48 INFO  : Context for processor 'ps7_cortexa9_0' is selected.
14:43:48 INFO  : The application 'D:/projets/2020_2/project_IMU/vitis/IMU_project/Debug/IMU_project.elf' is downloaded to processor 'ps7_cortexa9_0'.
14:43:48 INFO  : 'configparams force-mem-access 0' command is executed.
14:43:48 INFO  : ----------------XSDB Script----------------
connect -url tcp:127.0.0.1:3121
targets -set -nocase -filter {name =~"APU*"}
rst -system
after 3000
targets -set -filter {jtag_cable_name =~ "Digilent Zybo Z7 210351B48339A" && level==0 && jtag_device_ctx=="jsn-Zybo Z7-210351B48339A-23727093-0"}
fpga -file D:/projets/2020_2/project_IMU/vitis/IMU_project/_ide/bitstream/design_IMU_AXI_wrapper.bit
targets -set -nocase -filter {name =~"APU*"}
loadhw -hw D:/projets/2020_2/project_IMU/vitis/design_IMU_AXI_wrapper/export/design_IMU_AXI_wrapper/hw/design_IMU_AXI_wrapper.xsa -mem-ranges [list {0x40000000 0xbfffffff}] -regs
configparams force-mem-access 1
targets -set -nocase -filter {name =~"APU*"}
source D:/projets/2020_2/project_IMU/vitis/IMU_project/_ide/psinit/ps7_init.tcl
ps7_init
ps7_post_config
targets -set -nocase -filter {name =~ "*A9*#0"}
dow D:/projets/2020_2/project_IMU/vitis/IMU_project/Debug/IMU_project.elf
configparams force-mem-access 0
----------------End of Script----------------

14:43:48 INFO  : Context for processor 'ps7_cortexa9_0' is selected.
14:43:48 INFO  : 'con' command is executed.
14:43:48 INFO  : ----------------XSDB Script (After Launch)----------------
targets -set -nocase -filter {name =~ "*A9*#0"}
con
----------------End of Script----------------

14:43:48 INFO  : Launch script is exported to file 'D:\projets\2020_2\project_IMU\vitis\IMU_project_system\_ide\scripts\systemdebugger_imu_project_system_standalone.tcl'
14:45:14 INFO  : Disconnected from the channel tcfchan#6.
14:45:14 INFO  : Connected to target on host '127.0.0.1' and port '3121'.
14:45:14 INFO  : Jtag cable 'Digilent Zybo Z7 210351B48339A' is selected.
14:45:14 INFO  : 'jtag frequency' command is executed.
14:45:14 INFO  : Context for 'APU' is selected.
14:45:14 INFO  : System reset is completed.
14:45:17 INFO  : 'after 3000' command is executed.
14:45:17 INFO  : 'targets -set -filter {jtag_cable_name =~ "Digilent Zybo Z7 210351B48339A" && level==0 && jtag_device_ctx=="jsn-Zybo Z7-210351B48339A-23727093-0"}' command is executed.
14:45:19 INFO  : Device configured successfully with "D:/projets/2020_2/project_IMU/vitis/IMU_project/_ide/bitstream/design_IMU_AXI_wrapper.bit"
14:45:19 INFO  : Context for 'APU' is selected.
14:45:19 INFO  : Hardware design and registers information is loaded from 'D:/projets/2020_2/project_IMU/vitis/design_IMU_AXI_wrapper/export/design_IMU_AXI_wrapper/hw/design_IMU_AXI_wrapper.xsa'.
14:45:19 INFO  : 'configparams force-mem-access 1' command is executed.
14:45:19 INFO  : Context for 'APU' is selected.
14:45:19 INFO  : Sourcing of 'D:/projets/2020_2/project_IMU/vitis/IMU_project/_ide/psinit/ps7_init.tcl' is done.
14:45:20 INFO  : 'ps7_init' command is executed.
14:45:20 INFO  : 'ps7_post_config' command is executed.
14:45:20 INFO  : Context for processor 'ps7_cortexa9_0' is selected.
14:45:20 INFO  : The application 'D:/projets/2020_2/project_IMU/vitis/IMU_project/Debug/IMU_project.elf' is downloaded to processor 'ps7_cortexa9_0'.
14:45:20 INFO  : 'configparams force-mem-access 0' command is executed.
14:45:20 INFO  : ----------------XSDB Script----------------
connect -url tcp:127.0.0.1:3121
targets -set -nocase -filter {name =~"APU*"}
rst -system
after 3000
targets -set -filter {jtag_cable_name =~ "Digilent Zybo Z7 210351B48339A" && level==0 && jtag_device_ctx=="jsn-Zybo Z7-210351B48339A-23727093-0"}
fpga -file D:/projets/2020_2/project_IMU/vitis/IMU_project/_ide/bitstream/design_IMU_AXI_wrapper.bit
targets -set -nocase -filter {name =~"APU*"}
loadhw -hw D:/projets/2020_2/project_IMU/vitis/design_IMU_AXI_wrapper/export/design_IMU_AXI_wrapper/hw/design_IMU_AXI_wrapper.xsa -mem-ranges [list {0x40000000 0xbfffffff}] -regs
configparams force-mem-access 1
targets -set -nocase -filter {name =~"APU*"}
source D:/projets/2020_2/project_IMU/vitis/IMU_project/_ide/psinit/ps7_init.tcl
ps7_init
ps7_post_config
targets -set -nocase -filter {name =~ "*A9*#0"}
dow D:/projets/2020_2/project_IMU/vitis/IMU_project/Debug/IMU_project.elf
configparams force-mem-access 0
----------------End of Script----------------

14:45:20 INFO  : Context for processor 'ps7_cortexa9_0' is selected.
14:45:20 INFO  : 'con' command is executed.
14:45:20 INFO  : ----------------XSDB Script (After Launch)----------------
targets -set -nocase -filter {name =~ "*A9*#0"}
con
----------------End of Script----------------

14:45:20 INFO  : Launch script is exported to file 'D:\projets\2020_2\project_IMU\vitis\IMU_project_system\_ide\scripts\systemdebugger_imu_project_system_standalone.tcl'
14:48:21 INFO  : Checking for BSP changes to sync application flags for project 'IMU_project'...
14:48:29 INFO  : Disconnected from the channel tcfchan#7.
14:48:30 INFO  : Connected to target on host '127.0.0.1' and port '3121'.
14:48:30 INFO  : Jtag cable 'Digilent Zybo Z7 210351B48339A' is selected.
14:48:30 INFO  : 'jtag frequency' command is executed.
14:48:30 INFO  : Context for 'APU' is selected.
14:48:30 INFO  : System reset is completed.
14:48:33 INFO  : 'after 3000' command is executed.
14:48:33 INFO  : 'targets -set -filter {jtag_cable_name =~ "Digilent Zybo Z7 210351B48339A" && level==0 && jtag_device_ctx=="jsn-Zybo Z7-210351B48339A-23727093-0"}' command is executed.
14:48:35 INFO  : Device configured successfully with "D:/projets/2020_2/project_IMU/vitis/IMU_project/_ide/bitstream/design_IMU_AXI_wrapper.bit"
14:48:35 INFO  : Context for 'APU' is selected.
14:48:35 INFO  : Hardware design and registers information is loaded from 'D:/projets/2020_2/project_IMU/vitis/design_IMU_AXI_wrapper/export/design_IMU_AXI_wrapper/hw/design_IMU_AXI_wrapper.xsa'.
14:48:35 INFO  : 'configparams force-mem-access 1' command is executed.
14:48:35 INFO  : Context for 'APU' is selected.
14:48:35 INFO  : Sourcing of 'D:/projets/2020_2/project_IMU/vitis/IMU_project/_ide/psinit/ps7_init.tcl' is done.
14:48:36 INFO  : 'ps7_init' command is executed.
14:48:36 INFO  : 'ps7_post_config' command is executed.
14:48:36 INFO  : Context for processor 'ps7_cortexa9_0' is selected.
14:48:36 INFO  : The application 'D:/projets/2020_2/project_IMU/vitis/IMU_project/Debug/IMU_project.elf' is downloaded to processor 'ps7_cortexa9_0'.
14:48:36 INFO  : 'configparams force-mem-access 0' command is executed.
14:48:36 INFO  : ----------------XSDB Script----------------
connect -url tcp:127.0.0.1:3121
targets -set -nocase -filter {name =~"APU*"}
rst -system
after 3000
targets -set -filter {jtag_cable_name =~ "Digilent Zybo Z7 210351B48339A" && level==0 && jtag_device_ctx=="jsn-Zybo Z7-210351B48339A-23727093-0"}
fpga -file D:/projets/2020_2/project_IMU/vitis/IMU_project/_ide/bitstream/design_IMU_AXI_wrapper.bit
targets -set -nocase -filter {name =~"APU*"}
loadhw -hw D:/projets/2020_2/project_IMU/vitis/design_IMU_AXI_wrapper/export/design_IMU_AXI_wrapper/hw/design_IMU_AXI_wrapper.xsa -mem-ranges [list {0x40000000 0xbfffffff}] -regs
configparams force-mem-access 1
targets -set -nocase -filter {name =~"APU*"}
source D:/projets/2020_2/project_IMU/vitis/IMU_project/_ide/psinit/ps7_init.tcl
ps7_init
ps7_post_config
targets -set -nocase -filter {name =~ "*A9*#0"}
dow D:/projets/2020_2/project_IMU/vitis/IMU_project/Debug/IMU_project.elf
configparams force-mem-access 0
----------------End of Script----------------

14:48:36 INFO  : Context for processor 'ps7_cortexa9_0' is selected.
14:48:36 INFO  : 'con' command is executed.
14:48:36 INFO  : ----------------XSDB Script (After Launch)----------------
targets -set -nocase -filter {name =~ "*A9*#0"}
con
----------------End of Script----------------

14:48:36 INFO  : Launch script is exported to file 'D:\projets\2020_2\project_IMU\vitis\IMU_project_system\_ide\scripts\systemdebugger_imu_project_system_standalone.tcl'
14:54:12 INFO  : Disconnected from the channel tcfchan#8.
14:54:12 INFO  : Connected to target on host '127.0.0.1' and port '3121'.
14:54:12 INFO  : Jtag cable 'Digilent Zybo Z7 210351B48339A' is selected.
14:54:12 INFO  : 'jtag frequency' command is executed.
14:54:12 INFO  : Context for 'APU' is selected.
14:54:12 INFO  : System reset is completed.
14:54:15 INFO  : 'after 3000' command is executed.
14:54:15 INFO  : 'targets -set -filter {jtag_cable_name =~ "Digilent Zybo Z7 210351B48339A" && level==0 && jtag_device_ctx=="jsn-Zybo Z7-210351B48339A-23727093-0"}' command is executed.
14:54:17 INFO  : Device configured successfully with "D:/projets/2020_2/project_IMU/vitis/IMU_project/_ide/bitstream/design_IMU_AXI_wrapper.bit"
14:54:18 INFO  : Context for 'APU' is selected.
14:54:18 INFO  : Hardware design and registers information is loaded from 'D:/projets/2020_2/project_IMU/vitis/design_IMU_AXI_wrapper/export/design_IMU_AXI_wrapper/hw/design_IMU_AXI_wrapper.xsa'.
14:54:18 INFO  : 'configparams force-mem-access 1' command is executed.
14:54:18 INFO  : Context for 'APU' is selected.
14:54:18 INFO  : Sourcing of 'D:/projets/2020_2/project_IMU/vitis/IMU_project/_ide/psinit/ps7_init.tcl' is done.
14:54:18 INFO  : 'ps7_init' command is executed.
14:54:18 INFO  : 'ps7_post_config' command is executed.
14:54:18 INFO  : Context for processor 'ps7_cortexa9_0' is selected.
14:54:18 INFO  : The application 'D:/projets/2020_2/project_IMU/vitis/IMU_project/Debug/IMU_project.elf' is downloaded to processor 'ps7_cortexa9_0'.
14:54:18 INFO  : 'configparams force-mem-access 0' command is executed.
14:54:18 INFO  : ----------------XSDB Script----------------
connect -url tcp:127.0.0.1:3121
targets -set -nocase -filter {name =~"APU*"}
rst -system
after 3000
targets -set -filter {jtag_cable_name =~ "Digilent Zybo Z7 210351B48339A" && level==0 && jtag_device_ctx=="jsn-Zybo Z7-210351B48339A-23727093-0"}
fpga -file D:/projets/2020_2/project_IMU/vitis/IMU_project/_ide/bitstream/design_IMU_AXI_wrapper.bit
targets -set -nocase -filter {name =~"APU*"}
loadhw -hw D:/projets/2020_2/project_IMU/vitis/design_IMU_AXI_wrapper/export/design_IMU_AXI_wrapper/hw/design_IMU_AXI_wrapper.xsa -mem-ranges [list {0x40000000 0xbfffffff}] -regs
configparams force-mem-access 1
targets -set -nocase -filter {name =~"APU*"}
source D:/projets/2020_2/project_IMU/vitis/IMU_project/_ide/psinit/ps7_init.tcl
ps7_init
ps7_post_config
targets -set -nocase -filter {name =~ "*A9*#0"}
dow D:/projets/2020_2/project_IMU/vitis/IMU_project/Debug/IMU_project.elf
configparams force-mem-access 0
----------------End of Script----------------

14:54:18 INFO  : Context for processor 'ps7_cortexa9_0' is selected.
14:54:18 INFO  : 'con' command is executed.
14:54:18 INFO  : ----------------XSDB Script (After Launch)----------------
targets -set -nocase -filter {name =~ "*A9*#0"}
con
----------------End of Script----------------

14:54:18 INFO  : Launch script is exported to file 'D:\projets\2020_2\project_IMU\vitis\IMU_project_system\_ide\scripts\systemdebugger_imu_project_system_standalone.tcl'
14:54:35 INFO  : Disconnected from the channel tcfchan#9.
14:54:35 INFO  : Connected to target on host '127.0.0.1' and port '3121'.
14:54:35 INFO  : Jtag cable 'Digilent Zybo Z7 210351B48339A' is selected.
14:54:35 INFO  : 'jtag frequency' command is executed.
14:54:35 INFO  : Context for 'APU' is selected.
14:54:35 INFO  : System reset is completed.
14:54:38 INFO  : 'after 3000' command is executed.
14:54:38 INFO  : 'targets -set -filter {jtag_cable_name =~ "Digilent Zybo Z7 210351B48339A" && level==0 && jtag_device_ctx=="jsn-Zybo Z7-210351B48339A-23727093-0"}' command is executed.
14:54:41 INFO  : Device configured successfully with "D:/projets/2020_2/project_IMU/vitis/IMU_project/_ide/bitstream/design_IMU_AXI_wrapper.bit"
14:54:41 INFO  : Context for 'APU' is selected.
14:54:41 INFO  : Hardware design and registers information is loaded from 'D:/projets/2020_2/project_IMU/vitis/design_IMU_AXI_wrapper/export/design_IMU_AXI_wrapper/hw/design_IMU_AXI_wrapper.xsa'.
14:54:41 INFO  : 'configparams force-mem-access 1' command is executed.
14:54:41 INFO  : Context for 'APU' is selected.
14:54:41 INFO  : Sourcing of 'D:/projets/2020_2/project_IMU/vitis/IMU_project/_ide/psinit/ps7_init.tcl' is done.
14:54:41 INFO  : 'ps7_init' command is executed.
14:54:41 INFO  : 'ps7_post_config' command is executed.
14:54:41 INFO  : Context for processor 'ps7_cortexa9_0' is selected.
14:54:41 INFO  : The application 'D:/projets/2020_2/project_IMU/vitis/IMU_project/Debug/IMU_project.elf' is downloaded to processor 'ps7_cortexa9_0'.
14:54:41 INFO  : 'configparams force-mem-access 0' command is executed.
14:54:41 INFO  : ----------------XSDB Script----------------
connect -url tcp:127.0.0.1:3121
targets -set -nocase -filter {name =~"APU*"}
rst -system
after 3000
targets -set -filter {jtag_cable_name =~ "Digilent Zybo Z7 210351B48339A" && level==0 && jtag_device_ctx=="jsn-Zybo Z7-210351B48339A-23727093-0"}
fpga -file D:/projets/2020_2/project_IMU/vitis/IMU_project/_ide/bitstream/design_IMU_AXI_wrapper.bit
targets -set -nocase -filter {name =~"APU*"}
loadhw -hw D:/projets/2020_2/project_IMU/vitis/design_IMU_AXI_wrapper/export/design_IMU_AXI_wrapper/hw/design_IMU_AXI_wrapper.xsa -mem-ranges [list {0x40000000 0xbfffffff}] -regs
configparams force-mem-access 1
targets -set -nocase -filter {name =~"APU*"}
source D:/projets/2020_2/project_IMU/vitis/IMU_project/_ide/psinit/ps7_init.tcl
ps7_init
ps7_post_config
targets -set -nocase -filter {name =~ "*A9*#0"}
dow D:/projets/2020_2/project_IMU/vitis/IMU_project/Debug/IMU_project.elf
configparams force-mem-access 0
----------------End of Script----------------

14:54:41 INFO  : Context for processor 'ps7_cortexa9_0' is selected.
14:54:41 INFO  : 'con' command is executed.
14:54:41 INFO  : ----------------XSDB Script (After Launch)----------------
targets -set -nocase -filter {name =~ "*A9*#0"}
con
----------------End of Script----------------

14:54:41 INFO  : Launch script is exported to file 'D:\projets\2020_2\project_IMU\vitis\IMU_project_system\_ide\scripts\systemdebugger_imu_project_system_standalone.tcl'
14:59:53 INFO  : Disconnected from the channel tcfchan#10.
14:59:53 INFO  : Connected to target on host '127.0.0.1' and port '3121'.
14:59:54 INFO  : Jtag cable 'Digilent Zybo Z7 210351B48339A' is selected.
14:59:54 INFO  : 'jtag frequency' command is executed.
14:59:54 INFO  : Context for 'APU' is selected.
14:59:54 INFO  : System reset is completed.
14:59:57 INFO  : 'after 3000' command is executed.
14:59:57 INFO  : 'targets -set -filter {jtag_cable_name =~ "Digilent Zybo Z7 210351B48339A" && level==0 && jtag_device_ctx=="jsn-Zybo Z7-210351B48339A-23727093-0"}' command is executed.
14:59:59 INFO  : Device configured successfully with "D:/projets/2020_2/project_IMU/vitis/IMU_project/_ide/bitstream/design_IMU_AXI_wrapper.bit"
14:59:59 INFO  : Context for 'APU' is selected.
14:59:59 INFO  : Hardware design and registers information is loaded from 'D:/projets/2020_2/project_IMU/vitis/design_IMU_AXI_wrapper/export/design_IMU_AXI_wrapper/hw/design_IMU_AXI_wrapper.xsa'.
14:59:59 INFO  : 'configparams force-mem-access 1' command is executed.
14:59:59 INFO  : Context for 'APU' is selected.
14:59:59 INFO  : Sourcing of 'D:/projets/2020_2/project_IMU/vitis/IMU_project/_ide/psinit/ps7_init.tcl' is done.
14:59:59 INFO  : 'ps7_init' command is executed.
14:59:59 INFO  : 'ps7_post_config' command is executed.
14:59:59 INFO  : Context for processor 'ps7_cortexa9_0' is selected.
15:00:00 INFO  : The application 'D:/projets/2020_2/project_IMU/vitis/IMU_project/Debug/IMU_project.elf' is downloaded to processor 'ps7_cortexa9_0'.
15:00:00 INFO  : 'configparams force-mem-access 0' command is executed.
15:00:00 INFO  : ----------------XSDB Script----------------
connect -url tcp:127.0.0.1:3121
targets -set -nocase -filter {name =~"APU*"}
rst -system
after 3000
targets -set -filter {jtag_cable_name =~ "Digilent Zybo Z7 210351B48339A" && level==0 && jtag_device_ctx=="jsn-Zybo Z7-210351B48339A-23727093-0"}
fpga -file D:/projets/2020_2/project_IMU/vitis/IMU_project/_ide/bitstream/design_IMU_AXI_wrapper.bit
targets -set -nocase -filter {name =~"APU*"}
loadhw -hw D:/projets/2020_2/project_IMU/vitis/design_IMU_AXI_wrapper/export/design_IMU_AXI_wrapper/hw/design_IMU_AXI_wrapper.xsa -mem-ranges [list {0x40000000 0xbfffffff}] -regs
configparams force-mem-access 1
targets -set -nocase -filter {name =~"APU*"}
source D:/projets/2020_2/project_IMU/vitis/IMU_project/_ide/psinit/ps7_init.tcl
ps7_init
ps7_post_config
targets -set -nocase -filter {name =~ "*A9*#0"}
dow D:/projets/2020_2/project_IMU/vitis/IMU_project/Debug/IMU_project.elf
configparams force-mem-access 0
----------------End of Script----------------

15:00:00 INFO  : Context for processor 'ps7_cortexa9_0' is selected.
15:00:00 INFO  : 'con' command is executed.
15:00:00 INFO  : ----------------XSDB Script (After Launch)----------------
targets -set -nocase -filter {name =~ "*A9*#0"}
con
----------------End of Script----------------

15:00:00 INFO  : Launch script is exported to file 'D:\projets\2020_2\project_IMU\vitis\IMU_project_system\_ide\scripts\systemdebugger_imu_project_system_standalone.tcl'
15:13:49 INFO  : Hardware specification for platform project 'design_IMU_AXI_wrapper' is updated.
15:14:10 INFO  : Result from executing command 'getProjects': design_IMU_AXI_wrapper
15:14:10 INFO  : Result from executing command 'getPlatforms': design_IMU_AXI_wrapper|D:/projets/2020_2/project_IMU/vitis/design_IMU_AXI_wrapper/export/design_IMU_AXI_wrapper/design_IMU_AXI_wrapper.xpfm
15:14:56 INFO  : Checking for BSP changes to sync application flags for project 'IMU_project'...
15:14:59 INFO  : The hardware specfication used by project 'IMU_project' is out of sync with the platform. Resource files extracted from the hardware specfiication will be updated.
15:14:59 INFO  : The file 'D:\projets\2020_2\project_IMU\vitis\IMU_project\_ide\bitstream\design_IMU_AXI_wrapper.bit' stored in project is removed.
15:14:59 INFO  : The updated bitstream files are copied from platform to folder 'D:\projets\2020_2\project_IMU\vitis\IMU_project\_ide\bitstream' in project 'IMU_project'.
15:14:59 INFO  : The file 'D:\projets\2020_2\project_IMU\vitis\IMU_project\_ide\psinit\ps7_init.tcl' stored in project is removed.
15:15:04 INFO  : The updated ps init files are copied from platform to folder 'D:\projets\2020_2\project_IMU\vitis\IMU_project\_ide\psinit' in project 'IMU_project'.
15:15:56 INFO  : Disconnected from the channel tcfchan#11.
15:15:57 INFO  : Connected to target on host '127.0.0.1' and port '3121'.
15:15:57 INFO  : Jtag cable 'Digilent Zybo Z7 210351B48339A' is selected.
15:15:57 INFO  : 'jtag frequency' command is executed.
15:15:57 INFO  : Context for 'APU' is selected.
15:15:57 INFO  : System reset is completed.
15:16:00 INFO  : 'after 3000' command is executed.
15:16:00 INFO  : 'targets -set -filter {jtag_cable_name =~ "Digilent Zybo Z7 210351B48339A" && level==0 && jtag_device_ctx=="jsn-Zybo Z7-210351B48339A-23727093-0"}' command is executed.
15:16:02 INFO  : Device configured successfully with "D:/projets/2020_2/project_IMU/vitis/IMU_project/_ide/bitstream/design_IMU_AXI_wrapper.bit"
15:16:02 INFO  : Context for 'APU' is selected.
15:16:02 INFO  : Hardware design and registers information is loaded from 'D:/projets/2020_2/project_IMU/vitis/design_IMU_AXI_wrapper/export/design_IMU_AXI_wrapper/hw/design_IMU_AXI_wrapper.xsa'.
15:16:02 INFO  : 'configparams force-mem-access 1' command is executed.
15:16:02 INFO  : Context for 'APU' is selected.
15:16:02 INFO  : Sourcing of 'D:/projets/2020_2/project_IMU/vitis/IMU_project/_ide/psinit/ps7_init.tcl' is done.
15:16:03 INFO  : 'ps7_init' command is executed.
15:16:03 INFO  : 'ps7_post_config' command is executed.
15:16:03 INFO  : Context for processor 'ps7_cortexa9_0' is selected.
15:16:03 INFO  : The application 'D:/projets/2020_2/project_IMU/vitis/IMU_project/Debug/IMU_project.elf' is downloaded to processor 'ps7_cortexa9_0'.
15:16:03 INFO  : 'configparams force-mem-access 0' command is executed.
15:16:03 INFO  : ----------------XSDB Script----------------
connect -url tcp:127.0.0.1:3121
targets -set -nocase -filter {name =~"APU*"}
rst -system
after 3000
targets -set -filter {jtag_cable_name =~ "Digilent Zybo Z7 210351B48339A" && level==0 && jtag_device_ctx=="jsn-Zybo Z7-210351B48339A-23727093-0"}
fpga -file D:/projets/2020_2/project_IMU/vitis/IMU_project/_ide/bitstream/design_IMU_AXI_wrapper.bit
targets -set -nocase -filter {name =~"APU*"}
loadhw -hw D:/projets/2020_2/project_IMU/vitis/design_IMU_AXI_wrapper/export/design_IMU_AXI_wrapper/hw/design_IMU_AXI_wrapper.xsa -mem-ranges [list {0x40000000 0xbfffffff}] -regs
configparams force-mem-access 1
targets -set -nocase -filter {name =~"APU*"}
source D:/projets/2020_2/project_IMU/vitis/IMU_project/_ide/psinit/ps7_init.tcl
ps7_init
ps7_post_config
targets -set -nocase -filter {name =~ "*A9*#0"}
dow D:/projets/2020_2/project_IMU/vitis/IMU_project/Debug/IMU_project.elf
configparams force-mem-access 0
----------------End of Script----------------

15:16:03 INFO  : Context for processor 'ps7_cortexa9_0' is selected.
15:16:03 INFO  : 'con' command is executed.
15:16:03 INFO  : ----------------XSDB Script (After Launch)----------------
targets -set -nocase -filter {name =~ "*A9*#0"}
con
----------------End of Script----------------

15:16:03 INFO  : Launch script is exported to file 'D:\projets\2020_2\project_IMU\vitis\IMU_project_system\_ide\scripts\systemdebugger_imu_project_system_standalone.tcl'
15:24:07 INFO  : Checking for BSP changes to sync application flags for project 'IMU_project'...
15:24:28 INFO  : Checking for BSP changes to sync application flags for project 'IMU_project'...
15:24:58 INFO  : Checking for BSP changes to sync application flags for project 'IMU_project'...
15:25:09 INFO  : Checking for BSP changes to sync application flags for project 'IMU_project'...
15:25:19 INFO  : Disconnected from the channel tcfchan#14.
15:25:19 INFO  : Connected to target on host '127.0.0.1' and port '3121'.
15:25:20 INFO  : Jtag cable 'Digilent Zybo Z7 210351B48339A' is selected.
15:25:20 INFO  : 'jtag frequency' command is executed.
15:25:20 INFO  : Context for 'APU' is selected.
15:25:20 INFO  : System reset is completed.
15:25:23 INFO  : 'after 3000' command is executed.
15:25:23 INFO  : 'targets -set -filter {jtag_cable_name =~ "Digilent Zybo Z7 210351B48339A" && level==0 && jtag_device_ctx=="jsn-Zybo Z7-210351B48339A-23727093-0"}' command is executed.
15:25:25 INFO  : Device configured successfully with "D:/projets/2020_2/project_IMU/vitis/IMU_project/_ide/bitstream/design_IMU_AXI_wrapper.bit"
15:25:25 INFO  : Context for 'APU' is selected.
15:25:25 INFO  : Hardware design and registers information is loaded from 'D:/projets/2020_2/project_IMU/vitis/design_IMU_AXI_wrapper/export/design_IMU_AXI_wrapper/hw/design_IMU_AXI_wrapper.xsa'.
15:25:25 INFO  : 'configparams force-mem-access 1' command is executed.
15:25:25 INFO  : Context for 'APU' is selected.
15:25:25 INFO  : Sourcing of 'D:/projets/2020_2/project_IMU/vitis/IMU_project/_ide/psinit/ps7_init.tcl' is done.
15:25:26 INFO  : 'ps7_init' command is executed.
15:25:26 INFO  : 'ps7_post_config' command is executed.
15:25:26 INFO  : Context for processor 'ps7_cortexa9_0' is selected.
15:25:26 INFO  : The application 'D:/projets/2020_2/project_IMU/vitis/IMU_project/Debug/IMU_project.elf' is downloaded to processor 'ps7_cortexa9_0'.
15:25:26 INFO  : 'configparams force-mem-access 0' command is executed.
15:25:26 INFO  : ----------------XSDB Script----------------
connect -url tcp:127.0.0.1:3121
targets -set -nocase -filter {name =~"APU*"}
rst -system
after 3000
targets -set -filter {jtag_cable_name =~ "Digilent Zybo Z7 210351B48339A" && level==0 && jtag_device_ctx=="jsn-Zybo Z7-210351B48339A-23727093-0"}
fpga -file D:/projets/2020_2/project_IMU/vitis/IMU_project/_ide/bitstream/design_IMU_AXI_wrapper.bit
targets -set -nocase -filter {name =~"APU*"}
loadhw -hw D:/projets/2020_2/project_IMU/vitis/design_IMU_AXI_wrapper/export/design_IMU_AXI_wrapper/hw/design_IMU_AXI_wrapper.xsa -mem-ranges [list {0x40000000 0xbfffffff}] -regs
configparams force-mem-access 1
targets -set -nocase -filter {name =~"APU*"}
source D:/projets/2020_2/project_IMU/vitis/IMU_project/_ide/psinit/ps7_init.tcl
ps7_init
ps7_post_config
targets -set -nocase -filter {name =~ "*A9*#0"}
dow D:/projets/2020_2/project_IMU/vitis/IMU_project/Debug/IMU_project.elf
configparams force-mem-access 0
----------------End of Script----------------

15:25:26 INFO  : Context for processor 'ps7_cortexa9_0' is selected.
15:25:26 INFO  : 'con' command is executed.
15:25:26 INFO  : ----------------XSDB Script (After Launch)----------------
targets -set -nocase -filter {name =~ "*A9*#0"}
con
----------------End of Script----------------

15:25:26 INFO  : Launch script is exported to file 'D:\projets\2020_2\project_IMU\vitis\IMU_project_system\_ide\scripts\systemdebugger_imu_project_system_standalone.tcl'
15:25:28 INFO  : Disconnected from the channel tcfchan#15.
15:25:28 INFO  : Connected to target on host '127.0.0.1' and port '3121'.
15:25:28 INFO  : Jtag cable 'Digilent Zybo Z7 210351B48339A' is selected.
15:25:28 INFO  : 'jtag frequency' command is executed.
15:25:28 INFO  : Context for 'APU' is selected.
15:25:28 INFO  : System reset is completed.
15:25:31 INFO  : 'after 3000' command is executed.
15:25:32 INFO  : 'targets -set -filter {jtag_cable_name =~ "Digilent Zybo Z7 210351B48339A" && level==0 && jtag_device_ctx=="jsn-Zybo Z7-210351B48339A-23727093-0"}' command is executed.
15:25:34 INFO  : Device configured successfully with "D:/projets/2020_2/project_IMU/vitis/IMU_project/_ide/bitstream/design_IMU_AXI_wrapper.bit"
15:25:34 INFO  : Context for 'APU' is selected.
15:25:34 INFO  : Hardware design and registers information is loaded from 'D:/projets/2020_2/project_IMU/vitis/design_IMU_AXI_wrapper/export/design_IMU_AXI_wrapper/hw/design_IMU_AXI_wrapper.xsa'.
15:25:34 INFO  : 'configparams force-mem-access 1' command is executed.
15:25:34 INFO  : Context for 'APU' is selected.
15:25:34 INFO  : Sourcing of 'D:/projets/2020_2/project_IMU/vitis/IMU_project/_ide/psinit/ps7_init.tcl' is done.
15:25:34 INFO  : 'ps7_init' command is executed.
15:25:34 INFO  : 'ps7_post_config' command is executed.
15:25:34 INFO  : Context for processor 'ps7_cortexa9_0' is selected.
15:25:35 INFO  : The application 'D:/projets/2020_2/project_IMU/vitis/IMU_project/Debug/IMU_project.elf' is downloaded to processor 'ps7_cortexa9_0'.
15:25:35 INFO  : 'configparams force-mem-access 0' command is executed.
15:25:35 INFO  : ----------------XSDB Script----------------
connect -url tcp:127.0.0.1:3121
targets -set -nocase -filter {name =~"APU*"}
rst -system
after 3000
targets -set -filter {jtag_cable_name =~ "Digilent Zybo Z7 210351B48339A" && level==0 && jtag_device_ctx=="jsn-Zybo Z7-210351B48339A-23727093-0"}
fpga -file D:/projets/2020_2/project_IMU/vitis/IMU_project/_ide/bitstream/design_IMU_AXI_wrapper.bit
targets -set -nocase -filter {name =~"APU*"}
loadhw -hw D:/projets/2020_2/project_IMU/vitis/design_IMU_AXI_wrapper/export/design_IMU_AXI_wrapper/hw/design_IMU_AXI_wrapper.xsa -mem-ranges [list {0x40000000 0xbfffffff}] -regs
configparams force-mem-access 1
targets -set -nocase -filter {name =~"APU*"}
source D:/projets/2020_2/project_IMU/vitis/IMU_project/_ide/psinit/ps7_init.tcl
ps7_init
ps7_post_config
targets -set -nocase -filter {name =~ "*A9*#0"}
dow D:/projets/2020_2/project_IMU/vitis/IMU_project/Debug/IMU_project.elf
configparams force-mem-access 0
----------------End of Script----------------

15:25:35 INFO  : Context for processor 'ps7_cortexa9_0' is selected.
15:25:35 INFO  : 'con' command is executed.
15:25:35 INFO  : ----------------XSDB Script (After Launch)----------------
targets -set -nocase -filter {name =~ "*A9*#0"}
con
----------------End of Script----------------

15:25:35 INFO  : Launch script is exported to file 'D:\projets\2020_2\project_IMU\vitis\IMU_project_system\_ide\scripts\systemdebugger_imu_project_system_standalone.tcl'
15:26:44 INFO  : Checking for BSP changes to sync application flags for project 'IMU_project'...
15:26:49 INFO  : Disconnected from the channel tcfchan#16.
15:26:49 INFO  : Connected to target on host '127.0.0.1' and port '3121'.
15:26:49 INFO  : Jtag cable 'Digilent Zybo Z7 210351B48339A' is selected.
15:26:49 INFO  : 'jtag frequency' command is executed.
15:26:49 INFO  : Context for 'APU' is selected.
15:26:49 INFO  : System reset is completed.
15:26:52 INFO  : 'after 3000' command is executed.
15:26:52 INFO  : 'targets -set -filter {jtag_cable_name =~ "Digilent Zybo Z7 210351B48339A" && level==0 && jtag_device_ctx=="jsn-Zybo Z7-210351B48339A-23727093-0"}' command is executed.
15:26:54 INFO  : Device configured successfully with "D:/projets/2020_2/project_IMU/vitis/IMU_project/_ide/bitstream/design_IMU_AXI_wrapper.bit"
15:26:54 INFO  : Context for 'APU' is selected.
15:26:54 INFO  : Hardware design and registers information is loaded from 'D:/projets/2020_2/project_IMU/vitis/design_IMU_AXI_wrapper/export/design_IMU_AXI_wrapper/hw/design_IMU_AXI_wrapper.xsa'.
15:26:54 INFO  : 'configparams force-mem-access 1' command is executed.
15:26:54 INFO  : Context for 'APU' is selected.
15:26:54 INFO  : Sourcing of 'D:/projets/2020_2/project_IMU/vitis/IMU_project/_ide/psinit/ps7_init.tcl' is done.
15:26:55 INFO  : 'ps7_init' command is executed.
15:26:55 INFO  : 'ps7_post_config' command is executed.
15:26:55 INFO  : Context for processor 'ps7_cortexa9_0' is selected.
15:26:55 INFO  : The application 'D:/projets/2020_2/project_IMU/vitis/IMU_project/Debug/IMU_project.elf' is downloaded to processor 'ps7_cortexa9_0'.
15:26:55 INFO  : 'configparams force-mem-access 0' command is executed.
15:26:55 INFO  : ----------------XSDB Script----------------
connect -url tcp:127.0.0.1:3121
targets -set -nocase -filter {name =~"APU*"}
rst -system
after 3000
targets -set -filter {jtag_cable_name =~ "Digilent Zybo Z7 210351B48339A" && level==0 && jtag_device_ctx=="jsn-Zybo Z7-210351B48339A-23727093-0"}
fpga -file D:/projets/2020_2/project_IMU/vitis/IMU_project/_ide/bitstream/design_IMU_AXI_wrapper.bit
targets -set -nocase -filter {name =~"APU*"}
loadhw -hw D:/projets/2020_2/project_IMU/vitis/design_IMU_AXI_wrapper/export/design_IMU_AXI_wrapper/hw/design_IMU_AXI_wrapper.xsa -mem-ranges [list {0x40000000 0xbfffffff}] -regs
configparams force-mem-access 1
targets -set -nocase -filter {name =~"APU*"}
source D:/projets/2020_2/project_IMU/vitis/IMU_project/_ide/psinit/ps7_init.tcl
ps7_init
ps7_post_config
targets -set -nocase -filter {name =~ "*A9*#0"}
dow D:/projets/2020_2/project_IMU/vitis/IMU_project/Debug/IMU_project.elf
configparams force-mem-access 0
----------------End of Script----------------

15:26:55 INFO  : Context for processor 'ps7_cortexa9_0' is selected.
15:26:55 INFO  : 'con' command is executed.
15:26:55 INFO  : ----------------XSDB Script (After Launch)----------------
targets -set -nocase -filter {name =~ "*A9*#0"}
con
----------------End of Script----------------

15:26:55 INFO  : Launch script is exported to file 'D:\projets\2020_2\project_IMU\vitis\IMU_project_system\_ide\scripts\systemdebugger_imu_project_system_standalone.tcl'
16:11:37 INFO  : Hardware specification for platform project 'design_IMU_AXI_wrapper' is updated.
16:11:54 INFO  : Result from executing command 'getProjects': design_IMU_AXI_wrapper
16:11:54 INFO  : Result from executing command 'getPlatforms': design_IMU_AXI_wrapper|D:/projets/2020_2/project_IMU/vitis/design_IMU_AXI_wrapper/export/design_IMU_AXI_wrapper/design_IMU_AXI_wrapper.xpfm
16:12:23 INFO  : Checking for BSP changes to sync application flags for project 'IMU_project'...
16:12:28 INFO  : The hardware specfication used by project 'IMU_project' is out of sync with the platform. Resource files extracted from the hardware specfiication will be updated.
16:12:28 INFO  : The file 'D:\projets\2020_2\project_IMU\vitis\IMU_project\_ide\bitstream\design_IMU_AXI_wrapper.bit' stored in project is removed.
16:12:28 INFO  : The updated bitstream files are copied from platform to folder 'D:\projets\2020_2\project_IMU\vitis\IMU_project\_ide\bitstream' in project 'IMU_project'.
16:12:28 INFO  : The file 'D:\projets\2020_2\project_IMU\vitis\IMU_project\_ide\psinit\ps7_init.tcl' stored in project is removed.
16:12:34 INFO  : The updated ps init files are copied from platform to folder 'D:\projets\2020_2\project_IMU\vitis\IMU_project\_ide\psinit' in project 'IMU_project'.
16:12:59 INFO  : Disconnected from the channel tcfchan#17.
16:12:59 INFO  : Connected to target on host '127.0.0.1' and port '3121'.
16:13:00 INFO  : Jtag cable 'Digilent Zybo Z7 210351B48339A' is selected.
16:13:00 INFO  : 'jtag frequency' command is executed.
16:13:00 INFO  : Context for 'APU' is selected.
16:13:00 INFO  : System reset is completed.
16:13:03 INFO  : 'after 3000' command is executed.
16:13:03 INFO  : 'targets -set -filter {jtag_cable_name =~ "Digilent Zybo Z7 210351B48339A" && level==0 && jtag_device_ctx=="jsn-Zybo Z7-210351B48339A-23727093-0"}' command is executed.
16:13:05 INFO  : Device configured successfully with "D:/projets/2020_2/project_IMU/vitis/IMU_project/_ide/bitstream/design_IMU_AXI_wrapper.bit"
16:13:05 INFO  : Context for 'APU' is selected.
16:13:05 INFO  : Hardware design and registers information is loaded from 'D:/projets/2020_2/project_IMU/vitis/design_IMU_AXI_wrapper/export/design_IMU_AXI_wrapper/hw/design_IMU_AXI_wrapper.xsa'.
16:13:05 INFO  : 'configparams force-mem-access 1' command is executed.
16:13:05 INFO  : Context for 'APU' is selected.
16:13:05 INFO  : Sourcing of 'D:/projets/2020_2/project_IMU/vitis/IMU_project/_ide/psinit/ps7_init.tcl' is done.
16:13:06 INFO  : 'ps7_init' command is executed.
16:13:06 INFO  : 'ps7_post_config' command is executed.
16:13:06 INFO  : Context for processor 'ps7_cortexa9_0' is selected.
16:13:06 INFO  : The application 'D:/projets/2020_2/project_IMU/vitis/IMU_project/Debug/IMU_project.elf' is downloaded to processor 'ps7_cortexa9_0'.
16:13:06 INFO  : 'configparams force-mem-access 0' command is executed.
16:13:06 INFO  : ----------------XSDB Script----------------
connect -url tcp:127.0.0.1:3121
targets -set -nocase -filter {name =~"APU*"}
rst -system
after 3000
targets -set -filter {jtag_cable_name =~ "Digilent Zybo Z7 210351B48339A" && level==0 && jtag_device_ctx=="jsn-Zybo Z7-210351B48339A-23727093-0"}
fpga -file D:/projets/2020_2/project_IMU/vitis/IMU_project/_ide/bitstream/design_IMU_AXI_wrapper.bit
targets -set -nocase -filter {name =~"APU*"}
loadhw -hw D:/projets/2020_2/project_IMU/vitis/design_IMU_AXI_wrapper/export/design_IMU_AXI_wrapper/hw/design_IMU_AXI_wrapper.xsa -mem-ranges [list {0x40000000 0xbfffffff}] -regs
configparams force-mem-access 1
targets -set -nocase -filter {name =~"APU*"}
source D:/projets/2020_2/project_IMU/vitis/IMU_project/_ide/psinit/ps7_init.tcl
ps7_init
ps7_post_config
targets -set -nocase -filter {name =~ "*A9*#0"}
dow D:/projets/2020_2/project_IMU/vitis/IMU_project/Debug/IMU_project.elf
configparams force-mem-access 0
----------------End of Script----------------

16:13:06 INFO  : Context for processor 'ps7_cortexa9_0' is selected.
16:13:06 INFO  : 'con' command is executed.
16:13:06 INFO  : ----------------XSDB Script (After Launch)----------------
targets -set -nocase -filter {name =~ "*A9*#0"}
con
----------------End of Script----------------

16:13:06 INFO  : Launch script is exported to file 'D:\projets\2020_2\project_IMU\vitis\IMU_project_system\_ide\scripts\systemdebugger_imu_project_system_standalone.tcl'
16:13:57 INFO  : Checking for BSP changes to sync application flags for project 'IMU_project'...
16:14:01 INFO  : Disconnected from the channel tcfchan#20.
16:14:01 INFO  : Connected to target on host '127.0.0.1' and port '3121'.
16:14:01 INFO  : Jtag cable 'Digilent Zybo Z7 210351B48339A' is selected.
16:14:01 INFO  : 'jtag frequency' command is executed.
16:14:01 INFO  : Context for 'APU' is selected.
16:14:01 INFO  : System reset is completed.
16:14:04 INFO  : 'after 3000' command is executed.
16:14:04 INFO  : 'targets -set -filter {jtag_cable_name =~ "Digilent Zybo Z7 210351B48339A" && level==0 && jtag_device_ctx=="jsn-Zybo Z7-210351B48339A-23727093-0"}' command is executed.
16:14:07 INFO  : Device configured successfully with "D:/projets/2020_2/project_IMU/vitis/IMU_project/_ide/bitstream/design_IMU_AXI_wrapper.bit"
16:14:07 INFO  : Context for 'APU' is selected.
16:14:07 INFO  : Hardware design and registers information is loaded from 'D:/projets/2020_2/project_IMU/vitis/design_IMU_AXI_wrapper/export/design_IMU_AXI_wrapper/hw/design_IMU_AXI_wrapper.xsa'.
16:14:07 INFO  : 'configparams force-mem-access 1' command is executed.
16:14:07 INFO  : Context for 'APU' is selected.
16:14:07 INFO  : Sourcing of 'D:/projets/2020_2/project_IMU/vitis/IMU_project/_ide/psinit/ps7_init.tcl' is done.
16:14:07 INFO  : 'ps7_init' command is executed.
16:14:07 INFO  : 'ps7_post_config' command is executed.
16:14:07 INFO  : Context for processor 'ps7_cortexa9_0' is selected.
16:14:07 INFO  : The application 'D:/projets/2020_2/project_IMU/vitis/IMU_project/Debug/IMU_project.elf' is downloaded to processor 'ps7_cortexa9_0'.
16:14:08 INFO  : 'configparams force-mem-access 0' command is executed.
16:14:08 INFO  : ----------------XSDB Script----------------
connect -url tcp:127.0.0.1:3121
targets -set -nocase -filter {name =~"APU*"}
rst -system
after 3000
targets -set -filter {jtag_cable_name =~ "Digilent Zybo Z7 210351B48339A" && level==0 && jtag_device_ctx=="jsn-Zybo Z7-210351B48339A-23727093-0"}
fpga -file D:/projets/2020_2/project_IMU/vitis/IMU_project/_ide/bitstream/design_IMU_AXI_wrapper.bit
targets -set -nocase -filter {name =~"APU*"}
loadhw -hw D:/projets/2020_2/project_IMU/vitis/design_IMU_AXI_wrapper/export/design_IMU_AXI_wrapper/hw/design_IMU_AXI_wrapper.xsa -mem-ranges [list {0x40000000 0xbfffffff}] -regs
configparams force-mem-access 1
targets -set -nocase -filter {name =~"APU*"}
source D:/projets/2020_2/project_IMU/vitis/IMU_project/_ide/psinit/ps7_init.tcl
ps7_init
ps7_post_config
targets -set -nocase -filter {name =~ "*A9*#0"}
dow D:/projets/2020_2/project_IMU/vitis/IMU_project/Debug/IMU_project.elf
configparams force-mem-access 0
----------------End of Script----------------

16:14:08 INFO  : Context for processor 'ps7_cortexa9_0' is selected.
16:14:08 INFO  : 'con' command is executed.
16:14:08 INFO  : ----------------XSDB Script (After Launch)----------------
targets -set -nocase -filter {name =~ "*A9*#0"}
con
----------------End of Script----------------

16:14:08 INFO  : Launch script is exported to file 'D:\projets\2020_2\project_IMU\vitis\IMU_project_system\_ide\scripts\systemdebugger_imu_project_system_standalone.tcl'
16:18:02 INFO  : Disconnected from the channel tcfchan#21.
