Copyright 1986-2020 Xilinx, Inc. All Rights Reserved.
--------------------------------------------------------------------------------------------------------------------------------------------------------------------------------------------
| Tool Version : Vivado v.2020.1 (win64) Build 2902540 Wed May 27 19:54:49 MDT 2020
| Date         : Mon May 23 14:54:47 2022
| Host         : D-14JM0W2 running 64-bit major release  (build 9200)
| Command      : report_methodology -file design_IMU_wrapper_methodology_drc_routed.rpt -pb design_IMU_wrapper_methodology_drc_routed.pb -rpx design_IMU_wrapper_methodology_drc_routed.rpx
| Design       : design_IMU_wrapper
| Device       : xc7z020clg400-1
| Speed File   : -1
| Design State : Fully Routed
--------------------------------------------------------------------------------------------------------------------------------------------------------------------------------------------

Report Methodology

Table of Contents
-----------------
1. REPORT SUMMARY
2. REPORT DETAILS

1. REPORT SUMMARY
-----------------
            Netlist: netlist
          Floorplan: design_1
      Design limits: <entire design considered>
             Max violations: <unlimited>
             Violations found: 8
+-----------+----------+-------------------------------+------------+
| Rule      | Severity | Description                   | Violations |
+-----------+----------+-------------------------------+------------+
| LUTAR-1   | Warning  | LUT drives async reset alert  | 1          |
| TIMING-18 | Warning  | Missing input or output delay | 7          |
+-----------+----------+-------------------------------+------------+

2. REPORT DETAILS
-----------------
LUTAR-1#1 Warning
LUT drives async reset alert  
LUT cell design_IMU_i/filtre_anti_rebond_0/U0/o_sign_INST_0, with 2 or more inputs, drives asynchronous preset/clear pin(s) design_IMU_i/I2C_master_0/U0/ack_err_reg/CLR,
design_IMU_i/I2C_master_0/U0/addr_rw_buf_reg[0]/CLR,
design_IMU_i/I2C_master_0/U0/addr_rw_buf_reg[1]/CLR,
design_IMU_i/I2C_master_0/U0/addr_rw_buf_reg[3]/CLR,
design_IMU_i/I2C_master_0/U0/addr_rw_buf_reg[4]/CLR,
design_IMU_i/I2C_master_0/U0/addr_rw_buf_reg[6]/CLR,
design_IMU_i/I2C_master_0/U0/addr_rw_buf_reg[7]/CLR,
design_IMU_i/I2C_master_0/U0/count_reg[0]/CLR,
design_IMU_i/I2C_master_0/U0/count_reg[1]/CLR,
design_IMU_i/I2C_master_0/U0/count_reg[2]/CLR,
design_IMU_i/I2C_master_0/U0/count_reg[3]/CLR,
design_IMU_i/I2C_master_0/U0/count_reg[4]/CLR,
design_IMU_i/I2C_master_0/U0/count_reg[5]/CLR,
design_IMU_i/I2C_master_0/U0/count_reg[6]/CLR,
design_IMU_i/I2C_master_0/U0/count_reg[7]/CLR (the first 15 of 71 listed). The LUT may glitch and trigger an unexpected reset, even if it is a properly timed path.
Related violations: <none>

TIMING-18#1 Warning
Missing input or output delay  
An input delay is missing on IMU_I2C_SCL relative to clock(s) sys_clk_pin
Related violations: <none>

TIMING-18#2 Warning
Missing input or output delay  
An input delay is missing on IMU_I2C_SDA relative to clock(s) sys_clk_pin
Related violations: <none>

TIMING-18#3 Warning
Missing input or output delay  
An input delay is missing on rst_n relative to clock(s) sys_clk_pin
Related violations: <none>

TIMING-18#4 Warning
Missing input or output delay  
An output delay is missing on led[0] relative to clock(s) sys_clk_pin
Related violations: <none>

TIMING-18#5 Warning
Missing input or output delay  
An output delay is missing on led[1] relative to clock(s) sys_clk_pin
Related violations: <none>

TIMING-18#6 Warning
Missing input or output delay  
An output delay is missing on led[2] relative to clock(s) sys_clk_pin
Related violations: <none>

TIMING-18#7 Warning
Missing input or output delay  
An output delay is missing on led[3] relative to clock(s) sys_clk_pin
Related violations: <none>


