Copyright 1986-2020 Xilinx, Inc. All Rights Reserved.
-----------------------------------------------------------------------------------------------
| Tool Version : Vivado v.2020.1 (win64) Build 2902540 Wed May 27 19:54:49 MDT 2020
| Date         : Mon May 23 14:54:24 2022
| Host         : D-14JM0W2 running 64-bit major release  (build 9200)
| Command      : report_control_sets -verbose -file design_IMU_wrapper_control_sets_placed.rpt
| Design       : design_IMU_wrapper
| Device       : xc7z020
-----------------------------------------------------------------------------------------------

Control Set Information

Table of Contents
-----------------
1. Summary
2. Histogram
3. Flip-Flop Distribution
4. Detailed Control Set Information

1. Summary
----------

+----------------------------------------------------------+-------+
|                          Status                          | Count |
+----------------------------------------------------------+-------+
| Total control sets                                       |     9 |
|    Minimum number of control sets                        |     9 |
|    Addition due to synthesis replication                 |     0 |
|    Addition due to physical synthesis replication        |     0 |
| Unused register locations in slices containing registers |    29 |
+----------------------------------------------------------+-------+
* Control sets can be merged at opt_design using control_set_merge or merge_equivalent_drivers
** Run report_qor_suggestions for automated merging and remapping suggestions


2. Histogram
------------

+--------------------+-------+
|       Fanout       | Count |
+--------------------+-------+
| Total control sets |     9 |
| >= 0 to < 4        |     0 |
| >= 4 to < 6        |     2 |
| >= 6 to < 8        |     2 |
| >= 8 to < 10       |     1 |
| >= 10 to < 12      |     2 |
| >= 12 to < 14      |     1 |
| >= 14 to < 16      |     0 |
| >= 16              |     1 |
+--------------------+-------+
* Control sets can be remapped at either synth_design or opt_design


3. Flip-Flop Distribution
-------------------------

+--------------+-----------------------+------------------------+-----------------+--------------+
| Clock Enable | Synchronous Set/Reset | Asynchronous Set/Reset | Total Registers | Total Slices |
+--------------+-----------------------+------------------------+-----------------+--------------+
| No           | No                    | No                     |              13 |            8 |
| No           | No                    | Yes                    |              36 |           22 |
| No           | Yes                   | No                     |               0 |            0 |
| Yes          | No                    | No                     |              15 |            4 |
| Yes          | No                    | Yes                    |              35 |           14 |
| Yes          | Yes                   | No                     |               0 |            0 |
+--------------+-----------------------+------------------------+-----------------+--------------+


4. Detailed Control Set Information
-----------------------------------

+----------------+-------------------------------------------------------+---------------------------------------------+------------------+----------------+--------------+
|  Clock Signal  |                     Enable Signal                     |               Set/Reset Signal              | Slice Load Count | Bel Load Count | Bels / Slice |
+----------------+-------------------------------------------------------+---------------------------------------------+------------------+----------------+--------------+
|  clk_IBUF_BUFG | design_IMU_i/I2C_master_0/U0/current_state[3]_i_1_n_0 | design_IMU_i/filtre_anti_rebond_0/U0/o_sign |                2 |              4 |         2.00 |
|  clk_IBUF_BUFG | design_IMU_i/IMU_control_0/U0/cpt_ms                  | design_IMU_i/filtre_anti_rebond_0/U0/o_sign |                3 |              5 |         1.67 |
|  clk_IBUF_BUFG | design_IMU_i/I2C_master_0/U0/data_wr_buf              | design_IMU_i/filtre_anti_rebond_0/U0/o_sign |                2 |              6 |         3.00 |
|  clk_IBUF_BUFG | design_IMU_i/I2C_master_0/U0/data_wr_buf0             |                                             |                2 |              7 |         3.50 |
|  clk_IBUF_BUFG | design_IMU_i/filtre_anti_rebond_0/U0/load             |                                             |                2 |              8 |         4.00 |
|  clk_IBUF_BUFG | design_IMU_i/IMU_control_0/U0/addr_i2c[6]_i_1_n_0     | design_IMU_i/filtre_anti_rebond_0/U0/o_sign |                4 |             10 |         2.50 |
|  clk_IBUF_BUFG | design_IMU_i/time_pulse_0/U0/cpt_1us1                 | design_IMU_i/filtre_anti_rebond_0/U0/o_sign |                3 |             10 |         3.33 |
|  clk_IBUF_BUFG |                                                       |                                             |                8 |             13 |         1.62 |
|  clk_IBUF_BUFG |                                                       | design_IMU_i/filtre_anti_rebond_0/U0/o_sign |               22 |             36 |         1.64 |
+----------------+-------------------------------------------------------+---------------------------------------------+------------------+----------------+--------------+


