#-----------------------------------------------------------
# Vivado v2020.2 (64-bit)
# SW Build 3064766 on Wed Nov 18 09:12:45 MST 2020
# IP Build 3064653 on Wed Nov 18 14:17:31 MST 2020
# Start of session at: Wed Jun 22 09:44:25 2022
# Process ID: 4300
# Current directory: D:/projets/2020_2/project_IMU
# Command line: vivado.exe -gui_launcher_event rodinguilauncherevent5636 D:\projets\2020_2\project_IMU\project_IMU.xpr
# Log file: D:/projets/2020_2/project_IMU/vivado.log
# Journal file: D:/projets/2020_2/project_IMU\vivado.jou
#-----------------------------------------------------------
start_gui
open_project D:/projets/2020_2/project_IMU/project_IMU.xpr
Scanning sources...
Finished scanning sources
INFO: [IP_Flow 19-234] Refreshing IP repositories
INFO: [IP_Flow 19-1700] Loaded user IP repository 'd:/projets/2020_2/project_IMU/IP_IMU_1.0'.
INFO: [IP_Flow 19-2313] Loaded Vivado IP repository 'D:/Programmes/Vivado/2020.2/data/ip'.
open_project: Time (s): cpu = 00:00:14 ; elapsed = 00:00:13 . Memory (MB): peak = 1125.488 ; gain = 0.000
update_compile_order -fileset sources_1
exit
INFO: [Common 17-206] Exiting Vivado at Wed Jun 22 09:52:22 2022...
