#-----------------------------------------------------------
# Vivado v2020.2 (64-bit)
# SW Build 3064766 on Wed Nov 18 09:12:45 MST 2020
# IP Build 3064653 on Wed Nov 18 14:17:31 MST 2020
# Start of session at: Wed Aug  3 09:07:11 2022
# Process ID: 4280
# Current directory: D:/projets/2020_2/project_IMU
# Command line: vivado.exe -gui_launcher_event rodinguilauncherevent11436 D:\projets\2020_2\project_IMU\project_IMU.xpr
# Log file: D:/projets/2020_2/project_IMU/vivado.log
# Journal file: D:/projets/2020_2/project_IMU\vivado.jou
#-----------------------------------------------------------
start_gui
open_project D:/projets/2020_2/project_IMU/project_IMU.xpr
Scanning sources...
Finished scanning sources
INFO: [IP_Flow 19-234] Refreshing IP repositories
INFO: [IP_Flow 19-1700] Loaded user IP repository 'd:/projets/2020_2/project_IMU/IP_IMU_1.0'.
INFO: [IP_Flow 19-2313] Loaded Vivado IP repository 'D:/Programmes/Vivado/2020.2/data/ip'.
open_project: Time (s): cpu = 00:00:16 ; elapsed = 00:00:48 . Memory (MB): peak = 1126.113 ; gain = 0.000
update_compile_order -fileset sources_1
open_bd_design {D:/projets/2020_2/project_IMU/project_IMU.srcs/sources_1/bd/design_IP_I2C/design_IP_I2C.bd}
Reading block design file <D:/projets/2020_2/project_IMU/project_IMU.srcs/sources_1/bd/design_IP_I2C/design_IP_I2C.bd>...
Adding component instance block -- xilinx.com:ip:processing_system7:5.5 - processing_system7_0
Adding component instance block -- xilinx.com:ip:axi_iic:2.0 - axi_iic_0
Adding component instance block -- xilinx.com:ip:axi_interconnect:2.1 - ps7_0_axi_periph
Adding component instance block -- xilinx.com:ip:axi_protocol_converter:2.1 - auto_pc
Adding component instance block -- xilinx.com:ip:proc_sys_reset:5.0 - rst_ps7_0_50M
Successfully read diagram <design_IP_I2C> from block design file <D:/projets/2020_2/project_IMU/project_IMU.srcs/sources_1/bd/design_IP_I2C/design_IP_I2C.bd>
open_bd_design: Time (s): cpu = 00:00:14 ; elapsed = 00:00:19 . Memory (MB): peak = 1249.445 ; gain = 123.332
exit
INFO: [Common 17-206] Exiting Vivado at Wed Aug  3 09:16:00 2022...
