Copyright 1986-2020 Xilinx, Inc. All Rights Reserved.
--------------------------------------------------------------------------------------------------
| Tool Version : Vivado v.2020.2 (win64) Build 3064766 Wed Nov 18 09:12:45 MST 2020
| Date         : Wed Jul 20 13:39:24 2022
| Host         : D-14JM0W2 running 64-bit major release  (build 9200)
| Command      : report_control_sets -verbose -file design_IP_I2C_wrapper_control_sets_placed.rpt
| Design       : design_IP_I2C_wrapper
| Device       : xc7z020
--------------------------------------------------------------------------------------------------

Control Set Information

Table of Contents
-----------------
1. Summary
2. Histogram
3. Flip-Flop Distribution
4. Detailed Control Set Information

1. Summary
----------

+----------------------------------------------------------+-------+
|                          Status                          | Count |
+----------------------------------------------------------+-------+
| Total control sets                                       |    65 |
|    Minimum number of control sets                        |    65 |
|    Addition due to synthesis replication                 |     0 |
|    Addition due to physical synthesis replication        |     0 |
| Unused register locations in slices containing registers |   137 |
+----------------------------------------------------------+-------+
* Control sets can be merged at opt_design using control_set_merge or merge_equivalent_drivers
** Run report_qor_suggestions for automated merging and remapping suggestions


2. Histogram
------------

+--------------------+-------+
|       Fanout       | Count |
+--------------------+-------+
| Total control sets |    65 |
| >= 0 to < 4        |     4 |
| >= 4 to < 6        |    13 |
| >= 6 to < 8        |     4 |
| >= 8 to < 10       |    18 |
| >= 10 to < 12      |     5 |
| >= 12 to < 14      |     6 |
| >= 14 to < 16      |     2 |
| >= 16              |    13 |
+--------------------+-------+
* Control sets can be remapped at either synth_design or opt_design


3. Flip-Flop Distribution
-------------------------

+--------------+-----------------------+------------------------+-----------------+--------------+
| Clock Enable | Synchronous Set/Reset | Asynchronous Set/Reset | Total Registers | Total Slices |
+--------------+-----------------------+------------------------+-----------------+--------------+
| No           | No                    | No                     |             143 |           46 |
| No           | No                    | Yes                    |               0 |            0 |
| No           | Yes                   | No                     |             133 |           45 |
| Yes          | No                    | No                     |             295 |           74 |
| Yes          | No                    | Yes                    |               0 |            0 |
| Yes          | Yes                   | No                     |             236 |           74 |
+--------------+-----------------------+------------------------+-----------------+--------------+


4. Detailed Control Set Information
-----------------------------------

+------------------------------------------------------+---------------------------------------------------------------------------------------------------------------------------------------------------------------------+------------------------------------------------------------------------------------------------------------------------------------------------------------+------------------+----------------+--------------+
|                     Clock Signal                     |                                                                            Enable Signal                                                                            |                                                                      Set/Reset Signal                                                                      | Slice Load Count | Bel Load Count | Bels / Slice |
+------------------------------------------------------+---------------------------------------------------------------------------------------------------------------------------------------------------------------------+------------------------------------------------------------------------------------------------------------------------------------------------------------+------------------+----------------+--------------+
|  design_IP_I2C_i/processing_system7_0/inst/FCLK_CLK0 | design_IP_I2C_i/axi_iic_0/U0/X_IIC/REG_INTERFACE_I/p_3_in                                                                                                           | design_IP_I2C_i/axi_iic_0/U0/X_IIC/REG_INTERFACE_I/Tx_fifo_rst                                                                                             |                1 |              1 |         1.00 |
|  design_IP_I2C_i/processing_system7_0/inst/FCLK_CLK0 | design_IP_I2C_i/ps7_0_axi_periph/s00_couplers/auto_pc/inst/gen_axilite.gen_b2s_conv.axilite_b2s/WR.aw_channel_0/aw_cmd_fsm_0/FSM_sequential_state_reg[0]_1          | design_IP_I2C_i/ps7_0_axi_periph/s00_couplers/auto_pc/inst/gen_axilite.gen_b2s_conv.axilite_b2s/WR.aw_channel_0/aw_cmd_fsm_0/FSM_sequential_state_reg[0]_0 |                1 |              1 |         1.00 |
|  design_IP_I2C_i/processing_system7_0/inst/FCLK_CLK0 | design_IP_I2C_i/ps7_0_axi_periph/s00_couplers/auto_pc/inst/gen_axilite.gen_b2s_conv.axilite_b2s/WR.b_channel_0/bid_fifo_0/sel                                       |                                                                                                                                                            |                1 |              2 |         2.00 |
|  design_IP_I2C_i/processing_system7_0/inst/FCLK_CLK0 | design_IP_I2C_i/axi_iic_0/U0/X_IIC/WRITE_FIFO_CTRL_I/CI                                                                                                             |                                                                                                                                                            |                1 |              2 |         2.00 |
|  design_IP_I2C_i/processing_system7_0/inst/FCLK_CLK0 | design_IP_I2C_i/axi_iic_0/U0/X_IIC/WRITE_FIFO_CTRL_I/Data_Exists_DFF_0                                                                                              | design_IP_I2C_i/axi_iic_0/U0/X_IIC/REG_INTERFACE_I/Tx_fifo_rst                                                                                             |                1 |              4 |         4.00 |
|  design_IP_I2C_i/processing_system7_0/inst/FCLK_CLK0 |                                                                                                                                                                     | design_IP_I2C_i/ps7_0_axi_periph/s00_couplers/auto_pc/inst/gen_axilite.gen_b2s_conv.axilite_b2s/SI_REG/aw.aw_pipe/aresetn_d_reg[0]_0                       |                1 |              4 |         4.00 |
|  design_IP_I2C_i/processing_system7_0/inst/FCLK_CLK0 | design_IP_I2C_i/axi_iic_0/U0/X_IIC/X_AXI_IPIF_SSP1/AXI_LITE_IPIF_I/I_SLAVE_ATTACHMENT/I_DECODER/Bus2IIC_WrCE[8]                                                     | design_IP_I2C_i/axi_iic_0/U0/X_IIC/X_AXI_IPIF_SSP1/X_SOFT_RESET/SR[0]                                                                                      |                1 |              4 |         4.00 |
|  design_IP_I2C_i/processing_system7_0/inst/FCLK_CLK0 |                                                                                                                                                                     | design_IP_I2C_i/axi_iic_0/U0/X_IIC/X_AXI_IPIF_SSP1/AXI_LITE_IPIF_I/I_SLAVE_ATTACHMENT/INCLUDE_DPHASE_TIMER.dpto_cnt[3]_i_1_n_0                             |                1 |              4 |         4.00 |
|  design_IP_I2C_i/processing_system7_0/inst/FCLK_CLK0 | design_IP_I2C_i/ps7_0_axi_periph/s00_couplers/auto_pc/inst/gen_axilite.gen_b2s_conv.axilite_b2s/RD.ar_channel_0/ar_cmd_fsm_0/m_axi_arready_2                        | design_IP_I2C_i/ps7_0_axi_periph/s00_couplers/auto_pc/inst/gen_axilite.gen_b2s_conv.axilite_b2s/RD.ar_channel_0/ar_cmd_fsm_0/FSM_sequential_state_reg[1]_0 |                1 |              4 |         4.00 |
|  design_IP_I2C_i/processing_system7_0/inst/FCLK_CLK0 |                                                                                                                                                                     | design_IP_I2C_i/ps7_0_axi_periph/s00_couplers/auto_pc/inst/gen_axilite.gen_b2s_conv.axilite_b2s/SI_REG/ar.ar_pipe/aresetn_d_reg[1]_inv_0                   |                2 |              4 |         2.00 |
|  design_IP_I2C_i/processing_system7_0/inst/FCLK_CLK0 | design_IP_I2C_i/axi_iic_0/U0/X_IIC/IIC_CONTROL_I/BITCNT/q_int[0]_i_1__0_n_0                                                                                         | design_IP_I2C_i/axi_iic_0/U0/X_IIC/REG_INTERFACE_I/cr_i_reg[7]_0                                                                                           |                1 |              4 |         4.00 |
|  design_IP_I2C_i/processing_system7_0/inst/FCLK_CLK0 | design_IP_I2C_i/axi_iic_0/U0/X_IIC/WRITE_FIFO_I/Tx_data_exists                                                                                                      | design_IP_I2C_i/axi_iic_0/U0/X_IIC/REG_INTERFACE_I/Tx_fifo_rst                                                                                             |                1 |              4 |         4.00 |
|  design_IP_I2C_i/processing_system7_0/inst/FCLK_CLK0 | design_IP_I2C_i/axi_iic_0/U0/X_IIC/READ_FIFO_I/Rc_Data_Exists                                                                                                       | design_IP_I2C_i/axi_iic_0/U0/X_IIC/X_AXI_IPIF_SSP1/X_SOFT_RESET/SR[0]                                                                                      |                1 |              4 |         4.00 |
|  design_IP_I2C_i/processing_system7_0/inst/FCLK_CLK0 |                                                                                                                                                                     | design_IP_I2C_i/rst_ps7_0_50M/U0/EXT_LPF/lpf_int                                                                                                           |                1 |              4 |         4.00 |
|  design_IP_I2C_i/processing_system7_0/inst/FCLK_CLK0 | design_IP_I2C_i/ps7_0_axi_periph/s00_couplers/auto_pc/inst/gen_axilite.gen_b2s_conv.axilite_b2s/RD.r_channel_0/transaction_fifo_0/cnt_read[4]_i_1_n_0               | design_IP_I2C_i/ps7_0_axi_periph/s00_couplers/auto_pc/inst/gen_axilite.gen_b2s_conv.axilite_b2s/areset_d1                                                  |                2 |              5 |         2.50 |
|  design_IP_I2C_i/processing_system7_0/inst/FCLK_CLK0 | design_IP_I2C_i/axi_iic_0/U0/X_IIC/X_AXI_IPIF_SSP1/AXI_LITE_IPIF_I/I_SLAVE_ATTACHMENT/I_DECODER/Bus2IIC_WrCE[11]                                                    | design_IP_I2C_i/axi_iic_0/U0/X_IIC/X_AXI_IPIF_SSP1/X_SOFT_RESET/SR[0]                                                                                      |                1 |              5 |         5.00 |
|  design_IP_I2C_i/processing_system7_0/inst/FCLK_CLK0 | design_IP_I2C_i/ps7_0_axi_periph/s00_couplers/auto_pc/inst/gen_axilite.gen_b2s_conv.axilite_b2s/RD.r_channel_0/rd_data_fifo_0/cnt_read[4]_i_1__0_n_0                | design_IP_I2C_i/ps7_0_axi_periph/s00_couplers/auto_pc/inst/gen_axilite.gen_b2s_conv.axilite_b2s/areset_d1                                                  |                2 |              5 |         2.50 |
|  design_IP_I2C_i/processing_system7_0/inst/FCLK_CLK0 |                                                                                                                                                                     | design_IP_I2C_i/axi_iic_0/U0/X_IIC/X_AXI_IPIF_SSP1/X_SOFT_RESET/AXI_Bus2IP_Reset                                                                           |                2 |              6 |         3.00 |
|  design_IP_I2C_i/processing_system7_0/inst/FCLK_CLK0 |                                                                                                                                                                     | design_IP_I2C_i/axi_iic_0/U0/X_IIC/REG_INTERFACE_I/Tx_fifo_rst                                                                                             |                2 |              6 |         3.00 |
|  design_IP_I2C_i/processing_system7_0/inst/FCLK_CLK0 | design_IP_I2C_i/rst_ps7_0_50M/U0/SEQ/seq_cnt_en                                                                                                                     | design_IP_I2C_i/rst_ps7_0_50M/U0/SEQ/SEQ_COUNTER/clear                                                                                                     |                1 |              6 |         6.00 |
|  design_IP_I2C_i/processing_system7_0/inst/FCLK_CLK0 | design_IP_I2C_i/axi_iic_0/U0/X_IIC/X_AXI_IPIF_SSP1/AXI_LITE_IPIF_I/I_SLAVE_ATTACHMENT/I_DECODER/Bus2IIC_WrCE[9]                                                     | design_IP_I2C_i/axi_iic_0/U0/X_IIC/X_AXI_IPIF_SSP1/X_SOFT_RESET/SR[0]                                                                                      |                2 |              7 |         3.50 |
|  design_IP_I2C_i/processing_system7_0/inst/FCLK_CLK0 | design_IP_I2C_i/axi_iic_0/U0/X_IIC/X_AXI_IPIF_SSP1/AXI_LITE_IPIF_I/I_SLAVE_ATTACHMENT/I_DECODER/Bus2IIC_WrCE[3]                                                     | design_IP_I2C_i/axi_iic_0/U0/X_IIC/X_AXI_IPIF_SSP1/X_SOFT_RESET/SR[0]                                                                                      |                3 |              8 |         2.67 |
|  design_IP_I2C_i/processing_system7_0/inst/FCLK_CLK0 | design_IP_I2C_i/axi_iic_0/U0/X_IIC/X_AXI_IPIF_SSP1/AXI_LITE_IPIF_I/I_SLAVE_ATTACHMENT/I_DECODER/Bus2IIC_WrCE[6]                                                     | design_IP_I2C_i/axi_iic_0/U0/X_IIC/X_AXI_IPIF_SSP1/X_SOFT_RESET/SR[0]                                                                                      |                2 |              8 |         4.00 |
|  design_IP_I2C_i/processing_system7_0/inst/FCLK_CLK0 | design_IP_I2C_i/axi_iic_0/U0/X_IIC/X_AXI_IPIF_SSP1/AXI_LITE_IPIF_I/I_SLAVE_ATTACHMENT/I_DECODER/E[0]                                                                | design_IP_I2C_i/axi_iic_0/U0/X_IIC/X_AXI_IPIF_SSP1/X_SOFT_RESET/SR[0]                                                                                      |                2 |              8 |         4.00 |
|  design_IP_I2C_i/processing_system7_0/inst/FCLK_CLK0 | design_IP_I2C_i/axi_iic_0/U0/X_IIC/WRITE_FIFO_I/CI                                                                                                                  |                                                                                                                                                            |                1 |              8 |         8.00 |
|  design_IP_I2C_i/processing_system7_0/inst/FCLK_CLK0 | design_IP_I2C_i/axi_iic_0/U0/X_IIC/X_AXI_IPIF_SSP1/AXI_LITE_IPIF_I/I_SLAVE_ATTACHMENT/I_DECODER/Bus2IIC_WrCE[2]                                                     | design_IP_I2C_i/axi_iic_0/U0/X_IIC/X_AXI_IPIF_SSP1/X_SOFT_RESET/SR[0]                                                                                      |                2 |              8 |         4.00 |
|  design_IP_I2C_i/processing_system7_0/inst/FCLK_CLK0 | design_IP_I2C_i/axi_iic_0/U0/X_IIC/X_AXI_IPIF_SSP1/AXI_LITE_IPIF_I/I_SLAVE_ATTACHMENT/I_DECODER/Bus2IIC_WrCE[1]                                                     | design_IP_I2C_i/axi_iic_0/U0/X_IIC/X_AXI_IPIF_SSP1/X_SOFT_RESET/SR[0]                                                                                      |                2 |              8 |         4.00 |
|  design_IP_I2C_i/processing_system7_0/inst/FCLK_CLK0 | design_IP_I2C_i/axi_iic_0/U0/X_IIC/X_AXI_IPIF_SSP1/AXI_LITE_IPIF_I/I_SLAVE_ATTACHMENT/I_DECODER/Bus2IIC_WrCE[5]                                                     | design_IP_I2C_i/axi_iic_0/U0/X_IIC/X_AXI_IPIF_SSP1/X_SOFT_RESET/SR[0]                                                                                      |                3 |              8 |         2.67 |
|  design_IP_I2C_i/processing_system7_0/inst/FCLK_CLK0 | design_IP_I2C_i/axi_iic_0/U0/X_IIC/X_AXI_IPIF_SSP1/AXI_LITE_IPIF_I/I_SLAVE_ATTACHMENT/I_DECODER/Bus2IIC_WrCE[7]                                                     | design_IP_I2C_i/axi_iic_0/U0/X_IIC/X_AXI_IPIF_SSP1/X_SOFT_RESET/SR[0]                                                                                      |                2 |              8 |         4.00 |
|  design_IP_I2C_i/processing_system7_0/inst/FCLK_CLK0 | design_IP_I2C_i/ps7_0_axi_periph/s00_couplers/auto_pc/inst/gen_axilite.gen_b2s_conv.axilite_b2s/WR.b_channel_0/mhandshake_r                                         | design_IP_I2C_i/ps7_0_axi_periph/s00_couplers/auto_pc/inst/gen_axilite.gen_b2s_conv.axilite_b2s/WR.b_channel_0/bid_fifo_0/SR[0]                            |                2 |              8 |         4.00 |
|  design_IP_I2C_i/processing_system7_0/inst/FCLK_CLK0 | design_IP_I2C_i/axi_iic_0/U0/X_IIC/DYN_MASTER_I/rdByteCntr[0]_i_1_n_0                                                                                               | design_IP_I2C_i/axi_iic_0/U0/X_IIC/REG_INTERFACE_I/Tx_fifo_rst                                                                                             |                3 |              8 |         2.67 |
|  design_IP_I2C_i/processing_system7_0/inst/FCLK_CLK0 | design_IP_I2C_i/axi_iic_0/U0/X_IIC/IIC_CONTROL_I/CLKCNT/q_int[0]_i_1__1_n_0                                                                                         | design_IP_I2C_i/axi_iic_0/U0/X_IIC/REG_INTERFACE_I/cr_i_reg[7]_0                                                                                           |                3 |              8 |         2.67 |
|  design_IP_I2C_i/processing_system7_0/inst/FCLK_CLK0 | design_IP_I2C_i/axi_iic_0/U0/X_IIC/IIC_CONTROL_I/I2CDATA_REG/data_int[7]_i_1_n_0                                                                                    | design_IP_I2C_i/axi_iic_0/U0/X_IIC/REG_INTERFACE_I/cr_i_reg[7]_0                                                                                           |                2 |              8 |         4.00 |
|  design_IP_I2C_i/processing_system7_0/inst/FCLK_CLK0 | design_IP_I2C_i/axi_iic_0/U0/X_IIC/IIC_CONTROL_I/SETUP_CNT/q_int[0]_i_1_n_0                                                                                         | design_IP_I2C_i/axi_iic_0/U0/X_IIC/REG_INTERFACE_I/cr_i_reg[7]_0                                                                                           |                2 |              8 |         4.00 |
|  design_IP_I2C_i/processing_system7_0/inst/FCLK_CLK0 | design_IP_I2C_i/axi_iic_0/U0/X_IIC/IIC_CONTROL_I/data_i2c_i0                                                                                                        | design_IP_I2C_i/axi_iic_0/U0/X_IIC/REG_INTERFACE_I/cr_i_reg[7]_0                                                                                           |                1 |              8 |         8.00 |
|  design_IP_I2C_i/processing_system7_0/inst/FCLK_CLK0 | design_IP_I2C_i/axi_iic_0/U0/X_IIC/IIC_CONTROL_I/i2c_header_en                                                                                                      | design_IP_I2C_i/axi_iic_0/U0/X_IIC/REG_INTERFACE_I/cr_i_reg[7]_0                                                                                           |                2 |              8 |         4.00 |
|  design_IP_I2C_i/processing_system7_0/inst/FCLK_CLK0 | design_IP_I2C_i/axi_iic_0/U0/X_IIC/X_AXI_IPIF_SSP1/AXI_LITE_IPIF_I/I_SLAVE_ATTACHMENT/I_DECODER/Bus2IIC_WrCE[0]                                                     | design_IP_I2C_i/axi_iic_0/U0/X_IIC/X_AXI_IPIF_SSP1/X_SOFT_RESET/SR[0]                                                                                      |                3 |              8 |         2.67 |
|  design_IP_I2C_i/processing_system7_0/inst/FCLK_CLK0 | design_IP_I2C_i/axi_iic_0/U0/X_IIC/READ_FIFO_I/CI                                                                                                                   |                                                                                                                                                            |                1 |              8 |         8.00 |
|  design_IP_I2C_i/processing_system7_0/inst/FCLK_CLK0 | design_IP_I2C_i/axi_iic_0/U0/X_IIC/X_AXI_IPIF_SSP1/AXI_LITE_IPIF_I/I_SLAVE_ATTACHMENT/I_DECODER/Bus2IIC_WrCE[4]                                                     | design_IP_I2C_i/axi_iic_0/U0/X_IIC/X_AXI_IPIF_SSP1/X_SOFT_RESET/SR[0]                                                                                      |                1 |              8 |         8.00 |
|  design_IP_I2C_i/processing_system7_0/inst/FCLK_CLK0 |                                                                                                                                                                     | design_IP_I2C_i/ps7_0_axi_periph/s00_couplers/auto_pc/inst/gen_axilite.gen_b2s_conv.axilite_b2s/areset_d1                                                  |                5 |             10 |         2.00 |
|  design_IP_I2C_i/processing_system7_0/inst/FCLK_CLK0 | design_IP_I2C_i/axi_iic_0/U0/X_IIC/X_AXI_IPIF_SSP1/AXI_LITE_IPIF_I/I_SLAVE_ATTACHMENT/bus2ip_addr_i[8]_i_1_n_0                                                      | design_IP_I2C_i/axi_iic_0/U0/X_IIC/X_AXI_IPIF_SSP1/AXI_LITE_IPIF_I/I_SLAVE_ATTACHMENT/rst                                                                  |                3 |             10 |         3.33 |
|  design_IP_I2C_i/processing_system7_0/inst/FCLK_CLK0 | design_IP_I2C_i/axi_iic_0/U0/X_IIC/IIC_CONTROL_I/FSM_onehot_scl_state[9]_i_2_n_0                                                                                    | design_IP_I2C_i/axi_iic_0/U0/X_IIC/REG_INTERFACE_I/cr_i_reg[7]_0                                                                                           |                7 |             10 |         1.43 |
|  design_IP_I2C_i/processing_system7_0/inst/FCLK_CLK0 | design_IP_I2C_i/axi_iic_0/U0/X_IIC/X_AXI_IPIF_SSP1/AXI_LITE_IPIF_I/I_SLAVE_ATTACHMENT/s_axi_rresp_i                                                                 | design_IP_I2C_i/axi_iic_0/U0/X_IIC/X_AXI_IPIF_SSP1/AXI_LITE_IPIF_I/I_SLAVE_ATTACHMENT/rst                                                                  |                5 |             10 |         2.00 |
|  design_IP_I2C_i/processing_system7_0/inst/FCLK_CLK0 | design_IP_I2C_i/ps7_0_axi_periph/s00_couplers/auto_pc/inst/gen_axilite.gen_b2s_conv.axilite_b2s/RD.r_channel_0/rd_data_fifo_0/wr_en0                                |                                                                                                                                                            |                3 |             10 |         3.33 |
|  design_IP_I2C_i/processing_system7_0/inst/FCLK_CLK0 | design_IP_I2C_i/ps7_0_axi_periph/s00_couplers/auto_pc/inst/gen_axilite.gen_b2s_conv.axilite_b2s/RD.ar_channel_0/ar_cmd_fsm_0/E[0]                                   |                                                                                                                                                            |                5 |             12 |         2.40 |
|  design_IP_I2C_i/processing_system7_0/inst/FCLK_CLK0 | design_IP_I2C_i/ps7_0_axi_periph/s00_couplers/auto_pc/inst/gen_axilite.gen_b2s_conv.axilite_b2s/WR.aw_channel_0/aw_cmd_fsm_0/m_valid_i_reg[0]                       |                                                                                                                                                            |                7 |             12 |         1.71 |
|  design_IP_I2C_i/processing_system7_0/inst/FCLK_CLK0 | design_IP_I2C_i/ps7_0_axi_periph/s00_couplers/auto_pc/inst/gen_axilite.gen_b2s_conv.axilite_b2s/WR.aw_channel_0/cmd_translator_0/incr_cmd_0/axaddr_incr[11]_i_1_n_0 |                                                                                                                                                            |                3 |             12 |         4.00 |
|  design_IP_I2C_i/processing_system7_0/inst/FCLK_CLK0 |                                                                                                                                                                     | design_IP_I2C_i/axi_iic_0/U0/X_IIC/X_AXI_IPIF_SSP1/AXI_LITE_IPIF_I/I_SLAVE_ATTACHMENT/rst                                                                  |                5 |             12 |         2.40 |
|  design_IP_I2C_i/processing_system7_0/inst/FCLK_CLK0 | design_IP_I2C_i/ps7_0_axi_periph/s00_couplers/auto_pc/inst/gen_axilite.gen_b2s_conv.axilite_b2s/RD.ar_channel_0/ar_cmd_fsm_0/sel_first_reg[0]                       |                                                                                                                                                            |                3 |             12 |         4.00 |
|  design_IP_I2C_i/processing_system7_0/inst/FCLK_CLK0 | design_IP_I2C_i/ps7_0_axi_periph/s00_couplers/auto_pc/inst/gen_axilite.gen_b2s_conv.axilite_b2s/RD.r_channel_0/r_push_r                                             |                                                                                                                                                            |                4 |             13 |         3.25 |
|  design_IP_I2C_i/processing_system7_0/inst/FCLK_CLK0 | design_IP_I2C_i/ps7_0_axi_periph/s00_couplers/auto_pc/inst/gen_axilite.gen_b2s_conv.axilite_b2s/SI_REG/b.b_pipe/s_ready_i_reg_0                                     |                                                                                                                                                            |                2 |             14 |         7.00 |
|  design_IP_I2C_i/processing_system7_0/inst/FCLK_CLK0 | design_IP_I2C_i/ps7_0_axi_periph/s00_couplers/auto_pc/inst/gen_axilite.gen_b2s_conv.axilite_b2s/SI_REG/b.b_pipe/p_1_in                                              |                                                                                                                                                            |                2 |             14 |         7.00 |
|  design_IP_I2C_i/processing_system7_0/inst/FCLK_CLK0 | design_IP_I2C_i/ps7_0_axi_periph/s00_couplers/auto_pc/inst/gen_axilite.gen_b2s_conv.axilite_b2s/WR.aw_channel_0/aw_cmd_fsm_0/m_axi_awready_0                        |                                                                                                                                                            |                3 |             16 |         5.33 |
|  design_IP_I2C_i/processing_system7_0/inst/FCLK_CLK0 | design_IP_I2C_i/ps7_0_axi_periph/s00_couplers/auto_pc/inst/gen_axilite.gen_b2s_conv.axilite_b2s/RD.ar_channel_0/ar_cmd_fsm_0/m_axi_arready_2                        |                                                                                                                                                            |                8 |             21 |         2.62 |
|  design_IP_I2C_i/processing_system7_0/inst/FCLK_CLK0 | design_IP_I2C_i/ps7_0_axi_periph/s00_couplers/auto_pc/inst/gen_axilite.gen_b2s_conv.axilite_b2s/SI_REG/r.r_pipe/s_ready_i_reg_0                                     |                                                                                                                                                            |                5 |             23 |         4.60 |
|  design_IP_I2C_i/processing_system7_0/inst/FCLK_CLK0 | design_IP_I2C_i/ps7_0_axi_periph/s00_couplers/auto_pc/inst/gen_axilite.gen_b2s_conv.axilite_b2s/SI_REG/r.r_pipe/p_1_in                                              |                                                                                                                                                            |                4 |             23 |         5.75 |
|  design_IP_I2C_i/processing_system7_0/inst/FCLK_CLK0 | design_IP_I2C_i/axi_iic_0/U0/X_IIC/X_AXI_IPIF_SSP1/AXI_LITE_IPIF_I/I_SLAVE_ATTACHMENT/start2                                                                        | design_IP_I2C_i/axi_iic_0/U0/X_IIC/X_AXI_IPIF_SSP1/AXI_LITE_IPIF_I/I_SLAVE_ATTACHMENT/I_DECODER/cs_ce_clr                                                  |                8 |             24 |         3.00 |
|  design_IP_I2C_i/processing_system7_0/inst/FCLK_CLK0 | design_IP_I2C_i/ps7_0_axi_periph/s00_couplers/auto_pc/inst/gen_axilite.gen_b2s_conv.axilite_b2s/WR.aw_channel_0/aw_cmd_fsm_0/FSM_sequential_state_reg[0]_1          |                                                                                                                                                            |               10 |             24 |         2.40 |
|  design_IP_I2C_i/processing_system7_0/inst/FCLK_CLK0 | design_IP_I2C_i/ps7_0_axi_periph/s00_couplers/auto_pc/inst/gen_axilite.gen_b2s_conv.axilite_b2s/SI_REG/ar.ar_pipe/s_ready_i_reg_0                                   |                                                                                                                                                            |                6 |             32 |         5.33 |
|  design_IP_I2C_i/processing_system7_0/inst/FCLK_CLK0 | design_IP_I2C_i/ps7_0_axi_periph/s00_couplers/auto_pc/inst/gen_axilite.gen_b2s_conv.axilite_b2s/SI_REG/aw.aw_pipe/s_ready_i_reg_0                                   |                                                                                                                                                            |                5 |             32 |         6.40 |
|  design_IP_I2C_i/processing_system7_0/inst/FCLK_CLK0 | design_IP_I2C_i/ps7_0_axi_periph/s00_couplers/auto_pc/inst/gen_axilite.gen_b2s_conv.axilite_b2s/RD.ar_channel_0/ar_cmd_fsm_0/m_valid_i_reg[0]                       |                                                                                                                                                            |                8 |             32 |         4.00 |
|  design_IP_I2C_i/processing_system7_0/inst/FCLK_CLK0 | design_IP_I2C_i/ps7_0_axi_periph/s00_couplers/auto_pc/inst/gen_axilite.gen_b2s_conv.axilite_b2s/WR.aw_channel_0/aw_cmd_fsm_0/E[0]                                   |                                                                                                                                                            |                6 |             32 |         5.33 |
|  design_IP_I2C_i/processing_system7_0/inst/FCLK_CLK0 |                                                                                                                                                                     | design_IP_I2C_i/axi_iic_0/U0/X_IIC/REG_INTERFACE_I/cr_i_reg[7]_0                                                                                           |               14 |             41 |         2.93 |
|  design_IP_I2C_i/processing_system7_0/inst/FCLK_CLK0 |                                                                                                                                                                     | design_IP_I2C_i/axi_iic_0/U0/X_IIC/X_AXI_IPIF_SSP1/X_SOFT_RESET/SR[0]                                                                                      |               12 |             42 |         3.50 |
|  design_IP_I2C_i/processing_system7_0/inst/FCLK_CLK0 |                                                                                                                                                                     |                                                                                                                                                            |               47 |            144 |         3.06 |
+------------------------------------------------------+---------------------------------------------------------------------------------------------------------------------------------------------------------------------+------------------------------------------------------------------------------------------------------------------------------------------------------------+------------------+----------------+--------------+


