
*** Running vivado
    with args -log design_dijkstra_reg_Balise_0_1.vds -m64 -product Vivado -mode batch -messageDb vivado.pb -notrace -source design_dijkstra_reg_Balise_0_1.tcl



****** Vivado v2020.2 (64-bit)
  **** SW Build 3064766 on Wed Nov 18 09:12:45 MST 2020
  **** IP Build 3064653 on Wed Nov 18 14:17:31 MST 2020
    ** Copyright 1986-2020 Xilinx, Inc. All Rights Reserved.

source design_dijkstra_reg_Balise_0_1.tcl -notrace
INFO: [IP_Flow 19-234] Refreshing IP repositories
WARNING: [IP_Flow 19-3685] Ignored loading user repository 'd:/projets/2020_2/ip_repo/Timer_ronde_1.0'. The path is contained within another repository.
WARNING: [IP_Flow 19-3685] Ignored loading user repository 'd:/projets/2020_2/ip_repo/Balise_1.0'. The path is contained within another repository.
WARNING: [IP_Flow 19-3685] Ignored loading user repository 'd:/projets/2020_2/ip_repo/Dijkstra_reg_1.0'. The path is contained within another repository.
INFO: [IP_Flow 19-1700] Loaded user IP repository 'd:/projets/2020_2/ip_repo'.
INFO: [IP_Flow 19-2313] Loaded Vivado IP repository 'D:/Programmes/Vivado/2020.2/data/ip'.
Command: synth_design -top design_dijkstra_reg_Balise_0_1 -part xc7z020clg400-1 -mode out_of_context
Starting synth_design
Attempting to get a license for feature 'Synthesis' and/or device 'xc7z020'
INFO: [Common 17-349] Got license for feature 'Synthesis' and/or device 'xc7z020'
INFO: [Device 21-403] Loading part xc7z020clg400-1
INFO: [Synth 8-7079] Multithreading enabled for synth_design using a maximum of 2 processes.
INFO: [Synth 8-7078] Launching helper process for spawning children vivado processes
INFO: [Synth 8-7075] Helper process launched with PID 22864
---------------------------------------------------------------------------------
Starting RTL Elaboration : Time (s): cpu = 00:00:04 ; elapsed = 00:00:06 . Memory (MB): peak = 1177.258 ; gain = 50.656
---------------------------------------------------------------------------------
INFO: [Synth 8-638] synthesizing module 'design_dijkstra_reg_Balise_0_1' [d:/projets/2020_2/project_FPGA/project_FPGA.gen/sources_1/bd/design_dijkstra_reg/ip/design_dijkstra_reg_Balise_0_1/synth/design_dijkstra_reg_Balise_0_1.vhd:84]
	Parameter C_S00_AXI_DATA_WIDTH bound to: 32 - type: integer 
	Parameter C_S00_AXI_ADDR_WIDTH bound to: 4 - type: integer 
INFO: [Synth 8-3491] module 'Balise_v1_0' declared at 'd:/projets/2020_2/project_FPGA/project_FPGA.gen/sources_1/bd/design_dijkstra_reg/ipshared/b3fe/hdl/Balise_v1_0.vhd:5' bound to instance 'U0' of component 'Balise_v1_0' [d:/projets/2020_2/project_FPGA/project_FPGA.gen/sources_1/bd/design_dijkstra_reg/ip/design_dijkstra_reg_Balise_0_1/synth/design_dijkstra_reg_Balise_0_1.vhd:150]
INFO: [Synth 8-638] synthesizing module 'Balise_v1_0' [d:/projets/2020_2/project_FPGA/project_FPGA.gen/sources_1/bd/design_dijkstra_reg/ipshared/b3fe/hdl/Balise_v1_0.vhd:50]
	Parameter C_S00_AXI_DATA_WIDTH bound to: 32 - type: integer 
	Parameter C_S00_AXI_ADDR_WIDTH bound to: 4 - type: integer 
	Parameter C_S_AXI_DATA_WIDTH bound to: 32 - type: integer 
	Parameter C_S_AXI_ADDR_WIDTH bound to: 4 - type: integer 
INFO: [Synth 8-3491] module 'Balise_v1_0_S00_AXI' declared at 'd:/projets/2020_2/project_FPGA/project_FPGA.gen/sources_1/bd/design_dijkstra_reg/ipshared/b3fe/hdl/Balise_v1_0_S00_AXI.vhd:5' bound to instance 'Balise_v1_0_S00_AXI_inst' of component 'Balise_v1_0_S00_AXI' [d:/projets/2020_2/project_FPGA/project_FPGA.gen/sources_1/bd/design_dijkstra_reg/ipshared/b3fe/hdl/Balise_v1_0.vhd:88]
INFO: [Synth 8-638] synthesizing module 'Balise_v1_0_S00_AXI' [d:/projets/2020_2/project_FPGA/project_FPGA.gen/sources_1/bd/design_dijkstra_reg/ipshared/b3fe/hdl/Balise_v1_0_S00_AXI.vhd:87]
	Parameter C_S_AXI_DATA_WIDTH bound to: 32 - type: integer 
	Parameter C_S_AXI_ADDR_WIDTH bound to: 4 - type: integer 
INFO: [Synth 8-226] default block is never used [d:/projets/2020_2/project_FPGA/project_FPGA.gen/sources_1/bd/design_dijkstra_reg/ipshared/b3fe/hdl/Balise_v1_0_S00_AXI.vhd:256]
INFO: [Synth 8-226] default block is never used [d:/projets/2020_2/project_FPGA/project_FPGA.gen/sources_1/bd/design_dijkstra_reg/ipshared/b3fe/hdl/Balise_v1_0_S00_AXI.vhd:386]
	Parameter g_CLKS_PER_BIT bound to: 5208 - type: integer 
INFO: [Synth 8-3491] module 'UART_RX' declared at 'd:/projets/2020_2/project_FPGA/project_FPGA.gen/sources_1/bd/design_dijkstra_reg/ipshared/b3fe/src/uart_rx.vhd:18' bound to instance 'RX' of component 'UART_RX' [d:/projets/2020_2/project_FPGA/project_FPGA.gen/sources_1/bd/design_dijkstra_reg/ipshared/b3fe/hdl/Balise_v1_0_S00_AXI.vhd:421]
INFO: [Synth 8-638] synthesizing module 'UART_RX' [d:/projets/2020_2/project_FPGA/project_FPGA.gen/sources_1/bd/design_dijkstra_reg/ipshared/b3fe/src/uart_rx.vhd:31]
	Parameter g_CLKS_PER_BIT bound to: 5208 - type: integer 
INFO: [Synth 8-256] done synthesizing module 'UART_RX' (1#1) [d:/projets/2020_2/project_FPGA/project_FPGA.gen/sources_1/bd/design_dijkstra_reg/ipshared/b3fe/src/uart_rx.vhd:31]
	Parameter g_CLKS_PER_BIT bound to: 5208 - type: integer 
INFO: [Synth 8-3491] module 'UART_TX' declared at 'd:/projets/2020_2/project_FPGA/project_FPGA.gen/sources_1/bd/design_dijkstra_reg/ipshared/b3fe/src/uart_tx.vhd:18' bound to instance 'TX' of component 'UART_TX' [d:/projets/2020_2/project_FPGA/project_FPGA.gen/sources_1/bd/design_dijkstra_reg/ipshared/b3fe/hdl/Balise_v1_0_S00_AXI.vhd:427]
INFO: [Synth 8-638] synthesizing module 'UART_TX' [d:/projets/2020_2/project_FPGA/project_FPGA.gen/sources_1/bd/design_dijkstra_reg/ipshared/b3fe/src/uart_tx.vhd:33]
	Parameter g_CLKS_PER_BIT bound to: 5208 - type: integer 
INFO: [Synth 8-256] done synthesizing module 'UART_TX' (2#1) [d:/projets/2020_2/project_FPGA/project_FPGA.gen/sources_1/bd/design_dijkstra_reg/ipshared/b3fe/src/uart_tx.vhd:33]
INFO: [Synth 8-256] done synthesizing module 'Balise_v1_0_S00_AXI' (3#1) [d:/projets/2020_2/project_FPGA/project_FPGA.gen/sources_1/bd/design_dijkstra_reg/ipshared/b3fe/hdl/Balise_v1_0_S00_AXI.vhd:87]
INFO: [Synth 8-256] done synthesizing module 'Balise_v1_0' (4#1) [d:/projets/2020_2/project_FPGA/project_FPGA.gen/sources_1/bd/design_dijkstra_reg/ipshared/b3fe/hdl/Balise_v1_0.vhd:50]
INFO: [Synth 8-256] done synthesizing module 'design_dijkstra_reg_Balise_0_1' (5#1) [d:/projets/2020_2/project_FPGA/project_FPGA.gen/sources_1/bd/design_dijkstra_reg/ip/design_dijkstra_reg_Balise_0_1/synth/design_dijkstra_reg_Balise_0_1.vhd:84]
---------------------------------------------------------------------------------
Finished RTL Elaboration : Time (s): cpu = 00:00:05 ; elapsed = 00:00:08 . Memory (MB): peak = 1235.996 ; gain = 109.395
---------------------------------------------------------------------------------
---------------------------------------------------------------------------------
Start Handling Custom Attributes
---------------------------------------------------------------------------------
---------------------------------------------------------------------------------
Finished Handling Custom Attributes : Time (s): cpu = 00:00:06 ; elapsed = 00:00:09 . Memory (MB): peak = 1235.996 ; gain = 109.395
---------------------------------------------------------------------------------
---------------------------------------------------------------------------------
Finished RTL Optimization Phase 1 : Time (s): cpu = 00:00:06 ; elapsed = 00:00:09 . Memory (MB): peak = 1235.996 ; gain = 109.395
---------------------------------------------------------------------------------
Netlist sorting complete. Time (s): cpu = 00:00:00 ; elapsed = 00:00:00.008 . Memory (MB): peak = 1235.996 ; gain = 0.000
INFO: [Project 1-570] Preparing netlist for logic optimization

Processing XDC Constraints
Initializing timing engine
Completed Processing XDC Constraints

Netlist sorting complete. Time (s): cpu = 00:00:00 ; elapsed = 00:00:00 . Memory (MB): peak = 1340.066 ; gain = 0.000
INFO: [Project 1-111] Unisim Transformation Summary:
No Unisim elements were transformed.

Constraint Validation Runtime : Time (s): cpu = 00:00:00 ; elapsed = 00:00:00.212 . Memory (MB): peak = 1340.090 ; gain = 0.023
---------------------------------------------------------------------------------
Finished Constraint Validation : Time (s): cpu = 00:00:11 ; elapsed = 00:00:16 . Memory (MB): peak = 1340.090 ; gain = 213.488
---------------------------------------------------------------------------------
---------------------------------------------------------------------------------
Start Loading Part and Timing Information
---------------------------------------------------------------------------------
Loading part: xc7z020clg400-1
---------------------------------------------------------------------------------
Finished Loading Part and Timing Information : Time (s): cpu = 00:00:11 ; elapsed = 00:00:16 . Memory (MB): peak = 1340.090 ; gain = 213.488
---------------------------------------------------------------------------------
---------------------------------------------------------------------------------
Start Applying 'set_property' XDC Constraints
---------------------------------------------------------------------------------
---------------------------------------------------------------------------------
Finished applying 'set_property' XDC Constraints : Time (s): cpu = 00:00:11 ; elapsed = 00:00:16 . Memory (MB): peak = 1340.090 ; gain = 213.488
---------------------------------------------------------------------------------
INFO: [Synth 8-802] inferred FSM for state register 'r_SM_Main_reg' in module 'UART_TX'
---------------------------------------------------------------------------------------------------
                   State |                     New Encoding |                Previous Encoding 
---------------------------------------------------------------------------------------------------
                  s_idle |                              000 |                              000
          s_tx_start_bit |                              001 |                              001
          s_tx_data_bits |                              010 |                              010
           s_tx_stop_bit |                              011 |                              011
               s_cleanup |                              100 |                              100
---------------------------------------------------------------------------------------------------
INFO: [Synth 8-3354] encoded FSM with state register 'r_SM_Main_reg' using encoding 'sequential' in module 'UART_TX'
---------------------------------------------------------------------------------
Finished RTL Optimization Phase 2 : Time (s): cpu = 00:00:12 ; elapsed = 00:00:17 . Memory (MB): peak = 1340.090 ; gain = 213.488
---------------------------------------------------------------------------------
---------------------------------------------------------------------------------
Start RTL Component Statistics 
---------------------------------------------------------------------------------
Detailed RTL Component Info : 
+---Adders : 
	   2 Input   13 Bit       Adders := 1     
	   2 Input    3 Bit       Adders := 2     
+---Registers : 
	               32 Bit    Registers := 4     
	               13 Bit    Registers := 1     
	                8 Bit    Registers := 2     
	                4 Bit    Registers := 3     
	                3 Bit    Registers := 3     
	                2 Bit    Registers := 2     
	                1 Bit    Registers := 12    
+---Muxes : 
	   2 Input   32 Bit        Muxes := 2     
	   4 Input   32 Bit        Muxes := 3     
	   2 Input   13 Bit        Muxes := 1     
	   6 Input   13 Bit        Muxes := 1     
	   6 Input    8 Bit        Muxes := 1     
	   2 Input    8 Bit        Muxes := 1     
	   2 Input    3 Bit        Muxes := 8     
	   5 Input    3 Bit        Muxes := 1     
	   2 Input    2 Bit        Muxes := 1     
	   3 Input    2 Bit        Muxes := 1     
	   6 Input    1 Bit        Muxes := 2     
	   2 Input    1 Bit        Muxes := 8     
	   5 Input    1 Bit        Muxes := 10    
---------------------------------------------------------------------------------
Finished RTL Component Statistics 
---------------------------------------------------------------------------------
---------------------------------------------------------------------------------
Start Part Resource Summary
---------------------------------------------------------------------------------
Part Resources:
DSPs: 220 (col length:60)
BRAMs: 280 (col length: RAMB18 60 RAMB36 30)
---------------------------------------------------------------------------------
Finished Part Resource Summary
---------------------------------------------------------------------------------
---------------------------------------------------------------------------------
Start Cross Boundary and Area Optimization
---------------------------------------------------------------------------------
---------------------------------------------------------------------------------
Finished Cross Boundary and Area Optimization : Time (s): cpu = 00:00:13 ; elapsed = 00:00:19 . Memory (MB): peak = 1340.090 ; gain = 213.488
---------------------------------------------------------------------------------
---------------------------------------------------------------------------------
Start Applying XDC Timing Constraints
---------------------------------------------------------------------------------
---------------------------------------------------------------------------------
Finished Applying XDC Timing Constraints : Time (s): cpu = 00:00:19 ; elapsed = 00:00:25 . Memory (MB): peak = 1340.090 ; gain = 213.488
---------------------------------------------------------------------------------
---------------------------------------------------------------------------------
Start Timing Optimization
---------------------------------------------------------------------------------
---------------------------------------------------------------------------------
Finished Timing Optimization : Time (s): cpu = 00:00:19 ; elapsed = 00:00:25 . Memory (MB): peak = 1340.090 ; gain = 213.488
---------------------------------------------------------------------------------
---------------------------------------------------------------------------------
Start Technology Mapping
---------------------------------------------------------------------------------
---------------------------------------------------------------------------------
Finished Technology Mapping : Time (s): cpu = 00:00:19 ; elapsed = 00:00:25 . Memory (MB): peak = 1346.020 ; gain = 219.418
---------------------------------------------------------------------------------
---------------------------------------------------------------------------------
Start IO Insertion
---------------------------------------------------------------------------------
---------------------------------------------------------------------------------
Start Flattening Before IO Insertion
---------------------------------------------------------------------------------
---------------------------------------------------------------------------------
Finished Flattening Before IO Insertion
---------------------------------------------------------------------------------
---------------------------------------------------------------------------------
Start Final Netlist Cleanup
---------------------------------------------------------------------------------
---------------------------------------------------------------------------------
Finished Final Netlist Cleanup
---------------------------------------------------------------------------------
---------------------------------------------------------------------------------
Finished IO Insertion : Time (s): cpu = 00:00:22 ; elapsed = 00:00:28 . Memory (MB): peak = 1353.309 ; gain = 226.707
---------------------------------------------------------------------------------
---------------------------------------------------------------------------------
Start Renaming Generated Instances
---------------------------------------------------------------------------------
---------------------------------------------------------------------------------
Finished Renaming Generated Instances : Time (s): cpu = 00:00:22 ; elapsed = 00:00:28 . Memory (MB): peak = 1353.309 ; gain = 226.707
---------------------------------------------------------------------------------
---------------------------------------------------------------------------------
Start Rebuilding User Hierarchy
---------------------------------------------------------------------------------
---------------------------------------------------------------------------------
Finished Rebuilding User Hierarchy : Time (s): cpu = 00:00:22 ; elapsed = 00:00:28 . Memory (MB): peak = 1353.309 ; gain = 226.707
---------------------------------------------------------------------------------
---------------------------------------------------------------------------------
Start Renaming Generated Ports
---------------------------------------------------------------------------------
---------------------------------------------------------------------------------
Finished Renaming Generated Ports : Time (s): cpu = 00:00:22 ; elapsed = 00:00:28 . Memory (MB): peak = 1353.309 ; gain = 226.707
---------------------------------------------------------------------------------
---------------------------------------------------------------------------------
Start Handling Custom Attributes
---------------------------------------------------------------------------------
---------------------------------------------------------------------------------
Finished Handling Custom Attributes : Time (s): cpu = 00:00:22 ; elapsed = 00:00:28 . Memory (MB): peak = 1353.309 ; gain = 226.707
---------------------------------------------------------------------------------
---------------------------------------------------------------------------------
Start Renaming Generated Nets
---------------------------------------------------------------------------------
---------------------------------------------------------------------------------
Finished Renaming Generated Nets : Time (s): cpu = 00:00:22 ; elapsed = 00:00:28 . Memory (MB): peak = 1353.309 ; gain = 226.707
---------------------------------------------------------------------------------
---------------------------------------------------------------------------------
Start Writing Synthesis Report
---------------------------------------------------------------------------------

Report BlackBoxes: 
+-+--------------+----------+
| |BlackBox name |Instances |
+-+--------------+----------+
+-+--------------+----------+

Report Cell Usage: 
+------+-------+------+
|      |Cell   |Count |
+------+-------+------+
|1     |CARRY4 |     3|
|2     |LUT1   |     1|
|3     |LUT2   |     4|
|4     |LUT3   |     4|
|5     |LUT4   |    17|
|6     |LUT5   |    49|
|7     |LUT6   |    17|
|8     |FDRE   |   134|
|9     |FDSE   |     3|
+------+-------+------+
---------------------------------------------------------------------------------
Finished Writing Synthesis Report : Time (s): cpu = 00:00:22 ; elapsed = 00:00:28 . Memory (MB): peak = 1353.309 ; gain = 226.707
---------------------------------------------------------------------------------
Synthesis finished with 0 errors, 0 critical warnings and 0 warnings.
Synthesis Optimization Runtime : Time (s): cpu = 00:00:15 ; elapsed = 00:00:25 . Memory (MB): peak = 1353.309 ; gain = 122.613
Synthesis Optimization Complete : Time (s): cpu = 00:00:22 ; elapsed = 00:00:28 . Memory (MB): peak = 1353.309 ; gain = 226.707
INFO: [Project 1-571] Translating synthesized netlist
Netlist sorting complete. Time (s): cpu = 00:00:00 ; elapsed = 00:00:00.006 . Memory (MB): peak = 1365.336 ; gain = 0.000
INFO: [Netlist 29-17] Analyzing 3 Unisim elements for replacement
INFO: [Netlist 29-28] Unisim Transformation completed in 0 CPU seconds
INFO: [Project 1-570] Preparing netlist for logic optimization
INFO: [Opt 31-138] Pushed 0 inverter(s) to 0 load pin(s).
Netlist sorting complete. Time (s): cpu = 00:00:00 ; elapsed = 00:00:00 . Memory (MB): peak = 1371.953 ; gain = 0.000
INFO: [Project 1-111] Unisim Transformation Summary:
No Unisim elements were transformed.

INFO: [Common 17-83] Releasing license: Synthesis
35 Infos, 3 Warnings, 0 Critical Warnings and 0 Errors encountered.
synth_design completed successfully
synth_design: Time (s): cpu = 00:00:27 ; elapsed = 00:00:37 . Memory (MB): peak = 1371.953 ; gain = 245.352
INFO: [Common 17-1381] The checkpoint 'D:/projets/2020_2/project_FPGA/project_FPGA.runs/design_dijkstra_reg_Balise_0_1_synth_1/design_dijkstra_reg_Balise_0_1.dcp' has been generated.
WARNING: [Common 17-576] 'use_project_ipc' is deprecated. This option is deprecated and no longer used.
INFO: [Coretcl 2-1648] Added synthesis output to IP cache for IP design_dijkstra_reg_Balise_0_1, cache-ID = 715bb3b566618c30
INFO: [Coretcl 2-1174] Renamed 3 cell refs.
INFO: [Common 17-1381] The checkpoint 'D:/projets/2020_2/project_FPGA/project_FPGA.runs/design_dijkstra_reg_Balise_0_1_synth_1/design_dijkstra_reg_Balise_0_1.dcp' has been generated.
INFO: [runtcl-4] Executing : report_utilization -file design_dijkstra_reg_Balise_0_1_utilization_synth.rpt -pb design_dijkstra_reg_Balise_0_1_utilization_synth.pb
INFO: [Common 17-206] Exiting Vivado at Mon Jul 11 10:32:32 2022...
