Copyright 1986-2020 Xilinx, Inc. All Rights Reserved.
------------------------------------------------------------------------------------
| Tool Version : Vivado v.2020.2 (win64) Build 3064766 Wed Nov 18 09:12:45 MST 2020
| Date         : Wed Jun 22 16:14:38 2022
| Host         : D-14JM0W2 running 64-bit major release  (build 9200)
| Command      : upgrade_ip
| Device       : xc7z020clg400-1
------------------------------------------------------------------------------------

Upgrade Log for IP 'design_dijkstra_ram_Dijkstra_algorithm_0_0'

1. Summary
----------

SUCCESS in the conversion of design_dijkstra_ram_Dijkstra_algorithm_0_0 (elsys-design.com:user:Dijkstra_algorithm:1.0 (Rev. 22)) to Vivado generation flows.






Copyright 1986-2020 Xilinx, Inc. All Rights Reserved.
------------------------------------------------------------------------------------
| Tool Version : Vivado v.2020.2 (win64) Build 3064766 Wed Nov 18 09:12:45 MST 2020
| Date         : Wed Jun 22 15:19:12 2022
| Host         : D-14JM0W2 running 64-bit major release  (build 9200)
| Command      : upgrade_ip
| Device       : xc7z020clg400-1
------------------------------------------------------------------------------------

Upgrade Log for IP 'design_dijkstra_reg_Dijkstra_reg_0_0'

1. Summary
----------

SUCCESS in the upgrade of design_dijkstra_reg_Dijkstra_reg_0_0 (elsys-design.com:user:Dijkstra_reg:1.0) from (Rev. 5) to (Rev. 6)






Copyright 1986-2020 Xilinx, Inc. All Rights Reserved.
------------------------------------------------------------------------------------
| Tool Version : Vivado v.2020.2 (win64) Build 3064766 Wed Nov 18 09:12:45 MST 2020
| Date         : Wed Jun 22 15:18:09 2022
| Host         : D-14JM0W2 running 64-bit major release  (build 9200)
| Command      : upgrade_ip
| Device       : xc7z020clg400-1
------------------------------------------------------------------------------------

Upgrade Log for IP 'design_dijkstra_reg_Dijkstra_reg_0_0'

1. Summary
----------

SUCCESS in the conversion of design_dijkstra_reg_Dijkstra_reg_0_0 (elsys-design.com:user:Dijkstra_reg:1.0 (Rev. 5)) to Vivado generation flows.






Copyright 1986-2020 Xilinx, Inc. All Rights Reserved.
------------------------------------------------------------------------------------
| Tool Version : Vivado v.2020.2 (win64) Build 3064766 Wed Nov 18 09:12:45 MST 2020
| Date         : Wed Jun 22 14:59:48 2022
| Host         : D-14JM0W2 running 64-bit major release  (build 9200)
| Command      : upgrade_ip
| Device       : xc7z020clg400-1
------------------------------------------------------------------------------------

Upgrade Log for IP 'design_dijkstra_reg_Dijkstra_reg_0_0'

1. Summary
----------

SUCCESS in the conversion of design_dijkstra_reg_Dijkstra_reg_0_0 (elsys-design.com:user:Dijkstra_reg:1.0 (Rev. 5)) to Vivado generation flows.






Copyright 1986-2020 Xilinx, Inc. All Rights Reserved.
------------------------------------------------------------------------------------
| Tool Version : Vivado v.2020.2 (win64) Build 3064766 Wed Nov 18 09:12:45 MST 2020
| Date         : Wed Jun 22 14:08:41 2022
| Host         : D-14JM0W2 running 64-bit major release  (build 9200)
| Command      : upgrade_ip
| Device       : xc7z020clg400-1
------------------------------------------------------------------------------------

Upgrade Log for IP 'design_dijkstra_reg_Dijkstra_reg_0_0'

1. Summary
----------

SUCCESS in the upgrade of design_dijkstra_reg_Dijkstra_reg_0_0 (elsys-design.com:user:Dijkstra_reg:1.0) from (Rev. 4) to (Rev. 5)






Copyright 1986-2020 Xilinx, Inc. All Rights Reserved.
------------------------------------------------------------------------------------
| Tool Version : Vivado v.2020.2 (win64) Build 3064766 Wed Nov 18 09:12:45 MST 2020
| Date         : Wed Jun 22 14:04:29 2022
| Host         : D-14JM0W2 running 64-bit major release  (build 9200)
| Command      : upgrade_ip
| Device       : xc7z020clg400-1
------------------------------------------------------------------------------------

Upgrade Log for IP 'design_dijkstra_reg_Dijkstra_reg_0_0'

1. Summary
----------

CAUTION (success, with warnings) in the upgrade of design_dijkstra_reg_Dijkstra_reg_0_0 (elsys-design.com:user:Dijkstra_reg:1.0) from (Rev. 3) to (Rev. 4)

After upgrade, an IP may have parameter and port differences compared to the original customization. Please review the parameters within the IP customization GUI to ensure proper functionality. Also, please review the updated IP instantiation template to ensure proper connectivity, and update your design if required.

2. Connection Warnings
----------------------

Detected external port differences while upgrading 'design_dijkstra_reg_Dijkstra_reg_0_0'. These changes may impact your design.


-Upgraded port order differs after port 's00_axi_aclk'







Copyright 1986-2020 Xilinx, Inc. All Rights Reserved.
------------------------------------------------------------------------------------
| Tool Version : Vivado v.2020.2 (win64) Build 3064766 Wed Nov 18 09:12:45 MST 2020
| Date         : Wed Jun 22 13:58:34 2022
| Host         : D-14JM0W2 running 64-bit major release  (build 9200)
| Command      : upgrade_ip
| Device       : xc7z020clg400-1
------------------------------------------------------------------------------------

Upgrade Log for IP 'design_dijkstra_reg_Dijkstra_reg_0_0'

1. Summary
----------

SUCCESS in the upgrade of design_dijkstra_reg_Dijkstra_reg_0_0 (elsys-design.com:user:Dijkstra_reg:1.0) from (Rev. 1) to (Rev. 3)






Copyright 1986-2020 Xilinx, Inc. All Rights Reserved.
------------------------------------------------------------------------------------
| Tool Version : Vivado v.2020.2 (win64) Build 3064766 Wed Nov 18 09:12:45 MST 2020
| Date         : Wed Jun 22 13:58:31 2022
| Host         : D-14JM0W2 running 64-bit major release  (build 9200)
| Command      : upgrade_ip
| Device       : xc7z020clg400-1
------------------------------------------------------------------------------------

Upgrade Log for IP 'design_dijkstra_ram_Dijkstra_algorithm_0_0'

1. Summary
----------

SUCCESS in the conversion of design_dijkstra_ram_Dijkstra_algorithm_0_0 (elsys-design.com:user:Dijkstra_algorithm:1.0 (Rev. 22)) to Vivado generation flows.






Copyright 1986-2020 Xilinx, Inc. All Rights Reserved.
------------------------------------------------------------------------------------
| Tool Version : Vivado v.2020.2 (win64) Build 3064766 Wed Nov 18 09:12:45 MST 2020
| Date         : Tue Jun 14 15:57:20 2022
| Host         : D-14JM0W2 running 64-bit major release  (build 9200)
| Command      : upgrade_ip
| Device       : xc7z020clg400-1
------------------------------------------------------------------------------------

Upgrade Log for IP 'design_dijkstra_ram_Dijkstra_algorithm_0_0'

1. Summary
----------

SUCCESS in the upgrade of design_dijkstra_ram_Dijkstra_algorithm_0_0 (elsys-design.com:user:Dijkstra_algorithm:1.0) from (Rev. 21) to (Rev. 22)






Copyright 1986-2020 Xilinx, Inc. All Rights Reserved.
------------------------------------------------------------------------------------
| Tool Version : Vivado v.2020.2 (win64) Build 3064766 Wed Nov 18 09:12:45 MST 2020
| Date         : Tue Jun 14 15:44:30 2022
| Host         : D-14JM0W2 running 64-bit major release  (build 9200)
| Command      : upgrade_ip
| Device       : xc7z020clg400-1
------------------------------------------------------------------------------------

Upgrade Log for IP 'design_dijkstra_ram_Dijkstra_algorithm_0_0'

1. Summary
----------

SUCCESS in the upgrade of design_dijkstra_ram_Dijkstra_algorithm_0_0 (elsys-design.com:user:Dijkstra_algorithm:1.0) from (Rev. 20) to (Rev. 21)






Copyright 1986-2020 Xilinx, Inc. All Rights Reserved.
------------------------------------------------------------------------------------
| Tool Version : Vivado v.2020.2 (win64) Build 3064766 Wed Nov 18 09:12:45 MST 2020
| Date         : Tue Jun 14 15:33:01 2022
| Host         : D-14JM0W2 running 64-bit major release  (build 9200)
| Command      : upgrade_ip
| Device       : xc7z020clg400-1
------------------------------------------------------------------------------------

Upgrade Log for IP 'design_dijkstra_ram_Dijkstra_algorithm_0_0'

1. Summary
----------

SUCCESS in the upgrade of design_dijkstra_ram_Dijkstra_algorithm_0_0 (elsys-design.com:user:Dijkstra_algorithm:1.0) from (Rev. 19) to (Rev. 20)






Copyright 1986-2020 Xilinx, Inc. All Rights Reserved.
------------------------------------------------------------------------------------
| Tool Version : Vivado v.2020.2 (win64) Build 3064766 Wed Nov 18 09:12:45 MST 2020
| Date         : Tue Jun 14 15:25:43 2022
| Host         : D-14JM0W2 running 64-bit major release  (build 9200)
| Command      : upgrade_ip
| Device       : xc7z020clg400-1
------------------------------------------------------------------------------------

Upgrade Log for IP 'design_dijkstra_ram_Dijkstra_algorithm_0_0'

1. Summary
----------

SUCCESS in the upgrade of design_dijkstra_ram_Dijkstra_algorithm_0_0 (elsys-design.com:user:Dijkstra_algorithm:1.0) from (Rev. 18) to (Rev. 19)






Copyright 1986-2020 Xilinx, Inc. All Rights Reserved.
------------------------------------------------------------------------------------
| Tool Version : Vivado v.2020.2 (win64) Build 3064766 Wed Nov 18 09:12:45 MST 2020
| Date         : Tue Jun 14 15:13:32 2022
| Host         : D-14JM0W2 running 64-bit major release  (build 9200)
| Command      : upgrade_ip
| Device       : xc7z020clg400-1
------------------------------------------------------------------------------------

Upgrade Log for IP 'design_dijkstra_ram_Dijkstra_algorithm_0_0'

1. Summary
----------

SUCCESS in the upgrade of design_dijkstra_ram_Dijkstra_algorithm_0_0 (elsys-design.com:user:Dijkstra_algorithm:1.0) from (Rev. 17) to (Rev. 18)






Copyright 1986-2020 Xilinx, Inc. All Rights Reserved.
------------------------------------------------------------------------------------
| Tool Version : Vivado v.2020.2 (win64) Build 3064766 Wed Nov 18 09:12:45 MST 2020
| Date         : Tue Jun 14 14:58:14 2022
| Host         : D-14JM0W2 running 64-bit major release  (build 9200)
| Command      : upgrade_ip
| Device       : xc7z020clg400-1
------------------------------------------------------------------------------------

Upgrade Log for IP 'design_dijkstra_ram_Dijkstra_algorithm_0_0'

1. Summary
----------

SUCCESS in the upgrade of design_dijkstra_ram_Dijkstra_algorithm_0_0 (elsys-design.com:user:Dijkstra_algorithm:1.0) from (Rev. 16) to (Rev. 17)






Copyright 1986-2020 Xilinx, Inc. All Rights Reserved.
------------------------------------------------------------------------------------
| Tool Version : Vivado v.2020.2 (win64) Build 3064766 Wed Nov 18 09:12:45 MST 2020
| Date         : Tue Jun 14 14:45:57 2022
| Host         : D-14JM0W2 running 64-bit major release  (build 9200)
| Command      : upgrade_ip
| Device       : xc7z020clg400-1
------------------------------------------------------------------------------------

Upgrade Log for IP 'design_dijkstra_ram_RAM_Controller_0_0'

1. Summary
----------

SUCCESS in the conversion of design_dijkstra_ram_RAM_Controller_0_0 (xilinx.com:module_ref:RAM_Controller:1.0 (Rev. 1)) to Vivado generation flows.






Copyright 1986-2020 Xilinx, Inc. All Rights Reserved.
------------------------------------------------------------------------------------
| Tool Version : Vivado v.2020.2 (win64) Build 3064766 Wed Nov 18 09:12:45 MST 2020
| Date         : Tue Jun 14 14:45:57 2022
| Host         : D-14JM0W2 running 64-bit major release  (build 9200)
| Command      : upgrade_ip
| Device       : xc7z020clg400-1
------------------------------------------------------------------------------------

Upgrade Log for IP 'design_dijkstra_ram_Dijkstra_algorithm_0_0'

1. Summary
----------

SUCCESS in the upgrade of design_dijkstra_ram_Dijkstra_algorithm_0_0 (elsys-design.com:user:Dijkstra_algorithm:1.0) from (Rev. 15) to (Rev. 16)






Copyright 1986-2020 Xilinx, Inc. All Rights Reserved.
------------------------------------------------------------------------------------
| Tool Version : Vivado v.2020.2 (win64) Build 3064766 Wed Nov 18 09:12:45 MST 2020
| Date         : Tue Jun 14 14:43:30 2022
| Host         : D-14JM0W2 running 64-bit major release  (build 9200)
| Command      : upgrade_ip
| Device       : xc7z020clg400-1
------------------------------------------------------------------------------------

Upgrade Log for IP 'design_dijkstra_ram_Dijkstra_algorithm_0_0'

1. Summary
----------

SUCCESS in the upgrade of design_dijkstra_ram_Dijkstra_algorithm_0_0 (elsys-design.com:user:Dijkstra_algorithm:1.0) from (Rev. 14) to (Rev. 15)






Copyright 1986-2020 Xilinx, Inc. All Rights Reserved.
------------------------------------------------------------------------------------
| Tool Version : Vivado v.2020.2 (win64) Build 3064766 Wed Nov 18 09:12:45 MST 2020
| Date         : Tue Jun 14 14:22:12 2022
| Host         : D-14JM0W2 running 64-bit major release  (build 9200)
| Command      : upgrade_ip
| Device       : xc7z020clg400-1
------------------------------------------------------------------------------------

Upgrade Log for IP 'design_dijkstra_ram_Dijkstra_algorithm_0_0'

1. Summary
----------

SUCCESS in the upgrade of design_dijkstra_ram_Dijkstra_algorithm_0_0 (elsys-design.com:user:Dijkstra_algorithm:1.0) from (Rev. 13) to (Rev. 14)






Copyright 1986-2020 Xilinx, Inc. All Rights Reserved.
------------------------------------------------------------------------------------
| Tool Version : Vivado v.2020.2 (win64) Build 3064766 Wed Nov 18 09:12:45 MST 2020
| Date         : Tue Jun 14 14:15:38 2022
| Host         : D-14JM0W2 running 64-bit major release  (build 9200)
| Command      : upgrade_ip
| Device       : xc7z020clg400-1
------------------------------------------------------------------------------------

Upgrade Log for IP 'design_dijkstra_ram_Dijkstra_algorithm_0_0'

1. Summary
----------

SUCCESS in the upgrade of design_dijkstra_ram_Dijkstra_algorithm_0_0 (elsys-design.com:user:Dijkstra_algorithm:1.0) from (Rev. 12) to (Rev. 13)






Copyright 1986-2020 Xilinx, Inc. All Rights Reserved.
------------------------------------------------------------------------------------
| Tool Version : Vivado v.2020.2 (win64) Build 3064766 Wed Nov 18 09:12:45 MST 2020
| Date         : Tue Jun 14 14:03:32 2022
| Host         : D-14JM0W2 running 64-bit major release  (build 9200)
| Command      : upgrade_ip
| Device       : xc7z020clg400-1
------------------------------------------------------------------------------------

Upgrade Log for IP 'design_dijkstra_ram_Dijkstra_algorithm_0_0'

1. Summary
----------

SUCCESS in the upgrade of design_dijkstra_ram_Dijkstra_algorithm_0_0 (elsys-design.com:user:Dijkstra_algorithm:1.0) from (Rev. 11) to (Rev. 12)






Copyright 1986-2020 Xilinx, Inc. All Rights Reserved.
------------------------------------------------------------------------------------
| Tool Version : Vivado v.2020.2 (win64) Build 3064766 Wed Nov 18 09:12:45 MST 2020
| Date         : Tue Jun 14 11:59:51 2022
| Host         : D-14JM0W2 running 64-bit major release  (build 9200)
| Command      : upgrade_ip
| Device       : xc7z020clg400-1
------------------------------------------------------------------------------------

Upgrade Log for IP 'design_dijkstra_ram_Dijkstra_algorithm_0_0'

1. Summary
----------

SUCCESS in the upgrade of design_dijkstra_ram_Dijkstra_algorithm_0_0 (elsys-design.com:user:Dijkstra_algorithm:1.0) from (Rev. 10) to (Rev. 11)






Copyright 1986-2020 Xilinx, Inc. All Rights Reserved.
------------------------------------------------------------------------------------
| Tool Version : Vivado v.2020.2 (win64) Build 3064766 Wed Nov 18 09:12:45 MST 2020
| Date         : Tue Jun 14 11:44:22 2022
| Host         : D-14JM0W2 running 64-bit major release  (build 9200)
| Command      : upgrade_ip
| Device       : xc7z020clg400-1
------------------------------------------------------------------------------------

Upgrade Log for IP 'design_dijkstra_ram_Dijkstra_algorithm_0_0'

1. Summary
----------

SUCCESS in the upgrade of design_dijkstra_ram_Dijkstra_algorithm_0_0 (elsys-design.com:user:Dijkstra_algorithm:1.0) from (Rev. 9) to (Rev. 10)






Copyright 1986-2020 Xilinx, Inc. All Rights Reserved.
------------------------------------------------------------------------------------
| Tool Version : Vivado v.2020.2 (win64) Build 3064766 Wed Nov 18 09:12:45 MST 2020
| Date         : Tue Jun 14 11:22:03 2022
| Host         : D-14JM0W2 running 64-bit major release  (build 9200)
| Command      : upgrade_ip
| Device       : xc7z020clg400-1
------------------------------------------------------------------------------------

Upgrade Log for IP 'design_dijkstra_ram_Dijkstra_algorithm_0_0'

1. Summary
----------

SUCCESS in the upgrade of design_dijkstra_ram_Dijkstra_algorithm_0_0 (elsys-design.com:user:Dijkstra_algorithm:1.0) from (Rev. 8) to (Rev. 9)






Copyright 1986-2020 Xilinx, Inc. All Rights Reserved.
------------------------------------------------------------------------------------
| Tool Version : Vivado v.2020.2 (win64) Build 3064766 Wed Nov 18 09:12:45 MST 2020
| Date         : Tue Jun 14 10:14:34 2022
| Host         : D-14JM0W2 running 64-bit major release  (build 9200)
| Command      : upgrade_ip
| Device       : xc7z020clg400-1
------------------------------------------------------------------------------------

Upgrade Log for IP 'design_dijkstra_ram_Dijkstra_algorithm_0_0'

1. Summary
----------

SUCCESS in the upgrade of design_dijkstra_ram_Dijkstra_algorithm_0_0 (elsys-design.com:user:Dijkstra_algorithm:1.0) from (Rev. 7) to (Rev. 8)

