#-----------------------------------------------------------
# Vivado v2020.2 (64-bit)
# SW Build 3064766 on Wed Nov 18 09:12:45 MST 2020
# IP Build 3064653 on Wed Nov 18 14:17:31 MST 2020
# Start of session at: Fri Jul  8 10:06:47 2022
# Process ID: 9244
# Current directory: D:/projets/2020_2/project_FPGA
# Command line: vivado.exe -gui_launcher_event rodinguilauncherevent9536 D:\projets\2020_2\project_FPGA\project_FPGA.xpr
# Log file: D:/projets/2020_2/project_FPGA/vivado.log
# Journal file: D:/projets/2020_2/project_FPGA\vivado.jou
#-----------------------------------------------------------
start_gui
open_project D:/projets/2020_2/project_FPGA/project_FPGA.xpr
Scanning sources...
Finished scanning sources
INFO: [IP_Flow 19-234] Refreshing IP repositories
WARNING: [IP_Flow 19-3685] Ignored loading user repository 'd:/projets/2020_2/ip_repo/Balise_1.0'. The path is contained within another repository.
WARNING: [IP_Flow 19-3685] Ignored loading user repository 'd:/projets/2020_2/ip_repo/Dijkstra_reg_1.0'. The path is contained within another repository.
INFO: [IP_Flow 19-1700] Loaded user IP repository 'd:/projets/2020_2/ip_repo'.
INFO: [IP_Flow 19-2313] Loaded Vivado IP repository 'D:/Programmes/Vivado/2020.2/data/ip'.
open_project: Time (s): cpu = 00:00:16 ; elapsed = 00:00:15 . Memory (MB): peak = 1126.285 ; gain = 0.000
update_compile_order -fileset sources_1
open_bd_design {D:/projets/2020_2/project_FPGA/project_FPGA.srcs/sources_1/bd/design_dijkstra_ram/design_dijkstra_ram.bd}
Reading block design file <D:/projets/2020_2/project_FPGA/project_FPGA.srcs/sources_1/bd/design_dijkstra_ram/design_dijkstra_ram.bd>...
Adding component instance block -- xilinx.com:ip:axi_bram_ctrl:4.1 - axi_bram_ctrl_0
Adding component instance block -- xilinx.com:ip:blk_mem_gen:8.4 - blk_mem_gen_0
Adding component instance block -- xilinx.com:ip:processing_system7:5.5 - processing_system7_0
Adding component instance block -- xilinx.com:ip:axi_interconnect:2.1 - ps7_0_axi_periph
Adding component instance block -- xilinx.com:ip:axi_crossbar:2.1 - xbar
Adding component instance block -- xilinx.com:ip:axi_protocol_converter:2.1 - auto_pc
Adding component instance block -- xilinx.com:ip:proc_sys_reset:5.0 - rst_ps7_0_50M
Adding component instance block -- xilinx.com:ip:xlconstant:1.1 - xlconstant_0
Adding component instance block -- xilinx.com:module_ref:RAM_Controller:1.0 - RAM_Controller_0
Adding component instance block -- xilinx.com:ip:axi_uartlite:2.0 - axi_uartlite_0
Adding component instance block -- elsys-design.com:user:Dijkstra_algorithm:1.0 - Dijkstra_algorithm_0
Successfully read diagram <design_dijkstra_ram> from block design file <D:/projets/2020_2/project_FPGA/project_FPGA.srcs/sources_1/bd/design_dijkstra_ram/design_dijkstra_ram.bd>
INFO: [Common 17-365] Interrupt caught but 'open_bd_design' cannot be canceled. Please wait for command to finish.
open_bd_design: Time (s): cpu = 00:00:14 ; elapsed = 00:00:19 . Memory (MB): peak = 1242.758 ; gain = 116.473
INFO: [Common 17-681] Processing pending cancel.
1
open_bd_design {D:/projets/2020_2/project_FPGA/project_FPGA.srcs/sources_1/bd/design_dijkstra_reg/design_dijkstra_reg.bd}
Reading block design file <D:/projets/2020_2/project_FPGA/project_FPGA.srcs/sources_1/bd/design_dijkstra_reg/design_dijkstra_reg.bd>...
Adding component instance block -- xilinx.com:ip:axi_uartlite:2.0 - axi_uartlite_0
Adding component instance block -- xilinx.com:ip:processing_system7:5.5 - processing_system7_0
Adding component instance block -- xilinx.com:ip:axi_interconnect:2.1 - ps7_0_axi_periph
Adding component instance block -- xilinx.com:ip:axi_crossbar:2.1 - xbar
Adding component instance block -- xilinx.com:ip:axi_protocol_converter:2.1 - auto_pc
Adding component instance block -- xilinx.com:ip:axi_protocol_converter:2.1 - auto_pc
Adding component instance block -- xilinx.com:ip:axi_protocol_converter:2.1 - auto_pc
Adding component instance block -- xilinx.com:ip:proc_sys_reset:5.0 - rst_ps7_0_50M
Adding component instance block -- elsys-design.com:user:Dijkstra_reg:1.0 - Dijkstra_reg_0
Successfully read diagram <design_dijkstra_reg> from block design file <D:/projets/2020_2/project_FPGA/project_FPGA.srcs/sources_1/bd/design_dijkstra_reg/design_dijkstra_reg.bd>
startgroup
create_bd_cell -type ip -vlnv elsys-design.com:user:Balise:1.0 Balise_0
endgroup
set_property location {4 1058 520} [get_bd_cells Balise_0]
apply_bd_automation -rule xilinx.com:bd_rule:axi4 -config { Clk_master {/processing_system7_0/FCLK_CLK0 (50 MHz)} Clk_slave {Auto} Clk_xbar {/processing_system7_0/FCLK_CLK0 (50 MHz)} Master {/processing_system7_0/M_AXI_GP0} Slave {/Balise_0/S00_AXI} ddr_seg {Auto} intc_ip {/ps7_0_axi_periph} master_apm {0}}  [get_bd_intf_pins Balise_0/S00_AXI]
Slave segment '/Balise_0/S00_AXI/S00_AXI_reg' is being assigned into address space '/processing_system7_0/Data' at <0x43C1_0000 [ 64K ]>.
startgroup
make_bd_pins_external  [get_bd_pins Balise_0/RX_Serial]
endgroup
startgroup
make_bd_pins_external  [get_bd_pins Balise_0/TX_Serial]
endgroup
ipx::edit_ip_in_project -upgrade true -name Balise_v1_0_project -directory D:/projets/2020_2/project_FPGA/project_FPGA.tmp/Balise_v1_0_project d:/projets/2020_2/ip_repo/Balise_1.0/component.xml
INFO: [IP_Flow 19-234] Refreshing IP repositories
INFO: [IP_Flow 19-1704] No user IP repositories specified
INFO: [IP_Flow 19-2313] Loaded Vivado IP repository 'D:/Programmes/Vivado/2020.2/data/ip'.
INFO: [IP_Flow 19-234] Refreshing IP repositories
WARNING: [IP_Flow 19-3685] Ignored loading user repository 'd:/projets/2020_2/ip_repo/Balise_1.0'. The path is contained within another repository.
WARNING: [IP_Flow 19-3685] Ignored loading user repository 'd:/projets/2020_2/ip_repo/Dijkstra_reg_1.0'. The path is contained within another repository.
INFO: [IP_Flow 19-1700] Loaded user IP repository 'd:/projets/2020_2/ip_repo'.
INFO: [IP_Flow 19-795] Syncing license key meta-data
ipx::edit_ip_in_project: Time (s): cpu = 00:00:09 ; elapsed = 00:00:05 . Memory (MB): peak = 1416.156 ; gain = 22.375
update_compile_order -fileset sources_1
ipx::merge_project_changes files [ipx::current_core]
WARNING: [IP_Flow 19-5226] Project source file 'd:/projets/2020_2/ip_repo/Balise_1.0/component.xml' ignored by IP packager.
set_property core_revision 4 [ipx::current_core]
ipx::update_source_project_archive -component [ipx::current_core]
ipx::create_xgui_files [ipx::current_core]
ipx::update_checksums [ipx::current_core]
ipx::check_integrity [ipx::current_core]
INFO: [IP_Flow 19-2181] Payment Required is not set for this core.
INFO: [IP_Flow 19-2187] The Product Guide file is missing.
INFO: [Ipptcl 7-1486] check_integrity: Integrity check passed.
ipx::save_core [ipx::current_core]
ipx::move_temp_component_back -component [ipx::current_core]
close_project -delete
update_ip_catalog -rebuild -repo_path d:/projets/2020_2/ip_repo/Balise_1.0
CRITICAL WARNING: [IP_Flow 19-1681] Failed to reload user IP repository 'd:/projets/2020_2/ip_repo/Balise_1.0'. ''d:/projets/2020_2/ip_repo/Balise_1.0' is not valid: Path is contained within another repository.'
0
set_property name BALISE_UART_RX [get_bd_ports RX_Serial_0]
set_property name BALISE_UART_TX [get_bd_ports TX_Serial_0]
save_bd_design
Wrote  : <D:\projets\2020_2\project_FPGA\project_FPGA.srcs\sources_1\bd\design_dijkstra_reg\design_dijkstra_reg.bd> 
Wrote  : <D:/projets/2020_2/project_FPGA/project_FPGA.srcs/sources_1/bd/design_dijkstra_reg/ui/bd_fffbc46c.ui> 
report_ip_status -name ip_status 
upgrade_ip -vlnv elsys-design.com:user:Balise:1.0 [get_ips  design_dijkstra_reg_Balise_0_0] -log ip_upgrade.log
Upgrading 'D:/projets/2020_2/project_FPGA/project_FPGA.srcs/sources_1/bd/design_dijkstra_reg/design_dijkstra_reg.bd'
INFO: [IP_Flow 19-1972] Upgraded design_dijkstra_reg_Balise_0_0 from Balise_v1.0 1.0 to Balise_v1.0 1.0
Wrote  : <D:\projets\2020_2\project_FPGA\project_FPGA.srcs\sources_1\bd\design_dijkstra_reg\design_dijkstra_reg.bd> 
Wrote  : <D:/projets/2020_2/project_FPGA/project_FPGA.srcs/sources_1/bd/design_dijkstra_reg/ui/bd_fffbc46c.ui> 
INFO: [Coretcl 2-1525] Wrote upgrade log to 'D:/projets/2020_2/project_FPGA/ip_upgrade.log'.
export_ip_user_files -of_objects [get_ips design_dijkstra_reg_Balise_0_0] -no_script -sync -force -quiet
set_property top design_dijkstra_reg_wrapper [current_fileset]
update_compile_order -fileset sources_1
report_ip_status -name ip_status 
reset_run synth_1
launch_runs impl_1 -to_step write_bitstream -jobs 10
ERROR: [BD 5-683] VLNV <xilinx.com:ip:axi_protocol_converter:2.1> is not supported for the current part.
ERROR: [Common 17-39] 'create_bd_cell' failed due to earlier errors.
ERROR: [BD 41-1273] Error running post_propagate TCL procedure: ERROR: [Common 17-39] 'create_bd_cell' failed due to earlier errors.
    ifx_insert_ip Line 14
Wrote  : <D:\projets\2020_2\project_FPGA\project_FPGA.srcs\sources_1\bd\design_dijkstra_reg\design_dijkstra_reg.bd> 
Wrote  : <D:/projets/2020_2/project_FPGA/project_FPGA.srcs/sources_1/bd/design_dijkstra_reg/ui/bd_fffbc46c.ui> 
VHDL Output written to : d:/projets/2020_2/project_FPGA/project_FPGA.gen/sources_1/bd/design_dijkstra_reg/synth/design_dijkstra_reg.vhd
VHDL Output written to : d:/projets/2020_2/project_FPGA/project_FPGA.gen/sources_1/bd/design_dijkstra_reg/sim/design_dijkstra_reg.vhd
VHDL Output written to : d:/projets/2020_2/project_FPGA/project_FPGA.gen/sources_1/bd/design_dijkstra_reg/hdl/design_dijkstra_reg_wrapper.vhd
WARNING: [IP_Flow 19-5160] IP 'design_dijkstra_reg_xbar_0' detected simulation language mismatch. Simulation type 'rtl' does not support 'VHDL' outputs (see project's "simulator_language" property), delivering 'Verilog' outputs instead.
WARNING: [IP_Flow 19-5160] IP 'design_dijkstra_reg_xbar_0' detected simulation language mismatch. Simulation type 'tlm' does not support 'VHDL' outputs (see project's "simulator_language" property), delivering 'SystemC' outputs instead.
INFO: [BD 41-1029] Generation completed for the IP Integrator block ps7_0_axi_periph/xbar .
INFO: [BD 41-1029] Generation completed for the IP Integrator block Balise_0 .
Exporting to file d:/projets/2020_2/project_FPGA/project_FPGA.gen/sources_1/bd/design_dijkstra_reg/hw_handoff/design_dijkstra_reg.hwh
Generated Block Design Tcl file d:/projets/2020_2/project_FPGA/project_FPGA.gen/sources_1/bd/design_dijkstra_reg/hw_handoff/design_dijkstra_reg_bd.tcl
Generated Hardware Definition File d:/projets/2020_2/project_FPGA/project_FPGA.gen/sources_1/bd/design_dijkstra_reg/synth/design_dijkstra_reg.hwdef
INFO: [IP_Flow 19-7066] Running IP cache check for IP design_dijkstra_reg_Balise_0_0
INFO: [IP_Flow 19-7066] Running IP cache check for IP design_dijkstra_reg_xbar_0
ERROR: [Vivado 12-4756] Launch of runs aborted due to earlier errors while preparing sub-designs for run execution.
launch_runs impl_1 -to_step write_bitstream -jobs 10
INFO: [IP_Flow 19-7066] Running IP cache check for IP design_dijkstra_reg_Balise_0_0
INFO: [IP_Flow 19-7066] Running IP cache check for IP design_dijkstra_reg_xbar_0
[Fri Jul  8 10:31:04 2022] Launched design_dijkstra_reg_Balise_0_0_synth_1, design_dijkstra_reg_xbar_0_synth_1, synth_1...
Run output will be captured here:
design_dijkstra_reg_Balise_0_0_synth_1: D:/projets/2020_2/project_FPGA/project_FPGA.runs/design_dijkstra_reg_Balise_0_0_synth_1/runme.log
design_dijkstra_reg_xbar_0_synth_1: D:/projets/2020_2/project_FPGA/project_FPGA.runs/design_dijkstra_reg_xbar_0_synth_1/runme.log
synth_1: D:/projets/2020_2/project_FPGA/project_FPGA.runs/synth_1/runme.log
[Fri Jul  8 10:31:04 2022] Launched impl_1...
Run output will be captured here: D:/projets/2020_2/project_FPGA/project_FPGA.runs/impl_1/runme.log
ipx::edit_ip_in_project -upgrade true -name Balise_v1_0_project -directory D:/projets/2020_2/project_FPGA/project_FPGA.tmp/Balise_v1_0_project d:/projets/2020_2/ip_repo/Balise_1.0/component.xml
INFO: [IP_Flow 19-234] Refreshing IP repositories
INFO: [IP_Flow 19-1704] No user IP repositories specified
INFO: [IP_Flow 19-2313] Loaded Vivado IP repository 'D:/Programmes/Vivado/2020.2/data/ip'.
INFO: [IP_Flow 19-234] Refreshing IP repositories
WARNING: [IP_Flow 19-3685] Ignored loading user repository 'd:/projets/2020_2/ip_repo/Balise_1.0'. The path is contained within another repository.
WARNING: [IP_Flow 19-3685] Ignored loading user repository 'd:/projets/2020_2/ip_repo/Dijkstra_reg_1.0'. The path is contained within another repository.
INFO: [IP_Flow 19-1700] Loaded user IP repository 'd:/projets/2020_2/ip_repo'.
INFO: [IP_Flow 19-795] Syncing license key meta-data
update_compile_order -fileset sources_1
ipx::merge_project_changes files [ipx::current_core]
WARNING: [IP_Flow 19-5226] Project source file 'd:/projets/2020_2/ip_repo/Balise_1.0/component.xml' ignored by IP packager.
set_property core_revision 5 [ipx::current_core]
ipx::update_source_project_archive -component [ipx::current_core]
ipx::create_xgui_files [ipx::current_core]
ipx::update_checksums [ipx::current_core]
ipx::check_integrity [ipx::current_core]
INFO: [IP_Flow 19-2181] Payment Required is not set for this core.
INFO: [IP_Flow 19-2187] The Product Guide file is missing.
INFO: [Ipptcl 7-1486] check_integrity: Integrity check passed.
ipx::save_core [ipx::current_core]
ipx::move_temp_component_back -component [ipx::current_core]
close_project -delete
update_ip_catalog -rebuild -repo_path d:/projets/2020_2/ip_repo/Balise_1.0
CRITICAL WARNING: [IP_Flow 19-1681] Failed to reload user IP repository 'd:/projets/2020_2/ip_repo/Balise_1.0'. ''d:/projets/2020_2/ip_repo/Balise_1.0' is not valid: Path is contained within another repository.'
0
current_bd_design [get_bd_designs design_dijkstra_ram]
close_bd_design [get_bd_designs design_dijkstra_ram]
Wrote  : <D:/projets/2020_2/project_FPGA/project_FPGA.srcs/sources_1/bd/design_dijkstra_ram/ui/bd_48d4de76.ui> 
regenerate_bd_layout
report_ip_status -name ip_status 
upgrade_ip -vlnv elsys-design.com:user:Balise:1.0 [get_ips  design_dijkstra_reg_Balise_0_0] -log ip_upgrade.log
Upgrading 'D:/projets/2020_2/project_FPGA/project_FPGA.srcs/sources_1/bd/design_dijkstra_reg/design_dijkstra_reg.bd'
INFO: [IP_Flow 19-1972] Upgraded design_dijkstra_reg_Balise_0_0 from Balise_v1.0 1.0 to Balise_v1.0 1.0
Wrote  : <D:\projets\2020_2\project_FPGA\project_FPGA.srcs\sources_1\bd\design_dijkstra_reg\design_dijkstra_reg.bd> 
Wrote  : <D:/projets/2020_2/project_FPGA/project_FPGA.srcs/sources_1/bd/design_dijkstra_reg/ui/bd_fffbc46c.ui> 
INFO: [Coretcl 2-1525] Wrote upgrade log to 'D:/projets/2020_2/project_FPGA/ip_upgrade.log'.
export_ip_user_files -of_objects [get_ips design_dijkstra_reg_Balise_0_0] -no_script -sync -force -quiet
report_ip_status -name ip_status 
reset_run synth_1
launch_runs impl_1 -to_step write_bitstream -jobs 10
ERROR: [BD 5-683] VLNV <xilinx.com:ip:axi_protocol_converter:2.1> is not supported for the current part.
ERROR: [Common 17-39] 'create_bd_cell' failed due to earlier errors.
ERROR: [BD 41-1273] Error running post_propagate TCL procedure: ERROR: [Common 17-39] 'create_bd_cell' failed due to earlier errors.
    ifx_insert_ip Line 14
Wrote  : <D:\projets\2020_2\project_FPGA\project_FPGA.srcs\sources_1\bd\design_dijkstra_reg\design_dijkstra_reg.bd> 
VHDL Output written to : d:/projets/2020_2/project_FPGA/project_FPGA.gen/sources_1/bd/design_dijkstra_reg/synth/design_dijkstra_reg.vhd
VHDL Output written to : d:/projets/2020_2/project_FPGA/project_FPGA.gen/sources_1/bd/design_dijkstra_reg/sim/design_dijkstra_reg.vhd
VHDL Output written to : d:/projets/2020_2/project_FPGA/project_FPGA.gen/sources_1/bd/design_dijkstra_reg/hdl/design_dijkstra_reg_wrapper.vhd
INFO: [BD 41-1029] Generation completed for the IP Integrator block Balise_0 .
Exporting to file d:/projets/2020_2/project_FPGA/project_FPGA.gen/sources_1/bd/design_dijkstra_reg/hw_handoff/design_dijkstra_reg.hwh
Generated Block Design Tcl file d:/projets/2020_2/project_FPGA/project_FPGA.gen/sources_1/bd/design_dijkstra_reg/hw_handoff/design_dijkstra_reg_bd.tcl
Generated Hardware Definition File d:/projets/2020_2/project_FPGA/project_FPGA.gen/sources_1/bd/design_dijkstra_reg/synth/design_dijkstra_reg.hwdef
ERROR: [Vivado 12-4756] Launch of runs aborted due to earlier errors while preparing sub-designs for run execution.
exit
INFO: [Common 17-206] Exiting Vivado at Fri Jul  8 10:54:20 2022...
