#-----------------------------------------------------------
# Vivado v2020.2 (64-bit)
# SW Build 3064766 on Wed Nov 18 09:12:45 MST 2020
# IP Build 3064653 on Wed Nov 18 14:17:31 MST 2020
# Start of session at: Fri Jul  8 10:54:47 2022
# Process ID: 13764
# Current directory: D:/projets/2020_2/project_FPGA
# Command line: vivado.exe -gui_launcher_event rodinguilauncherevent4616 D:\projets\2020_2\project_FPGA\project_FPGA.xpr
# Log file: D:/projets/2020_2/project_FPGA/vivado.log
# Journal file: D:/projets/2020_2/project_FPGA\vivado.jou
#-----------------------------------------------------------
start_gui
open_project D:/projets/2020_2/project_FPGA/project_FPGA.xpr
Scanning sources...
Finished scanning sources
INFO: [IP_Flow 19-234] Refreshing IP repositories
WARNING: [IP_Flow 19-3685] Ignored loading user repository 'd:/projets/2020_2/ip_repo/Balise_1.0'. The path is contained within another repository.
WARNING: [IP_Flow 19-3685] Ignored loading user repository 'd:/projets/2020_2/ip_repo/Dijkstra_reg_1.0'. The path is contained within another repository.
INFO: [IP_Flow 19-1700] Loaded user IP repository 'd:/projets/2020_2/ip_repo'.
INFO: [IP_Flow 19-2313] Loaded Vivado IP repository 'D:/Programmes/Vivado/2020.2/data/ip'.
WARNING: [BD 41-1661] One or more IPs have been locked in the design 'design_dijkstra_reg.bd'. Please run report_ip_status for more details and recommendations on how to fix this issue.
List of locked IPs:
design_dijkstra_reg_Balise_0_0

open_project: Time (s): cpu = 00:00:14 ; elapsed = 00:00:09 . Memory (MB): peak = 1126.082 ; gain = 0.000
update_compile_order -fileset sources_1
open_bd_design {D:/projets/2020_2/project_FPGA/project_FPGA.srcs/sources_1/bd/design_dijkstra_reg/design_dijkstra_reg.bd}
Reading block design file <D:/projets/2020_2/project_FPGA/project_FPGA.srcs/sources_1/bd/design_dijkstra_reg/design_dijkstra_reg.bd>...
Adding component instance block -- xilinx.com:ip:axi_uartlite:2.0 - axi_uartlite_0
Adding component instance block -- xilinx.com:ip:processing_system7:5.5 - processing_system7_0
Adding component instance block -- xilinx.com:ip:axi_interconnect:2.1 - ps7_0_axi_periph
Adding component instance block -- xilinx.com:ip:axi_crossbar:2.1 - xbar
Adding component instance block -- xilinx.com:ip:proc_sys_reset:5.0 - rst_ps7_0_50M
Adding component instance block -- elsys-design.com:user:Dijkstra_reg:1.0 - Dijkstra_reg_0
Adding component instance block -- elsys-design.com:user:Balise:1.0 - Balise_0
Successfully read diagram <design_dijkstra_reg> from block design file <D:/projets/2020_2/project_FPGA/project_FPGA.srcs/sources_1/bd/design_dijkstra_reg/design_dijkstra_reg.bd>
open_bd_design: Time (s): cpu = 00:00:12 ; elapsed = 00:00:09 . Memory (MB): peak = 1237.312 ; gain = 111.230
report_ip_status -name ip_status 
upgrade_ip -vlnv elsys-design.com:user:Balise:1.0 [get_ips  design_dijkstra_reg_Balise_0_0] -log ip_upgrade.log
Upgrading 'D:/projets/2020_2/project_FPGA/project_FPGA.srcs/sources_1/bd/design_dijkstra_reg/design_dijkstra_reg.bd'
INFO: [IP_Flow 19-3422] Upgraded design_dijkstra_reg_Balise_0_0 (Balise_v1.0 1.0) from revision 3 to revision 5
Wrote  : <D:\projets\2020_2\project_FPGA\project_FPGA.srcs\sources_1\bd\design_dijkstra_reg\design_dijkstra_reg.bd> 
Wrote  : <D:/projets/2020_2/project_FPGA/project_FPGA.srcs/sources_1/bd/design_dijkstra_reg/ui/bd_fffbc46c.ui> 
INFO: [Coretcl 2-1525] Wrote upgrade log to 'D:/projets/2020_2/project_FPGA/ip_upgrade.log'.
export_ip_user_files -of_objects [get_ips design_dijkstra_reg_Balise_0_0] -no_script -sync -force -quiet
launch_runs impl_1 -to_step write_bitstream -jobs 10
Wrote  : <D:\projets\2020_2\project_FPGA\project_FPGA.srcs\sources_1\bd\design_dijkstra_reg\design_dijkstra_reg.bd> 
VHDL Output written to : d:/projets/2020_2/project_FPGA/project_FPGA.gen/sources_1/bd/design_dijkstra_reg/synth/design_dijkstra_reg.vhd
VHDL Output written to : d:/projets/2020_2/project_FPGA/project_FPGA.gen/sources_1/bd/design_dijkstra_reg/sim/design_dijkstra_reg.vhd
VHDL Output written to : d:/projets/2020_2/project_FPGA/project_FPGA.gen/sources_1/bd/design_dijkstra_reg/hdl/design_dijkstra_reg_wrapper.vhd
WARNING: [IP_Flow 19-5160] IP 'design_dijkstra_reg_xbar_0' detected simulation language mismatch. Simulation type 'rtl' does not support 'VHDL' outputs (see project's "simulator_language" property), delivering 'Verilog' outputs instead.
WARNING: [IP_Flow 19-5160] IP 'design_dijkstra_reg_xbar_0' detected simulation language mismatch. Simulation type 'tlm' does not support 'VHDL' outputs (see project's "simulator_language" property), delivering 'SystemC' outputs instead.
INFO: [BD 41-1029] Generation completed for the IP Integrator block ps7_0_axi_periph/xbar .
INFO: [BD 41-1029] Generation completed for the IP Integrator block Balise_0 .
WARNING: [IP_Flow 19-4994] Overwriting existing constraint file 'd:/projets/2020_2/project_FPGA/project_FPGA.gen/sources_1/bd/design_dijkstra_reg/ip/design_dijkstra_reg_auto_pc_0/design_dijkstra_reg_auto_pc_0_ooc.xdc'
WARNING: [IP_Flow 19-5160] IP 'design_dijkstra_reg_auto_pc_0' detected simulation language mismatch. Simulation type 'rtl' does not support 'VHDL' outputs (see project's "simulator_language" property), delivering 'Verilog' outputs instead.
WARNING: [IP_Flow 19-5160] IP 'design_dijkstra_reg_auto_pc_0' detected simulation language mismatch. Simulation type 'tlm' does not support 'VHDL' outputs (see project's "simulator_language" property), delivering 'SystemC' outputs instead.
INFO: [BD 41-1029] Generation completed for the IP Integrator block ps7_0_axi_periph/s00_couplers/auto_pc .
Exporting to file d:/projets/2020_2/project_FPGA/project_FPGA.gen/sources_1/bd/design_dijkstra_reg/hw_handoff/design_dijkstra_reg.hwh
Generated Block Design Tcl file d:/projets/2020_2/project_FPGA/project_FPGA.gen/sources_1/bd/design_dijkstra_reg/hw_handoff/design_dijkstra_reg_bd.tcl
Generated Hardware Definition File d:/projets/2020_2/project_FPGA/project_FPGA.gen/sources_1/bd/design_dijkstra_reg/synth/design_dijkstra_reg.hwdef
INFO: [IP_Flow 19-7066] Running IP cache check for IP design_dijkstra_reg_Balise_0_0
INFO: [IP_Flow 19-7066] Running IP cache check for IP design_dijkstra_reg_auto_pc_0
INFO: [IP_Flow 19-7066] Running IP cache check for IP design_dijkstra_reg_xbar_0
INFO: [IP_Flow 19-4993] Using cached IP synthesis design for IP design_dijkstra_reg_auto_pc_0, cache-ID = 661c56cfa8991866; cache size = 43.170 MB.
[Fri Jul  8 10:56:33 2022] Launched design_dijkstra_reg_xbar_0_synth_1, design_dijkstra_reg_Balise_0_0_synth_1, synth_1...
Run output will be captured here:
design_dijkstra_reg_xbar_0_synth_1: D:/projets/2020_2/project_FPGA/project_FPGA.runs/design_dijkstra_reg_xbar_0_synth_1/runme.log
design_dijkstra_reg_Balise_0_0_synth_1: D:/projets/2020_2/project_FPGA/project_FPGA.runs/design_dijkstra_reg_Balise_0_0_synth_1/runme.log
synth_1: D:/projets/2020_2/project_FPGA/project_FPGA.runs/synth_1/runme.log
[Fri Jul  8 10:56:33 2022] Launched impl_1...
Run output will be captured here: D:/projets/2020_2/project_FPGA/project_FPGA.runs/impl_1/runme.log
launch_runs: Time (s): cpu = 00:00:18 ; elapsed = 00:00:24 . Memory (MB): peak = 1508.281 ; gain = 170.527
reset_run synth_1
launch_runs impl_1 -to_step write_bitstream -jobs 10
[Fri Jul  8 11:00:10 2022] Launched synth_1...
Run output will be captured here: D:/projets/2020_2/project_FPGA/project_FPGA.runs/synth_1/runme.log
[Fri Jul  8 11:00:10 2022] Launched impl_1...
Run output will be captured here: D:/projets/2020_2/project_FPGA/project_FPGA.runs/impl_1/runme.log
write_hw_platform -fixed -include_bit -force -file D:/projets/2020_2/project_FPGA/design_dijkstra_balises_wrapper.xsa
INFO: [Vivado 12-4895] Creating Hardware Platform: D:/projets/2020_2/project_FPGA/design_dijkstra_balises_wrapper.xsa ...
INFO: [Hsi 55-2053] elapsed time for repository (D:/Programmes/Vivado/2020.2/data\embeddedsw) loading 4 seconds
WARNING: [Project 1-645] Board images not set in Hardware Platform.
INFO: [Vivado 12-12467] The Hardware Platform can be used for Hardware
INFO: [Vivado 12-4896] Successfully created Hardware Platform: D:/projets/2020_2/project_FPGA/design_dijkstra_balises_wrapper.xsa
write_hw_platform: Time (s): cpu = 00:00:07 ; elapsed = 00:00:10 . Memory (MB): peak = 1738.875 ; gain = 170.270
INFO: [Vivado 12-8231] Launching Vitis
INFO: [Vivado 12-417] Running vitis
INFO: [Vivado 12-8232] Vitis launch initiated. Please check console for any further messages.
ipx::edit_ip_in_project -upgrade true -name Balise_v1_0_project -directory D:/projets/2020_2/project_FPGA/project_FPGA.tmp/Balise_v1_0_project d:/projets/2020_2/ip_repo/Balise_1.0/component.xml
INFO: [IP_Flow 19-234] Refreshing IP repositories
INFO: [IP_Flow 19-1704] No user IP repositories specified
INFO: [IP_Flow 19-2313] Loaded Vivado IP repository 'D:/Programmes/Vivado/2020.2/data/ip'.
INFO: [IP_Flow 19-234] Refreshing IP repositories
WARNING: [IP_Flow 19-3685] Ignored loading user repository 'd:/projets/2020_2/ip_repo/Balise_1.0'. The path is contained within another repository.
WARNING: [IP_Flow 19-3685] Ignored loading user repository 'd:/projets/2020_2/ip_repo/Dijkstra_reg_1.0'. The path is contained within another repository.
INFO: [IP_Flow 19-1700] Loaded user IP repository 'd:/projets/2020_2/ip_repo'.
INFO: [IP_Flow 19-795] Syncing license key meta-data
update_compile_order -fileset sources_1
ipx::merge_project_changes files [ipx::current_core]
WARNING: [IP_Flow 19-5226] Project source file 'd:/projets/2020_2/ip_repo/Balise_1.0/component.xml' ignored by IP packager.
set_property core_revision 6 [ipx::current_core]
ipx::update_source_project_archive -component [ipx::current_core]
ipx::create_xgui_files [ipx::current_core]
ipx::update_checksums [ipx::current_core]
ipx::check_integrity [ipx::current_core]
INFO: [IP_Flow 19-2181] Payment Required is not set for this core.
INFO: [IP_Flow 19-2187] The Product Guide file is missing.
INFO: [Ipptcl 7-1486] check_integrity: Integrity check passed.
ipx::save_core [ipx::current_core]
ipx::move_temp_component_back -component [ipx::current_core]
close_project -delete
update_ip_catalog -rebuild -repo_path d:/projets/2020_2/ip_repo/Balise_1.0
CRITICAL WARNING: [IP_Flow 19-1681] Failed to reload user IP repository 'd:/projets/2020_2/ip_repo/Balise_1.0'. ''d:/projets/2020_2/ip_repo/Balise_1.0' is not valid: Path is contained within another repository.'
0
reset_run impl_1 -prev_step 
launch_runs impl_1 -to_step write_bitstream -jobs 10
[Fri Jul  8 11:46:15 2022] Launched impl_1...
Run output will be captured here: D:/projets/2020_2/project_FPGA/project_FPGA.runs/impl_1/runme.log
open_hw_manager
connect_hw_server -allow_non_jtag
INFO: [Labtools 27-2285] Connecting to hw_server url TCP:localhost:3121
INFO: [Labtools 27-3415] Connecting to cs_server url TCP:localhost:3042
INFO: [Labtools 27-3417] Launching cs_server...
INFO: [Labtools 27-2221] Launch Output:


******** Xilinx cs_server v2020.2
  ****** Build date   : Nov 03 2020-22:02:56
    **** Build number : 2020.2.1604437376
      ** Copyright 2017-2020 Xilinx, Inc. All Rights Reserved.



connect_hw_server: Time (s): cpu = 00:00:00 ; elapsed = 00:00:08 . Memory (MB): peak = 1738.875 ; gain = 0.000
open_hw_target
INFO: [Labtoolstcl 44-466] Opening hw_target localhost:3121/xilinx_tcf/Digilent/210351B48339A
open_hw_target: Time (s): cpu = 00:00:05 ; elapsed = 00:00:07 . Memory (MB): peak = 3210.414 ; gain = 1471.539
set_property PROGRAM.FILE {D:/projets/2020_2/project_FPGA/project_FPGA.runs/impl_1/design_dijkstra_reg_wrapper.bit} [get_hw_devices xc7z020_1]
current_hw_device [get_hw_devices xc7z020_1]
refresh_hw_device -update_hw_probes false [lindex [get_hw_devices xc7z020_1] 0]
INFO: [Labtools 27-1434] Device xc7z020 (JTAG device index = 1) is programmed with a design that has no supported debug core(s) in it.
set_property PROBES.FILE {} [get_hw_devices xc7z020_1]
set_property FULL_PROBES.FILE {} [get_hw_devices xc7z020_1]
set_property PROGRAM.FILE {D:/projets/2020_2/project_FPGA/project_FPGA.runs/impl_1/design_dijkstra_reg_wrapper.bit} [get_hw_devices xc7z020_1]
program_hw_devices [get_hw_devices xc7z020_1]
INFO: [Labtools 27-3164] End of startup status: HIGH
refresh_hw_device [lindex [get_hw_devices xc7z020_1] 0]
INFO: [Labtools 27-1434] Device xc7z020 (JTAG device index = 1) is programmed with a design that has no supported debug core(s) in it.
ERROR: [Labtoolstcl 44-513] HW Target shutdown. Closing target: localhost:3121/xilinx_tcf/Digilent/210351B48339A
INFO: [Labtoolstcl 44-466] Opening hw_target localhost:3121/xilinx_tcf/Digilent/210351B48339A
WARNING: [Labtoolstcl 44-129] No matching hw_ila_data was found.
INFO: [Labtools 27-1435] Device xc7z020 (JTAG device index = 1) is not programmed (DONE status = 0).
WARNING: [Labtoolstcl 44-129] No matching hw_ila_data was found.
open_bd_design {D:/projets/2020_2/project_FPGA/project_FPGA.srcs/sources_1/bd/design_dijkstra_reg/design_dijkstra_reg.bd}
ipx::edit_ip_in_project -upgrade true -name Balise_v1_0_project -directory D:/projets/2020_2/project_FPGA/project_FPGA.tmp/Balise_v1_0_project d:/projets/2020_2/ip_repo/Balise_1.0/component.xml
INFO: [IP_Flow 19-234] Refreshing IP repositories
INFO: [IP_Flow 19-1704] No user IP repositories specified
INFO: [IP_Flow 19-2313] Loaded Vivado IP repository 'D:/Programmes/Vivado/2020.2/data/ip'.
INFO: [IP_Flow 19-234] Refreshing IP repositories
WARNING: [IP_Flow 19-3685] Ignored loading user repository 'd:/projets/2020_2/ip_repo/Balise_1.0'. The path is contained within another repository.
WARNING: [IP_Flow 19-3685] Ignored loading user repository 'd:/projets/2020_2/ip_repo/Dijkstra_reg_1.0'. The path is contained within another repository.
INFO: [IP_Flow 19-1700] Loaded user IP repository 'd:/projets/2020_2/ip_repo'.
INFO: [IP_Flow 19-795] Syncing license key meta-data
update_compile_order -fileset sources_1
ipx::merge_project_changes files [ipx::current_core]
WARNING: [IP_Flow 19-5226] Project source file 'd:/projets/2020_2/ip_repo/Balise_1.0/component.xml' ignored by IP packager.
ipx::update_checksums [ipx::current_core]
ipx::save_core [ipx::current_core]
set_property core_revision 7 [ipx::current_core]
ipx::update_source_project_archive -component [ipx::current_core]
ipx::create_xgui_files [ipx::current_core]
ipx::update_checksums [ipx::current_core]
ipx::check_integrity [ipx::current_core]
INFO: [IP_Flow 19-2181] Payment Required is not set for this core.
INFO: [IP_Flow 19-2187] The Product Guide file is missing.
INFO: [Ipptcl 7-1486] check_integrity: Integrity check passed.
ipx::save_core [ipx::current_core]
ipx::merge_project_changes files [ipx::current_core]
WARNING: [IP_Flow 19-5226] Project source file 'd:/projets/2020_2/ip_repo/Balise_1.0/component.xml' ignored by IP packager.
set_property core_revision 8 [ipx::current_core]
ipx::update_source_project_archive -component [ipx::current_core]
ipx::create_xgui_files [ipx::current_core]
ipx::update_checksums [ipx::current_core]
ipx::check_integrity [ipx::current_core]
INFO: [IP_Flow 19-2181] Payment Required is not set for this core.
INFO: [IP_Flow 19-2187] The Product Guide file is missing.
INFO: [Ipptcl 7-1486] check_integrity: Integrity check passed.
ipx::save_core [ipx::current_core]
ipx::move_temp_component_back -component [ipx::current_core]
close_project -delete
update_ip_catalog -rebuild -repo_path d:/projets/2020_2/ip_repo/Balise_1.0
CRITICAL WARNING: [IP_Flow 19-1681] Failed to reload user IP repository 'd:/projets/2020_2/ip_repo/Balise_1.0'. ''d:/projets/2020_2/ip_repo/Balise_1.0' is not valid: Path is contained within another repository.'
0
reset_run impl_1 -prev_step 
launch_runs impl_1 -to_step write_bitstream -jobs 10
[Fri Jul  8 13:27:15 2022] Launched impl_1...
Run output will be captured here: D:/projets/2020_2/project_FPGA/project_FPGA.runs/impl_1/runme.log
set_property PROBES.FILE {} [get_hw_devices xc7z020_1]
set_property FULL_PROBES.FILE {} [get_hw_devices xc7z020_1]
set_property PROGRAM.FILE {D:/projets/2020_2/project_FPGA/project_FPGA.runs/impl_1/design_dijkstra_reg_wrapper.bit} [get_hw_devices xc7z020_1]
program_hw_devices [get_hw_devices xc7z020_1]
INFO: [Labtools 27-3164] End of startup status: HIGH
refresh_hw_device [lindex [get_hw_devices xc7z020_1] 0]
INFO: [Labtools 27-1434] Device xc7z020 (JTAG device index = 1) is programmed with a design that has no supported debug core(s) in it.
set_property PROBES.FILE {} [get_hw_devices xc7z020_1]
set_property FULL_PROBES.FILE {} [get_hw_devices xc7z020_1]
set_property PROGRAM.FILE {D:/projets/2020_2/project_FPGA/project_FPGA.runs/impl_1/design_dijkstra_reg_wrapper.bit} [get_hw_devices xc7z020_1]
program_hw_devices [get_hw_devices xc7z020_1]
INFO: [Labtools 27-3164] End of startup status: HIGH
refresh_hw_device [lindex [get_hw_devices xc7z020_1] 0]
INFO: [Labtools 27-1434] Device xc7z020 (JTAG device index = 1) is programmed with a design that has no supported debug core(s) in it.
set_property PROBES.FILE {} [get_hw_devices xc7z020_1]
set_property FULL_PROBES.FILE {} [get_hw_devices xc7z020_1]
set_property PROGRAM.FILE {D:/projets/2020_2/project_FPGA/project_FPGA.runs/impl_1/design_dijkstra_reg_wrapper.bit} [get_hw_devices xc7z020_1]
program_hw_devices [get_hw_devices xc7z020_1]
INFO: [Labtools 27-3164] End of startup status: HIGH
refresh_hw_device [lindex [get_hw_devices xc7z020_1] 0]
INFO: [Labtools 27-1434] Device xc7z020 (JTAG device index = 1) is programmed with a design that has no supported debug core(s) in it.
ipx::edit_ip_in_project -upgrade true -name Balise_v1_0_project -directory D:/projets/2020_2/project_FPGA/project_FPGA.tmp/Balise_v1_0_project d:/projets/2020_2/ip_repo/Balise_1.0/component.xml
INFO: [IP_Flow 19-234] Refreshing IP repositories
INFO: [IP_Flow 19-1704] No user IP repositories specified
INFO: [IP_Flow 19-2313] Loaded Vivado IP repository 'D:/Programmes/Vivado/2020.2/data/ip'.
INFO: [IP_Flow 19-234] Refreshing IP repositories
WARNING: [IP_Flow 19-3685] Ignored loading user repository 'd:/projets/2020_2/ip_repo/Balise_1.0'. The path is contained within another repository.
WARNING: [IP_Flow 19-3685] Ignored loading user repository 'd:/projets/2020_2/ip_repo/Dijkstra_reg_1.0'. The path is contained within another repository.
INFO: [IP_Flow 19-1700] Loaded user IP repository 'd:/projets/2020_2/ip_repo'.
INFO: [IP_Flow 19-795] Syncing license key meta-data
update_compile_order -fileset sources_1
ipx::merge_project_changes files [ipx::current_core]
WARNING: [IP_Flow 19-5226] Project source file 'd:/projets/2020_2/ip_repo/Balise_1.0/component.xml' ignored by IP packager.
set_property core_revision 9 [ipx::current_core]
ipx::update_source_project_archive -component [ipx::current_core]
ipx::create_xgui_files [ipx::current_core]
ipx::update_checksums [ipx::current_core]
ipx::check_integrity [ipx::current_core]
INFO: [IP_Flow 19-2181] Payment Required is not set for this core.
INFO: [IP_Flow 19-2187] The Product Guide file is missing.
INFO: [Ipptcl 7-1486] check_integrity: Integrity check passed.
ipx::save_core [ipx::current_core]
ipx::move_temp_component_back -component [ipx::current_core]
close_project -delete
update_ip_catalog -rebuild -repo_path d:/projets/2020_2/ip_repo/Balise_1.0
CRITICAL WARNING: [IP_Flow 19-1681] Failed to reload user IP repository 'd:/projets/2020_2/ip_repo/Balise_1.0'. ''d:/projets/2020_2/ip_repo/Balise_1.0' is not valid: Path is contained within another repository.'
0
reset_run impl_1 -prev_step 
launch_runs impl_1 -to_step write_bitstream -jobs 10
[Fri Jul  8 14:00:43 2022] Launched impl_1...
Run output will be captured here: D:/projets/2020_2/project_FPGA/project_FPGA.runs/impl_1/runme.log
report_ip_status -name ip_status 
upgrade_ip -vlnv elsys-design.com:user:Balise:1.0 [get_ips  design_dijkstra_reg_Balise_0_0] -log ip_upgrade.log
Upgrading 'D:/projets/2020_2/project_FPGA/project_FPGA.srcs/sources_1/bd/design_dijkstra_reg/design_dijkstra_reg.bd'
WARNING: [Vivado 12-1017] Problems encountered:
1. Failed to delete one or more files in run directory D:/projets/2020_2/project_FPGA/project_FPGA.runs/design_dijkstra_reg_Balise_0_0_synth_1

INFO: [IP_Flow 19-1972] Upgraded design_dijkstra_reg_Balise_0_0 from Balise_v1.0 1.0 to Balise_v1.0 1.0
Wrote  : <D:\projets\2020_2\project_FPGA\project_FPGA.srcs\sources_1\bd\design_dijkstra_reg\design_dijkstra_reg.bd> 
Wrote  : <D:/projets/2020_2/project_FPGA/project_FPGA.srcs/sources_1/bd/design_dijkstra_reg/ui/bd_fffbc46c.ui> 
INFO: [Coretcl 2-1525] Wrote upgrade log to 'D:/projets/2020_2/project_FPGA/ip_upgrade.log'.
export_ip_user_files -of_objects [get_ips design_dijkstra_reg_Balise_0_0] -no_script -sync -force -quiet
report_ip_status -name ip_status 
reset_run synth_1
WARNING: [Vivado 12-1017] Problems encountered:
1. Failed to delete one or more files in run directory D:/projets/2020_2/project_FPGA/project_FPGA.runs/synth_1

launch_runs impl_1 -to_step write_bitstream -jobs 10
ERROR: [BD 5-683] VLNV <xilinx.com:ip:axi_protocol_converter:2.1> is not supported for the current part.
ERROR: [Common 17-39] 'create_bd_cell' failed due to earlier errors.
ERROR: [BD 41-1273] Error running post_propagate TCL procedure: ERROR: [Common 17-39] 'create_bd_cell' failed due to earlier errors.
    ifx_insert_ip Line 14
Wrote  : <D:\projets\2020_2\project_FPGA\project_FPGA.srcs\sources_1\bd\design_dijkstra_reg\design_dijkstra_reg.bd> 
VHDL Output written to : d:/projets/2020_2/project_FPGA/project_FPGA.gen/sources_1/bd/design_dijkstra_reg/synth/design_dijkstra_reg.vhd
VHDL Output written to : d:/projets/2020_2/project_FPGA/project_FPGA.gen/sources_1/bd/design_dijkstra_reg/sim/design_dijkstra_reg.vhd
VHDL Output written to : d:/projets/2020_2/project_FPGA/project_FPGA.gen/sources_1/bd/design_dijkstra_reg/hdl/design_dijkstra_reg_wrapper.vhd
WARNING: [IP_Flow 19-5160] IP 'design_dijkstra_reg_xbar_0' detected simulation language mismatch. Simulation type 'rtl' does not support 'VHDL' outputs (see project's "simulator_language" property), delivering 'Verilog' outputs instead.
WARNING: [IP_Flow 19-5160] IP 'design_dijkstra_reg_xbar_0' detected simulation language mismatch. Simulation type 'tlm' does not support 'VHDL' outputs (see project's "simulator_language" property), delivering 'SystemC' outputs instead.
INFO: [BD 41-1029] Generation completed for the IP Integrator block ps7_0_axi_periph/xbar .
INFO: [BD 41-1029] Generation completed for the IP Integrator block Balise_0 .
Exporting to file d:/projets/2020_2/project_FPGA/project_FPGA.gen/sources_1/bd/design_dijkstra_reg/hw_handoff/design_dijkstra_reg.hwh
Generated Block Design Tcl file d:/projets/2020_2/project_FPGA/project_FPGA.gen/sources_1/bd/design_dijkstra_reg/hw_handoff/design_dijkstra_reg_bd.tcl
Generated Hardware Definition File d:/projets/2020_2/project_FPGA/project_FPGA.gen/sources_1/bd/design_dijkstra_reg/synth/design_dijkstra_reg.hwdef
INFO: [IP_Flow 19-7066] Running IP cache check for IP design_dijkstra_reg_Balise_0_0
INFO: [IP_Flow 19-7066] Running IP cache check for IP design_dijkstra_reg_xbar_0
INFO: [IP_Flow 19-4993] Using cached IP synthesis design for IP design_dijkstra_reg_xbar_0, cache-ID = eaa9a92cece17afe; cache size = 43.919 MB.
ERROR: [Vivado 12-4756] Launch of runs aborted due to earlier errors while preparing sub-designs for run execution.
report_ip_status -name ip_status 
launch_runs impl_1 -to_step write_bitstream -jobs 10
[Fri Jul  8 14:02:11 2022] Launched design_dijkstra_reg_Balise_0_0_synth_1, synth_1...
Run output will be captured here:
design_dijkstra_reg_Balise_0_0_synth_1: D:/projets/2020_2/project_FPGA/project_FPGA.runs/design_dijkstra_reg_Balise_0_0_synth_1/runme.log
synth_1: D:/projets/2020_2/project_FPGA/project_FPGA.runs/synth_1/runme.log
[Fri Jul  8 14:02:11 2022] Launched impl_1...
Run output will be captured here: D:/projets/2020_2/project_FPGA/project_FPGA.runs/impl_1/runme.log
reset_run impl_1
launch_runs impl_1 -to_step write_bitstream -jobs 10
[Fri Jul  8 14:04:30 2022] Launched impl_1...
Run output will be captured here: D:/projets/2020_2/project_FPGA/project_FPGA.runs/impl_1/runme.log
exit
INFO: [Common 17-206] Exiting Vivado at Fri Jul  8 14:05:15 2022...
