#-----------------------------------------------------------
# Vivado v2020.1 (64-bit)
# SW Build 2902540 on Wed May 27 19:54:49 MDT 2020
# IP Build 2902112 on Wed May 27 22:43:36 MDT 2020
# Start of session at: Tue May 31 15:42:30 2022
# Process ID: 16408
# Current directory: D:/Robot_Surveillance_V3/FPGA/projets/project_UART_PC
# Command line: vivado.exe -gui_launcher_event rodinguilauncherevent1624 D:\Robot_Surveillance_V3\FPGA\projets\project_UART_PC\project_UART_PC.xpr
# Log file: D:/Robot_Surveillance_V3/FPGA/projets/project_UART_PC/vivado.log
# Journal file: D:/Robot_Surveillance_V3/FPGA/projets/project_UART_PC\vivado.jou
#-----------------------------------------------------------
start_gui
open_project D:/Robot_Surveillance_V3/FPGA/projets/project_UART_PC/project_UART_PC.xpr
Scanning sources...
Finished scanning sources
INFO: [IP_Flow 19-234] Refreshing IP repositories
INFO: [IP_Flow 19-1704] No user IP repositories specified
INFO: [IP_Flow 19-2313] Loaded Vivado IP repository 'D:/2020_1/Vivado/2020.1/data/ip'.
update_compile_order -fileset sources_1
update_module_reference design_uart_UART_control_0_0
INFO: [IP_Flow 19-5107] Inferred bus interface 'clk' of definition 'xilinx.com:signal:clock:1.0' (from Xilinx Repository).
WARNING: [IP_Flow 19-5661] Bus Interface 'clk' does not have any bus interfaces associated with it.
INFO: [IP_Flow 19-234] Refreshing IP repositories
INFO: [IP_Flow 19-1704] No user IP repositories specified
Adding component instance block -- xilinx.com:module_ref:UART_control:1.0 - UART_control_0
Successfully read diagram <design_uart> from BD file <D:/Robot_Surveillance_V3/FPGA/projets/project_UART_PC/project_UART_PC.srcs/sources_1/bd/design_uart/design_uart.bd>
Upgrading 'D:/Robot_Surveillance_V3/FPGA/projets/project_UART_PC/project_UART_PC.srcs/sources_1/bd/design_uart/design_uart.bd'
INFO: [IP_Flow 19-1972] Upgraded design_uart_UART_control_0_0 from UART_control_v1_0 1.0 to UART_control_v1_0 1.0
Wrote  : <D:\Robot_Surveillance_V3\FPGA\projets\project_UART_PC\project_UART_PC.srcs\sources_1\bd\design_uart\design_uart.bd> 
upgrade_ip: Time (s): cpu = 00:00:08 ; elapsed = 00:00:06 . Memory (MB): peak = 1205.324 ; gain = 11.078
update_module_reference: Time (s): cpu = 00:00:08 ; elapsed = 00:00:06 . Memory (MB): peak = 1205.324 ; gain = 11.078
reset_run synth_1
launch_runs impl_1 -to_step write_bitstream -jobs 8
[Tue May 31 15:44:40 2022] Launched synth_1...
Run output will be captured here: D:/Robot_Surveillance_V3/FPGA/projets/project_UART_PC/project_UART_PC.runs/synth_1/runme.log
[Tue May 31 15:44:40 2022] Launched impl_1...
Run output will be captured here: D:/Robot_Surveillance_V3/FPGA/projets/project_UART_PC/project_UART_PC.runs/impl_1/runme.log
open_hw_manager
connect_hw_server -allow_non_jtag
INFO: [Labtools 27-2285] Connecting to hw_server url TCP:localhost:3121
INFO: [Labtools 27-2222] Launching hw_server...
INFO: [Labtools 27-2221] Launch Output:

****** Xilinx hw_server v2020.1
  **** Build date : May 27 2020 at 20:24:38
    ** Copyright 1986-2020 Xilinx, Inc. All Rights Reserved.


INFO: [Labtools 27-3415] Connecting to cs_server url TCP:localhost:3042
INFO: [Labtools 27-3417] Launching cs_server...
INFO: [Labtools 27-2221] Launch Output:


****** Xilinx cs_server v2020.1.0
  **** Build date : May 14 2020-03:10:29
    ** Copyright 2017-2020 Xilinx, Inc. All Rights Reserved.



connect_hw_server: Time (s): cpu = 00:00:01 ; elapsed = 00:00:08 . Memory (MB): peak = 1208.777 ; gain = 3.453
open_hw_target
INFO: [Labtoolstcl 44-466] Opening hw_target localhost:3121/xilinx_tcf/Digilent/210351B48339A
open_hw_target: Time (s): cpu = 00:00:05 ; elapsed = 00:00:07 . Memory (MB): peak = 2524.535 ; gain = 1315.758
set_property PROGRAM.FILE {D:/Robot_Surveillance_V3/FPGA/projets/project_UART_PC/project_UART_PC.runs/impl_1/UART_control.bit} [get_hw_devices xc7z020_1]
current_hw_device [get_hw_devices xc7z020_1]
refresh_hw_device -update_hw_probes false [lindex [get_hw_devices xc7z020_1] 0]
INFO: [Labtools 27-1435] Device xc7z020 (JTAG device index = 1) is not programmed (DONE status = 0).
set_property top design_uart_wrapper [current_fileset]
update_compile_order -fileset sources_1
reset_run synth_1
WARNING: [Vivado 12-1017] Problems encountered:
1. Failed to delete one or more files in run directory D:/Robot_Surveillance_V3/FPGA/projets/project_UART_PC/project_UART_PC.runs/synth_1

launch_runs impl_1 -to_step write_bitstream -jobs 8
Wrote  : <D:\Robot_Surveillance_V3\FPGA\projets\project_UART_PC\project_UART_PC.srcs\sources_1\bd\design_uart\design_uart.bd> 
VHDL Output written to : D:/Robot_Surveillance_V3/FPGA/projets/project_UART_PC/project_UART_PC.srcs/sources_1/bd/design_uart/synth/design_uart.vhd
VHDL Output written to : D:/Robot_Surveillance_V3/FPGA/projets/project_UART_PC/project_UART_PC.srcs/sources_1/bd/design_uart/sim/design_uart.vhd
VHDL Output written to : D:/Robot_Surveillance_V3/FPGA/projets/project_UART_PC/project_UART_PC.srcs/sources_1/bd/design_uart/hdl/design_uart_wrapper.vhd
INFO: [BD 41-1029] Generation completed for the IP Integrator block UART_control_0 .
Exporting to file D:/Robot_Surveillance_V3/FPGA/projets/project_UART_PC/project_UART_PC.srcs/sources_1/bd/design_uart/hw_handoff/design_uart.hwh
Generated Block Design Tcl file D:/Robot_Surveillance_V3/FPGA/projets/project_UART_PC/project_UART_PC.srcs/sources_1/bd/design_uart/hw_handoff/design_uart_bd.tcl
Generated Hardware Definition File D:/Robot_Surveillance_V3/FPGA/projets/project_UART_PC/project_UART_PC.srcs/sources_1/bd/design_uart/synth/design_uart.hwdef
[Tue May 31 15:49:07 2022] Launched design_uart_UART_control_0_0_synth_1, synth_1...
Run output will be captured here:
design_uart_UART_control_0_0_synth_1: D:/Robot_Surveillance_V3/FPGA/projets/project_UART_PC/project_UART_PC.runs/design_uart_UART_control_0_0_synth_1/runme.log
synth_1: D:/Robot_Surveillance_V3/FPGA/projets/project_UART_PC/project_UART_PC.runs/synth_1/runme.log
[Tue May 31 15:49:07 2022] Launched impl_1...
Run output will be captured here: D:/Robot_Surveillance_V3/FPGA/projets/project_UART_PC/project_UART_PC.runs/impl_1/runme.log
launch_runs: Time (s): cpu = 00:00:03 ; elapsed = 00:00:06 . Memory (MB): peak = 2706.777 ; gain = 132.180
set_property PROBES.FILE {} [get_hw_devices xc7z020_1]
set_property FULL_PROBES.FILE {} [get_hw_devices xc7z020_1]
set_property PROGRAM.FILE {D:/Robot_Surveillance_V3/FPGA/projets/project_UART_PC/project_UART_PC.runs/impl_1/design_uart_wrapper.bit} [get_hw_devices xc7z020_1]
program_hw_devices [get_hw_devices xc7z020_1]
INFO: [Labtools 27-3164] End of startup status: HIGH
refresh_hw_device [lindex [get_hw_devices xc7z020_1] 0]
INFO: [Labtools 27-1434] Device xc7z020 (JTAG device index = 1) is programmed with a design that has no supported debug core(s) in it.
ERROR: [Labtoolstcl 44-513] HW Target shutdown. Closing target: localhost:3121/xilinx_tcf/Digilent/210351B48339A
INFO: [Labtoolstcl 44-466] Opening hw_target localhost:3121/xilinx_tcf/Digilent/210351B48339A
WARNING: [Labtoolstcl 44-129] No matching hw_ila_data was found.
INFO: [Labtools 27-1435] Device xc7z020 (JTAG device index = 1) is not programmed (DONE status = 0).
WARNING: [Labtoolstcl 44-129] No matching hw_ila_data was found.
set_property PROBES.FILE {} [get_hw_devices xc7z020_1]
set_property FULL_PROBES.FILE {} [get_hw_devices xc7z020_1]
set_property PROGRAM.FILE {D:/Robot_Surveillance_V3/FPGA/projets/project_UART_PC/project_UART_PC.runs/impl_1/design_uart_wrapper.bit} [get_hw_devices xc7z020_1]
program_hw_devices [get_hw_devices xc7z020_1]
INFO: [Labtools 27-3164] End of startup status: HIGH
refresh_hw_device [lindex [get_hw_devices xc7z020_1] 0]
INFO: [Labtools 27-1434] Device xc7z020 (JTAG device index = 1) is programmed with a design that has no supported debug core(s) in it.
ERROR: [Labtoolstcl 44-513] HW Target shutdown. Closing target: localhost:3121/xilinx_tcf/Digilent/210351B48339A
INFO: [Labtoolstcl 44-466] Opening hw_target localhost:3121/xilinx_tcf/Digilent/210351B48339A
WARNING: [Labtoolstcl 44-129] No matching hw_ila_data was found.
INFO: [Labtools 27-1435] Device xc7z020 (JTAG device index = 1) is not programmed (DONE status = 0).
WARNING: [Labtoolstcl 44-129] No matching hw_ila_data was found.
set_property PROBES.FILE {} [get_hw_devices xc7z020_1]
set_property FULL_PROBES.FILE {} [get_hw_devices xc7z020_1]
set_property PROGRAM.FILE {D:/Robot_Surveillance_V3/FPGA/projets/project_UART_PC/project_UART_PC.runs/impl_1/design_uart_wrapper.bit} [get_hw_devices xc7z020_1]
program_hw_devices [get_hw_devices xc7z020_1]
INFO: [Labtools 27-3164] End of startup status: HIGH
refresh_hw_device [lindex [get_hw_devices xc7z020_1] 0]
INFO: [Labtools 27-1434] Device xc7z020 (JTAG device index = 1) is programmed with a design that has no supported debug core(s) in it.
ERROR: [Labtoolstcl 44-513] HW Target shutdown. Closing target: localhost:3121/xilinx_tcf/Digilent/210351B48339A
exit
INFO: [Common 17-206] Exiting Vivado at Tue May 31 16:30:34 2022...
