10:12:27 INFO  : Launching XSCT server: xsct.bat -n  -interactive D:\projets\2020_2\project_RFID\vitis\temp_xsdb_launch_script.tcl
10:12:27 INFO  : Registering command handlers for Vitis TCF services
10:12:32 INFO  : Platform repository initialization has completed.
10:12:32 INFO  : XSCT server has started successfully.
10:12:41 INFO  : plnx-install-location is set to ''
10:12:41 INFO  : Successfully done setting XSCT server connection channel  
10:12:41 INFO  : Successfully done query RDI_DATADIR 
10:12:41 INFO  : Successfully done setting workspace for the tool. 
10:15:50 INFO  : Result from executing command 'getProjects': design_IP_RFID_wrapper
10:15:50 INFO  : Result from executing command 'getPlatforms': 
10:15:50 WARN  : An unexpected exception occurred in the module 'platform project logging'
10:15:50 INFO  : Platform 'design_IP_RFID_wrapper' is added to custom repositories.
10:16:03 INFO  : Platform 'design_IP_RFID_wrapper' is added to custom repositories.
10:25:20 INFO  : Result from executing command 'getProjects': design_IP_RFID_wrapper
10:25:20 INFO  : Result from executing command 'getPlatforms': design_IP_RFID_wrapper|D:/projets/2020_2/project_RFID/vitis/design_IP_RFID_wrapper/export/design_IP_RFID_wrapper/design_IP_RFID_wrapper.xpfm
10:25:21 INFO  : Checking for BSP changes to sync application flags for project 'RFID'...
10:25:52 INFO  : Connected to target on host '127.0.0.1' and port '3121'.
10:25:55 INFO  : 'targets -set -filter {jtag_cable_name =~ "Digilent Zybo Z7 210351B48339A" && level==0 && jtag_device_ctx=="jsn-Zybo Z7-210351B48339A-23727093-0"}' command is executed.
10:25:57 INFO  : Device configured successfully with "D:/projets/2020_2/project_RFID/vitis/RFID/_ide/bitstream/design_IP_RFID_wrapper.bit"
10:26:06 INFO  : Connected to target on host '127.0.0.1' and port '3121'.
10:26:06 INFO  : Jtag cable 'Digilent Zybo Z7 210351B48339A' is selected.
10:26:06 INFO  : 'jtag frequency' command is executed.
10:26:06 INFO  : Context for 'APU' is selected.
10:26:07 INFO  : System reset is completed.
10:26:10 INFO  : 'after 3000' command is executed.
10:26:10 INFO  : 'targets -set -filter {jtag_cable_name =~ "Digilent Zybo Z7 210351B48339A" && level==0 && jtag_device_ctx=="jsn-Zybo Z7-210351B48339A-23727093-0"}' command is executed.
10:26:12 INFO  : Device configured successfully with "D:/projets/2020_2/project_RFID/vitis/RFID/_ide/bitstream/design_IP_RFID_wrapper.bit"
10:26:12 INFO  : Context for 'APU' is selected.
10:26:12 INFO  : Hardware design and registers information is loaded from 'D:/projets/2020_2/project_RFID/vitis/design_IP_RFID_wrapper/export/design_IP_RFID_wrapper/hw/design_IP_RFID_wrapper.xsa'.
10:26:12 INFO  : 'configparams force-mem-access 1' command is executed.
10:26:12 INFO  : Context for 'APU' is selected.
10:26:12 INFO  : Sourcing of 'D:/projets/2020_2/project_RFID/vitis/RFID/_ide/psinit/ps7_init.tcl' is done.
10:26:13 INFO  : 'ps7_init' command is executed.
10:26:13 INFO  : 'ps7_post_config' command is executed.
10:26:13 INFO  : Context for processor 'ps7_cortexa9_0' is selected.
10:26:13 INFO  : The application 'D:/projets/2020_2/project_RFID/vitis/RFID/Debug/RFID.elf' is downloaded to processor 'ps7_cortexa9_0'.
10:26:13 INFO  : 'configparams force-mem-access 0' command is executed.
10:26:13 INFO  : ----------------XSDB Script----------------
connect -url tcp:127.0.0.1:3121
targets -set -nocase -filter {name =~"APU*"}
rst -system
after 3000
targets -set -filter {jtag_cable_name =~ "Digilent Zybo Z7 210351B48339A" && level==0 && jtag_device_ctx=="jsn-Zybo Z7-210351B48339A-23727093-0"}
fpga -file D:/projets/2020_2/project_RFID/vitis/RFID/_ide/bitstream/design_IP_RFID_wrapper.bit
targets -set -nocase -filter {name =~"APU*"}
loadhw -hw D:/projets/2020_2/project_RFID/vitis/design_IP_RFID_wrapper/export/design_IP_RFID_wrapper/hw/design_IP_RFID_wrapper.xsa -mem-ranges [list {0x40000000 0xbfffffff}] -regs
configparams force-mem-access 1
targets -set -nocase -filter {name =~"APU*"}
source D:/projets/2020_2/project_RFID/vitis/RFID/_ide/psinit/ps7_init.tcl
ps7_init
ps7_post_config
targets -set -nocase -filter {name =~ "*A9*#0"}
dow D:/projets/2020_2/project_RFID/vitis/RFID/Debug/RFID.elf
configparams force-mem-access 0
----------------End of Script----------------

10:26:13 INFO  : Context for processor 'ps7_cortexa9_0' is selected.
10:26:13 INFO  : 'con' command is executed.
10:26:13 INFO  : ----------------XSDB Script (After Launch)----------------
targets -set -nocase -filter {name =~ "*A9*#0"}
con
----------------End of Script----------------

10:26:13 INFO  : Launch script is exported to file 'D:\projets\2020_2\project_RFID\vitis\RFID_system\_ide\scripts\systemdebugger_rfid_system_standalone.tcl'
11:07:41 INFO  : Disconnected from the channel tcfchan#2.
11:07:41 INFO  : Connected to target on host '127.0.0.1' and port '3121'.
11:07:41 INFO  : Jtag cable 'Digilent Zybo Z7 210351B48339A' is selected.
11:07:41 INFO  : 'jtag frequency' command is executed.
11:07:41 INFO  : Context for 'APU' is selected.
11:07:41 INFO  : System reset is completed.
11:07:44 INFO  : 'after 3000' command is executed.
11:07:44 INFO  : 'targets -set -filter {jtag_cable_name =~ "Digilent Zybo Z7 210351B48339A" && level==0 && jtag_device_ctx=="jsn-Zybo Z7-210351B48339A-23727093-0"}' command is executed.
11:07:47 INFO  : Device configured successfully with "D:/projets/2020_2/project_RFID/vitis/RFID/_ide/bitstream/design_IP_RFID_wrapper.bit"
11:07:47 INFO  : Context for 'APU' is selected.
11:07:47 INFO  : Hardware design and registers information is loaded from 'D:/projets/2020_2/project_RFID/vitis/design_IP_RFID_wrapper/export/design_IP_RFID_wrapper/hw/design_IP_RFID_wrapper.xsa'.
11:07:47 INFO  : 'configparams force-mem-access 1' command is executed.
11:07:47 INFO  : Context for 'APU' is selected.
11:07:47 INFO  : Sourcing of 'D:/projets/2020_2/project_RFID/vitis/RFID/_ide/psinit/ps7_init.tcl' is done.
11:07:47 INFO  : 'ps7_init' command is executed.
11:07:47 INFO  : 'ps7_post_config' command is executed.
11:07:47 INFO  : Context for processor 'ps7_cortexa9_0' is selected.
11:07:47 INFO  : The application 'D:/projets/2020_2/project_RFID/vitis/RFID/Debug/RFID.elf' is downloaded to processor 'ps7_cortexa9_0'.
11:07:47 INFO  : 'configparams force-mem-access 0' command is executed.
11:07:47 INFO  : ----------------XSDB Script----------------
connect -url tcp:127.0.0.1:3121
targets -set -nocase -filter {name =~"APU*"}
rst -system
after 3000
targets -set -filter {jtag_cable_name =~ "Digilent Zybo Z7 210351B48339A" && level==0 && jtag_device_ctx=="jsn-Zybo Z7-210351B48339A-23727093-0"}
fpga -file D:/projets/2020_2/project_RFID/vitis/RFID/_ide/bitstream/design_IP_RFID_wrapper.bit
targets -set -nocase -filter {name =~"APU*"}
loadhw -hw D:/projets/2020_2/project_RFID/vitis/design_IP_RFID_wrapper/export/design_IP_RFID_wrapper/hw/design_IP_RFID_wrapper.xsa -mem-ranges [list {0x40000000 0xbfffffff}] -regs
configparams force-mem-access 1
targets -set -nocase -filter {name =~"APU*"}
source D:/projets/2020_2/project_RFID/vitis/RFID/_ide/psinit/ps7_init.tcl
ps7_init
ps7_post_config
targets -set -nocase -filter {name =~ "*A9*#0"}
dow D:/projets/2020_2/project_RFID/vitis/RFID/Debug/RFID.elf
configparams force-mem-access 0
----------------End of Script----------------

11:07:47 INFO  : Context for processor 'ps7_cortexa9_0' is selected.
11:07:47 INFO  : 'con' command is executed.
11:07:47 INFO  : ----------------XSDB Script (After Launch)----------------
targets -set -nocase -filter {name =~ "*A9*#0"}
con
----------------End of Script----------------

11:07:47 INFO  : Launch script is exported to file 'D:\projets\2020_2\project_RFID\vitis\RFID_system\_ide\scripts\systemdebugger_rfid_system_standalone.tcl'
11:16:34 INFO  : Disconnected from the channel tcfchan#3.
11:16:34 INFO  : Connected to target on host '127.0.0.1' and port '3121'.
11:16:34 INFO  : Jtag cable 'Digilent Zybo Z7 210351B48339A' is selected.
11:16:34 INFO  : 'jtag frequency' command is executed.
11:16:34 INFO  : Context for 'APU' is selected.
11:16:34 INFO  : System reset is completed.
11:16:37 INFO  : 'after 3000' command is executed.
11:16:37 INFO  : 'targets -set -filter {jtag_cable_name =~ "Digilent Zybo Z7 210351B48339A" && level==0 && jtag_device_ctx=="jsn-Zybo Z7-210351B48339A-23727093-0"}' command is executed.
11:16:40 INFO  : Device configured successfully with "D:/projets/2020_2/project_RFID/vitis/RFID/_ide/bitstream/design_IP_RFID_wrapper.bit"
11:16:40 INFO  : Context for 'APU' is selected.
11:16:40 INFO  : Hardware design and registers information is loaded from 'D:/projets/2020_2/project_RFID/vitis/design_IP_RFID_wrapper/export/design_IP_RFID_wrapper/hw/design_IP_RFID_wrapper.xsa'.
11:16:40 INFO  : 'configparams force-mem-access 1' command is executed.
11:16:40 INFO  : Context for 'APU' is selected.
11:16:40 INFO  : Sourcing of 'D:/projets/2020_2/project_RFID/vitis/RFID/_ide/psinit/ps7_init.tcl' is done.
11:16:40 INFO  : 'ps7_init' command is executed.
11:16:40 INFO  : 'ps7_post_config' command is executed.
11:16:40 INFO  : Context for processor 'ps7_cortexa9_0' is selected.
11:16:40 INFO  : The application 'D:/projets/2020_2/project_RFID/vitis/RFID/Debug/RFID.elf' is downloaded to processor 'ps7_cortexa9_0'.
11:16:40 INFO  : 'configparams force-mem-access 0' command is executed.
11:16:40 INFO  : ----------------XSDB Script----------------
connect -url tcp:127.0.0.1:3121
targets -set -nocase -filter {name =~"APU*"}
rst -system
after 3000
targets -set -filter {jtag_cable_name =~ "Digilent Zybo Z7 210351B48339A" && level==0 && jtag_device_ctx=="jsn-Zybo Z7-210351B48339A-23727093-0"}
fpga -file D:/projets/2020_2/project_RFID/vitis/RFID/_ide/bitstream/design_IP_RFID_wrapper.bit
targets -set -nocase -filter {name =~"APU*"}
loadhw -hw D:/projets/2020_2/project_RFID/vitis/design_IP_RFID_wrapper/export/design_IP_RFID_wrapper/hw/design_IP_RFID_wrapper.xsa -mem-ranges [list {0x40000000 0xbfffffff}] -regs
configparams force-mem-access 1
targets -set -nocase -filter {name =~"APU*"}
source D:/projets/2020_2/project_RFID/vitis/RFID/_ide/psinit/ps7_init.tcl
ps7_init
ps7_post_config
targets -set -nocase -filter {name =~ "*A9*#0"}
dow D:/projets/2020_2/project_RFID/vitis/RFID/Debug/RFID.elf
configparams force-mem-access 0
----------------End of Script----------------

11:16:40 INFO  : Context for processor 'ps7_cortexa9_0' is selected.
11:16:40 INFO  : 'con' command is executed.
11:16:40 INFO  : ----------------XSDB Script (After Launch)----------------
targets -set -nocase -filter {name =~ "*A9*#0"}
con
----------------End of Script----------------

11:16:40 INFO  : Launch script is exported to file 'D:\projets\2020_2\project_RFID\vitis\RFID_system\_ide\scripts\systemdebugger_rfid_system_standalone.tcl'
11:27:41 INFO  : Checking for BSP changes to sync application flags for project 'RFID'...
11:28:28 INFO  : Disconnected from the channel tcfchan#4.
11:28:28 INFO  : Connected to target on host '127.0.0.1' and port '3121'.
11:28:28 INFO  : Jtag cable 'Digilent Zybo Z7 210351B48339A' is selected.
11:28:28 INFO  : 'jtag frequency' command is executed.
11:28:28 INFO  : Context for 'APU' is selected.
11:28:28 INFO  : System reset is completed.
11:28:31 INFO  : 'after 3000' command is executed.
11:28:32 INFO  : 'targets -set -filter {jtag_cable_name =~ "Digilent Zybo Z7 210351B48339A" && level==0 && jtag_device_ctx=="jsn-Zybo Z7-210351B48339A-23727093-0"}' command is executed.
11:28:34 INFO  : Device configured successfully with "D:/projets/2020_2/project_RFID/vitis/RFID/_ide/bitstream/design_IP_RFID_wrapper.bit"
11:28:34 INFO  : Context for 'APU' is selected.
11:28:34 INFO  : Hardware design and registers information is loaded from 'D:/projets/2020_2/project_RFID/vitis/design_IP_RFID_wrapper/export/design_IP_RFID_wrapper/hw/design_IP_RFID_wrapper.xsa'.
11:28:34 INFO  : 'configparams force-mem-access 1' command is executed.
11:28:34 INFO  : Context for 'APU' is selected.
11:28:34 INFO  : Sourcing of 'D:/projets/2020_2/project_RFID/vitis/RFID/_ide/psinit/ps7_init.tcl' is done.
11:28:34 INFO  : 'ps7_init' command is executed.
11:28:34 INFO  : 'ps7_post_config' command is executed.
11:28:34 INFO  : Context for processor 'ps7_cortexa9_0' is selected.
11:28:35 INFO  : The application 'D:/projets/2020_2/project_RFID/vitis/RFID/Debug/RFID.elf' is downloaded to processor 'ps7_cortexa9_0'.
11:28:35 INFO  : 'configparams force-mem-access 0' command is executed.
11:28:35 INFO  : ----------------XSDB Script----------------
connect -url tcp:127.0.0.1:3121
targets -set -nocase -filter {name =~"APU*"}
rst -system
after 3000
targets -set -filter {jtag_cable_name =~ "Digilent Zybo Z7 210351B48339A" && level==0 && jtag_device_ctx=="jsn-Zybo Z7-210351B48339A-23727093-0"}
fpga -file D:/projets/2020_2/project_RFID/vitis/RFID/_ide/bitstream/design_IP_RFID_wrapper.bit
targets -set -nocase -filter {name =~"APU*"}
loadhw -hw D:/projets/2020_2/project_RFID/vitis/design_IP_RFID_wrapper/export/design_IP_RFID_wrapper/hw/design_IP_RFID_wrapper.xsa -mem-ranges [list {0x40000000 0xbfffffff}] -regs
configparams force-mem-access 1
targets -set -nocase -filter {name =~"APU*"}
source D:/projets/2020_2/project_RFID/vitis/RFID/_ide/psinit/ps7_init.tcl
ps7_init
ps7_post_config
targets -set -nocase -filter {name =~ "*A9*#0"}
dow D:/projets/2020_2/project_RFID/vitis/RFID/Debug/RFID.elf
configparams force-mem-access 0
----------------End of Script----------------

11:28:35 INFO  : Context for processor 'ps7_cortexa9_0' is selected.
11:28:35 INFO  : 'con' command is executed.
11:28:35 INFO  : ----------------XSDB Script (After Launch)----------------
targets -set -nocase -filter {name =~ "*A9*#0"}
con
----------------End of Script----------------

11:28:35 INFO  : Launch script is exported to file 'D:\projets\2020_2\project_RFID\vitis\RFID_system\_ide\scripts\systemdebugger_rfid_system_standalone.tcl'
11:29:37 INFO  : Checking for BSP changes to sync application flags for project 'RFID'...
11:30:10 INFO  : Disconnected from the channel tcfchan#5.
11:30:10 INFO  : Connected to target on host '127.0.0.1' and port '3121'.
11:30:10 INFO  : Jtag cable 'Digilent Zybo Z7 210351B48339A' is selected.
11:30:10 INFO  : 'jtag frequency' command is executed.
11:30:10 INFO  : Context for 'APU' is selected.
11:30:10 INFO  : System reset is completed.
11:30:13 INFO  : 'after 3000' command is executed.
11:30:13 INFO  : 'targets -set -filter {jtag_cable_name =~ "Digilent Zybo Z7 210351B48339A" && level==0 && jtag_device_ctx=="jsn-Zybo Z7-210351B48339A-23727093-0"}' command is executed.
11:30:15 INFO  : Device configured successfully with "D:/projets/2020_2/project_RFID/vitis/RFID/_ide/bitstream/design_IP_RFID_wrapper.bit"
11:30:15 INFO  : Context for 'APU' is selected.
11:30:15 INFO  : Hardware design and registers information is loaded from 'D:/projets/2020_2/project_RFID/vitis/design_IP_RFID_wrapper/export/design_IP_RFID_wrapper/hw/design_IP_RFID_wrapper.xsa'.
11:30:15 INFO  : 'configparams force-mem-access 1' command is executed.
11:30:15 INFO  : Context for 'APU' is selected.
11:30:16 INFO  : Sourcing of 'D:/projets/2020_2/project_RFID/vitis/RFID/_ide/psinit/ps7_init.tcl' is done.
11:30:16 INFO  : 'ps7_init' command is executed.
11:30:16 INFO  : 'ps7_post_config' command is executed.
11:30:16 INFO  : Context for processor 'ps7_cortexa9_0' is selected.
11:30:16 INFO  : The application 'D:/projets/2020_2/project_RFID/vitis/RFID/Debug/RFID.elf' is downloaded to processor 'ps7_cortexa9_0'.
11:30:16 INFO  : 'configparams force-mem-access 0' command is executed.
11:30:16 INFO  : ----------------XSDB Script----------------
connect -url tcp:127.0.0.1:3121
targets -set -nocase -filter {name =~"APU*"}
rst -system
after 3000
targets -set -filter {jtag_cable_name =~ "Digilent Zybo Z7 210351B48339A" && level==0 && jtag_device_ctx=="jsn-Zybo Z7-210351B48339A-23727093-0"}
fpga -file D:/projets/2020_2/project_RFID/vitis/RFID/_ide/bitstream/design_IP_RFID_wrapper.bit
targets -set -nocase -filter {name =~"APU*"}
loadhw -hw D:/projets/2020_2/project_RFID/vitis/design_IP_RFID_wrapper/export/design_IP_RFID_wrapper/hw/design_IP_RFID_wrapper.xsa -mem-ranges [list {0x40000000 0xbfffffff}] -regs
configparams force-mem-access 1
targets -set -nocase -filter {name =~"APU*"}
source D:/projets/2020_2/project_RFID/vitis/RFID/_ide/psinit/ps7_init.tcl
ps7_init
ps7_post_config
targets -set -nocase -filter {name =~ "*A9*#0"}
dow D:/projets/2020_2/project_RFID/vitis/RFID/Debug/RFID.elf
configparams force-mem-access 0
----------------End of Script----------------

11:30:16 INFO  : Context for processor 'ps7_cortexa9_0' is selected.
11:30:16 INFO  : 'con' command is executed.
11:30:16 INFO  : ----------------XSDB Script (After Launch)----------------
targets -set -nocase -filter {name =~ "*A9*#0"}
con
----------------End of Script----------------

11:30:16 INFO  : Launch script is exported to file 'D:\projets\2020_2\project_RFID\vitis\RFID_system\_ide\scripts\systemdebugger_rfid_system_standalone.tcl'
11:31:58 INFO  : Checking for BSP changes to sync application flags for project 'RFID'...
11:32:11 INFO  : Disconnected from the channel tcfchan#6.
11:32:11 INFO  : Connected to target on host '127.0.0.1' and port '3121'.
11:32:11 INFO  : Jtag cable 'Digilent Zybo Z7 210351B48339A' is selected.
11:32:11 INFO  : 'jtag frequency' command is executed.
11:32:11 INFO  : Context for 'APU' is selected.
11:32:11 INFO  : System reset is completed.
11:32:14 INFO  : 'after 3000' command is executed.
11:32:14 INFO  : 'targets -set -filter {jtag_cable_name =~ "Digilent Zybo Z7 210351B48339A" && level==0 && jtag_device_ctx=="jsn-Zybo Z7-210351B48339A-23727093-0"}' command is executed.
11:32:17 INFO  : Device configured successfully with "D:/projets/2020_2/project_RFID/vitis/RFID/_ide/bitstream/design_IP_RFID_wrapper.bit"
11:32:17 INFO  : Context for 'APU' is selected.
11:32:17 INFO  : Hardware design and registers information is loaded from 'D:/projets/2020_2/project_RFID/vitis/design_IP_RFID_wrapper/export/design_IP_RFID_wrapper/hw/design_IP_RFID_wrapper.xsa'.
11:32:17 INFO  : 'configparams force-mem-access 1' command is executed.
11:32:17 INFO  : Context for 'APU' is selected.
11:32:17 INFO  : Sourcing of 'D:/projets/2020_2/project_RFID/vitis/RFID/_ide/psinit/ps7_init.tcl' is done.
11:32:17 INFO  : 'ps7_init' command is executed.
11:32:17 INFO  : 'ps7_post_config' command is executed.
11:32:17 INFO  : Context for processor 'ps7_cortexa9_0' is selected.
11:32:17 INFO  : The application 'D:/projets/2020_2/project_RFID/vitis/RFID/Debug/RFID.elf' is downloaded to processor 'ps7_cortexa9_0'.
11:32:17 INFO  : 'configparams force-mem-access 0' command is executed.
11:32:17 INFO  : ----------------XSDB Script----------------
connect -url tcp:127.0.0.1:3121
targets -set -nocase -filter {name =~"APU*"}
rst -system
after 3000
targets -set -filter {jtag_cable_name =~ "Digilent Zybo Z7 210351B48339A" && level==0 && jtag_device_ctx=="jsn-Zybo Z7-210351B48339A-23727093-0"}
fpga -file D:/projets/2020_2/project_RFID/vitis/RFID/_ide/bitstream/design_IP_RFID_wrapper.bit
targets -set -nocase -filter {name =~"APU*"}
loadhw -hw D:/projets/2020_2/project_RFID/vitis/design_IP_RFID_wrapper/export/design_IP_RFID_wrapper/hw/design_IP_RFID_wrapper.xsa -mem-ranges [list {0x40000000 0xbfffffff}] -regs
configparams force-mem-access 1
targets -set -nocase -filter {name =~"APU*"}
source D:/projets/2020_2/project_RFID/vitis/RFID/_ide/psinit/ps7_init.tcl
ps7_init
ps7_post_config
targets -set -nocase -filter {name =~ "*A9*#0"}
dow D:/projets/2020_2/project_RFID/vitis/RFID/Debug/RFID.elf
configparams force-mem-access 0
----------------End of Script----------------

11:32:17 INFO  : Context for processor 'ps7_cortexa9_0' is selected.
11:32:17 INFO  : 'con' command is executed.
11:32:17 INFO  : ----------------XSDB Script (After Launch)----------------
targets -set -nocase -filter {name =~ "*A9*#0"}
con
----------------End of Script----------------

11:32:17 INFO  : Launch script is exported to file 'D:\projets\2020_2\project_RFID\vitis\RFID_system\_ide\scripts\systemdebugger_rfid_system_standalone.tcl'
11:33:39 INFO  : Checking for BSP changes to sync application flags for project 'RFID'...
11:33:47 INFO  : Checking for BSP changes to sync application flags for project 'RFID'...
11:33:52 INFO  : Disconnected from the channel tcfchan#7.
11:33:52 INFO  : Connected to target on host '127.0.0.1' and port '3121'.
11:33:53 INFO  : Jtag cable 'Digilent Zybo Z7 210351B48339A' is selected.
11:33:53 INFO  : 'jtag frequency' command is executed.
11:33:53 INFO  : Context for 'APU' is selected.
11:33:53 INFO  : System reset is completed.
11:33:56 INFO  : 'after 3000' command is executed.
11:33:56 INFO  : 'targets -set -filter {jtag_cable_name =~ "Digilent Zybo Z7 210351B48339A" && level==0 && jtag_device_ctx=="jsn-Zybo Z7-210351B48339A-23727093-0"}' command is executed.
11:33:58 INFO  : Device configured successfully with "D:/projets/2020_2/project_RFID/vitis/RFID/_ide/bitstream/design_IP_RFID_wrapper.bit"
11:33:58 INFO  : Context for 'APU' is selected.
11:33:58 INFO  : Hardware design and registers information is loaded from 'D:/projets/2020_2/project_RFID/vitis/design_IP_RFID_wrapper/export/design_IP_RFID_wrapper/hw/design_IP_RFID_wrapper.xsa'.
11:33:58 INFO  : 'configparams force-mem-access 1' command is executed.
11:33:58 INFO  : Context for 'APU' is selected.
11:33:58 INFO  : Sourcing of 'D:/projets/2020_2/project_RFID/vitis/RFID/_ide/psinit/ps7_init.tcl' is done.
11:33:59 INFO  : 'ps7_init' command is executed.
11:33:59 INFO  : 'ps7_post_config' command is executed.
11:33:59 INFO  : Context for processor 'ps7_cortexa9_0' is selected.
11:33:59 INFO  : The application 'D:/projets/2020_2/project_RFID/vitis/RFID/Debug/RFID.elf' is downloaded to processor 'ps7_cortexa9_0'.
11:33:59 INFO  : 'configparams force-mem-access 0' command is executed.
11:33:59 INFO  : ----------------XSDB Script----------------
connect -url tcp:127.0.0.1:3121
targets -set -nocase -filter {name =~"APU*"}
rst -system
after 3000
targets -set -filter {jtag_cable_name =~ "Digilent Zybo Z7 210351B48339A" && level==0 && jtag_device_ctx=="jsn-Zybo Z7-210351B48339A-23727093-0"}
fpga -file D:/projets/2020_2/project_RFID/vitis/RFID/_ide/bitstream/design_IP_RFID_wrapper.bit
targets -set -nocase -filter {name =~"APU*"}
loadhw -hw D:/projets/2020_2/project_RFID/vitis/design_IP_RFID_wrapper/export/design_IP_RFID_wrapper/hw/design_IP_RFID_wrapper.xsa -mem-ranges [list {0x40000000 0xbfffffff}] -regs
configparams force-mem-access 1
targets -set -nocase -filter {name =~"APU*"}
source D:/projets/2020_2/project_RFID/vitis/RFID/_ide/psinit/ps7_init.tcl
ps7_init
ps7_post_config
targets -set -nocase -filter {name =~ "*A9*#0"}
dow D:/projets/2020_2/project_RFID/vitis/RFID/Debug/RFID.elf
configparams force-mem-access 0
----------------End of Script----------------

11:33:59 INFO  : Context for processor 'ps7_cortexa9_0' is selected.
11:33:59 INFO  : 'con' command is executed.
11:33:59 INFO  : ----------------XSDB Script (After Launch)----------------
targets -set -nocase -filter {name =~ "*A9*#0"}
con
----------------End of Script----------------

11:33:59 INFO  : Launch script is exported to file 'D:\projets\2020_2\project_RFID\vitis\RFID_system\_ide\scripts\systemdebugger_rfid_system_standalone.tcl'
11:34:41 INFO  : Checking for BSP changes to sync application flags for project 'RFID'...
11:34:55 INFO  : Checking for BSP changes to sync application flags for project 'RFID'...
11:35:04 INFO  : Disconnected from the channel tcfchan#8.
11:35:04 INFO  : Connected to target on host '127.0.0.1' and port '3121'.
11:35:04 INFO  : Jtag cable 'Digilent Zybo Z7 210351B48339A' is selected.
11:35:04 INFO  : 'jtag frequency' command is executed.
11:35:04 INFO  : Context for 'APU' is selected.
11:35:05 INFO  : System reset is completed.
11:35:08 INFO  : 'after 3000' command is executed.
11:35:08 INFO  : 'targets -set -filter {jtag_cable_name =~ "Digilent Zybo Z7 210351B48339A" && level==0 && jtag_device_ctx=="jsn-Zybo Z7-210351B48339A-23727093-0"}' command is executed.
11:35:10 INFO  : Device configured successfully with "D:/projets/2020_2/project_RFID/vitis/RFID/_ide/bitstream/design_IP_RFID_wrapper.bit"
11:35:10 INFO  : Context for 'APU' is selected.
11:35:10 INFO  : Hardware design and registers information is loaded from 'D:/projets/2020_2/project_RFID/vitis/design_IP_RFID_wrapper/export/design_IP_RFID_wrapper/hw/design_IP_RFID_wrapper.xsa'.
11:35:10 INFO  : 'configparams force-mem-access 1' command is executed.
11:35:10 INFO  : Context for 'APU' is selected.
11:35:10 INFO  : Sourcing of 'D:/projets/2020_2/project_RFID/vitis/RFID/_ide/psinit/ps7_init.tcl' is done.
11:35:10 INFO  : 'ps7_init' command is executed.
11:35:10 INFO  : 'ps7_post_config' command is executed.
11:35:10 INFO  : Context for processor 'ps7_cortexa9_0' is selected.
11:35:11 INFO  : The application 'D:/projets/2020_2/project_RFID/vitis/RFID/Debug/RFID.elf' is downloaded to processor 'ps7_cortexa9_0'.
11:35:11 INFO  : 'configparams force-mem-access 0' command is executed.
11:35:11 INFO  : ----------------XSDB Script----------------
connect -url tcp:127.0.0.1:3121
targets -set -nocase -filter {name =~"APU*"}
rst -system
after 3000
targets -set -filter {jtag_cable_name =~ "Digilent Zybo Z7 210351B48339A" && level==0 && jtag_device_ctx=="jsn-Zybo Z7-210351B48339A-23727093-0"}
fpga -file D:/projets/2020_2/project_RFID/vitis/RFID/_ide/bitstream/design_IP_RFID_wrapper.bit
targets -set -nocase -filter {name =~"APU*"}
loadhw -hw D:/projets/2020_2/project_RFID/vitis/design_IP_RFID_wrapper/export/design_IP_RFID_wrapper/hw/design_IP_RFID_wrapper.xsa -mem-ranges [list {0x40000000 0xbfffffff}] -regs
configparams force-mem-access 1
targets -set -nocase -filter {name =~"APU*"}
source D:/projets/2020_2/project_RFID/vitis/RFID/_ide/psinit/ps7_init.tcl
ps7_init
ps7_post_config
targets -set -nocase -filter {name =~ "*A9*#0"}
dow D:/projets/2020_2/project_RFID/vitis/RFID/Debug/RFID.elf
configparams force-mem-access 0
----------------End of Script----------------

11:35:11 INFO  : Context for processor 'ps7_cortexa9_0' is selected.
11:35:11 INFO  : 'con' command is executed.
11:35:11 INFO  : ----------------XSDB Script (After Launch)----------------
targets -set -nocase -filter {name =~ "*A9*#0"}
con
----------------End of Script----------------

11:35:11 INFO  : Launch script is exported to file 'D:\projets\2020_2\project_RFID\vitis\RFID_system\_ide\scripts\systemdebugger_rfid_system_standalone.tcl'
11:35:56 INFO  : Disconnected from the channel tcfchan#9.
11:35:56 INFO  : Connected to target on host '127.0.0.1' and port '3121'.
11:35:56 INFO  : Jtag cable 'Digilent Zybo Z7 210351B48339A' is selected.
11:35:56 INFO  : 'jtag frequency' command is executed.
11:35:56 INFO  : Context for 'APU' is selected.
11:35:56 INFO  : System reset is completed.
11:35:59 INFO  : 'after 3000' command is executed.
11:36:00 INFO  : 'targets -set -filter {jtag_cable_name =~ "Digilent Zybo Z7 210351B48339A" && level==0 && jtag_device_ctx=="jsn-Zybo Z7-210351B48339A-23727093-0"}' command is executed.
11:36:02 INFO  : Device configured successfully with "D:/projets/2020_2/project_RFID/vitis/RFID/_ide/bitstream/design_IP_RFID_wrapper.bit"
11:36:02 INFO  : Context for 'APU' is selected.
11:36:02 INFO  : Hardware design and registers information is loaded from 'D:/projets/2020_2/project_RFID/vitis/design_IP_RFID_wrapper/export/design_IP_RFID_wrapper/hw/design_IP_RFID_wrapper.xsa'.
11:36:02 INFO  : 'configparams force-mem-access 1' command is executed.
11:36:02 INFO  : Context for 'APU' is selected.
11:36:02 INFO  : Sourcing of 'D:/projets/2020_2/project_RFID/vitis/RFID/_ide/psinit/ps7_init.tcl' is done.
11:36:02 INFO  : 'ps7_init' command is executed.
11:36:02 INFO  : 'ps7_post_config' command is executed.
11:36:02 INFO  : Context for processor 'ps7_cortexa9_0' is selected.
11:36:03 INFO  : The application 'D:/projets/2020_2/project_RFID/vitis/RFID/Debug/RFID.elf' is downloaded to processor 'ps7_cortexa9_0'.
11:36:03 INFO  : 'configparams force-mem-access 0' command is executed.
11:36:03 INFO  : ----------------XSDB Script----------------
connect -url tcp:127.0.0.1:3121
targets -set -nocase -filter {name =~"APU*"}
rst -system
after 3000
targets -set -filter {jtag_cable_name =~ "Digilent Zybo Z7 210351B48339A" && level==0 && jtag_device_ctx=="jsn-Zybo Z7-210351B48339A-23727093-0"}
fpga -file D:/projets/2020_2/project_RFID/vitis/RFID/_ide/bitstream/design_IP_RFID_wrapper.bit
targets -set -nocase -filter {name =~"APU*"}
loadhw -hw D:/projets/2020_2/project_RFID/vitis/design_IP_RFID_wrapper/export/design_IP_RFID_wrapper/hw/design_IP_RFID_wrapper.xsa -mem-ranges [list {0x40000000 0xbfffffff}] -regs
configparams force-mem-access 1
targets -set -nocase -filter {name =~"APU*"}
source D:/projets/2020_2/project_RFID/vitis/RFID/_ide/psinit/ps7_init.tcl
ps7_init
ps7_post_config
targets -set -nocase -filter {name =~ "*A9*#0"}
dow D:/projets/2020_2/project_RFID/vitis/RFID/Debug/RFID.elf
configparams force-mem-access 0
----------------End of Script----------------

11:36:03 INFO  : Context for processor 'ps7_cortexa9_0' is selected.
11:36:03 INFO  : 'con' command is executed.
11:36:03 INFO  : ----------------XSDB Script (After Launch)----------------
targets -set -nocase -filter {name =~ "*A9*#0"}
con
----------------End of Script----------------

11:36:03 INFO  : Launch script is exported to file 'D:\projets\2020_2\project_RFID\vitis\RFID_system\_ide\scripts\systemdebugger_rfid_system_standalone.tcl'
11:36:34 INFO  : Disconnected from the channel tcfchan#10.
11:36:34 INFO  : Connected to target on host '127.0.0.1' and port '3121'.
11:36:35 INFO  : Jtag cable 'Digilent Zybo Z7 210351B48339A' is selected.
11:36:35 INFO  : 'jtag frequency' command is executed.
11:36:35 INFO  : Context for 'APU' is selected.
11:36:36 INFO  : System reset is completed.
11:36:39 INFO  : 'after 3000' command is executed.
11:36:39 INFO  : 'targets -set -filter {jtag_cable_name =~ "Digilent Zybo Z7 210351B48339A" && level==0 && jtag_device_ctx=="jsn-Zybo Z7-210351B48339A-23727093-0"}' command is executed.
11:36:41 INFO  : Device configured successfully with "D:/projets/2020_2/project_RFID/vitis/RFID/_ide/bitstream/design_IP_RFID_wrapper.bit"
11:36:41 INFO  : Context for 'APU' is selected.
11:36:41 INFO  : Hardware design and registers information is loaded from 'D:/projets/2020_2/project_RFID/vitis/design_IP_RFID_wrapper/export/design_IP_RFID_wrapper/hw/design_IP_RFID_wrapper.xsa'.
11:36:41 INFO  : 'configparams force-mem-access 1' command is executed.
11:36:41 INFO  : Context for 'APU' is selected.
11:36:41 INFO  : Sourcing of 'D:/projets/2020_2/project_RFID/vitis/RFID/_ide/psinit/ps7_init.tcl' is done.
11:36:42 INFO  : 'ps7_init' command is executed.
11:36:42 INFO  : 'ps7_post_config' command is executed.
11:36:42 INFO  : Context for processor 'ps7_cortexa9_0' is selected.
11:36:42 INFO  : The application 'D:/projets/2020_2/project_RFID/vitis/RFID/Debug/RFID.elf' is downloaded to processor 'ps7_cortexa9_0'.
11:36:42 INFO  : 'configparams force-mem-access 0' command is executed.
11:36:42 INFO  : ----------------XSDB Script----------------
connect -url tcp:127.0.0.1:3121
targets -set -nocase -filter {name =~"APU*"}
rst -system
after 3000
targets -set -filter {jtag_cable_name =~ "Digilent Zybo Z7 210351B48339A" && level==0 && jtag_device_ctx=="jsn-Zybo Z7-210351B48339A-23727093-0"}
fpga -file D:/projets/2020_2/project_RFID/vitis/RFID/_ide/bitstream/design_IP_RFID_wrapper.bit
targets -set -nocase -filter {name =~"APU*"}
loadhw -hw D:/projets/2020_2/project_RFID/vitis/design_IP_RFID_wrapper/export/design_IP_RFID_wrapper/hw/design_IP_RFID_wrapper.xsa -mem-ranges [list {0x40000000 0xbfffffff}] -regs
configparams force-mem-access 1
targets -set -nocase -filter {name =~"APU*"}
source D:/projets/2020_2/project_RFID/vitis/RFID/_ide/psinit/ps7_init.tcl
ps7_init
ps7_post_config
targets -set -nocase -filter {name =~ "*A9*#0"}
dow D:/projets/2020_2/project_RFID/vitis/RFID/Debug/RFID.elf
configparams force-mem-access 0
----------------End of Script----------------

11:36:42 INFO  : Context for processor 'ps7_cortexa9_0' is selected.
11:36:42 INFO  : 'con' command is executed.
11:36:42 INFO  : ----------------XSDB Script (After Launch)----------------
targets -set -nocase -filter {name =~ "*A9*#0"}
con
----------------End of Script----------------

11:36:42 INFO  : Launch script is exported to file 'D:\projets\2020_2\project_RFID\vitis\RFID_system\_ide\scripts\systemdebugger_rfid_system_standalone.tcl'
11:40:40 INFO  : Disconnected from the channel tcfchan#11.
