INFO: [VRFC 10-2263] Analyzing Verilog file "D:/projets/2020_2/project_IMU/project_IMU.sim/sim_1/behav/xsim/glbl.v" into library xil_defaultlib
INFO: [VRFC 10-311] analyzing module glbl
INFO: [VRFC 10-163] Analyzing VHDL file "D:/projets/2020_2/project_IMU/project_IMU.srcs/sources_1/imports/new/IO_buffer.vhd" into library xil_defaultlib
INFO: [VRFC 10-3107] analyzing entity 'IO_buffer'
INFO: [VRFC 10-163] Analyzing VHDL file "D:/projets/2020_2/project_IMU/project_IMU.srcs/sources_1/imports/new/IMU_control.vhd" into library xil_defaultlib
INFO: [VRFC 10-3107] analyzing entity 'IMU_control'
INFO: [VRFC 10-163] Analyzing VHDL file "D:/projets/2020_2/project_IMU/project_IMU.ip_user_files/bd/design_IMU/ip/design_IMU_blk_mem_gen_0_0/design_IMU_blk_mem_gen_0_0_sim_netlist.vhdl" into library xil_defaultlib
INFO: [VRFC 10-3107] analyzing entity 'design_IMU_blk_mem_gen_0_0_blk_mem_gen_prim_wrapper'
INFO: [VRFC 10-3107] analyzing entity 'design_IMU_blk_mem_gen_0_0_blk_mem_gen_prim_width'
INFO: [VRFC 10-3107] analyzing entity 'design_IMU_blk_mem_gen_0_0_blk_mem_gen_generic_cstr'
INFO: [VRFC 10-3107] analyzing entity 'design_IMU_blk_mem_gen_0_0_blk_mem_gen_top'
INFO: [VRFC 10-3107] analyzing entity 'design_IMU_blk_mem_gen_0_0_blk_mem_gen_v8_4_4_synth'
INFO: [VRFC 10-3107] analyzing entity 'design_IMU_blk_mem_gen_0_0_blk_mem_gen_v8_4_4'
INFO: [VRFC 10-3107] analyzing entity 'design_IMU_blk_mem_gen_0_0'
INFO: [VRFC 10-163] Analyzing VHDL file "D:/projets/2020_2/project_IMU/project_IMU.ip_user_files/bd/design_IMU/ip/design_IMU_ila_0_0/sim/design_IMU_ila_0_0.vhd" into library xil_defaultlib
INFO: [VRFC 10-3107] analyzing entity 'design_IMU_ila_0_0'
INFO: [VRFC 10-163] Analyzing VHDL file "D:/projets/2020_2/project_IMU/project_IMU.gen/sources_1/bd/design_IMU/hdl/design_IMU_wrapper.vhd" into library xil_defaultlib
INFO: [VRFC 10-3107] analyzing entity 'design_IMU_wrapper'
INFO: [VRFC 10-163] Analyzing VHDL file "D:/projets/2020_2/project_IMU/project_IMU.srcs/sim_1/imports/imports/i2c_slave.vhd" into library xil_defaultlib
INFO: [VRFC 10-3107] analyzing entity 'I2C_slave'
INFO: [VRFC 10-163] Analyzing VHDL file "D:/projets/2020_2/project_IMU/project_IMU.srcs/sim_1/new/tb_IMU_I2C.vhd" into library xil_defaultlib
INFO: [VRFC 10-3107] analyzing entity 'tb_IMU_I2C'
