
*** Running vivado
    with args -log design_dijkstra_all_wrapper.vds -m64 -product Vivado -mode batch -messageDb vivado.pb -notrace -source design_dijkstra_all_wrapper.tcl



****** Vivado v2020.2 (64-bit)
  **** SW Build 3064766 on Wed Nov 18 09:12:45 MST 2020
  **** IP Build 3064653 on Wed Nov 18 14:17:31 MST 2020
    ** Copyright 1986-2020 Xilinx, Inc. All Rights Reserved.

source design_dijkstra_all_wrapper.tcl -notrace
INFO: [IP_Flow 19-234] Refreshing IP repositories
INFO: [IP_Flow 19-1704] No user IP repositories specified
INFO: [IP_Flow 19-2313] Loaded Vivado IP repository 'D:/Programmes/Vivado/2020.2/data/ip'.
add_files: Time (s): cpu = 00:00:01 ; elapsed = 00:00:06 . Memory (MB): peak = 1126.246 ; gain = 0.000
Command: synth_design -top design_dijkstra_all_wrapper -part xc7z020clg400-1
Starting synth_design
Attempting to get a license for feature 'Synthesis' and/or device 'xc7z020'
INFO: [Common 17-349] Got license for feature 'Synthesis' and/or device 'xc7z020'
INFO: [Device 21-403] Loading part xc7z020clg400-1
INFO: [Synth 8-7079] Multithreading enabled for synth_design using a maximum of 2 processes.
INFO: [Synth 8-7078] Launching helper process for spawning children vivado processes
INFO: [Synth 8-7075] Helper process launched with PID 14536
---------------------------------------------------------------------------------
Starting RTL Elaboration : Time (s): cpu = 00:00:03 ; elapsed = 00:00:04 . Memory (MB): peak = 1201.824 ; gain = 75.578
---------------------------------------------------------------------------------
INFO: [Synth 8-638] synthesizing module 'design_dijkstra_all_wrapper' [D:/projets/2020_2/project_DIJKSTRA/project_DIJKSTRA.gen/sources_1/bd/design_dijkstra_all/hdl/design_dijkstra_all_wrapper.vhd:26]
INFO: [Synth 8-3491] module 'design_dijkstra_all' declared at 'd:/projets/2020_2/project_DIJKSTRA/project_DIJKSTRA.gen/sources_1/bd/design_dijkstra_all/synth/design_dijkstra_all.vhd:14' bound to instance 'design_dijkstra_all_i' of component 'design_dijkstra_all' [D:/projets/2020_2/project_DIJKSTRA/project_DIJKSTRA.gen/sources_1/bd/design_dijkstra_all/hdl/design_dijkstra_all_wrapper.vhd:39]
INFO: [Synth 8-638] synthesizing module 'design_dijkstra_all' [d:/projets/2020_2/project_DIJKSTRA/project_DIJKSTRA.gen/sources_1/bd/design_dijkstra_all/synth/design_dijkstra_all.vhd:30]
INFO: [Synth 8-3491] module 'design_dijkstra_all_DIJKSTRA_CONTROLLER_0_0' declared at 'D:/projets/2020_2/project_DIJKSTRA/project_DIJKSTRA.runs/synth_1/.Xil/Vivado-15080-D-14JM0W2/realtime/design_dijkstra_all_DIJKSTRA_CONTROLLER_0_0_stub.vhdl:5' bound to instance 'DIJKSTRA_CONTROLLER_0' of component 'design_dijkstra_all_DIJKSTRA_CONTROLLER_0_0' [d:/projets/2020_2/project_DIJKSTRA/project_DIJKSTRA.gen/sources_1/bd/design_dijkstra_all/synth/design_dijkstra_all.vhd:252]
INFO: [Synth 8-638] synthesizing module 'design_dijkstra_all_DIJKSTRA_CONTROLLER_0_0' [D:/projets/2020_2/project_DIJKSTRA/project_DIJKSTRA.runs/synth_1/.Xil/Vivado-15080-D-14JM0W2/realtime/design_dijkstra_all_DIJKSTRA_CONTROLLER_0_0_stub.vhdl:28]
INFO: [Synth 8-3491] module 'design_dijkstra_all_NEAREST_NODE_0_0' declared at 'D:/projets/2020_2/project_DIJKSTRA/project_DIJKSTRA.runs/synth_1/.Xil/Vivado-15080-D-14JM0W2/realtime/design_dijkstra_all_NEAREST_NODE_0_0_stub.vhdl:5' bound to instance 'NEAREST_NODE_0' of component 'design_dijkstra_all_NEAREST_NODE_0_0' [d:/projets/2020_2/project_DIJKSTRA/project_DIJKSTRA.gen/sources_1/bd/design_dijkstra_all/synth/design_dijkstra_all.vhd:272]
INFO: [Synth 8-638] synthesizing module 'design_dijkstra_all_NEAREST_NODE_0_0' [D:/projets/2020_2/project_DIJKSTRA/project_DIJKSTRA.runs/synth_1/.Xil/Vivado-15080-D-14JM0W2/realtime/design_dijkstra_all_NEAREST_NODE_0_0_stub.vhdl:32]
INFO: [Synth 8-3491] module 'design_dijkstra_all_ROM_0_0' declared at 'D:/projets/2020_2/project_DIJKSTRA/project_DIJKSTRA.runs/synth_1/.Xil/Vivado-15080-D-14JM0W2/realtime/design_dijkstra_all_ROM_0_0_stub.vhdl:5' bound to instance 'ROM_0' of component 'design_dijkstra_all_ROM_0_0' [d:/projets/2020_2/project_DIJKSTRA/project_DIJKSTRA.gen/sources_1/bd/design_dijkstra_all/synth/design_dijkstra_all.vhd:296]
INFO: [Synth 8-638] synthesizing module 'design_dijkstra_all_ROM_0_0' [D:/projets/2020_2/project_DIJKSTRA/project_DIJKSTRA.runs/synth_1/.Xil/Vivado-15080-D-14JM0W2/realtime/design_dijkstra_all_ROM_0_0_stub.vhdl:15]
INFO: [Synth 8-3491] module 'design_dijkstra_all_UPDATE_RAM_0_0' declared at 'D:/projets/2020_2/project_DIJKSTRA/project_DIJKSTRA.runs/synth_1/.Xil/Vivado-15080-D-14JM0W2/realtime/design_dijkstra_all_UPDATE_RAM_0_0_stub.vhdl:5' bound to instance 'UPDATE_RAM_0' of component 'design_dijkstra_all_UPDATE_RAM_0_0' [d:/projets/2020_2/project_DIJKSTRA/project_DIJKSTRA.gen/sources_1/bd/design_dijkstra_all/synth/design_dijkstra_all.vhd:303]
INFO: [Synth 8-638] synthesizing module 'design_dijkstra_all_UPDATE_RAM_0_0' [D:/projets/2020_2/project_DIJKSTRA/project_DIJKSTRA.runs/synth_1/.Xil/Vivado-15080-D-14JM0W2/realtime/design_dijkstra_all_UPDATE_RAM_0_0_stub.vhdl:30]
INFO: [Synth 8-3491] module 'design_dijkstra_all_blk_mem_gen_0_0' declared at 'D:/projets/2020_2/project_DIJKSTRA/project_DIJKSTRA.runs/synth_1/.Xil/Vivado-15080-D-14JM0W2/realtime/design_dijkstra_all_blk_mem_gen_0_0_stub.vhdl:5' bound to instance 'blk_mem_gen_0' of component 'design_dijkstra_all_blk_mem_gen_0_0' [d:/projets/2020_2/project_DIJKSTRA/project_DIJKSTRA.gen/sources_1/bd/design_dijkstra_all/synth/design_dijkstra_all.vhd:325]
INFO: [Synth 8-638] synthesizing module 'design_dijkstra_all_blk_mem_gen_0_0' [D:/projets/2020_2/project_DIJKSTRA/project_DIJKSTRA.runs/synth_1/.Xil/Vivado-15080-D-14JM0W2/realtime/design_dijkstra_all_blk_mem_gen_0_0_stub.vhdl:17]
INFO: [Synth 8-3491] module 'design_dijkstra_all_clk_wiz_0_0' declared at 'D:/projets/2020_2/project_DIJKSTRA/project_DIJKSTRA.runs/synth_1/.Xil/Vivado-15080-D-14JM0W2/realtime/design_dijkstra_all_clk_wiz_0_0_stub.vhdl:5' bound to instance 'clk_wiz_0' of component 'design_dijkstra_all_clk_wiz_0_0' [d:/projets/2020_2/project_DIJKSTRA/project_DIJKSTRA.gen/sources_1/bd/design_dijkstra_all/synth/design_dijkstra_all.vhd:334]
INFO: [Synth 8-638] synthesizing module 'design_dijkstra_all_clk_wiz_0_0' [D:/projets/2020_2/project_DIJKSTRA/project_DIJKSTRA.runs/synth_1/.Xil/Vivado-15080-D-14JM0W2/realtime/design_dijkstra_all_clk_wiz_0_0_stub.vhdl:15]
INFO: [Synth 8-3491] module 'design_dijkstra_all_comparateur1_0_0' declared at 'D:/projets/2020_2/project_DIJKSTRA/project_DIJKSTRA.runs/synth_1/.Xil/Vivado-15080-D-14JM0W2/realtime/design_dijkstra_all_comparateur1_0_0_stub.vhdl:5' bound to instance 'comparateur1_0' of component 'design_dijkstra_all_comparateur1_0_0' [d:/projets/2020_2/project_DIJKSTRA/project_DIJKSTRA.gen/sources_1/bd/design_dijkstra_all/synth/design_dijkstra_all.vhd:341]
INFO: [Synth 8-638] synthesizing module 'design_dijkstra_all_comparateur1_0_0' [D:/projets/2020_2/project_DIJKSTRA/project_DIJKSTRA.runs/synth_1/.Xil/Vivado-15080-D-14JM0W2/realtime/design_dijkstra_all_comparateur1_0_0_stub.vhdl:16]
INFO: [Synth 8-3491] module 'design_dijkstra_all_comparateur2_0_0' declared at 'D:/projets/2020_2/project_DIJKSTRA/project_DIJKSTRA.runs/synth_1/.Xil/Vivado-15080-D-14JM0W2/realtime/design_dijkstra_all_comparateur2_0_0_stub.vhdl:5' bound to instance 'comparateur2_0' of component 'design_dijkstra_all_comparateur2_0_0' [d:/projets/2020_2/project_DIJKSTRA/project_DIJKSTRA.gen/sources_1/bd/design_dijkstra_all/synth/design_dijkstra_all.vhd:349]
INFO: [Synth 8-638] synthesizing module 'design_dijkstra_all_comparateur2_0_0' [D:/projets/2020_2/project_DIJKSTRA/project_DIJKSTRA.runs/synth_1/.Xil/Vivado-15080-D-14JM0W2/realtime/design_dijkstra_all_comparateur2_0_0_stub.vhdl:16]
INFO: [Synth 8-3491] module 'design_dijkstra_all_dpram_0_0' declared at 'D:/projets/2020_2/project_DIJKSTRA/project_DIJKSTRA.runs/synth_1/.Xil/Vivado-15080-D-14JM0W2/realtime/design_dijkstra_all_dpram_0_0_stub.vhdl:5' bound to instance 'dpram_0' of component 'design_dijkstra_all_dpram_0_0' [d:/projets/2020_2/project_DIJKSTRA/project_DIJKSTRA.gen/sources_1/bd/design_dijkstra_all/synth/design_dijkstra_all.vhd:357]
INFO: [Synth 8-638] synthesizing module 'design_dijkstra_all_dpram_0_0' [D:/projets/2020_2/project_DIJKSTRA/project_DIJKSTRA.runs/synth_1/.Xil/Vivado-15080-D-14JM0W2/realtime/design_dijkstra_all_dpram_0_0_stub.vhdl:20]
INFO: [Synth 8-3491] module 'design_dijkstra_all_ila_0_0' declared at 'D:/projets/2020_2/project_DIJKSTRA/project_DIJKSTRA.runs/synth_1/.Xil/Vivado-15080-D-14JM0W2/realtime/design_dijkstra_all_ila_0_0_stub.vhdl:5' bound to instance 'ila_0' of component 'design_dijkstra_all_ila_0_0' [d:/projets/2020_2/project_DIJKSTRA/project_DIJKSTRA.gen/sources_1/bd/design_dijkstra_all/synth/design_dijkstra_all.vhd:369]
INFO: [Synth 8-638] synthesizing module 'design_dijkstra_all_ila_0_0' [D:/projets/2020_2/project_DIJKSTRA/project_DIJKSTRA.runs/synth_1/.Xil/Vivado-15080-D-14JM0W2/realtime/design_dijkstra_all_ila_0_0_stub.vhdl:29]
INFO: [Synth 8-3491] module 'design_dijkstra_all_xlconstant_0_0' declared at 'd:/projets/2020_2/project_DIJKSTRA/project_DIJKSTRA.gen/sources_1/bd/design_dijkstra_all/ip/design_dijkstra_all_xlconstant_0_0/synth/design_dijkstra_all_xlconstant_0_0.v:57' bound to instance 'xlconstant_0' of component 'design_dijkstra_all_xlconstant_0_0' [d:/projets/2020_2/project_DIJKSTRA/project_DIJKSTRA.gen/sources_1/bd/design_dijkstra_all/synth/design_dijkstra_all.vhd:390]
INFO: [Synth 8-6157] synthesizing module 'design_dijkstra_all_xlconstant_0_0' [d:/projets/2020_2/project_DIJKSTRA/project_DIJKSTRA.gen/sources_1/bd/design_dijkstra_all/ip/design_dijkstra_all_xlconstant_0_0/synth/design_dijkstra_all_xlconstant_0_0.v:57]
INFO: [Synth 8-6157] synthesizing module 'xlconstant_v1_1_7_xlconstant' [d:/projets/2020_2/project_DIJKSTRA/project_DIJKSTRA.gen/sources_1/bd/design_dijkstra_all/ipshared/fcfc/hdl/xlconstant_v1_1_vl_rfs.v:23]
	Parameter CONST_VAL bound to: 5'b00110 
	Parameter CONST_WIDTH bound to: 5 - type: integer 
INFO: [Synth 8-6155] done synthesizing module 'xlconstant_v1_1_7_xlconstant' (1#1) [d:/projets/2020_2/project_DIJKSTRA/project_DIJKSTRA.gen/sources_1/bd/design_dijkstra_all/ipshared/fcfc/hdl/xlconstant_v1_1_vl_rfs.v:23]
INFO: [Synth 8-6155] done synthesizing module 'design_dijkstra_all_xlconstant_0_0' (2#1) [d:/projets/2020_2/project_DIJKSTRA/project_DIJKSTRA.gen/sources_1/bd/design_dijkstra_all/ip/design_dijkstra_all_xlconstant_0_0/synth/design_dijkstra_all_xlconstant_0_0.v:57]
INFO: [Synth 8-3491] module 'design_dijkstra_all_xlconstant_0_1' declared at 'd:/projets/2020_2/project_DIJKSTRA/project_DIJKSTRA.gen/sources_1/bd/design_dijkstra_all/ip/design_dijkstra_all_xlconstant_0_1/synth/design_dijkstra_all_xlconstant_0_1.v:57' bound to instance 'xlconstant_1' of component 'design_dijkstra_all_xlconstant_0_1' [d:/projets/2020_2/project_DIJKSTRA/project_DIJKSTRA.gen/sources_1/bd/design_dijkstra_all/synth/design_dijkstra_all.vhd:394]
INFO: [Synth 8-6157] synthesizing module 'design_dijkstra_all_xlconstant_0_1' [d:/projets/2020_2/project_DIJKSTRA/project_DIJKSTRA.gen/sources_1/bd/design_dijkstra_all/ip/design_dijkstra_all_xlconstant_0_1/synth/design_dijkstra_all_xlconstant_0_1.v:57]
INFO: [Synth 8-6157] synthesizing module 'xlconstant_v1_1_7_xlconstant__parameterized0' [d:/projets/2020_2/project_DIJKSTRA/project_DIJKSTRA.gen/sources_1/bd/design_dijkstra_all/ipshared/fcfc/hdl/xlconstant_v1_1_vl_rfs.v:23]
	Parameter CONST_VAL bound to: 1'b0 
	Parameter CONST_WIDTH bound to: 1 - type: integer 
INFO: [Synth 8-6155] done synthesizing module 'xlconstant_v1_1_7_xlconstant__parameterized0' (2#1) [d:/projets/2020_2/project_DIJKSTRA/project_DIJKSTRA.gen/sources_1/bd/design_dijkstra_all/ipshared/fcfc/hdl/xlconstant_v1_1_vl_rfs.v:23]
INFO: [Synth 8-6155] done synthesizing module 'design_dijkstra_all_xlconstant_0_1' (3#1) [d:/projets/2020_2/project_DIJKSTRA/project_DIJKSTRA.gen/sources_1/bd/design_dijkstra_all/ip/design_dijkstra_all_xlconstant_0_1/synth/design_dijkstra_all_xlconstant_0_1.v:57]
INFO: [Synth 8-3491] module 'design_dijkstra_all_xlconstant_0_2' declared at 'd:/projets/2020_2/project_DIJKSTRA/project_DIJKSTRA.gen/sources_1/bd/design_dijkstra_all/ip/design_dijkstra_all_xlconstant_0_2/synth/design_dijkstra_all_xlconstant_0_2.v:57' bound to instance 'xlconstant_2' of component 'design_dijkstra_all_xlconstant_0_2' [d:/projets/2020_2/project_DIJKSTRA/project_DIJKSTRA.gen/sources_1/bd/design_dijkstra_all/synth/design_dijkstra_all.vhd:398]
INFO: [Synth 8-6157] synthesizing module 'design_dijkstra_all_xlconstant_0_2' [d:/projets/2020_2/project_DIJKSTRA/project_DIJKSTRA.gen/sources_1/bd/design_dijkstra_all/ip/design_dijkstra_all_xlconstant_0_2/synth/design_dijkstra_all_xlconstant_0_2.v:57]
INFO: [Synth 8-6157] synthesizing module 'xlconstant_v1_1_7_xlconstant__parameterized1' [d:/projets/2020_2/project_DIJKSTRA/project_DIJKSTRA.gen/sources_1/bd/design_dijkstra_all/ipshared/fcfc/hdl/xlconstant_v1_1_vl_rfs.v:23]
	Parameter CONST_VAL bound to: 5'b10000 
	Parameter CONST_WIDTH bound to: 5 - type: integer 
INFO: [Synth 8-6155] done synthesizing module 'xlconstant_v1_1_7_xlconstant__parameterized1' (3#1) [d:/projets/2020_2/project_DIJKSTRA/project_DIJKSTRA.gen/sources_1/bd/design_dijkstra_all/ipshared/fcfc/hdl/xlconstant_v1_1_vl_rfs.v:23]
INFO: [Synth 8-6155] done synthesizing module 'design_dijkstra_all_xlconstant_0_2' (4#1) [d:/projets/2020_2/project_DIJKSTRA/project_DIJKSTRA.gen/sources_1/bd/design_dijkstra_all/ip/design_dijkstra_all_xlconstant_0_2/synth/design_dijkstra_all_xlconstant_0_2.v:57]
INFO: [Synth 8-256] done synthesizing module 'design_dijkstra_all' (5#1) [d:/projets/2020_2/project_DIJKSTRA/project_DIJKSTRA.gen/sources_1/bd/design_dijkstra_all/synth/design_dijkstra_all.vhd:30]
INFO: [Synth 8-256] done synthesizing module 'design_dijkstra_all_wrapper' (6#1) [D:/projets/2020_2/project_DIJKSTRA/project_DIJKSTRA.gen/sources_1/bd/design_dijkstra_all/hdl/design_dijkstra_all_wrapper.vhd:26]
---------------------------------------------------------------------------------
Finished RTL Elaboration : Time (s): cpu = 00:00:04 ; elapsed = 00:00:05 . Memory (MB): peak = 1257.691 ; gain = 131.445
---------------------------------------------------------------------------------
---------------------------------------------------------------------------------
Start Handling Custom Attributes
---------------------------------------------------------------------------------
---------------------------------------------------------------------------------
Finished Handling Custom Attributes : Time (s): cpu = 00:00:05 ; elapsed = 00:00:05 . Memory (MB): peak = 1257.691 ; gain = 131.445
---------------------------------------------------------------------------------
---------------------------------------------------------------------------------
Finished RTL Optimization Phase 1 : Time (s): cpu = 00:00:05 ; elapsed = 00:00:05 . Memory (MB): peak = 1257.691 ; gain = 131.445
---------------------------------------------------------------------------------
Netlist sorting complete. Time (s): cpu = 00:00:00 ; elapsed = 00:00:00.003 . Memory (MB): peak = 1257.691 ; gain = 0.000
INFO: [Project 1-570] Preparing netlist for logic optimization

Processing XDC Constraints
Initializing timing engine
Parsing XDC File [d:/projets/2020_2/project_DIJKSTRA/project_DIJKSTRA.gen/sources_1/bd/design_dijkstra_all/ip/design_dijkstra_all_comparateur1_0_0/design_dijkstra_all_comparateur1_0_0/design_dijkstra_all_comparateur1_0_0_in_context.xdc] for cell 'design_dijkstra_all_i/comparateur1_0'
Finished Parsing XDC File [d:/projets/2020_2/project_DIJKSTRA/project_DIJKSTRA.gen/sources_1/bd/design_dijkstra_all/ip/design_dijkstra_all_comparateur1_0_0/design_dijkstra_all_comparateur1_0_0/design_dijkstra_all_comparateur1_0_0_in_context.xdc] for cell 'design_dijkstra_all_i/comparateur1_0'
Parsing XDC File [d:/projets/2020_2/project_DIJKSTRA/project_DIJKSTRA.gen/sources_1/bd/design_dijkstra_all/ip/design_dijkstra_all_comparateur2_0_0/design_dijkstra_all_comparateur2_0_0/design_dijkstra_all_comparateur2_0_0_in_context.xdc] for cell 'design_dijkstra_all_i/comparateur2_0'
Finished Parsing XDC File [d:/projets/2020_2/project_DIJKSTRA/project_DIJKSTRA.gen/sources_1/bd/design_dijkstra_all/ip/design_dijkstra_all_comparateur2_0_0/design_dijkstra_all_comparateur2_0_0/design_dijkstra_all_comparateur2_0_0_in_context.xdc] for cell 'design_dijkstra_all_i/comparateur2_0'
Parsing XDC File [d:/projets/2020_2/project_DIJKSTRA/project_DIJKSTRA.gen/sources_1/bd/design_dijkstra_all/ip/design_dijkstra_all_blk_mem_gen_0_0/design_dijkstra_all_blk_mem_gen_0_0/design_dijkstra_all_blk_mem_gen_0_0_in_context.xdc] for cell 'design_dijkstra_all_i/blk_mem_gen_0'
Finished Parsing XDC File [d:/projets/2020_2/project_DIJKSTRA/project_DIJKSTRA.gen/sources_1/bd/design_dijkstra_all/ip/design_dijkstra_all_blk_mem_gen_0_0/design_dijkstra_all_blk_mem_gen_0_0/design_dijkstra_all_blk_mem_gen_0_0_in_context.xdc] for cell 'design_dijkstra_all_i/blk_mem_gen_0'
Parsing XDC File [d:/projets/2020_2/project_DIJKSTRA/project_DIJKSTRA.gen/sources_1/bd/design_dijkstra_all/ip/design_dijkstra_all_ROM_0_0/design_dijkstra_all_ROM_0_0/design_dijkstra_all_ROM_0_0_in_context.xdc] for cell 'design_dijkstra_all_i/ROM_0'
Finished Parsing XDC File [d:/projets/2020_2/project_DIJKSTRA/project_DIJKSTRA.gen/sources_1/bd/design_dijkstra_all/ip/design_dijkstra_all_ROM_0_0/design_dijkstra_all_ROM_0_0/design_dijkstra_all_ROM_0_0_in_context.xdc] for cell 'design_dijkstra_all_i/ROM_0'
Parsing XDC File [d:/projets/2020_2/project_DIJKSTRA/project_DIJKSTRA.gen/sources_1/bd/design_dijkstra_all/ip/design_dijkstra_all_dpram_0_0/design_dijkstra_all_dpram_0_0/design_dijkstra_all_dpram_0_0_in_context.xdc] for cell 'design_dijkstra_all_i/dpram_0'
Finished Parsing XDC File [d:/projets/2020_2/project_DIJKSTRA/project_DIJKSTRA.gen/sources_1/bd/design_dijkstra_all/ip/design_dijkstra_all_dpram_0_0/design_dijkstra_all_dpram_0_0/design_dijkstra_all_dpram_0_0_in_context.xdc] for cell 'design_dijkstra_all_i/dpram_0'
Parsing XDC File [d:/projets/2020_2/project_DIJKSTRA/project_DIJKSTRA.gen/sources_1/bd/design_dijkstra_all/ip/design_dijkstra_all_ila_0_0/design_dijkstra_all_ila_0_0/design_dijkstra_all_ila_0_0_in_context.xdc] for cell 'design_dijkstra_all_i/ila_0'
Finished Parsing XDC File [d:/projets/2020_2/project_DIJKSTRA/project_DIJKSTRA.gen/sources_1/bd/design_dijkstra_all/ip/design_dijkstra_all_ila_0_0/design_dijkstra_all_ila_0_0/design_dijkstra_all_ila_0_0_in_context.xdc] for cell 'design_dijkstra_all_i/ila_0'
Parsing XDC File [d:/projets/2020_2/project_DIJKSTRA/project_DIJKSTRA.gen/sources_1/bd/design_dijkstra_all/ip/design_dijkstra_all_clk_wiz_0_0/design_dijkstra_all_clk_wiz_0_0/design_dijkstra_all_clk_wiz_0_0_in_context.xdc] for cell 'design_dijkstra_all_i/clk_wiz_0'
Finished Parsing XDC File [d:/projets/2020_2/project_DIJKSTRA/project_DIJKSTRA.gen/sources_1/bd/design_dijkstra_all/ip/design_dijkstra_all_clk_wiz_0_0/design_dijkstra_all_clk_wiz_0_0/design_dijkstra_all_clk_wiz_0_0_in_context.xdc] for cell 'design_dijkstra_all_i/clk_wiz_0'
Parsing XDC File [d:/projets/2020_2/project_DIJKSTRA/project_DIJKSTRA.gen/sources_1/bd/design_dijkstra_all/ip/design_dijkstra_all_UPDATE_RAM_0_0/design_dijkstra_all_UPDATE_RAM_0_0/design_dijkstra_all_UPDATE_RAM_0_0_in_context.xdc] for cell 'design_dijkstra_all_i/UPDATE_RAM_0'
Finished Parsing XDC File [d:/projets/2020_2/project_DIJKSTRA/project_DIJKSTRA.gen/sources_1/bd/design_dijkstra_all/ip/design_dijkstra_all_UPDATE_RAM_0_0/design_dijkstra_all_UPDATE_RAM_0_0/design_dijkstra_all_UPDATE_RAM_0_0_in_context.xdc] for cell 'design_dijkstra_all_i/UPDATE_RAM_0'
Parsing XDC File [d:/projets/2020_2/project_DIJKSTRA/project_DIJKSTRA.gen/sources_1/bd/design_dijkstra_all/ip/design_dijkstra_all_DIJKSTRA_CONTROLLER_0_0/design_dijkstra_all_DIJKSTRA_CONTROLLER_0_0/design_dijkstra_all_DIJKSTRA_CONTROLLER_0_0_in_context.xdc] for cell 'design_dijkstra_all_i/DIJKSTRA_CONTROLLER_0'
Finished Parsing XDC File [d:/projets/2020_2/project_DIJKSTRA/project_DIJKSTRA.gen/sources_1/bd/design_dijkstra_all/ip/design_dijkstra_all_DIJKSTRA_CONTROLLER_0_0/design_dijkstra_all_DIJKSTRA_CONTROLLER_0_0/design_dijkstra_all_DIJKSTRA_CONTROLLER_0_0_in_context.xdc] for cell 'design_dijkstra_all_i/DIJKSTRA_CONTROLLER_0'
Parsing XDC File [d:/projets/2020_2/project_DIJKSTRA/project_DIJKSTRA.gen/sources_1/bd/design_dijkstra_all/ip/design_dijkstra_all_NEAREST_NODE_0_0/design_dijkstra_all_NEAREST_NODE_0_0/design_dijkstra_all_NEAREST_NODE_0_0_in_context.xdc] for cell 'design_dijkstra_all_i/NEAREST_NODE_0'
Finished Parsing XDC File [d:/projets/2020_2/project_DIJKSTRA/project_DIJKSTRA.gen/sources_1/bd/design_dijkstra_all/ip/design_dijkstra_all_NEAREST_NODE_0_0/design_dijkstra_all_NEAREST_NODE_0_0/design_dijkstra_all_NEAREST_NODE_0_0_in_context.xdc] for cell 'design_dijkstra_all_i/NEAREST_NODE_0'
Parsing XDC File [D:/projets/2020_2/project_DIJKSTRA/project_DIJKSTRA.srcs/constrs_1/imports/Desktop/zybo-z7-20.xdc]
Finished Parsing XDC File [D:/projets/2020_2/project_DIJKSTRA/project_DIJKSTRA.srcs/constrs_1/imports/Desktop/zybo-z7-20.xdc]
INFO: [Project 1-236] Implementation specific constraints were found while reading constraint file [D:/projets/2020_2/project_DIJKSTRA/project_DIJKSTRA.srcs/constrs_1/imports/Desktop/zybo-z7-20.xdc]. These constraints will be ignored for synthesis but will be used in implementation. Impacted constraints are listed in the file [.Xil/design_dijkstra_all_wrapper_propImpl.xdc].
Resolution: To avoid this warning, move constraints listed in [.Xil/design_dijkstra_all_wrapper_propImpl.xdc] to another XDC file and exclude this new file from synthesis with the used_in_synthesis property (File Properties dialog in GUI) and re-run elaboration/synthesis.
Parsing XDC File [D:/projets/2020_2/project_DIJKSTRA/project_DIJKSTRA.runs/synth_1/dont_touch.xdc]
Finished Parsing XDC File [D:/projets/2020_2/project_DIJKSTRA/project_DIJKSTRA.runs/synth_1/dont_touch.xdc]
Completed Processing XDC Constraints

Netlist sorting complete. Time (s): cpu = 00:00:00 ; elapsed = 00:00:00 . Memory (MB): peak = 1293.129 ; gain = 0.000
INFO: [Project 1-111] Unisim Transformation Summary:
No Unisim elements were transformed.

Constraint Validation Runtime : Time (s): cpu = 00:00:00 ; elapsed = 00:00:00.004 . Memory (MB): peak = 1293.129 ; gain = 0.000
---------------------------------------------------------------------------------
Finished Constraint Validation : Time (s): cpu = 00:00:10 ; elapsed = 00:00:11 . Memory (MB): peak = 1293.129 ; gain = 166.883
---------------------------------------------------------------------------------
---------------------------------------------------------------------------------
Start Loading Part and Timing Information
---------------------------------------------------------------------------------
Loading part: xc7z020clg400-1
---------------------------------------------------------------------------------
Finished Loading Part and Timing Information : Time (s): cpu = 00:00:10 ; elapsed = 00:00:11 . Memory (MB): peak = 1293.129 ; gain = 166.883
---------------------------------------------------------------------------------
---------------------------------------------------------------------------------
Start Applying 'set_property' XDC Constraints
---------------------------------------------------------------------------------
Applied set_property IO_BUFFER_TYPE = NONE for clk. (constraint file  d:/projets/2020_2/project_DIJKSTRA/project_DIJKSTRA.gen/sources_1/bd/design_dijkstra_all/ip/design_dijkstra_all_clk_wiz_0_0/design_dijkstra_all_clk_wiz_0_0/design_dijkstra_all_clk_wiz_0_0_in_context.xdc, line 3).
Applied set_property CLOCK_BUFFER_TYPE = NONE for clk. (constraint file  d:/projets/2020_2/project_DIJKSTRA/project_DIJKSTRA.gen/sources_1/bd/design_dijkstra_all/ip/design_dijkstra_all_clk_wiz_0_0/design_dijkstra_all_clk_wiz_0_0/design_dijkstra_all_clk_wiz_0_0_in_context.xdc, line 4).
Applied set_property KEEP_HIERARCHY = SOFT for design_dijkstra_all_i. (constraint file  auto generated constraint).
Applied set_property KEEP_HIERARCHY = SOFT for design_dijkstra_all_i/comparateur1_0. (constraint file  auto generated constraint).
Applied set_property KEEP_HIERARCHY = SOFT for design_dijkstra_all_i/comparateur2_0. (constraint file  auto generated constraint).
Applied set_property KEEP_HIERARCHY = SOFT for design_dijkstra_all_i/xlconstant_0. (constraint file  auto generated constraint).
Applied set_property KEEP_HIERARCHY = SOFT for design_dijkstra_all_i/xlconstant_1. (constraint file  auto generated constraint).
Applied set_property KEEP_HIERARCHY = SOFT for design_dijkstra_all_i/xlconstant_2. (constraint file  auto generated constraint).
Applied set_property KEEP_HIERARCHY = SOFT for design_dijkstra_all_i/blk_mem_gen_0. (constraint file  auto generated constraint).
Applied set_property KEEP_HIERARCHY = SOFT for design_dijkstra_all_i/ROM_0. (constraint file  auto generated constraint).
Applied set_property KEEP_HIERARCHY = SOFT for design_dijkstra_all_i/dpram_0. (constraint file  auto generated constraint).
Applied set_property KEEP_HIERARCHY = SOFT for design_dijkstra_all_i/ila_0. (constraint file  auto generated constraint).
Applied set_property KEEP_HIERARCHY = SOFT for design_dijkstra_all_i/clk_wiz_0. (constraint file  auto generated constraint).
Applied set_property KEEP_HIERARCHY = SOFT for design_dijkstra_all_i/UPDATE_RAM_0. (constraint file  auto generated constraint).
Applied set_property KEEP_HIERARCHY = SOFT for design_dijkstra_all_i/DIJKSTRA_CONTROLLER_0. (constraint file  auto generated constraint).
Applied set_property KEEP_HIERARCHY = SOFT for design_dijkstra_all_i/NEAREST_NODE_0. (constraint file  auto generated constraint).
---------------------------------------------------------------------------------
Finished applying 'set_property' XDC Constraints : Time (s): cpu = 00:00:10 ; elapsed = 00:00:11 . Memory (MB): peak = 1293.129 ; gain = 166.883
---------------------------------------------------------------------------------
---------------------------------------------------------------------------------
Finished RTL Optimization Phase 2 : Time (s): cpu = 00:00:10 ; elapsed = 00:00:11 . Memory (MB): peak = 1293.129 ; gain = 166.883
---------------------------------------------------------------------------------
---------------------------------------------------------------------------------
Start RTL Component Statistics 
---------------------------------------------------------------------------------
Detailed RTL Component Info : 
---------------------------------------------------------------------------------
Finished RTL Component Statistics 
---------------------------------------------------------------------------------
---------------------------------------------------------------------------------
Start Part Resource Summary
---------------------------------------------------------------------------------
Part Resources:
DSPs: 220 (col length:60)
BRAMs: 280 (col length: RAMB18 60 RAMB36 30)
---------------------------------------------------------------------------------
Finished Part Resource Summary
---------------------------------------------------------------------------------
---------------------------------------------------------------------------------
Start Cross Boundary and Area Optimization
---------------------------------------------------------------------------------
---------------------------------------------------------------------------------
Finished Cross Boundary and Area Optimization : Time (s): cpu = 00:00:12 ; elapsed = 00:00:12 . Memory (MB): peak = 1293.129 ; gain = 166.883
---------------------------------------------------------------------------------
---------------------------------------------------------------------------------
Start Applying XDC Timing Constraints
---------------------------------------------------------------------------------
---------------------------------------------------------------------------------
Finished Applying XDC Timing Constraints : Time (s): cpu = 00:00:17 ; elapsed = 00:00:18 . Memory (MB): peak = 1332.512 ; gain = 206.266
---------------------------------------------------------------------------------
---------------------------------------------------------------------------------
Start Timing Optimization
---------------------------------------------------------------------------------
---------------------------------------------------------------------------------
Finished Timing Optimization : Time (s): cpu = 00:00:17 ; elapsed = 00:00:18 . Memory (MB): peak = 1332.512 ; gain = 206.266
---------------------------------------------------------------------------------
---------------------------------------------------------------------------------
Start Technology Mapping
---------------------------------------------------------------------------------
---------------------------------------------------------------------------------
Finished Technology Mapping : Time (s): cpu = 00:00:17 ; elapsed = 00:00:18 . Memory (MB): peak = 1351.609 ; gain = 225.363
---------------------------------------------------------------------------------
---------------------------------------------------------------------------------
Start IO Insertion
---------------------------------------------------------------------------------
---------------------------------------------------------------------------------
Start Flattening Before IO Insertion
---------------------------------------------------------------------------------
---------------------------------------------------------------------------------
Finished Flattening Before IO Insertion
---------------------------------------------------------------------------------
---------------------------------------------------------------------------------
Start Final Netlist Cleanup
---------------------------------------------------------------------------------
---------------------------------------------------------------------------------
Finished Final Netlist Cleanup
---------------------------------------------------------------------------------
---------------------------------------------------------------------------------
Finished IO Insertion : Time (s): cpu = 00:00:20 ; elapsed = 00:00:21 . Memory (MB): peak = 1358.383 ; gain = 232.137
---------------------------------------------------------------------------------
---------------------------------------------------------------------------------
Start Renaming Generated Instances
---------------------------------------------------------------------------------
---------------------------------------------------------------------------------
Finished Renaming Generated Instances : Time (s): cpu = 00:00:20 ; elapsed = 00:00:21 . Memory (MB): peak = 1358.383 ; gain = 232.137
---------------------------------------------------------------------------------
---------------------------------------------------------------------------------
Start Rebuilding User Hierarchy
---------------------------------------------------------------------------------
---------------------------------------------------------------------------------
Finished Rebuilding User Hierarchy : Time (s): cpu = 00:00:20 ; elapsed = 00:00:21 . Memory (MB): peak = 1358.383 ; gain = 232.137
---------------------------------------------------------------------------------
---------------------------------------------------------------------------------
Start Renaming Generated Ports
---------------------------------------------------------------------------------
---------------------------------------------------------------------------------
Finished Renaming Generated Ports : Time (s): cpu = 00:00:20 ; elapsed = 00:00:21 . Memory (MB): peak = 1358.383 ; gain = 232.137
---------------------------------------------------------------------------------
---------------------------------------------------------------------------------
Start Handling Custom Attributes
---------------------------------------------------------------------------------
---------------------------------------------------------------------------------
Finished Handling Custom Attributes : Time (s): cpu = 00:00:20 ; elapsed = 00:00:21 . Memory (MB): peak = 1358.383 ; gain = 232.137
---------------------------------------------------------------------------------
---------------------------------------------------------------------------------
Start Renaming Generated Nets
---------------------------------------------------------------------------------
---------------------------------------------------------------------------------
Finished Renaming Generated Nets : Time (s): cpu = 00:00:20 ; elapsed = 00:00:21 . Memory (MB): peak = 1358.383 ; gain = 232.137
---------------------------------------------------------------------------------
---------------------------------------------------------------------------------
Start Writing Synthesis Report
---------------------------------------------------------------------------------

Report BlackBoxes: 
+------+--------------------------------------------+----------+
|      |BlackBox name                               |Instances |
+------+--------------------------------------------+----------+
|1     |design_dijkstra_all_DIJKSTRA_CONTROLLER_0_0 |         1|
|2     |design_dijkstra_all_NEAREST_NODE_0_0        |         1|
|3     |design_dijkstra_all_ROM_0_0                 |         1|
|4     |design_dijkstra_all_UPDATE_RAM_0_0          |         1|
|5     |design_dijkstra_all_blk_mem_gen_0_0         |         1|
|6     |design_dijkstra_all_clk_wiz_0_0             |         1|
|7     |design_dijkstra_all_comparateur1_0_0        |         1|
|8     |design_dijkstra_all_comparateur2_0_0        |         1|
|9     |design_dijkstra_all_dpram_0_0               |         1|
|10    |design_dijkstra_all_ila_0_0                 |         1|
+------+--------------------------------------------+----------+

Report Cell Usage: 
+------+-------------------------------------------------+------+
|      |Cell                                             |Count |
+------+-------------------------------------------------+------+
|1     |design_dijkstra_all_DIJKSTRA_CONTROLLER_0_0_bbox |     1|
|2     |design_dijkstra_all_NEAREST_NODE_0_0_bbox        |     1|
|3     |design_dijkstra_all_ROM_0_0_bbox                 |     1|
|4     |design_dijkstra_all_UPDATE_RAM_0_0_bbox          |     1|
|5     |design_dijkstra_all_blk_mem_gen_0_0_bbox         |     1|
|6     |design_dijkstra_all_clk_wiz_0_0_bbox             |     1|
|7     |design_dijkstra_all_comparateur1_0_0_bbox        |     1|
|8     |design_dijkstra_all_comparateur2_0_0_bbox        |     1|
|9     |design_dijkstra_all_dpram_0_0_bbox               |     1|
|10    |design_dijkstra_all_ila_0_0_bbox                 |     1|
|11    |IBUF                                             |     2|
|12    |OBUF                                             |     8|
+------+-------------------------------------------------+------+
---------------------------------------------------------------------------------
Finished Writing Synthesis Report : Time (s): cpu = 00:00:20 ; elapsed = 00:00:21 . Memory (MB): peak = 1358.383 ; gain = 232.137
---------------------------------------------------------------------------------
Synthesis finished with 0 errors, 0 critical warnings and 0 warnings.
Synthesis Optimization Runtime : Time (s): cpu = 00:00:13 ; elapsed = 00:00:19 . Memory (MB): peak = 1358.383 ; gain = 196.699
Synthesis Optimization Complete : Time (s): cpu = 00:00:20 ; elapsed = 00:00:21 . Memory (MB): peak = 1358.383 ; gain = 232.137
INFO: [Project 1-571] Translating synthesized netlist
Netlist sorting complete. Time (s): cpu = 00:00:00 ; elapsed = 00:00:00.003 . Memory (MB): peak = 1370.469 ; gain = 0.000
INFO: [Project 1-570] Preparing netlist for logic optimization
INFO: [Opt 31-138] Pushed 0 inverter(s) to 0 load pin(s).
Netlist sorting complete. Time (s): cpu = 00:00:00 ; elapsed = 00:00:00 . Memory (MB): peak = 1372.383 ; gain = 0.000
INFO: [Project 1-111] Unisim Transformation Summary:
No Unisim elements were transformed.

INFO: [Common 17-83] Releasing license: Synthesis
56 Infos, 0 Warnings, 0 Critical Warnings and 0 Errors encountered.
synth_design completed successfully
synth_design: Time (s): cpu = 00:00:26 ; elapsed = 00:00:27 . Memory (MB): peak = 1372.383 ; gain = 246.137
INFO: [Common 17-600] The following parameters have non-default value.
tcl.collectionResultDisplayLimit
INFO: [Common 17-1381] The checkpoint 'D:/projets/2020_2/project_DIJKSTRA/project_DIJKSTRA.runs/synth_1/design_dijkstra_all_wrapper.dcp' has been generated.
INFO: [runtcl-4] Executing : report_utilization -file design_dijkstra_all_wrapper_utilization_synth.rpt -pb design_dijkstra_all_wrapper_utilization_synth.pb
INFO: [Common 17-206] Exiting Vivado at Tue Jun  7 16:23:55 2022...
