Copyright 1986-2020 Xilinx, Inc. All Rights Reserved.
-----------------------------------------------------------------------------------------------------------------------------------------------------------------------------------------------------------
| Tool Version : Vivado v.2020.1 (win64) Build 2902540 Wed May 27 19:54:49 MDT 2020
| Date         : Mon May 30 14:30:59 2022
| Host         : D-14JM0W2 running 64-bit major release  (build 9200)
| Command      : report_timing_summary -max_paths 10 -file UART_control_timing_summary_routed.rpt -pb UART_control_timing_summary_routed.pb -rpx UART_control_timing_summary_routed.rpx -warn_on_violation
| Design       : UART_control
| Device       : 7z020-clg400
| Speed File   : -1  PRODUCTION 1.12 2019-11-22
-----------------------------------------------------------------------------------------------------------------------------------------------------------------------------------------------------------

Timing Summary Report

------------------------------------------------------------------------------------------------
| Timer Settings
| --------------
------------------------------------------------------------------------------------------------

  Enable Multi Corner Analysis               :  Yes
  Enable Pessimism Removal                   :  Yes
  Pessimism Removal Resolution               :  Nearest Common Node
  Enable Input Delay Default Clock           :  No
  Enable Preset / Clear Arcs                 :  No
  Disable Flight Delays                      :  No
  Ignore I/O Paths                           :  No
  Timing Early Launch at Borrowing Latches   :  No
  Borrow Time for Max Delay Exceptions       :  Yes
  Merge Timing Exceptions                    :  Yes

  Corner  Analyze    Analyze    
  Name    Max Paths  Min Paths  
  ------  ---------  ---------  
  Slow    Yes        Yes        
  Fast    Yes        Yes        



check_timing report

Table of Contents
-----------------
1. checking no_clock (0)
2. checking constant_clock (0)
3. checking pulse_width_clock (0)
4. checking unconstrained_internal_endpoints (0)
5. checking no_input_delay (1)
6. checking no_output_delay (3)
7. checking multiple_clock (0)
8. checking generated_clocks (0)
9. checking loops (0)
10. checking partial_input_delay (0)
11. checking partial_output_delay (0)
12. checking latch_loops (0)

1. checking no_clock (0)
------------------------
 There are 0 register/latch pins with no clock.


2. checking constant_clock (0)
------------------------------
 There are 0 register/latch pins with constant_clock.


3. checking pulse_width_clock (0)
---------------------------------
 There are 0 register/latch pins which need pulse_width check


4. checking unconstrained_internal_endpoints (0)
------------------------------------------------
 There are 0 pins that are not constrained for maximum delay.

 There are 0 pins that are not constrained for maximum delay due to constant clock.


5. checking no_input_delay (1)
------------------------------
 There is 1 input port with no input delay specified. (HIGH)

 There are 0 input ports with no input delay but user has a false path constraint.


6. checking no_output_delay (3)
-------------------------------
 There are 3 ports with no output delay specified. (HIGH)

 There are 0 ports with no output delay but user has a false path constraint

 There are 0 ports with no output delay but with a timing clock defined on it or propagating through it


7. checking multiple_clock (0)
------------------------------
 There are 0 register/latch pins with multiple clocks.


8. checking generated_clocks (0)
--------------------------------
 There are 0 generated clocks that are not connected to a clock source.


9. checking loops (0)
---------------------
 There are 0 combinational loops in the design.


10. checking partial_input_delay (0)
------------------------------------
 There are 0 input ports with partial input delay specified.


11. checking partial_output_delay (0)
-------------------------------------
 There are 0 ports with partial output delay specified.


12. checking latch_loops (0)
----------------------------
 There are 0 combinational latch loops in the design through latch input



------------------------------------------------------------------------------------------------
| Design Timing Summary
| ---------------------
------------------------------------------------------------------------------------------------

    WNS(ns)      TNS(ns)  TNS Failing Endpoints  TNS Total Endpoints      WHS(ns)      THS(ns)  THS Failing Endpoints  THS Total Endpoints     WPWS(ns)     TPWS(ns)  TPWS Failing Endpoints  TPWS Total Endpoints  
    -------      -------  ---------------------  -------------------      -------      -------  ---------------------  -------------------     --------     --------  ----------------------  --------------------  
      4.526        0.000                      0                   78        0.154        0.000                      0                   78        3.500        0.000                       0                    49  


All user specified timing constraints are met.


------------------------------------------------------------------------------------------------
| Clock Summary
| -------------
------------------------------------------------------------------------------------------------

Clock        Waveform(ns)         Period(ns)      Frequency(MHz)
-----        ------------         ----------      --------------
sys_clk_pin  {0.000 4.000}        8.000           125.000         


------------------------------------------------------------------------------------------------
| Intra Clock Table
| -----------------
------------------------------------------------------------------------------------------------

Clock             WNS(ns)      TNS(ns)  TNS Failing Endpoints  TNS Total Endpoints      WHS(ns)      THS(ns)  THS Failing Endpoints  THS Total Endpoints     WPWS(ns)     TPWS(ns)  TPWS Failing Endpoints  TPWS Total Endpoints  
-----             -------      -------  ---------------------  -------------------      -------      -------  ---------------------  -------------------     --------     --------  ----------------------  --------------------  
sys_clk_pin         4.526        0.000                      0                   78        0.154        0.000                      0                   78        3.500        0.000                       0                    49  


------------------------------------------------------------------------------------------------
| Inter Clock Table
| -----------------
------------------------------------------------------------------------------------------------

From Clock    To Clock          WNS(ns)      TNS(ns)  TNS Failing Endpoints  TNS Total Endpoints      WHS(ns)      THS(ns)  THS Failing Endpoints  THS Total Endpoints  
----------    --------          -------      -------  ---------------------  -------------------      -------      -------  ---------------------  -------------------  


------------------------------------------------------------------------------------------------
| Other Path Groups Table
| -----------------------
------------------------------------------------------------------------------------------------

Path Group    From Clock    To Clock          WNS(ns)      TNS(ns)  TNS Failing Endpoints  TNS Total Endpoints      WHS(ns)      THS(ns)  THS Failing Endpoints  THS Total Endpoints  
----------    ----------    --------          -------      -------  ---------------------  -------------------      -------      -------  ---------------------  -------------------  


------------------------------------------------------------------------------------------------
| Timing Details
| --------------
------------------------------------------------------------------------------------------------


---------------------------------------------------------------------------------------------------
From Clock:  sys_clk_pin
  To Clock:  sys_clk_pin

Setup :            0  Failing Endpoints,  Worst Slack        4.526ns,  Total Violation        0.000ns
Hold  :            0  Failing Endpoints,  Worst Slack        0.154ns,  Total Violation        0.000ns
PW    :            0  Failing Endpoints,  Worst Slack        3.500ns,  Total Violation        0.000ns
---------------------------------------------------------------------------------------------------


Max Delay Paths
--------------------------------------------------------------------------------------
Slack (MET) :             4.526ns  (required time - arrival time)
  Source:                 DUT2/r_Clk_Count_reg[0]/C
                            (rising edge-triggered cell FDRE clocked by sys_clk_pin  {rise@0.000ns fall@4.000ns period=8.000ns})
  Destination:            DUT2/r_TX_Done_reg/CE
                            (rising edge-triggered cell FDRE clocked by sys_clk_pin  {rise@0.000ns fall@4.000ns period=8.000ns})
  Path Group:             sys_clk_pin
  Path Type:              Setup (Max at Slow Process Corner)
  Requirement:            8.000ns  (sys_clk_pin rise@8.000ns - sys_clk_pin rise@0.000ns)
  Data Path Delay:        3.208ns  (logic 1.118ns (34.853%)  route 2.090ns (65.147%))
  Logic Levels:           3  (LUT2=1 LUT4=1 LUT6=1)
  Clock Path Skew:        -0.026ns (DCD - SCD + CPR)
    Destination Clock Delay (DCD):    5.311ns = ( 13.311 - 8.000 ) 
    Source Clock Delay      (SCD):    5.797ns
    Clock Pessimism Removal (CPR):    0.460ns
  Clock Uncertainty:      0.035ns  ((TSJ^2 + TIJ^2)^1/2 + DJ) / 2 + PE
    Total System Jitter     (TSJ):    0.071ns
    Total Input Jitter      (TIJ):    0.000ns
    Discrete Jitter          (DJ):    0.000ns
    Phase Error              (PE):    0.000ns

    Location             Delay type                Incr(ns)  Path(ns)    Netlist Resource(s)
  -------------------------------------------------------------------    -------------------
                         (clock sys_clk_pin rise edge)
                                                      0.000     0.000 r  
    K17                                               0.000     0.000 r  clk (IN)
                         net (fo=0)                   0.000     0.000    clk
    K17                  IBUF (Prop_ibuf_I_O)         1.475     1.475 r  clk_IBUF_inst/O
                         net (fo=1, routed)           2.522     3.997    clk_IBUF
    BUFGCTRL_X0Y16       BUFG (Prop_bufg_I_O)         0.101     4.098 r  clk_IBUF_BUFG_inst/O
                         net (fo=48, routed)          1.699     5.797    DUT2/clk_IBUF_BUFG
    SLICE_X58Y79         FDRE                                         r  DUT2/r_Clk_Count_reg[0]/C
  -------------------------------------------------------------------    -------------------
    SLICE_X58Y79         FDRE (Prop_fdre_C_Q)         0.518     6.315 r  DUT2/r_Clk_Count_reg[0]/Q
                         net (fo=6, routed)           0.466     6.781    DUT2/r_Clk_Count_reg[0]
    SLICE_X59Y79         LUT2 (Prop_lut2_I0_O)        0.150     6.931 r  DUT2/r_Clk_Count[6]_i_4__0/O
                         net (fo=3, routed)           0.465     7.396    DUT2/r_Clk_Count[6]_i_4__0_n_0
    SLICE_X59Y79         LUT6 (Prop_lut6_I3_O)        0.326     7.722 f  DUT2/FSM_sequential_r_SM_Main[2]_inv_i_2/O
                         net (fo=12, routed)          0.590     8.312    DUT2/FSM_sequential_r_SM_Main[2]_inv_i_2_n_0
    SLICE_X59Y77         LUT4 (Prop_lut4_I1_O)        0.124     8.436 r  DUT2/r_TX_Done_i_1/O
                         net (fo=1, routed)           0.568     9.005    DUT2/r_TX_Done
    SLICE_X59Y77         FDRE                                         r  DUT2/r_TX_Done_reg/CE
  -------------------------------------------------------------------    -------------------

                         (clock sys_clk_pin rise edge)
                                                      8.000     8.000 r  
    K17                                               0.000     8.000 r  clk (IN)
                         net (fo=0)                   0.000     8.000    clk
    K17                  IBUF (Prop_ibuf_I_O)         1.404     9.404 r  clk_IBUF_inst/O
                         net (fo=1, routed)           2.293    11.697    clk_IBUF
    BUFGCTRL_X0Y16       BUFG (Prop_bufg_I_O)         0.091    11.788 r  clk_IBUF_BUFG_inst/O
                         net (fo=48, routed)          1.523    13.311    DUT2/clk_IBUF_BUFG
    SLICE_X59Y77         FDRE                                         r  DUT2/r_TX_Done_reg/C
                         clock pessimism              0.460    13.771    
                         clock uncertainty           -0.035    13.735    
    SLICE_X59Y77         FDRE (Setup_fdre_C_CE)      -0.205    13.530    DUT2/r_TX_Done_reg
  -------------------------------------------------------------------
                         required time                         13.530    
                         arrival time                          -9.005    
  -------------------------------------------------------------------
                         slack                                  4.526    

Slack (MET) :             4.534ns  (required time - arrival time)
  Source:                 DUT2/FSM_sequential_r_SM_Main_reg[1]/C
                            (rising edge-triggered cell FDRE clocked by sys_clk_pin  {rise@0.000ns fall@4.000ns period=8.000ns})
  Destination:            DUT2/r_Clk_Count_reg[0]/R
                            (rising edge-triggered cell FDRE clocked by sys_clk_pin  {rise@0.000ns fall@4.000ns period=8.000ns})
  Path Group:             sys_clk_pin
  Path Type:              Setup (Max at Slow Process Corner)
  Requirement:            8.000ns  (sys_clk_pin rise@8.000ns - sys_clk_pin rise@0.000ns)
  Data Path Delay:        2.652ns  (logic 0.672ns (25.344%)  route 1.980ns (74.656%))
  Logic Levels:           1  (LUT3=1)
  Clock Path Skew:        -0.052ns (DCD - SCD + CPR)
    Destination Clock Delay (DCD):    5.314ns = ( 13.314 - 8.000 ) 
    Source Clock Delay      (SCD):    5.790ns
    Clock Pessimism Removal (CPR):    0.424ns
  Clock Uncertainty:      0.035ns  ((TSJ^2 + TIJ^2)^1/2 + DJ) / 2 + PE
    Total System Jitter     (TSJ):    0.071ns
    Total Input Jitter      (TIJ):    0.000ns
    Discrete Jitter          (DJ):    0.000ns
    Phase Error              (PE):    0.000ns

    Location             Delay type                Incr(ns)  Path(ns)    Netlist Resource(s)
  -------------------------------------------------------------------    -------------------
                         (clock sys_clk_pin rise edge)
                                                      0.000     0.000 r  
    K17                                               0.000     0.000 r  clk (IN)
                         net (fo=0)                   0.000     0.000    clk
    K17                  IBUF (Prop_ibuf_I_O)         1.475     1.475 r  clk_IBUF_inst/O
                         net (fo=1, routed)           2.522     3.997    clk_IBUF
    BUFGCTRL_X0Y16       BUFG (Prop_bufg_I_O)         0.101     4.098 r  clk_IBUF_BUFG_inst/O
                         net (fo=48, routed)          1.692     5.790    DUT2/clk_IBUF_BUFG
    SLICE_X58Y74         FDRE                                         r  DUT2/FSM_sequential_r_SM_Main_reg[1]/C
  -------------------------------------------------------------------    -------------------
    SLICE_X58Y74         FDRE (Prop_fdre_C_Q)         0.518     6.308 f  DUT2/FSM_sequential_r_SM_Main_reg[1]/Q
                         net (fo=13, routed)          1.189     7.497    DUT2/r_SM_Main[1]
    SLICE_X59Y77         LUT3 (Prop_lut3_I2_O)        0.154     7.651 r  DUT2/r_Clk_Count[6]_i_1__0/O
                         net (fo=7, routed)           0.791     8.441    DUT2/r_Clk_Count[6]_i_1__0_n_0
    SLICE_X58Y79         FDRE                                         r  DUT2/r_Clk_Count_reg[0]/R
  -------------------------------------------------------------------    -------------------

                         (clock sys_clk_pin rise edge)
                                                      8.000     8.000 r  
    K17                                               0.000     8.000 r  clk (IN)
                         net (fo=0)                   0.000     8.000    clk
    K17                  IBUF (Prop_ibuf_I_O)         1.404     9.404 r  clk_IBUF_inst/O
                         net (fo=1, routed)           2.293    11.697    clk_IBUF
    BUFGCTRL_X0Y16       BUFG (Prop_bufg_I_O)         0.091    11.788 r  clk_IBUF_BUFG_inst/O
                         net (fo=48, routed)          1.526    13.314    DUT2/clk_IBUF_BUFG
    SLICE_X58Y79         FDRE                                         r  DUT2/r_Clk_Count_reg[0]/C
                         clock pessimism              0.424    13.738    
                         clock uncertainty           -0.035    13.702    
    SLICE_X58Y79         FDRE (Setup_fdre_C_R)       -0.727    12.975    DUT2/r_Clk_Count_reg[0]
  -------------------------------------------------------------------
                         required time                         12.975    
                         arrival time                          -8.441    
  -------------------------------------------------------------------
                         slack                                  4.534    

Slack (MET) :             4.534ns  (required time - arrival time)
  Source:                 DUT2/FSM_sequential_r_SM_Main_reg[1]/C
                            (rising edge-triggered cell FDRE clocked by sys_clk_pin  {rise@0.000ns fall@4.000ns period=8.000ns})
  Destination:            DUT2/r_Clk_Count_reg[2]/R
                            (rising edge-triggered cell FDRE clocked by sys_clk_pin  {rise@0.000ns fall@4.000ns period=8.000ns})
  Path Group:             sys_clk_pin
  Path Type:              Setup (Max at Slow Process Corner)
  Requirement:            8.000ns  (sys_clk_pin rise@8.000ns - sys_clk_pin rise@0.000ns)
  Data Path Delay:        2.652ns  (logic 0.672ns (25.344%)  route 1.980ns (74.656%))
  Logic Levels:           1  (LUT3=1)
  Clock Path Skew:        -0.052ns (DCD - SCD + CPR)
    Destination Clock Delay (DCD):    5.314ns = ( 13.314 - 8.000 ) 
    Source Clock Delay      (SCD):    5.790ns
    Clock Pessimism Removal (CPR):    0.424ns
  Clock Uncertainty:      0.035ns  ((TSJ^2 + TIJ^2)^1/2 + DJ) / 2 + PE
    Total System Jitter     (TSJ):    0.071ns
    Total Input Jitter      (TIJ):    0.000ns
    Discrete Jitter          (DJ):    0.000ns
    Phase Error              (PE):    0.000ns

    Location             Delay type                Incr(ns)  Path(ns)    Netlist Resource(s)
  -------------------------------------------------------------------    -------------------
                         (clock sys_clk_pin rise edge)
                                                      0.000     0.000 r  
    K17                                               0.000     0.000 r  clk (IN)
                         net (fo=0)                   0.000     0.000    clk
    K17                  IBUF (Prop_ibuf_I_O)         1.475     1.475 r  clk_IBUF_inst/O
                         net (fo=1, routed)           2.522     3.997    clk_IBUF
    BUFGCTRL_X0Y16       BUFG (Prop_bufg_I_O)         0.101     4.098 r  clk_IBUF_BUFG_inst/O
                         net (fo=48, routed)          1.692     5.790    DUT2/clk_IBUF_BUFG
    SLICE_X58Y74         FDRE                                         r  DUT2/FSM_sequential_r_SM_Main_reg[1]/C
  -------------------------------------------------------------------    -------------------
    SLICE_X58Y74         FDRE (Prop_fdre_C_Q)         0.518     6.308 f  DUT2/FSM_sequential_r_SM_Main_reg[1]/Q
                         net (fo=13, routed)          1.189     7.497    DUT2/r_SM_Main[1]
    SLICE_X59Y77         LUT3 (Prop_lut3_I2_O)        0.154     7.651 r  DUT2/r_Clk_Count[6]_i_1__0/O
                         net (fo=7, routed)           0.791     8.441    DUT2/r_Clk_Count[6]_i_1__0_n_0
    SLICE_X58Y79         FDRE                                         r  DUT2/r_Clk_Count_reg[2]/R
  -------------------------------------------------------------------    -------------------

                         (clock sys_clk_pin rise edge)
                                                      8.000     8.000 r  
    K17                                               0.000     8.000 r  clk (IN)
                         net (fo=0)                   0.000     8.000    clk
    K17                  IBUF (Prop_ibuf_I_O)         1.404     9.404 r  clk_IBUF_inst/O
                         net (fo=1, routed)           2.293    11.697    clk_IBUF
    BUFGCTRL_X0Y16       BUFG (Prop_bufg_I_O)         0.091    11.788 r  clk_IBUF_BUFG_inst/O
                         net (fo=48, routed)          1.526    13.314    DUT2/clk_IBUF_BUFG
    SLICE_X58Y79         FDRE                                         r  DUT2/r_Clk_Count_reg[2]/C
                         clock pessimism              0.424    13.738    
                         clock uncertainty           -0.035    13.702    
    SLICE_X58Y79         FDRE (Setup_fdre_C_R)       -0.727    12.975    DUT2/r_Clk_Count_reg[2]
  -------------------------------------------------------------------
                         required time                         12.975    
                         arrival time                          -8.441    
  -------------------------------------------------------------------
                         slack                                  4.534    

Slack (MET) :             4.534ns  (required time - arrival time)
  Source:                 DUT2/FSM_sequential_r_SM_Main_reg[1]/C
                            (rising edge-triggered cell FDRE clocked by sys_clk_pin  {rise@0.000ns fall@4.000ns period=8.000ns})
  Destination:            DUT2/r_Clk_Count_reg[3]/R
                            (rising edge-triggered cell FDRE clocked by sys_clk_pin  {rise@0.000ns fall@4.000ns period=8.000ns})
  Path Group:             sys_clk_pin
  Path Type:              Setup (Max at Slow Process Corner)
  Requirement:            8.000ns  (sys_clk_pin rise@8.000ns - sys_clk_pin rise@0.000ns)
  Data Path Delay:        2.652ns  (logic 0.672ns (25.344%)  route 1.980ns (74.656%))
  Logic Levels:           1  (LUT3=1)
  Clock Path Skew:        -0.052ns (DCD - SCD + CPR)
    Destination Clock Delay (DCD):    5.314ns = ( 13.314 - 8.000 ) 
    Source Clock Delay      (SCD):    5.790ns
    Clock Pessimism Removal (CPR):    0.424ns
  Clock Uncertainty:      0.035ns  ((TSJ^2 + TIJ^2)^1/2 + DJ) / 2 + PE
    Total System Jitter     (TSJ):    0.071ns
    Total Input Jitter      (TIJ):    0.000ns
    Discrete Jitter          (DJ):    0.000ns
    Phase Error              (PE):    0.000ns

    Location             Delay type                Incr(ns)  Path(ns)    Netlist Resource(s)
  -------------------------------------------------------------------    -------------------
                         (clock sys_clk_pin rise edge)
                                                      0.000     0.000 r  
    K17                                               0.000     0.000 r  clk (IN)
                         net (fo=0)                   0.000     0.000    clk
    K17                  IBUF (Prop_ibuf_I_O)         1.475     1.475 r  clk_IBUF_inst/O
                         net (fo=1, routed)           2.522     3.997    clk_IBUF
    BUFGCTRL_X0Y16       BUFG (Prop_bufg_I_O)         0.101     4.098 r  clk_IBUF_BUFG_inst/O
                         net (fo=48, routed)          1.692     5.790    DUT2/clk_IBUF_BUFG
    SLICE_X58Y74         FDRE                                         r  DUT2/FSM_sequential_r_SM_Main_reg[1]/C
  -------------------------------------------------------------------    -------------------
    SLICE_X58Y74         FDRE (Prop_fdre_C_Q)         0.518     6.308 f  DUT2/FSM_sequential_r_SM_Main_reg[1]/Q
                         net (fo=13, routed)          1.189     7.497    DUT2/r_SM_Main[1]
    SLICE_X59Y77         LUT3 (Prop_lut3_I2_O)        0.154     7.651 r  DUT2/r_Clk_Count[6]_i_1__0/O
                         net (fo=7, routed)           0.791     8.441    DUT2/r_Clk_Count[6]_i_1__0_n_0
    SLICE_X58Y79         FDRE                                         r  DUT2/r_Clk_Count_reg[3]/R
  -------------------------------------------------------------------    -------------------

                         (clock sys_clk_pin rise edge)
                                                      8.000     8.000 r  
    K17                                               0.000     8.000 r  clk (IN)
                         net (fo=0)                   0.000     8.000    clk
    K17                  IBUF (Prop_ibuf_I_O)         1.404     9.404 r  clk_IBUF_inst/O
                         net (fo=1, routed)           2.293    11.697    clk_IBUF
    BUFGCTRL_X0Y16       BUFG (Prop_bufg_I_O)         0.091    11.788 r  clk_IBUF_BUFG_inst/O
                         net (fo=48, routed)          1.526    13.314    DUT2/clk_IBUF_BUFG
    SLICE_X58Y79         FDRE                                         r  DUT2/r_Clk_Count_reg[3]/C
                         clock pessimism              0.424    13.738    
                         clock uncertainty           -0.035    13.702    
    SLICE_X58Y79         FDRE (Setup_fdre_C_R)       -0.727    12.975    DUT2/r_Clk_Count_reg[3]
  -------------------------------------------------------------------
                         required time                         12.975    
                         arrival time                          -8.441    
  -------------------------------------------------------------------
                         slack                                  4.534    

Slack (MET) :             4.534ns  (required time - arrival time)
  Source:                 DUT2/FSM_sequential_r_SM_Main_reg[1]/C
                            (rising edge-triggered cell FDRE clocked by sys_clk_pin  {rise@0.000ns fall@4.000ns period=8.000ns})
  Destination:            DUT2/r_Clk_Count_reg[4]/R
                            (rising edge-triggered cell FDRE clocked by sys_clk_pin  {rise@0.000ns fall@4.000ns period=8.000ns})
  Path Group:             sys_clk_pin
  Path Type:              Setup (Max at Slow Process Corner)
  Requirement:            8.000ns  (sys_clk_pin rise@8.000ns - sys_clk_pin rise@0.000ns)
  Data Path Delay:        2.652ns  (logic 0.672ns (25.344%)  route 1.980ns (74.656%))
  Logic Levels:           1  (LUT3=1)
  Clock Path Skew:        -0.052ns (DCD - SCD + CPR)
    Destination Clock Delay (DCD):    5.314ns = ( 13.314 - 8.000 ) 
    Source Clock Delay      (SCD):    5.790ns
    Clock Pessimism Removal (CPR):    0.424ns
  Clock Uncertainty:      0.035ns  ((TSJ^2 + TIJ^2)^1/2 + DJ) / 2 + PE
    Total System Jitter     (TSJ):    0.071ns
    Total Input Jitter      (TIJ):    0.000ns
    Discrete Jitter          (DJ):    0.000ns
    Phase Error              (PE):    0.000ns

    Location             Delay type                Incr(ns)  Path(ns)    Netlist Resource(s)
  -------------------------------------------------------------------    -------------------
                         (clock sys_clk_pin rise edge)
                                                      0.000     0.000 r  
    K17                                               0.000     0.000 r  clk (IN)
                         net (fo=0)                   0.000     0.000    clk
    K17                  IBUF (Prop_ibuf_I_O)         1.475     1.475 r  clk_IBUF_inst/O
                         net (fo=1, routed)           2.522     3.997    clk_IBUF
    BUFGCTRL_X0Y16       BUFG (Prop_bufg_I_O)         0.101     4.098 r  clk_IBUF_BUFG_inst/O
                         net (fo=48, routed)          1.692     5.790    DUT2/clk_IBUF_BUFG
    SLICE_X58Y74         FDRE                                         r  DUT2/FSM_sequential_r_SM_Main_reg[1]/C
  -------------------------------------------------------------------    -------------------
    SLICE_X58Y74         FDRE (Prop_fdre_C_Q)         0.518     6.308 f  DUT2/FSM_sequential_r_SM_Main_reg[1]/Q
                         net (fo=13, routed)          1.189     7.497    DUT2/r_SM_Main[1]
    SLICE_X59Y77         LUT3 (Prop_lut3_I2_O)        0.154     7.651 r  DUT2/r_Clk_Count[6]_i_1__0/O
                         net (fo=7, routed)           0.791     8.441    DUT2/r_Clk_Count[6]_i_1__0_n_0
    SLICE_X58Y79         FDRE                                         r  DUT2/r_Clk_Count_reg[4]/R
  -------------------------------------------------------------------    -------------------

                         (clock sys_clk_pin rise edge)
                                                      8.000     8.000 r  
    K17                                               0.000     8.000 r  clk (IN)
                         net (fo=0)                   0.000     8.000    clk
    K17                  IBUF (Prop_ibuf_I_O)         1.404     9.404 r  clk_IBUF_inst/O
                         net (fo=1, routed)           2.293    11.697    clk_IBUF
    BUFGCTRL_X0Y16       BUFG (Prop_bufg_I_O)         0.091    11.788 r  clk_IBUF_BUFG_inst/O
                         net (fo=48, routed)          1.526    13.314    DUT2/clk_IBUF_BUFG
    SLICE_X58Y79         FDRE                                         r  DUT2/r_Clk_Count_reg[4]/C
                         clock pessimism              0.424    13.738    
                         clock uncertainty           -0.035    13.702    
    SLICE_X58Y79         FDRE (Setup_fdre_C_R)       -0.727    12.975    DUT2/r_Clk_Count_reg[4]
  -------------------------------------------------------------------
                         required time                         12.975    
                         arrival time                          -8.441    
  -------------------------------------------------------------------
                         slack                                  4.534    

Slack (MET) :             4.629ns  (required time - arrival time)
  Source:                 DUT2/FSM_sequential_r_SM_Main_reg[1]/C
                            (rising edge-triggered cell FDRE clocked by sys_clk_pin  {rise@0.000ns fall@4.000ns period=8.000ns})
  Destination:            DUT2/r_Clk_Count_reg[1]/R
                            (rising edge-triggered cell FDRE clocked by sys_clk_pin  {rise@0.000ns fall@4.000ns period=8.000ns})
  Path Group:             sys_clk_pin
  Path Type:              Setup (Max at Slow Process Corner)
  Requirement:            8.000ns  (sys_clk_pin rise@8.000ns - sys_clk_pin rise@0.000ns)
  Data Path Delay:        2.652ns  (logic 0.672ns (25.344%)  route 1.980ns (74.656%))
  Logic Levels:           1  (LUT3=1)
  Clock Path Skew:        -0.052ns (DCD - SCD + CPR)
    Destination Clock Delay (DCD):    5.314ns = ( 13.314 - 8.000 ) 
    Source Clock Delay      (SCD):    5.790ns
    Clock Pessimism Removal (CPR):    0.424ns
  Clock Uncertainty:      0.035ns  ((TSJ^2 + TIJ^2)^1/2 + DJ) / 2 + PE
    Total System Jitter     (TSJ):    0.071ns
    Total Input Jitter      (TIJ):    0.000ns
    Discrete Jitter          (DJ):    0.000ns
    Phase Error              (PE):    0.000ns

    Location             Delay type                Incr(ns)  Path(ns)    Netlist Resource(s)
  -------------------------------------------------------------------    -------------------
                         (clock sys_clk_pin rise edge)
                                                      0.000     0.000 r  
    K17                                               0.000     0.000 r  clk (IN)
                         net (fo=0)                   0.000     0.000    clk
    K17                  IBUF (Prop_ibuf_I_O)         1.475     1.475 r  clk_IBUF_inst/O
                         net (fo=1, routed)           2.522     3.997    clk_IBUF
    BUFGCTRL_X0Y16       BUFG (Prop_bufg_I_O)         0.101     4.098 r  clk_IBUF_BUFG_inst/O
                         net (fo=48, routed)          1.692     5.790    DUT2/clk_IBUF_BUFG
    SLICE_X58Y74         FDRE                                         r  DUT2/FSM_sequential_r_SM_Main_reg[1]/C
  -------------------------------------------------------------------    -------------------
    SLICE_X58Y74         FDRE (Prop_fdre_C_Q)         0.518     6.308 f  DUT2/FSM_sequential_r_SM_Main_reg[1]/Q
                         net (fo=13, routed)          1.189     7.497    DUT2/r_SM_Main[1]
    SLICE_X59Y77         LUT3 (Prop_lut3_I2_O)        0.154     7.651 r  DUT2/r_Clk_Count[6]_i_1__0/O
                         net (fo=7, routed)           0.791     8.441    DUT2/r_Clk_Count[6]_i_1__0_n_0
    SLICE_X59Y79         FDRE                                         r  DUT2/r_Clk_Count_reg[1]/R
  -------------------------------------------------------------------    -------------------

                         (clock sys_clk_pin rise edge)
                                                      8.000     8.000 r  
    K17                                               0.000     8.000 r  clk (IN)
                         net (fo=0)                   0.000     8.000    clk
    K17                  IBUF (Prop_ibuf_I_O)         1.404     9.404 r  clk_IBUF_inst/O
                         net (fo=1, routed)           2.293    11.697    clk_IBUF
    BUFGCTRL_X0Y16       BUFG (Prop_bufg_I_O)         0.091    11.788 r  clk_IBUF_BUFG_inst/O
                         net (fo=48, routed)          1.526    13.314    DUT2/clk_IBUF_BUFG
    SLICE_X59Y79         FDRE                                         r  DUT2/r_Clk_Count_reg[1]/C
                         clock pessimism              0.424    13.738    
                         clock uncertainty           -0.035    13.702    
    SLICE_X59Y79         FDRE (Setup_fdre_C_R)       -0.632    13.070    DUT2/r_Clk_Count_reg[1]
  -------------------------------------------------------------------
                         required time                         13.070    
                         arrival time                          -8.441    
  -------------------------------------------------------------------
                         slack                                  4.629    

Slack (MET) :             4.629ns  (required time - arrival time)
  Source:                 DUT2/FSM_sequential_r_SM_Main_reg[1]/C
                            (rising edge-triggered cell FDRE clocked by sys_clk_pin  {rise@0.000ns fall@4.000ns period=8.000ns})
  Destination:            DUT2/r_Clk_Count_reg[5]/R
                            (rising edge-triggered cell FDRE clocked by sys_clk_pin  {rise@0.000ns fall@4.000ns period=8.000ns})
  Path Group:             sys_clk_pin
  Path Type:              Setup (Max at Slow Process Corner)
  Requirement:            8.000ns  (sys_clk_pin rise@8.000ns - sys_clk_pin rise@0.000ns)
  Data Path Delay:        2.652ns  (logic 0.672ns (25.344%)  route 1.980ns (74.656%))
  Logic Levels:           1  (LUT3=1)
  Clock Path Skew:        -0.052ns (DCD - SCD + CPR)
    Destination Clock Delay (DCD):    5.314ns = ( 13.314 - 8.000 ) 
    Source Clock Delay      (SCD):    5.790ns
    Clock Pessimism Removal (CPR):    0.424ns
  Clock Uncertainty:      0.035ns  ((TSJ^2 + TIJ^2)^1/2 + DJ) / 2 + PE
    Total System Jitter     (TSJ):    0.071ns
    Total Input Jitter      (TIJ):    0.000ns
    Discrete Jitter          (DJ):    0.000ns
    Phase Error              (PE):    0.000ns

    Location             Delay type                Incr(ns)  Path(ns)    Netlist Resource(s)
  -------------------------------------------------------------------    -------------------
                         (clock sys_clk_pin rise edge)
                                                      0.000     0.000 r  
    K17                                               0.000     0.000 r  clk (IN)
                         net (fo=0)                   0.000     0.000    clk
    K17                  IBUF (Prop_ibuf_I_O)         1.475     1.475 r  clk_IBUF_inst/O
                         net (fo=1, routed)           2.522     3.997    clk_IBUF
    BUFGCTRL_X0Y16       BUFG (Prop_bufg_I_O)         0.101     4.098 r  clk_IBUF_BUFG_inst/O
                         net (fo=48, routed)          1.692     5.790    DUT2/clk_IBUF_BUFG
    SLICE_X58Y74         FDRE                                         r  DUT2/FSM_sequential_r_SM_Main_reg[1]/C
  -------------------------------------------------------------------    -------------------
    SLICE_X58Y74         FDRE (Prop_fdre_C_Q)         0.518     6.308 f  DUT2/FSM_sequential_r_SM_Main_reg[1]/Q
                         net (fo=13, routed)          1.189     7.497    DUT2/r_SM_Main[1]
    SLICE_X59Y77         LUT3 (Prop_lut3_I2_O)        0.154     7.651 r  DUT2/r_Clk_Count[6]_i_1__0/O
                         net (fo=7, routed)           0.791     8.441    DUT2/r_Clk_Count[6]_i_1__0_n_0
    SLICE_X59Y79         FDRE                                         r  DUT2/r_Clk_Count_reg[5]/R
  -------------------------------------------------------------------    -------------------

                         (clock sys_clk_pin rise edge)
                                                      8.000     8.000 r  
    K17                                               0.000     8.000 r  clk (IN)
                         net (fo=0)                   0.000     8.000    clk
    K17                  IBUF (Prop_ibuf_I_O)         1.404     9.404 r  clk_IBUF_inst/O
                         net (fo=1, routed)           2.293    11.697    clk_IBUF
    BUFGCTRL_X0Y16       BUFG (Prop_bufg_I_O)         0.091    11.788 r  clk_IBUF_BUFG_inst/O
                         net (fo=48, routed)          1.526    13.314    DUT2/clk_IBUF_BUFG
    SLICE_X59Y79         FDRE                                         r  DUT2/r_Clk_Count_reg[5]/C
                         clock pessimism              0.424    13.738    
                         clock uncertainty           -0.035    13.702    
    SLICE_X59Y79         FDRE (Setup_fdre_C_R)       -0.632    13.070    DUT2/r_Clk_Count_reg[5]
  -------------------------------------------------------------------
                         required time                         13.070    
                         arrival time                          -8.441    
  -------------------------------------------------------------------
                         slack                                  4.629    

Slack (MET) :             4.629ns  (required time - arrival time)
  Source:                 DUT2/FSM_sequential_r_SM_Main_reg[1]/C
                            (rising edge-triggered cell FDRE clocked by sys_clk_pin  {rise@0.000ns fall@4.000ns period=8.000ns})
  Destination:            DUT2/r_Clk_Count_reg[6]/R
                            (rising edge-triggered cell FDRE clocked by sys_clk_pin  {rise@0.000ns fall@4.000ns period=8.000ns})
  Path Group:             sys_clk_pin
  Path Type:              Setup (Max at Slow Process Corner)
  Requirement:            8.000ns  (sys_clk_pin rise@8.000ns - sys_clk_pin rise@0.000ns)
  Data Path Delay:        2.652ns  (logic 0.672ns (25.344%)  route 1.980ns (74.656%))
  Logic Levels:           1  (LUT3=1)
  Clock Path Skew:        -0.052ns (DCD - SCD + CPR)
    Destination Clock Delay (DCD):    5.314ns = ( 13.314 - 8.000 ) 
    Source Clock Delay      (SCD):    5.790ns
    Clock Pessimism Removal (CPR):    0.424ns
  Clock Uncertainty:      0.035ns  ((TSJ^2 + TIJ^2)^1/2 + DJ) / 2 + PE
    Total System Jitter     (TSJ):    0.071ns
    Total Input Jitter      (TIJ):    0.000ns
    Discrete Jitter          (DJ):    0.000ns
    Phase Error              (PE):    0.000ns

    Location             Delay type                Incr(ns)  Path(ns)    Netlist Resource(s)
  -------------------------------------------------------------------    -------------------
                         (clock sys_clk_pin rise edge)
                                                      0.000     0.000 r  
    K17                                               0.000     0.000 r  clk (IN)
                         net (fo=0)                   0.000     0.000    clk
    K17                  IBUF (Prop_ibuf_I_O)         1.475     1.475 r  clk_IBUF_inst/O
                         net (fo=1, routed)           2.522     3.997    clk_IBUF
    BUFGCTRL_X0Y16       BUFG (Prop_bufg_I_O)         0.101     4.098 r  clk_IBUF_BUFG_inst/O
                         net (fo=48, routed)          1.692     5.790    DUT2/clk_IBUF_BUFG
    SLICE_X58Y74         FDRE                                         r  DUT2/FSM_sequential_r_SM_Main_reg[1]/C
  -------------------------------------------------------------------    -------------------
    SLICE_X58Y74         FDRE (Prop_fdre_C_Q)         0.518     6.308 f  DUT2/FSM_sequential_r_SM_Main_reg[1]/Q
                         net (fo=13, routed)          1.189     7.497    DUT2/r_SM_Main[1]
    SLICE_X59Y77         LUT3 (Prop_lut3_I2_O)        0.154     7.651 r  DUT2/r_Clk_Count[6]_i_1__0/O
                         net (fo=7, routed)           0.791     8.441    DUT2/r_Clk_Count[6]_i_1__0_n_0
    SLICE_X59Y79         FDRE                                         r  DUT2/r_Clk_Count_reg[6]/R
  -------------------------------------------------------------------    -------------------

                         (clock sys_clk_pin rise edge)
                                                      8.000     8.000 r  
    K17                                               0.000     8.000 r  clk (IN)
                         net (fo=0)                   0.000     8.000    clk
    K17                  IBUF (Prop_ibuf_I_O)         1.404     9.404 r  clk_IBUF_inst/O
                         net (fo=1, routed)           2.293    11.697    clk_IBUF
    BUFGCTRL_X0Y16       BUFG (Prop_bufg_I_O)         0.091    11.788 r  clk_IBUF_BUFG_inst/O
                         net (fo=48, routed)          1.526    13.314    DUT2/clk_IBUF_BUFG
    SLICE_X59Y79         FDRE                                         r  DUT2/r_Clk_Count_reg[6]/C
                         clock pessimism              0.424    13.738    
                         clock uncertainty           -0.035    13.702    
    SLICE_X59Y79         FDRE (Setup_fdre_C_R)       -0.632    13.070    DUT2/r_Clk_Count_reg[6]
  -------------------------------------------------------------------
                         required time                         13.070    
                         arrival time                          -8.441    
  -------------------------------------------------------------------
                         slack                                  4.629    

Slack (MET) :             4.701ns  (required time - arrival time)
  Source:                 DUT1/r_Clk_Count_reg[2]/C
                            (rising edge-triggered cell FDRE clocked by sys_clk_pin  {rise@0.000ns fall@4.000ns period=8.000ns})
  Destination:            DUT1/r_Clk_Count_reg[4]/D
                            (rising edge-triggered cell FDRE clocked by sys_clk_pin  {rise@0.000ns fall@4.000ns period=8.000ns})
  Path Group:             sys_clk_pin
  Path Type:              Setup (Max at Slow Process Corner)
  Requirement:            8.000ns  (sys_clk_pin rise@8.000ns - sys_clk_pin rise@0.000ns)
  Data Path Delay:        3.237ns  (logic 0.890ns (27.493%)  route 2.347ns (72.507%))
  Logic Levels:           3  (LUT6=3)
  Clock Path Skew:        -0.055ns (DCD - SCD + CPR)
    Destination Clock Delay (DCD):    5.313ns = ( 13.313 - 8.000 ) 
    Source Clock Delay      (SCD):    5.792ns
    Clock Pessimism Removal (CPR):    0.424ns
  Clock Uncertainty:      0.035ns  ((TSJ^2 + TIJ^2)^1/2 + DJ) / 2 + PE
    Total System Jitter     (TSJ):    0.071ns
    Total Input Jitter      (TIJ):    0.000ns
    Discrete Jitter          (DJ):    0.000ns
    Phase Error              (PE):    0.000ns

    Location             Delay type                Incr(ns)  Path(ns)    Netlist Resource(s)
  -------------------------------------------------------------------    -------------------
                         (clock sys_clk_pin rise edge)
                                                      0.000     0.000 r  
    K17                                               0.000     0.000 r  clk (IN)
                         net (fo=0)                   0.000     0.000    clk
    K17                  IBUF (Prop_ibuf_I_O)         1.475     1.475 r  clk_IBUF_inst/O
                         net (fo=1, routed)           2.522     3.997    clk_IBUF
    BUFGCTRL_X0Y16       BUFG (Prop_bufg_I_O)         0.101     4.098 r  clk_IBUF_BUFG_inst/O
                         net (fo=48, routed)          1.694     5.792    DUT1/clk_IBUF_BUFG
    SLICE_X54Y72         FDRE                                         r  DUT1/r_Clk_Count_reg[2]/C
  -------------------------------------------------------------------    -------------------
    SLICE_X54Y72         FDRE (Prop_fdre_C_Q)         0.518     6.310 f  DUT1/r_Clk_Count_reg[2]/Q
                         net (fo=11, routed)          0.891     7.201    DUT1/r_Clk_Count[2]
    SLICE_X55Y72         LUT6 (Prop_lut6_I2_O)        0.124     7.325 r  DUT1/r_SM_Main[1]_i_3/O
                         net (fo=3, routed)           0.837     8.162    DUT1/r_SM_Main[1]_i_3_n_0
    SLICE_X56Y72         LUT6 (Prop_lut6_I1_O)        0.124     8.286 r  DUT1/r_Clk_Count[6]_i_4/O
                         net (fo=6, routed)           0.619     8.905    DUT1/r_Clk_Count[6]_i_4_n_0
    SLICE_X56Y71         LUT6 (Prop_lut6_I0_O)        0.124     9.029 r  DUT1/r_Clk_Count[4]_i_1/O
                         net (fo=1, routed)           0.000     9.029    DUT1/r_Clk_Count[4]_i_1_n_0
    SLICE_X56Y71         FDRE                                         r  DUT1/r_Clk_Count_reg[4]/D
  -------------------------------------------------------------------    -------------------

                         (clock sys_clk_pin rise edge)
                                                      8.000     8.000 r  
    K17                                               0.000     8.000 r  clk (IN)
                         net (fo=0)                   0.000     8.000    clk
    K17                  IBUF (Prop_ibuf_I_O)         1.404     9.404 r  clk_IBUF_inst/O
                         net (fo=1, routed)           2.293    11.697    clk_IBUF
    BUFGCTRL_X0Y16       BUFG (Prop_bufg_I_O)         0.091    11.788 r  clk_IBUF_BUFG_inst/O
                         net (fo=48, routed)          1.525    13.313    DUT1/clk_IBUF_BUFG
    SLICE_X56Y71         FDRE                                         r  DUT1/r_Clk_Count_reg[4]/C
                         clock pessimism              0.424    13.737    
                         clock uncertainty           -0.035    13.701    
    SLICE_X56Y71         FDRE (Setup_fdre_C_D)        0.029    13.730    DUT1/r_Clk_Count_reg[4]
  -------------------------------------------------------------------
                         required time                         13.730    
                         arrival time                          -9.029    
  -------------------------------------------------------------------
                         slack                                  4.701    

Slack (MET) :             4.759ns  (required time - arrival time)
  Source:                 DUT1/r_Clk_Count_reg[3]/C
                            (rising edge-triggered cell FDRE clocked by sys_clk_pin  {rise@0.000ns fall@4.000ns period=8.000ns})
  Destination:            DUT1/r_Bit_Index_reg[1]/D
                            (rising edge-triggered cell FDRE clocked by sys_clk_pin  {rise@0.000ns fall@4.000ns period=8.000ns})
  Path Group:             sys_clk_pin
  Path Type:              Setup (Max at Slow Process Corner)
  Requirement:            8.000ns  (sys_clk_pin rise@8.000ns - sys_clk_pin rise@0.000ns)
  Data Path Delay:        3.210ns  (logic 1.027ns (31.993%)  route 2.183ns (68.007%))
  Logic Levels:           3  (LUT4=1 LUT5=1 LUT6=1)
  Clock Path Skew:        -0.025ns (DCD - SCD + CPR)
    Destination Clock Delay (DCD):    5.307ns = ( 13.307 - 8.000 ) 
    Source Clock Delay      (SCD):    5.792ns
    Clock Pessimism Removal (CPR):    0.460ns
  Clock Uncertainty:      0.035ns  ((TSJ^2 + TIJ^2)^1/2 + DJ) / 2 + PE
    Total System Jitter     (TSJ):    0.071ns
    Total Input Jitter      (TIJ):    0.000ns
    Discrete Jitter          (DJ):    0.000ns
    Phase Error              (PE):    0.000ns

    Location             Delay type                Incr(ns)  Path(ns)    Netlist Resource(s)
  -------------------------------------------------------------------    -------------------
                         (clock sys_clk_pin rise edge)
                                                      0.000     0.000 r  
    K17                                               0.000     0.000 r  clk (IN)
                         net (fo=0)                   0.000     0.000    clk
    K17                  IBUF (Prop_ibuf_I_O)         1.475     1.475 r  clk_IBUF_inst/O
                         net (fo=1, routed)           2.522     3.997    clk_IBUF
    BUFGCTRL_X0Y16       BUFG (Prop_bufg_I_O)         0.101     4.098 r  clk_IBUF_BUFG_inst/O
                         net (fo=48, routed)          1.694     5.792    DUT1/clk_IBUF_BUFG
    SLICE_X54Y72         FDRE                                         r  DUT1/r_Clk_Count_reg[3]/C
  -------------------------------------------------------------------    -------------------
    SLICE_X54Y72         FDRE (Prop_fdre_C_Q)         0.478     6.270 r  DUT1/r_Clk_Count_reg[3]/Q
                         net (fo=11, routed)          0.759     7.028    DUT1/r_Clk_Count[3]
    SLICE_X54Y72         LUT5 (Prop_lut5_I0_O)        0.301     7.329 r  DUT1/r_Bit_Index[2]_i_4/O
                         net (fo=2, routed)           0.427     7.756    DUT1/r_Bit_Index[2]_i_4_n_0
    SLICE_X54Y73         LUT6 (Prop_lut6_I4_O)        0.124     7.880 r  DUT1/r_Bit_Index[2]_i_2/O
                         net (fo=12, routed)          0.998     8.878    DUT1/r_Bit_Index[2]_i_2_n_0
    SLICE_X55Y74         LUT4 (Prop_lut4_I1_O)        0.124     9.002 r  DUT1/r_Bit_Index[1]_i_1/O
                         net (fo=1, routed)           0.000     9.002    DUT1/r_Bit_Index[1]_i_1_n_0
    SLICE_X55Y74         FDRE                                         r  DUT1/r_Bit_Index_reg[1]/D
  -------------------------------------------------------------------    -------------------

                         (clock sys_clk_pin rise edge)
                                                      8.000     8.000 r  
    K17                                               0.000     8.000 r  clk (IN)
                         net (fo=0)                   0.000     8.000    clk
    K17                  IBUF (Prop_ibuf_I_O)         1.404     9.404 r  clk_IBUF_inst/O
                         net (fo=1, routed)           2.293    11.697    clk_IBUF
    BUFGCTRL_X0Y16       BUFG (Prop_bufg_I_O)         0.091    11.788 r  clk_IBUF_BUFG_inst/O
                         net (fo=48, routed)          1.519    13.307    DUT1/clk_IBUF_BUFG
    SLICE_X55Y74         FDRE                                         r  DUT1/r_Bit_Index_reg[1]/C
                         clock pessimism              0.460    13.767    
                         clock uncertainty           -0.035    13.731    
    SLICE_X55Y74         FDRE (Setup_fdre_C_D)        0.029    13.760    DUT1/r_Bit_Index_reg[1]
  -------------------------------------------------------------------
                         required time                         13.760    
                         arrival time                          -9.002    
  -------------------------------------------------------------------
                         slack                                  4.759    





Min Delay Paths
--------------------------------------------------------------------------------------
Slack (MET) :             0.154ns  (arrival time - required time)
  Source:                 DUT2/r_Clk_Count_reg[1]/C
                            (rising edge-triggered cell FDRE clocked by sys_clk_pin  {rise@0.000ns fall@4.000ns period=8.000ns})
  Destination:            DUT2/r_Clk_Count_reg[3]/D
                            (rising edge-triggered cell FDRE clocked by sys_clk_pin  {rise@0.000ns fall@4.000ns period=8.000ns})
  Path Group:             sys_clk_pin
  Path Type:              Hold (Min at Fast Process Corner)
  Requirement:            0.000ns  (sys_clk_pin rise@0.000ns - sys_clk_pin rise@0.000ns)
  Data Path Delay:        0.298ns  (logic 0.189ns (63.357%)  route 0.109ns (36.643%))
  Logic Levels:           1  (LUT5=1)
  Clock Path Skew:        0.013ns (DCD - SCD - CPR)
    Destination Clock Delay (DCD):    2.203ns
    Source Clock Delay      (SCD):    1.678ns
    Clock Pessimism Removal (CPR):    0.511ns

    Location             Delay type                Incr(ns)  Path(ns)    Netlist Resource(s)
  -------------------------------------------------------------------    -------------------
                         (clock sys_clk_pin rise edge)
                                                      0.000     0.000 r  
    K17                                               0.000     0.000 r  clk (IN)
                         net (fo=0)                   0.000     0.000    clk
    K17                  IBUF (Prop_ibuf_I_O)         0.243     0.243 r  clk_IBUF_inst/O
                         net (fo=1, routed)           0.842     1.084    clk_IBUF
    BUFGCTRL_X0Y16       BUFG (Prop_bufg_I_O)         0.026     1.110 r  clk_IBUF_BUFG_inst/O
                         net (fo=48, routed)          0.568     1.678    DUT2/clk_IBUF_BUFG
    SLICE_X59Y79         FDRE                                         r  DUT2/r_Clk_Count_reg[1]/C
  -------------------------------------------------------------------    -------------------
    SLICE_X59Y79         FDRE (Prop_fdre_C_Q)         0.141     1.819 r  DUT2/r_Clk_Count_reg[1]/Q
                         net (fo=5, routed)           0.109     1.928    DUT2/r_Clk_Count_reg[1]
    SLICE_X58Y79         LUT5 (Prop_lut5_I2_O)        0.048     1.976 r  DUT2/r_Clk_Count[3]_i_1__0/O
                         net (fo=1, routed)           0.000     1.976    DUT2/r_Clk_Count__0[3]
    SLICE_X58Y79         FDRE                                         r  DUT2/r_Clk_Count_reg[3]/D
  -------------------------------------------------------------------    -------------------

                         (clock sys_clk_pin rise edge)
                                                      0.000     0.000 r  
    K17                                               0.000     0.000 r  clk (IN)
                         net (fo=0)                   0.000     0.000    clk
    K17                  IBUF (Prop_ibuf_I_O)         0.431     0.431 r  clk_IBUF_inst/O
                         net (fo=1, routed)           0.907     1.338    clk_IBUF
    BUFGCTRL_X0Y16       BUFG (Prop_bufg_I_O)         0.029     1.367 r  clk_IBUF_BUFG_inst/O
                         net (fo=48, routed)          0.836     2.203    DUT2/clk_IBUF_BUFG
    SLICE_X58Y79         FDRE                                         r  DUT2/r_Clk_Count_reg[3]/C
                         clock pessimism             -0.511     1.691    
    SLICE_X58Y79         FDRE (Hold_fdre_C_D)         0.131     1.822    DUT2/r_Clk_Count_reg[3]
  -------------------------------------------------------------------
                         required time                         -1.822    
                         arrival time                           1.976    
  -------------------------------------------------------------------
                         slack                                  0.154    

Slack (MET) :             0.162ns  (arrival time - required time)
  Source:                 DUT2/r_Clk_Count_reg[1]/C
                            (rising edge-triggered cell FDRE clocked by sys_clk_pin  {rise@0.000ns fall@4.000ns period=8.000ns})
  Destination:            DUT2/r_Clk_Count_reg[2]/D
                            (rising edge-triggered cell FDRE clocked by sys_clk_pin  {rise@0.000ns fall@4.000ns period=8.000ns})
  Path Group:             sys_clk_pin
  Path Type:              Hold (Min at Fast Process Corner)
  Requirement:            0.000ns  (sys_clk_pin rise@0.000ns - sys_clk_pin rise@0.000ns)
  Data Path Delay:        0.295ns  (logic 0.186ns (62.984%)  route 0.109ns (37.016%))
  Logic Levels:           1  (LUT4=1)
  Clock Path Skew:        0.013ns (DCD - SCD - CPR)
    Destination Clock Delay (DCD):    2.203ns
    Source Clock Delay      (SCD):    1.678ns
    Clock Pessimism Removal (CPR):    0.511ns

    Location             Delay type                Incr(ns)  Path(ns)    Netlist Resource(s)
  -------------------------------------------------------------------    -------------------
                         (clock sys_clk_pin rise edge)
                                                      0.000     0.000 r  
    K17                                               0.000     0.000 r  clk (IN)
                         net (fo=0)                   0.000     0.000    clk
    K17                  IBUF (Prop_ibuf_I_O)         0.243     0.243 r  clk_IBUF_inst/O
                         net (fo=1, routed)           0.842     1.084    clk_IBUF
    BUFGCTRL_X0Y16       BUFG (Prop_bufg_I_O)         0.026     1.110 r  clk_IBUF_BUFG_inst/O
                         net (fo=48, routed)          0.568     1.678    DUT2/clk_IBUF_BUFG
    SLICE_X59Y79         FDRE                                         r  DUT2/r_Clk_Count_reg[1]/C
  -------------------------------------------------------------------    -------------------
    SLICE_X59Y79         FDRE (Prop_fdre_C_Q)         0.141     1.819 r  DUT2/r_Clk_Count_reg[1]/Q
                         net (fo=5, routed)           0.109     1.928    DUT2/r_Clk_Count_reg[1]
    SLICE_X58Y79         LUT4 (Prop_lut4_I2_O)        0.045     1.973 r  DUT2/r_Clk_Count[2]_i_1__0/O
                         net (fo=1, routed)           0.000     1.973    DUT2/r_Clk_Count__0[2]
    SLICE_X58Y79         FDRE                                         r  DUT2/r_Clk_Count_reg[2]/D
  -------------------------------------------------------------------    -------------------

                         (clock sys_clk_pin rise edge)
                                                      0.000     0.000 r  
    K17                                               0.000     0.000 r  clk (IN)
                         net (fo=0)                   0.000     0.000    clk
    K17                  IBUF (Prop_ibuf_I_O)         0.431     0.431 r  clk_IBUF_inst/O
                         net (fo=1, routed)           0.907     1.338    clk_IBUF
    BUFGCTRL_X0Y16       BUFG (Prop_bufg_I_O)         0.029     1.367 r  clk_IBUF_BUFG_inst/O
                         net (fo=48, routed)          0.836     2.203    DUT2/clk_IBUF_BUFG
    SLICE_X58Y79         FDRE                                         r  DUT2/r_Clk_Count_reg[2]/C
                         clock pessimism             -0.511     1.691    
    SLICE_X58Y79         FDRE (Hold_fdre_C_D)         0.120     1.811    DUT2/r_Clk_Count_reg[2]
  -------------------------------------------------------------------
                         required time                         -1.811    
                         arrival time                           1.973    
  -------------------------------------------------------------------
                         slack                                  0.162    

Slack (MET) :             0.210ns  (arrival time - required time)
  Source:                 DUT2/FSM_sequential_r_SM_Main_reg[2]_inv/C
                            (rising edge-triggered cell FDRE clocked by sys_clk_pin  {rise@0.000ns fall@4.000ns period=8.000ns})
  Destination:            DUT2/FSM_sequential_r_SM_Main_reg[0]/D
                            (rising edge-triggered cell FDRE clocked by sys_clk_pin  {rise@0.000ns fall@4.000ns period=8.000ns})
  Path Group:             sys_clk_pin
  Path Type:              Hold (Min at Fast Process Corner)
  Requirement:            0.000ns  (sys_clk_pin rise@0.000ns - sys_clk_pin rise@0.000ns)
  Data Path Delay:        0.343ns  (logic 0.186ns (54.278%)  route 0.157ns (45.722%))
  Logic Levels:           1  (LUT6=1)
  Clock Path Skew:        0.013ns (DCD - SCD - CPR)
    Destination Clock Delay (DCD):    2.198ns
    Source Clock Delay      (SCD):    1.674ns
    Clock Pessimism Removal (CPR):    0.510ns

    Location             Delay type                Incr(ns)  Path(ns)    Netlist Resource(s)
  -------------------------------------------------------------------    -------------------
                         (clock sys_clk_pin rise edge)
                                                      0.000     0.000 r  
    K17                                               0.000     0.000 r  clk (IN)
                         net (fo=0)                   0.000     0.000    clk
    K17                  IBUF (Prop_ibuf_I_O)         0.243     0.243 r  clk_IBUF_inst/O
                         net (fo=1, routed)           0.842     1.084    clk_IBUF
    BUFGCTRL_X0Y16       BUFG (Prop_bufg_I_O)         0.026     1.110 r  clk_IBUF_BUFG_inst/O
                         net (fo=48, routed)          0.564     1.674    DUT2/clk_IBUF_BUFG
    SLICE_X59Y75         FDRE                                         r  DUT2/FSM_sequential_r_SM_Main_reg[2]_inv/C
  -------------------------------------------------------------------    -------------------
    SLICE_X59Y75         FDRE (Prop_fdre_C_Q)         0.141     1.815 r  DUT2/FSM_sequential_r_SM_Main_reg[2]_inv/Q
                         net (fo=14, routed)          0.157     1.972    DUT2/r_SM_Main[2]
    SLICE_X58Y75         LUT6 (Prop_lut6_I1_O)        0.045     2.017 r  DUT2/FSM_sequential_r_SM_Main[0]_i_1/O
                         net (fo=1, routed)           0.000     2.017    DUT2/r_SM_Main__0[0]
    SLICE_X58Y75         FDRE                                         r  DUT2/FSM_sequential_r_SM_Main_reg[0]/D
  -------------------------------------------------------------------    -------------------

                         (clock sys_clk_pin rise edge)
                                                      0.000     0.000 r  
    K17                                               0.000     0.000 r  clk (IN)
                         net (fo=0)                   0.000     0.000    clk
    K17                  IBUF (Prop_ibuf_I_O)         0.431     0.431 r  clk_IBUF_inst/O
                         net (fo=1, routed)           0.907     1.338    clk_IBUF
    BUFGCTRL_X0Y16       BUFG (Prop_bufg_I_O)         0.029     1.367 r  clk_IBUF_BUFG_inst/O
                         net (fo=48, routed)          0.831     2.198    DUT2/clk_IBUF_BUFG
    SLICE_X58Y75         FDRE                                         r  DUT2/FSM_sequential_r_SM_Main_reg[0]/C
                         clock pessimism             -0.510     1.687    
    SLICE_X58Y75         FDRE (Hold_fdre_C_D)         0.120     1.807    DUT2/FSM_sequential_r_SM_Main_reg[0]
  -------------------------------------------------------------------
                         required time                         -1.807    
                         arrival time                           2.017    
  -------------------------------------------------------------------
                         slack                                  0.210    

Slack (MET) :             0.212ns  (arrival time - required time)
  Source:                 DUT1/r_SM_Main_reg[0]/C
                            (rising edge-triggered cell FDRE clocked by sys_clk_pin  {rise@0.000ns fall@4.000ns period=8.000ns})
  Destination:            DUT1/r_SM_Main_reg[1]/D
                            (rising edge-triggered cell FDRE clocked by sys_clk_pin  {rise@0.000ns fall@4.000ns period=8.000ns})
  Path Group:             sys_clk_pin
  Path Type:              Hold (Min at Fast Process Corner)
  Requirement:            0.000ns  (sys_clk_pin rise@0.000ns - sys_clk_pin rise@0.000ns)
  Data Path Delay:        0.336ns  (logic 0.186ns (55.405%)  route 0.150ns (44.595%))
  Logic Levels:           1  (LUT6=1)
  Clock Path Skew:        0.033ns (DCD - SCD - CPR)
    Destination Clock Delay (DCD):    2.199ns
    Source Clock Delay      (SCD):    1.675ns
    Clock Pessimism Removal (CPR):    0.490ns

    Location             Delay type                Incr(ns)  Path(ns)    Netlist Resource(s)
  -------------------------------------------------------------------    -------------------
                         (clock sys_clk_pin rise edge)
                                                      0.000     0.000 r  
    K17                                               0.000     0.000 r  clk (IN)
                         net (fo=0)                   0.000     0.000    clk
    K17                  IBUF (Prop_ibuf_I_O)         0.243     0.243 r  clk_IBUF_inst/O
                         net (fo=1, routed)           0.842     1.084    clk_IBUF
    BUFGCTRL_X0Y16       BUFG (Prop_bufg_I_O)         0.026     1.110 r  clk_IBUF_BUFG_inst/O
                         net (fo=48, routed)          0.565     1.675    DUT1/clk_IBUF_BUFG
    SLICE_X56Y73         FDRE                                         r  DUT1/r_SM_Main_reg[0]/C
  -------------------------------------------------------------------    -------------------
    SLICE_X56Y73         FDRE (Prop_fdre_C_Q)         0.141     1.816 f  DUT1/r_SM_Main_reg[0]/Q
                         net (fo=13, routed)          0.150     1.966    DUT1/r_SM_Main_reg_n_0_[0]
    SLICE_X55Y72         LUT6 (Prop_lut6_I0_O)        0.045     2.011 r  DUT1/r_SM_Main[1]_i_1/O
                         net (fo=1, routed)           0.000     2.011    DUT1/r_SM_Main[1]_i_1_n_0
    SLICE_X55Y72         FDRE                                         r  DUT1/r_SM_Main_reg[1]/D
  -------------------------------------------------------------------    -------------------

                         (clock sys_clk_pin rise edge)
                                                      0.000     0.000 r  
    K17                                               0.000     0.000 r  clk (IN)
                         net (fo=0)                   0.000     0.000    clk
    K17                  IBUF (Prop_ibuf_I_O)         0.431     0.431 r  clk_IBUF_inst/O
                         net (fo=1, routed)           0.907     1.338    clk_IBUF
    BUFGCTRL_X0Y16       BUFG (Prop_bufg_I_O)         0.029     1.367 r  clk_IBUF_BUFG_inst/O
                         net (fo=48, routed)          0.832     2.199    DUT1/clk_IBUF_BUFG
    SLICE_X55Y72         FDRE                                         r  DUT1/r_SM_Main_reg[1]/C
                         clock pessimism             -0.490     1.708    
    SLICE_X55Y72         FDRE (Hold_fdre_C_D)         0.091     1.799    DUT1/r_SM_Main_reg[1]
  -------------------------------------------------------------------
                         required time                         -1.799    
                         arrival time                           2.011    
  -------------------------------------------------------------------
                         slack                                  0.212    

Slack (MET) :             0.213ns  (arrival time - required time)
  Source:                 DUT2/FSM_sequential_r_SM_Main_reg[2]_inv/C
                            (rising edge-triggered cell FDRE clocked by sys_clk_pin  {rise@0.000ns fall@4.000ns period=8.000ns})
  Destination:            DUT2/r_Bit_Index_reg[1]/D
                            (rising edge-triggered cell FDRE clocked by sys_clk_pin  {rise@0.000ns fall@4.000ns period=8.000ns})
  Path Group:             sys_clk_pin
  Path Type:              Hold (Min at Fast Process Corner)
  Requirement:            0.000ns  (sys_clk_pin rise@0.000ns - sys_clk_pin rise@0.000ns)
  Data Path Delay:        0.347ns  (logic 0.186ns (53.652%)  route 0.161ns (46.348%))
  Logic Levels:           1  (LUT6=1)
  Clock Path Skew:        0.013ns (DCD - SCD - CPR)
    Destination Clock Delay (DCD):    2.198ns
    Source Clock Delay      (SCD):    1.674ns
    Clock Pessimism Removal (CPR):    0.510ns

    Location             Delay type                Incr(ns)  Path(ns)    Netlist Resource(s)
  -------------------------------------------------------------------    -------------------
                         (clock sys_clk_pin rise edge)
                                                      0.000     0.000 r  
    K17                                               0.000     0.000 r  clk (IN)
                         net (fo=0)                   0.000     0.000    clk
    K17                  IBUF (Prop_ibuf_I_O)         0.243     0.243 r  clk_IBUF_inst/O
                         net (fo=1, routed)           0.842     1.084    clk_IBUF
    BUFGCTRL_X0Y16       BUFG (Prop_bufg_I_O)         0.026     1.110 r  clk_IBUF_BUFG_inst/O
                         net (fo=48, routed)          0.564     1.674    DUT2/clk_IBUF_BUFG
    SLICE_X59Y75         FDRE                                         r  DUT2/FSM_sequential_r_SM_Main_reg[2]_inv/C
  -------------------------------------------------------------------    -------------------
    SLICE_X59Y75         FDRE (Prop_fdre_C_Q)         0.141     1.815 r  DUT2/FSM_sequential_r_SM_Main_reg[2]_inv/Q
                         net (fo=14, routed)          0.161     1.976    DUT2/r_SM_Main[2]
    SLICE_X58Y75         LUT6 (Prop_lut6_I5_O)        0.045     2.021 r  DUT2/r_Bit_Index[1]_i_1/O
                         net (fo=1, routed)           0.000     2.021    DUT2/r_Bit_Index[1]_i_1_n_0
    SLICE_X58Y75         FDRE                                         r  DUT2/r_Bit_Index_reg[1]/D
  -------------------------------------------------------------------    -------------------

                         (clock sys_clk_pin rise edge)
                                                      0.000     0.000 r  
    K17                                               0.000     0.000 r  clk (IN)
                         net (fo=0)                   0.000     0.000    clk
    K17                  IBUF (Prop_ibuf_I_O)         0.431     0.431 r  clk_IBUF_inst/O
                         net (fo=1, routed)           0.907     1.338    clk_IBUF
    BUFGCTRL_X0Y16       BUFG (Prop_bufg_I_O)         0.029     1.367 r  clk_IBUF_BUFG_inst/O
                         net (fo=48, routed)          0.831     2.198    DUT2/clk_IBUF_BUFG
    SLICE_X58Y75         FDRE                                         r  DUT2/r_Bit_Index_reg[1]/C
                         clock pessimism             -0.510     1.687    
    SLICE_X58Y75         FDRE (Hold_fdre_C_D)         0.121     1.808    DUT2/r_Bit_Index_reg[1]
  -------------------------------------------------------------------
                         required time                         -1.808    
                         arrival time                           2.021    
  -------------------------------------------------------------------
                         slack                                  0.213    

Slack (MET) :             0.214ns  (arrival time - required time)
  Source:                 DUT2/r_Clk_Count_reg[2]/C
                            (rising edge-triggered cell FDRE clocked by sys_clk_pin  {rise@0.000ns fall@4.000ns period=8.000ns})
  Destination:            DUT2/r_Clk_Count_reg[4]/D
                            (rising edge-triggered cell FDRE clocked by sys_clk_pin  {rise@0.000ns fall@4.000ns period=8.000ns})
  Path Group:             sys_clk_pin
  Path Type:              Hold (Min at Fast Process Corner)
  Requirement:            0.000ns  (sys_clk_pin rise@0.000ns - sys_clk_pin rise@0.000ns)
  Data Path Delay:        0.335ns  (logic 0.209ns (62.477%)  route 0.126ns (37.523%))
  Logic Levels:           1  (LUT6=1)
  Clock Path Skew:        0.000ns (DCD - SCD - CPR)
    Destination Clock Delay (DCD):    2.203ns
    Source Clock Delay      (SCD):    1.678ns
    Clock Pessimism Removal (CPR):    0.524ns

    Location             Delay type                Incr(ns)  Path(ns)    Netlist Resource(s)
  -------------------------------------------------------------------    -------------------
                         (clock sys_clk_pin rise edge)
                                                      0.000     0.000 r  
    K17                                               0.000     0.000 r  clk (IN)
                         net (fo=0)                   0.000     0.000    clk
    K17                  IBUF (Prop_ibuf_I_O)         0.243     0.243 r  clk_IBUF_inst/O
                         net (fo=1, routed)           0.842     1.084    clk_IBUF
    BUFGCTRL_X0Y16       BUFG (Prop_bufg_I_O)         0.026     1.110 r  clk_IBUF_BUFG_inst/O
                         net (fo=48, routed)          0.568     1.678    DUT2/clk_IBUF_BUFG
    SLICE_X58Y79         FDRE                                         r  DUT2/r_Clk_Count_reg[2]/C
  -------------------------------------------------------------------    -------------------
    SLICE_X58Y79         FDRE (Prop_fdre_C_Q)         0.164     1.842 r  DUT2/r_Clk_Count_reg[2]/Q
                         net (fo=6, routed)           0.126     1.968    DUT2/r_Clk_Count_reg[2]
    SLICE_X58Y79         LUT6 (Prop_lut6_I3_O)        0.045     2.013 r  DUT2/r_Clk_Count[4]_i_1__0/O
                         net (fo=1, routed)           0.000     2.013    DUT2/r_Clk_Count__0[4]
    SLICE_X58Y79         FDRE                                         r  DUT2/r_Clk_Count_reg[4]/D
  -------------------------------------------------------------------    -------------------

                         (clock sys_clk_pin rise edge)
                                                      0.000     0.000 r  
    K17                                               0.000     0.000 r  clk (IN)
                         net (fo=0)                   0.000     0.000    clk
    K17                  IBUF (Prop_ibuf_I_O)         0.431     0.431 r  clk_IBUF_inst/O
                         net (fo=1, routed)           0.907     1.338    clk_IBUF
    BUFGCTRL_X0Y16       BUFG (Prop_bufg_I_O)         0.029     1.367 r  clk_IBUF_BUFG_inst/O
                         net (fo=48, routed)          0.836     2.203    DUT2/clk_IBUF_BUFG
    SLICE_X58Y79         FDRE                                         r  DUT2/r_Clk_Count_reg[4]/C
                         clock pessimism             -0.524     1.678    
    SLICE_X58Y79         FDRE (Hold_fdre_C_D)         0.121     1.799    DUT2/r_Clk_Count_reg[4]
  -------------------------------------------------------------------
                         required time                         -1.799    
                         arrival time                           2.013    
  -------------------------------------------------------------------
                         slack                                  0.214    

Slack (MET) :             0.214ns  (arrival time - required time)
  Source:                 DUT1/r_RX_Byte_reg[2]/C
                            (rising edge-triggered cell FDRE clocked by sys_clk_pin  {rise@0.000ns fall@4.000ns period=8.000ns})
  Destination:            DUT2/r_TX_Data_reg[2]/D
                            (rising edge-triggered cell FDRE clocked by sys_clk_pin  {rise@0.000ns fall@4.000ns period=8.000ns})
  Path Group:             sys_clk_pin
  Path Type:              Hold (Min at Fast Process Corner)
  Requirement:            0.000ns  (sys_clk_pin rise@0.000ns - sys_clk_pin rise@0.000ns)
  Data Path Delay:        0.294ns  (logic 0.141ns (48.005%)  route 0.153ns (51.995%))
  Logic Levels:           0  
  Clock Path Skew:        0.033ns (DCD - SCD - CPR)
    Destination Clock Delay (DCD):    2.198ns
    Source Clock Delay      (SCD):    1.674ns
    Clock Pessimism Removal (CPR):    0.490ns

    Location             Delay type                Incr(ns)  Path(ns)    Netlist Resource(s)
  -------------------------------------------------------------------    -------------------
                         (clock sys_clk_pin rise edge)
                                                      0.000     0.000 r  
    K17                                               0.000     0.000 r  clk (IN)
                         net (fo=0)                   0.000     0.000    clk
    K17                  IBUF (Prop_ibuf_I_O)         0.243     0.243 r  clk_IBUF_inst/O
                         net (fo=1, routed)           0.842     1.084    clk_IBUF
    BUFGCTRL_X0Y16       BUFG (Prop_bufg_I_O)         0.026     1.110 r  clk_IBUF_BUFG_inst/O
                         net (fo=48, routed)          0.564     1.674    DUT1/clk_IBUF_BUFG
    SLICE_X56Y75         FDRE                                         r  DUT1/r_RX_Byte_reg[2]/C
  -------------------------------------------------------------------    -------------------
    SLICE_X56Y75         FDRE (Prop_fdre_C_Q)         0.141     1.815 r  DUT1/r_RX_Byte_reg[2]/Q
                         net (fo=2, routed)           0.153     1.968    DUT2/D[2]
    SLICE_X56Y74         FDRE                                         r  DUT2/r_TX_Data_reg[2]/D
  -------------------------------------------------------------------    -------------------

                         (clock sys_clk_pin rise edge)
                                                      0.000     0.000 r  
    K17                                               0.000     0.000 r  clk (IN)
                         net (fo=0)                   0.000     0.000    clk
    K17                  IBUF (Prop_ibuf_I_O)         0.431     0.431 r  clk_IBUF_inst/O
                         net (fo=1, routed)           0.907     1.338    clk_IBUF
    BUFGCTRL_X0Y16       BUFG (Prop_bufg_I_O)         0.029     1.367 r  clk_IBUF_BUFG_inst/O
                         net (fo=48, routed)          0.831     2.198    DUT2/clk_IBUF_BUFG
    SLICE_X56Y74         FDRE                                         r  DUT2/r_TX_Data_reg[2]/C
                         clock pessimism             -0.490     1.707    
    SLICE_X56Y74         FDRE (Hold_fdre_C_D)         0.047     1.754    DUT2/r_TX_Data_reg[2]
  -------------------------------------------------------------------
                         required time                         -1.754    
                         arrival time                           1.968    
  -------------------------------------------------------------------
                         slack                                  0.214    

Slack (MET) :             0.220ns  (arrival time - required time)
  Source:                 DUT1/r_RX_Byte_reg[6]/C
                            (rising edge-triggered cell FDRE clocked by sys_clk_pin  {rise@0.000ns fall@4.000ns period=8.000ns})
  Destination:            DUT2/r_TX_Data_reg[6]/D
                            (rising edge-triggered cell FDRE clocked by sys_clk_pin  {rise@0.000ns fall@4.000ns period=8.000ns})
  Path Group:             sys_clk_pin
  Path Type:              Hold (Min at Fast Process Corner)
  Requirement:            0.000ns  (sys_clk_pin rise@0.000ns - sys_clk_pin rise@0.000ns)
  Data Path Delay:        0.329ns  (logic 0.141ns (42.872%)  route 0.188ns (57.128%))
  Logic Levels:           0  
  Clock Path Skew:        0.033ns (DCD - SCD - CPR)
    Destination Clock Delay (DCD):    2.198ns
    Source Clock Delay      (SCD):    1.674ns
    Clock Pessimism Removal (CPR):    0.490ns

    Location             Delay type                Incr(ns)  Path(ns)    Netlist Resource(s)
  -------------------------------------------------------------------    -------------------
                         (clock sys_clk_pin rise edge)
                                                      0.000     0.000 r  
    K17                                               0.000     0.000 r  clk (IN)
                         net (fo=0)                   0.000     0.000    clk
    K17                  IBUF (Prop_ibuf_I_O)         0.243     0.243 r  clk_IBUF_inst/O
                         net (fo=1, routed)           0.842     1.084    clk_IBUF
    BUFGCTRL_X0Y16       BUFG (Prop_bufg_I_O)         0.026     1.110 r  clk_IBUF_BUFG_inst/O
                         net (fo=48, routed)          0.564     1.674    DUT1/clk_IBUF_BUFG
    SLICE_X56Y75         FDRE                                         r  DUT1/r_RX_Byte_reg[6]/C
  -------------------------------------------------------------------    -------------------
    SLICE_X56Y75         FDRE (Prop_fdre_C_Q)         0.141     1.815 r  DUT1/r_RX_Byte_reg[6]/Q
                         net (fo=2, routed)           0.188     2.003    DUT2/D[6]
    SLICE_X56Y74         FDRE                                         r  DUT2/r_TX_Data_reg[6]/D
  -------------------------------------------------------------------    -------------------

                         (clock sys_clk_pin rise edge)
                                                      0.000     0.000 r  
    K17                                               0.000     0.000 r  clk (IN)
                         net (fo=0)                   0.000     0.000    clk
    K17                  IBUF (Prop_ibuf_I_O)         0.431     0.431 r  clk_IBUF_inst/O
                         net (fo=1, routed)           0.907     1.338    clk_IBUF
    BUFGCTRL_X0Y16       BUFG (Prop_bufg_I_O)         0.029     1.367 r  clk_IBUF_BUFG_inst/O
                         net (fo=48, routed)          0.831     2.198    DUT2/clk_IBUF_BUFG
    SLICE_X56Y74         FDRE                                         r  DUT2/r_TX_Data_reg[6]/C
                         clock pessimism             -0.490     1.707    
    SLICE_X56Y74         FDRE (Hold_fdre_C_D)         0.076     1.783    DUT2/r_TX_Data_reg[6]
  -------------------------------------------------------------------
                         required time                         -1.783    
                         arrival time                           2.003    
  -------------------------------------------------------------------
                         slack                                  0.220    

Slack (MET) :             0.228ns  (arrival time - required time)
  Source:                 DUT1/r_Clk_Count_reg[0]/C
                            (rising edge-triggered cell FDRE clocked by sys_clk_pin  {rise@0.000ns fall@4.000ns period=8.000ns})
  Destination:            DUT1/r_Clk_Count_reg[4]/D
                            (rising edge-triggered cell FDRE clocked by sys_clk_pin  {rise@0.000ns fall@4.000ns period=8.000ns})
  Path Group:             sys_clk_pin
  Path Type:              Hold (Min at Fast Process Corner)
  Requirement:            0.000ns  (sys_clk_pin rise@0.000ns - sys_clk_pin rise@0.000ns)
  Data Path Delay:        0.354ns  (logic 0.186ns (52.568%)  route 0.168ns (47.432%))
  Logic Levels:           1  (LUT6=1)
  Clock Path Skew:        0.035ns (DCD - SCD - CPR)
    Destination Clock Delay (DCD):    2.202ns
    Source Clock Delay      (SCD):    1.676ns
    Clock Pessimism Removal (CPR):    0.490ns

    Location             Delay type                Incr(ns)  Path(ns)    Netlist Resource(s)
  -------------------------------------------------------------------    -------------------
                         (clock sys_clk_pin rise edge)
                                                      0.000     0.000 r  
    K17                                               0.000     0.000 r  clk (IN)
                         net (fo=0)                   0.000     0.000    clk
    K17                  IBUF (Prop_ibuf_I_O)         0.243     0.243 r  clk_IBUF_inst/O
                         net (fo=1, routed)           0.842     1.084    clk_IBUF
    BUFGCTRL_X0Y16       BUFG (Prop_bufg_I_O)         0.026     1.110 r  clk_IBUF_BUFG_inst/O
                         net (fo=48, routed)          0.566     1.676    DUT1/clk_IBUF_BUFG
    SLICE_X55Y71         FDRE                                         r  DUT1/r_Clk_Count_reg[0]/C
  -------------------------------------------------------------------    -------------------
    SLICE_X55Y71         FDRE (Prop_fdre_C_Q)         0.141     1.817 r  DUT1/r_Clk_Count_reg[0]/Q
                         net (fo=12, routed)          0.168     1.985    DUT1/r_Clk_Count[0]
    SLICE_X56Y71         LUT6 (Prop_lut6_I3_O)        0.045     2.030 r  DUT1/r_Clk_Count[4]_i_1/O
                         net (fo=1, routed)           0.000     2.030    DUT1/r_Clk_Count[4]_i_1_n_0
    SLICE_X56Y71         FDRE                                         r  DUT1/r_Clk_Count_reg[4]/D
  -------------------------------------------------------------------    -------------------

                         (clock sys_clk_pin rise edge)
                                                      0.000     0.000 r  
    K17                                               0.000     0.000 r  clk (IN)
                         net (fo=0)                   0.000     0.000    clk
    K17                  IBUF (Prop_ibuf_I_O)         0.431     0.431 r  clk_IBUF_inst/O
                         net (fo=1, routed)           0.907     1.338    clk_IBUF
    BUFGCTRL_X0Y16       BUFG (Prop_bufg_I_O)         0.029     1.367 r  clk_IBUF_BUFG_inst/O
                         net (fo=48, routed)          0.835     2.202    DUT1/clk_IBUF_BUFG
    SLICE_X56Y71         FDRE                                         r  DUT1/r_Clk_Count_reg[4]/C
                         clock pessimism             -0.490     1.711    
    SLICE_X56Y71         FDRE (Hold_fdre_C_D)         0.091     1.802    DUT1/r_Clk_Count_reg[4]
  -------------------------------------------------------------------
                         required time                         -1.802    
                         arrival time                           2.030    
  -------------------------------------------------------------------
                         slack                                  0.228    

Slack (MET) :             0.229ns  (arrival time - required time)
  Source:                 DUT2/r_TX_Data_reg[1]/C
                            (rising edge-triggered cell FDRE clocked by sys_clk_pin  {rise@0.000ns fall@4.000ns period=8.000ns})
  Destination:            DUT2/o_TX_Serial_reg/D
                            (rising edge-triggered cell FDRE clocked by sys_clk_pin  {rise@0.000ns fall@4.000ns period=8.000ns})
  Path Group:             sys_clk_pin
  Path Type:              Hold (Min at Fast Process Corner)
  Requirement:            0.000ns  (sys_clk_pin rise@0.000ns - sys_clk_pin rise@0.000ns)
  Data Path Delay:        0.333ns  (logic 0.231ns (69.321%)  route 0.102ns (30.679%))
  Logic Levels:           2  (LUT5=1 LUT6=1)
  Clock Path Skew:        0.013ns (DCD - SCD - CPR)
    Destination Clock Delay (DCD):    2.198ns
    Source Clock Delay      (SCD):    1.674ns
    Clock Pessimism Removal (CPR):    0.510ns

    Location             Delay type                Incr(ns)  Path(ns)    Netlist Resource(s)
  -------------------------------------------------------------------    -------------------
                         (clock sys_clk_pin rise edge)
                                                      0.000     0.000 r  
    K17                                               0.000     0.000 r  clk (IN)
                         net (fo=0)                   0.000     0.000    clk
    K17                  IBUF (Prop_ibuf_I_O)         0.243     0.243 r  clk_IBUF_inst/O
                         net (fo=1, routed)           0.842     1.084    clk_IBUF
    BUFGCTRL_X0Y16       BUFG (Prop_bufg_I_O)         0.026     1.110 r  clk_IBUF_BUFG_inst/O
                         net (fo=48, routed)          0.564     1.674    DUT2/clk_IBUF_BUFG
    SLICE_X56Y74         FDRE                                         r  DUT2/r_TX_Data_reg[1]/C
  -------------------------------------------------------------------    -------------------
    SLICE_X56Y74         FDRE (Prop_fdre_C_Q)         0.141     1.815 r  DUT2/r_TX_Data_reg[1]/Q
                         net (fo=1, routed)           0.051     1.866    DUT2/r_TX_Data[1]
    SLICE_X57Y74         LUT6 (Prop_lut6_I3_O)        0.045     1.911 r  DUT2/o_TX_Serial_i_3/O
                         net (fo=1, routed)           0.051     1.962    DUT2/o_TX_Serial_i_3_n_0
    SLICE_X57Y74         LUT5 (Prop_lut5_I2_O)        0.045     2.007 r  DUT2/o_TX_Serial_i_1/O
                         net (fo=1, routed)           0.000     2.007    DUT2/o_TX_Serial_i_1_n_0
    SLICE_X57Y74         FDRE                                         r  DUT2/o_TX_Serial_reg/D
  -------------------------------------------------------------------    -------------------

                         (clock sys_clk_pin rise edge)
                                                      0.000     0.000 r  
    K17                                               0.000     0.000 r  clk (IN)
                         net (fo=0)                   0.000     0.000    clk
    K17                  IBUF (Prop_ibuf_I_O)         0.431     0.431 r  clk_IBUF_inst/O
                         net (fo=1, routed)           0.907     1.338    clk_IBUF
    BUFGCTRL_X0Y16       BUFG (Prop_bufg_I_O)         0.029     1.367 r  clk_IBUF_BUFG_inst/O
                         net (fo=48, routed)          0.831     2.198    DUT2/clk_IBUF_BUFG
    SLICE_X57Y74         FDRE                                         r  DUT2/o_TX_Serial_reg/C
                         clock pessimism             -0.510     1.687    
    SLICE_X57Y74         FDRE (Hold_fdre_C_D)         0.091     1.778    DUT2/o_TX_Serial_reg
  -------------------------------------------------------------------
                         required time                         -1.778    
                         arrival time                           2.007    
  -------------------------------------------------------------------
                         slack                                  0.229    





Pulse Width Checks
--------------------------------------------------------------------------------------
Clock Name:         sys_clk_pin
Waveform(ns):       { 0.000 4.000 }
Period(ns):         8.000
Sources:            { clk }

Check Type        Corner  Lib Pin  Reference Pin  Required(ns)  Actual(ns)  Slack(ns)  Location        Pin
Min Period        n/a     BUFG/I   n/a            2.155         8.000       5.845      BUFGCTRL_X0Y16  clk_IBUF_BUFG_inst/I
Min Period        n/a     FDRE/C   n/a            1.000         8.000       7.000      SLICE_X54Y74    DUT1/r_Bit_Index_reg[0]/C
Min Period        n/a     FDRE/C   n/a            1.000         8.000       7.000      SLICE_X55Y74    DUT1/r_Bit_Index_reg[1]/C
Min Period        n/a     FDRE/C   n/a            1.000         8.000       7.000      SLICE_X55Y74    DUT1/r_Bit_Index_reg[2]/C
Min Period        n/a     FDRE/C   n/a            1.000         8.000       7.000      SLICE_X55Y71    DUT1/r_Clk_Count_reg[0]/C
Min Period        n/a     FDRE/C   n/a            1.000         8.000       7.000      SLICE_X56Y72    DUT1/r_Clk_Count_reg[1]/C
Min Period        n/a     FDRE/C   n/a            1.000         8.000       7.000      SLICE_X54Y72    DUT1/r_Clk_Count_reg[2]/C
Min Period        n/a     FDRE/C   n/a            1.000         8.000       7.000      SLICE_X54Y72    DUT1/r_Clk_Count_reg[3]/C
Min Period        n/a     FDRE/C   n/a            1.000         8.000       7.000      SLICE_X56Y71    DUT1/r_Clk_Count_reg[4]/C
Min Period        n/a     FDRE/C   n/a            1.000         8.000       7.000      SLICE_X57Y72    DUT1/r_Clk_Count_reg[5]/C
Low Pulse Width   Slow    FDRE/C   n/a            0.500         4.000       3.500      SLICE_X55Y71    DUT1/r_Clk_Count_reg[0]/C
Low Pulse Width   Slow    FDRE/C   n/a            0.500         4.000       3.500      SLICE_X54Y72    DUT1/r_Clk_Count_reg[2]/C
Low Pulse Width   Slow    FDRE/C   n/a            0.500         4.000       3.500      SLICE_X54Y72    DUT1/r_Clk_Count_reg[3]/C
Low Pulse Width   Slow    FDRE/C   n/a            0.500         4.000       3.500      SLICE_X56Y71    DUT1/r_Clk_Count_reg[4]/C
Low Pulse Width   Slow    FDRE/C   n/a            0.500         4.000       3.500      SLICE_X56Y75    DUT1/r_RX_Byte_reg[1]/C
Low Pulse Width   Slow    FDRE/C   n/a            0.500         4.000       3.500      SLICE_X56Y75    DUT1/r_RX_Byte_reg[2]/C
Low Pulse Width   Slow    FDRE/C   n/a            0.500         4.000       3.500      SLICE_X56Y75    DUT1/r_RX_Byte_reg[4]/C
Low Pulse Width   Slow    FDRE/C   n/a            0.500         4.000       3.500      SLICE_X56Y75    DUT1/r_RX_Byte_reg[6]/C
Low Pulse Width   Slow    FDRE/C   n/a            0.500         4.000       3.500      SLICE_X54Y71    DUT1/r_RX_Data_R_reg/C
Low Pulse Width   Slow    FDRE/C   n/a            0.500         4.000       3.500      SLICE_X54Y71    DUT1/r_RX_Data_reg/C
High Pulse Width  Fast    FDRE/C   n/a            0.500         4.000       3.500      SLICE_X54Y74    DUT1/r_Bit_Index_reg[0]/C
High Pulse Width  Fast    FDRE/C   n/a            0.500         4.000       3.500      SLICE_X55Y74    DUT1/r_Bit_Index_reg[1]/C
High Pulse Width  Fast    FDRE/C   n/a            0.500         4.000       3.500      SLICE_X55Y74    DUT1/r_Bit_Index_reg[2]/C
High Pulse Width  Fast    FDRE/C   n/a            0.500         4.000       3.500      SLICE_X55Y71    DUT1/r_Clk_Count_reg[0]/C
High Pulse Width  Fast    FDRE/C   n/a            0.500         4.000       3.500      SLICE_X56Y72    DUT1/r_Clk_Count_reg[1]/C
High Pulse Width  Fast    FDRE/C   n/a            0.500         4.000       3.500      SLICE_X54Y72    DUT1/r_Clk_Count_reg[2]/C
High Pulse Width  Fast    FDRE/C   n/a            0.500         4.000       3.500      SLICE_X54Y72    DUT1/r_Clk_Count_reg[3]/C
High Pulse Width  Fast    FDRE/C   n/a            0.500         4.000       3.500      SLICE_X56Y71    DUT1/r_Clk_Count_reg[4]/C
High Pulse Width  Fast    FDRE/C   n/a            0.500         4.000       3.500      SLICE_X57Y72    DUT1/r_Clk_Count_reg[5]/C
High Pulse Width  Fast    FDRE/C   n/a            0.500         4.000       3.500      SLICE_X57Y72    DUT1/r_Clk_Count_reg[6]/C



