TRACE::2022-06-15.14:29:14::SCWBifWriter::Found the complete platform D:/projets/2020_2/project_IMU/vitis/design_IMU_AXI_wrapper/export/design_IMU_AXI_wrapper/design_IMU_AXI_wrapper.xpfm
TRACE::2022-06-15.14:29:14::SCWBifWriter::hardware databse : design_IMU_AXI_wrapper_1
TRACE::2022-06-15.14:29:14::SCWBifWriter::bitstream found in the design
TRACE::2022-06-15.14:29:14::SCWBifWriter::Found a baremetal domain, proc: ps7_cortexa9_0
TRACE::2022-06-15.14:29:14::SCWBifWriter::proc type : 
TRACE::2022-06-15.14:29:14::SCWBifWriter::proc[0] : ps7_cortexa9_0
TRACE::2022-06-15.14:29:14::SCWBifWriter::Device type is : zynq
TRACE::2022-06-15.14:29:14::SCWBifWriter::Writing BIF to file : D:/projets/2020_2/project_IMU/vitis/IMU_project_system/Debug/system.bif
TRACE::2022-06-15.14:29:14::SCWBifWriter::Writing the Zynq Baremetal bif 
TRACE::2022-06-15.15:15:07::SCWBifWriter::Found the complete platform D:/projets/2020_2/project_IMU/vitis/design_IMU_AXI_wrapper/export/design_IMU_AXI_wrapper/design_IMU_AXI_wrapper.xpfm
TRACE::2022-06-15.15:15:07::SCWBifWriter::hardware databse : design_IMU_AXI_wrapper_5
TRACE::2022-06-15.15:15:07::SCWBifWriter::bitstream found in the design
TRACE::2022-06-15.15:15:07::SCWBifWriter::Found a baremetal domain, proc: ps7_cortexa9_0
TRACE::2022-06-15.15:15:07::SCWBifWriter::proc type : 
TRACE::2022-06-15.15:15:07::SCWBifWriter::proc[0] : ps7_cortexa9_0
TRACE::2022-06-15.15:15:07::SCWBifWriter::Device type is : zynq
TRACE::2022-06-15.15:15:07::SCWBifWriter::Writing BIF to file : D:/projets/2020_2/project_IMU/vitis/IMU_project_system/Debug/system.bif
TRACE::2022-06-15.15:15:07::SCWBifWriter::Writing the Zynq Baremetal bif 
TRACE::2022-06-15.16:12:36::SCWBifWriter::Found the complete platform D:/projets/2020_2/project_IMU/vitis/design_IMU_AXI_wrapper/export/design_IMU_AXI_wrapper/design_IMU_AXI_wrapper.xpfm
TRACE::2022-06-15.16:12:36::SCWBifWriter::hardware databse : design_IMU_AXI_wrapper_9
TRACE::2022-06-15.16:12:36::SCWBifWriter::bitstream found in the design
TRACE::2022-06-15.16:12:36::SCWBifWriter::Found a baremetal domain, proc: ps7_cortexa9_0
TRACE::2022-06-15.16:12:36::SCWBifWriter::proc type : 
TRACE::2022-06-15.16:12:36::SCWBifWriter::proc[0] : ps7_cortexa9_0
TRACE::2022-06-15.16:12:36::SCWBifWriter::Device type is : zynq
TRACE::2022-06-15.16:12:36::SCWBifWriter::Writing BIF to file : D:/projets/2020_2/project_IMU/vitis/IMU_project_system/Debug/system.bif
TRACE::2022-06-15.16:12:36::SCWBifWriter::Writing the Zynq Baremetal bif 
TRACE::2022-06-16.13:06:47::SCWBifWriter::Found the complete platform D:/projets/2020_2/project_IMU/vitis/design_IMU_AXI_wrapper/export/design_IMU_AXI_wrapper/design_IMU_AXI_wrapper.xpfm
TRACE::2022-06-16.13:06:48::SCWBifWriter::hardware databse : design_IMU_AXI_wrapper_2
TRACE::2022-06-16.13:06:48::SCWBifWriter::bitstream found in the design
TRACE::2022-06-16.13:06:48::SCWBifWriter::Found a baremetal domain, proc: ps7_cortexa9_0
TRACE::2022-06-16.13:06:48::SCWBifWriter::proc type : 
TRACE::2022-06-16.13:06:48::SCWBifWriter::proc[0] : ps7_cortexa9_0
TRACE::2022-06-16.13:06:48::SCWBifWriter::Device type is : zynq
TRACE::2022-06-16.13:06:48::SCWBifWriter::Writing BIF to file : D:/projets/2020_2/project_IMU/vitis/IMU_project_system/Debug/system.bif
TRACE::2022-06-16.13:06:48::SCWBifWriter::Writing the Zynq Baremetal bif 
TRACE::2022-07-18.14:59:36::SCWBifWriter::Found the complete platform D:/projets/2020_2/project_IMU/vitis/design_IMU_AXI_wrapper/export/design_IMU_AXI_wrapper/design_IMU_AXI_wrapper.xpfm
TRACE::2022-07-18.14:59:36::SCWBifWriter::hardware databse : design_IMU_AXI_wrapper_0
TRACE::2022-07-18.14:59:36::SCWBifWriter::bitstream found in the design
TRACE::2022-07-18.14:59:36::SCWBifWriter::Found a baremetal domain, proc: ps7_cortexa9_0
TRACE::2022-07-18.14:59:36::SCWBifWriter::proc type : 
TRACE::2022-07-18.14:59:36::SCWBifWriter::proc[0] : ps7_cortexa9_0
TRACE::2022-07-18.14:59:36::SCWBifWriter::Device type is : zynq
TRACE::2022-07-18.14:59:36::SCWBifWriter::Writing BIF to file : D:/projets/2020_2/project_IMU/vitis/IMU_project_system/Debug/system.bif
TRACE::2022-07-18.14:59:36::SCWBifWriter::Writing the Zynq Baremetal bif 
TRACE::2022-07-20.11:26:15::SCWBifWriter::Found the complete platform D:/projets/2020_2/project_IMU/vitis/design_IMU_AXI_wrapper/export/design_IMU_AXI_wrapper/design_IMU_AXI_wrapper.xpfm
TRACE::2022-07-20.11:26:15::SCWBifWriter::hardware databse : design_IMU_AXI_wrapper_0
TRACE::2022-07-20.11:26:15::SCWBifWriter::bitstream found in the design
TRACE::2022-07-20.11:26:15::SCWBifWriter::Found a baremetal domain, proc: ps7_cortexa9_0
TRACE::2022-07-20.11:26:15::SCWBifWriter::proc type : 
TRACE::2022-07-20.11:26:15::SCWBifWriter::proc[0] : ps7_cortexa9_0
TRACE::2022-07-20.11:26:15::SCWBifWriter::Device type is : zynq
TRACE::2022-07-20.11:26:15::SCWBifWriter::Writing BIF to file : D:/projets/2020_2/project_IMU/vitis/IMU_project_system/Debug/system.bif
TRACE::2022-07-20.11:26:15::SCWBifWriter::Writing the Zynq Baremetal bif 
