
*** Running vivado
    with args -log design_dijkstra_ram_wrapper.vdi -applog -m64 -product Vivado -messageDb vivado.pb -mode batch -source design_dijkstra_ram_wrapper.tcl -notrace



****** Vivado v2020.2 (64-bit)
  **** SW Build 3064766 on Wed Nov 18 09:12:45 MST 2020
  **** IP Build 3064653 on Wed Nov 18 14:17:31 MST 2020
    ** Copyright 1986-2020 Xilinx, Inc. All Rights Reserved.

source design_dijkstra_ram_wrapper.tcl -notrace
INFO: [IP_Flow 19-234] Refreshing IP repositories
INFO: [IP_Flow 19-1700] Loaded user IP repository 'd:/projets/2020_2/ip_repo/Dijkstra_algorithm_1.0'.
INFO: [IP_Flow 19-2313] Loaded Vivado IP repository 'D:/Programmes/Vivado/2020.2/data/ip'.
Command: link_design -top design_dijkstra_ram_wrapper -part xc7z020clg400-1
Design is defaulting to srcset: sources_1
Design is defaulting to constrset: constrs_1
INFO: [Device 21-403] Loading part xc7z020clg400-1
INFO: [Project 1-454] Reading design checkpoint 'd:/projets/2020_2/project_DIJKSTRA/project_DIJKSTRA.gen/sources_1/bd/design_dijkstra_ram/ip/design_dijkstra_ram_Dijkstra_algorithm_0_0/design_dijkstra_ram_Dijkstra_algorithm_0_0.dcp' for cell 'design_dijkstra_ram_i/Dijkstra_algorithm_0'
INFO: [Project 1-454] Reading design checkpoint 'd:/projets/2020_2/project_DIJKSTRA/project_DIJKSTRA.gen/sources_1/bd/design_dijkstra_ram/ip/design_dijkstra_ram_RAM_Controller_0_0/design_dijkstra_ram_RAM_Controller_0_0.dcp' for cell 'design_dijkstra_ram_i/RAM_Controller_0'
INFO: [Project 1-454] Reading design checkpoint 'd:/projets/2020_2/project_DIJKSTRA/project_DIJKSTRA.gen/sources_1/bd/design_dijkstra_ram/ip/design_dijkstra_ram_axi_bram_ctrl_0_0/design_dijkstra_ram_axi_bram_ctrl_0_0.dcp' for cell 'design_dijkstra_ram_i/axi_bram_ctrl_0'
INFO: [Project 1-454] Reading design checkpoint 'd:/projets/2020_2/project_DIJKSTRA/project_DIJKSTRA.gen/sources_1/bd/design_dijkstra_ram/ip/design_dijkstra_ram_blk_mem_gen_0_0/design_dijkstra_ram_blk_mem_gen_0_0.dcp' for cell 'design_dijkstra_ram_i/blk_mem_gen_0'
INFO: [Project 1-454] Reading design checkpoint 'd:/projets/2020_2/project_DIJKSTRA/project_DIJKSTRA.gen/sources_1/bd/design_dijkstra_ram/ip/design_dijkstra_ram_processing_system7_0_0/design_dijkstra_ram_processing_system7_0_0.dcp' for cell 'design_dijkstra_ram_i/processing_system7_0'
INFO: [Project 1-454] Reading design checkpoint 'd:/projets/2020_2/project_DIJKSTRA/project_DIJKSTRA.gen/sources_1/bd/design_dijkstra_ram/ip/design_dijkstra_ram_rst_ps7_0_50M_0/design_dijkstra_ram_rst_ps7_0_50M_0.dcp' for cell 'design_dijkstra_ram_i/rst_ps7_0_50M'
INFO: [Project 1-454] Reading design checkpoint 'd:/projets/2020_2/project_DIJKSTRA/project_DIJKSTRA.gen/sources_1/bd/design_dijkstra_ram/ip/design_dijkstra_ram_xbar_0/design_dijkstra_ram_xbar_0.dcp' for cell 'design_dijkstra_ram_i/ps7_0_axi_periph/xbar'
INFO: [Project 1-454] Reading design checkpoint 'd:/projets/2020_2/project_DIJKSTRA/project_DIJKSTRA.gen/sources_1/bd/design_dijkstra_ram/ip/design_dijkstra_ram_auto_pc_0/design_dijkstra_ram_auto_pc_0.dcp' for cell 'design_dijkstra_ram_i/ps7_0_axi_periph/s00_couplers/auto_pc'
Netlist sorting complete. Time (s): cpu = 00:00:00 ; elapsed = 00:00:00.122 . Memory (MB): peak = 1126.398 ; gain = 0.000
INFO: [Netlist 29-17] Analyzing 126 Unisim elements for replacement
INFO: [Netlist 29-28] Unisim Transformation completed in 0 CPU seconds
INFO: [Project 1-479] Netlist was created with Vivado 2020.2
INFO: [Project 1-570] Preparing netlist for logic optimization
Parsing XDC File [d:/projets/2020_2/project_DIJKSTRA/project_DIJKSTRA.gen/sources_1/bd/design_dijkstra_ram/ip/design_dijkstra_ram_processing_system7_0_0/design_dijkstra_ram_processing_system7_0_0.xdc] for cell 'design_dijkstra_ram_i/processing_system7_0/inst'
Finished Parsing XDC File [d:/projets/2020_2/project_DIJKSTRA/project_DIJKSTRA.gen/sources_1/bd/design_dijkstra_ram/ip/design_dijkstra_ram_processing_system7_0_0/design_dijkstra_ram_processing_system7_0_0.xdc] for cell 'design_dijkstra_ram_i/processing_system7_0/inst'
Parsing XDC File [d:/projets/2020_2/project_DIJKSTRA/project_DIJKSTRA.gen/sources_1/bd/design_dijkstra_ram/ip/design_dijkstra_ram_rst_ps7_0_50M_0/design_dijkstra_ram_rst_ps7_0_50M_0_board.xdc] for cell 'design_dijkstra_ram_i/rst_ps7_0_50M/U0'
Finished Parsing XDC File [d:/projets/2020_2/project_DIJKSTRA/project_DIJKSTRA.gen/sources_1/bd/design_dijkstra_ram/ip/design_dijkstra_ram_rst_ps7_0_50M_0/design_dijkstra_ram_rst_ps7_0_50M_0_board.xdc] for cell 'design_dijkstra_ram_i/rst_ps7_0_50M/U0'
Parsing XDC File [d:/projets/2020_2/project_DIJKSTRA/project_DIJKSTRA.gen/sources_1/bd/design_dijkstra_ram/ip/design_dijkstra_ram_rst_ps7_0_50M_0/design_dijkstra_ram_rst_ps7_0_50M_0.xdc] for cell 'design_dijkstra_ram_i/rst_ps7_0_50M/U0'
Finished Parsing XDC File [d:/projets/2020_2/project_DIJKSTRA/project_DIJKSTRA.gen/sources_1/bd/design_dijkstra_ram/ip/design_dijkstra_ram_rst_ps7_0_50M_0/design_dijkstra_ram_rst_ps7_0_50M_0.xdc] for cell 'design_dijkstra_ram_i/rst_ps7_0_50M/U0'
Parsing XDC File [D:/projets/2020_2/project_DIJKSTRA/project_DIJKSTRA.srcs/constrs_1/imports/Desktop/zybo-z7-20.xdc]
Finished Parsing XDC File [D:/projets/2020_2/project_DIJKSTRA/project_DIJKSTRA.srcs/constrs_1/imports/Desktop/zybo-z7-20.xdc]
INFO: [Opt 31-138] Pushed 0 inverter(s) to 0 load pin(s).
Generating merged BMM file for the design top 'design_dijkstra_ram_wrapper'...
Netlist sorting complete. Time (s): cpu = 00:00:00 ; elapsed = 00:00:00.001 . Memory (MB): peak = 1126.398 ; gain = 0.000
INFO: [Project 1-111] Unisim Transformation Summary:
No Unisim elements were transformed.

18 Infos, 0 Warnings, 0 Critical Warnings and 0 Errors encountered.
link_design completed successfully
link_design: Time (s): cpu = 00:00:10 ; elapsed = 00:00:16 . Memory (MB): peak = 1126.398 ; gain = 0.000
Command: opt_design
Attempting to get a license for feature 'Implementation' and/or device 'xc7z020'
INFO: [Common 17-349] Got license for feature 'Implementation' and/or device 'xc7z020'
Running DRC as a precondition to command opt_design

Starting DRC Task
INFO: [DRC 23-27] Running DRC with 2 threads
INFO: [Project 1-461] DRC finished with 0 Errors
INFO: [Project 1-462] Please refer to the DRC report (report_drc) for more information.

Time (s): cpu = 00:00:01 ; elapsed = 00:00:00.927 . Memory (MB): peak = 1130.746 ; gain = 4.348

Starting Cache Timing Information Task
INFO: [Timing 38-35] Done setting XDC timing constraints.
Ending Cache Timing Information Task | Checksum: 2460a703e

Time (s): cpu = 00:00:07 ; elapsed = 00:00:07 . Memory (MB): peak = 1670.879 ; gain = 540.133

Starting Logic Optimization Task

Phase 1 Retarget
INFO: [Opt 31-138] Pushed 1 inverter(s) to 2 load pin(s).
INFO: [Opt 31-49] Retargeted 0 cell(s).
Phase 1 Retarget | Checksum: 206daa1e0

Time (s): cpu = 00:00:00 ; elapsed = 00:00:00.240 . Memory (MB): peak = 1885.184 ; gain = 0.000
INFO: [Opt 31-389] Phase Retarget created 7 cells and removed 44 cells

Phase 2 Constant propagation
INFO: [Opt 31-138] Pushed 0 inverter(s) to 0 load pin(s).
Phase 2 Constant propagation | Checksum: 190fa556d

Time (s): cpu = 00:00:00 ; elapsed = 00:00:00.261 . Memory (MB): peak = 1885.184 ; gain = 0.000
INFO: [Opt 31-389] Phase Constant propagation created 0 cells and removed 13 cells

Phase 3 Sweep
Phase 3 Sweep | Checksum: 271489368

Time (s): cpu = 00:00:01 ; elapsed = 00:00:00.413 . Memory (MB): peak = 1885.184 ; gain = 0.000
INFO: [Opt 31-389] Phase Sweep created 0 cells and removed 59 cells

Phase 4 BUFG optimization
Phase 4 BUFG optimization | Checksum: 271489368

Time (s): cpu = 00:00:01 ; elapsed = 00:00:00.452 . Memory (MB): peak = 1885.184 ; gain = 0.000
INFO: [Opt 31-662] Phase BUFG optimization created 0 cells of which 0 are BUFGs and removed 0 cells.

Phase 5 Shift Register Optimization
INFO: [Opt 31-1064] SRL Remap converted 0 SRLs to 0 registers and converted 0 registers of register chains to 0 SRLs
Phase 5 Shift Register Optimization | Checksum: 271489368

Time (s): cpu = 00:00:01 ; elapsed = 00:00:00.488 . Memory (MB): peak = 1885.184 ; gain = 0.000
INFO: [Opt 31-389] Phase Shift Register Optimization created 0 cells and removed 0 cells

Phase 6 Post Processing Netlist
Phase 6 Post Processing Netlist | Checksum: 271489368

Time (s): cpu = 00:00:01 ; elapsed = 00:00:00.503 . Memory (MB): peak = 1885.184 ; gain = 0.000
INFO: [Opt 31-389] Phase Post Processing Netlist created 0 cells and removed 0 cells
Opt_design Change Summary
=========================


-------------------------------------------------------------------------------------------------------------------------
|  Phase                        |  #Cells created  |  #Cells Removed  |  #Constrained objects preventing optimizations  |
-------------------------------------------------------------------------------------------------------------------------
|  Retarget                     |               7  |              44  |                                              0  |
|  Constant propagation         |               0  |              13  |                                              0  |
|  Sweep                        |               0  |              59  |                                              0  |
|  BUFG optimization            |               0  |               0  |                                              0  |
|  Shift Register Optimization  |               0  |               0  |                                              0  |
|  Post Processing Netlist      |               0  |               0  |                                              0  |
-------------------------------------------------------------------------------------------------------------------------



Starting Connectivity Check Task

Time (s): cpu = 00:00:00 ; elapsed = 00:00:00.005 . Memory (MB): peak = 1885.184 ; gain = 0.000
Ending Logic Optimization Task | Checksum: 272bc3c85

Time (s): cpu = 00:00:01 ; elapsed = 00:00:00.588 . Memory (MB): peak = 1885.184 ; gain = 0.000

Starting Power Optimization Task
INFO: [Pwropt 34-132] Skipping clock gating for clocks with a period < 2.00 ns.
INFO: [Pwropt 34-9] Applying IDT optimizations ...
INFO: [Pwropt 34-10] Applying ODC optimizations ...
INFO: [Timing 38-35] Done setting XDC timing constraints.
Running Vector-less Activity Propagation...

Finished Running Vector-less Activity Propagation


Starting PowerOpt Patch Enables Task
INFO: [Pwropt 34-162] WRITE_MODE attribute of 2 BRAM(s) out of a total of 2 has been updated to save power. Run report_power_opt to get a complete listing of the BRAMs updated.
INFO: [Pwropt 34-201] Structural ODC has moved 0 WE to EN ports
Number of BRAM Ports augmented: 2 newly gated: 0 Total Ports: 4
Ending PowerOpt Patch Enables Task | Checksum: 146ccead1

Time (s): cpu = 00:00:00 ; elapsed = 00:00:00.053 . Memory (MB): peak = 1979.402 ; gain = 0.000
Ending Power Optimization Task | Checksum: 146ccead1

Time (s): cpu = 00:00:02 ; elapsed = 00:00:01 . Memory (MB): peak = 1979.402 ; gain = 94.219

Starting Final Cleanup Task
Ending Final Cleanup Task | Checksum: 146ccead1

Time (s): cpu = 00:00:00 ; elapsed = 00:00:00 . Memory (MB): peak = 1979.402 ; gain = 0.000

Starting Netlist Obfuscation Task
Netlist sorting complete. Time (s): cpu = 00:00:00 ; elapsed = 00:00:00.002 . Memory (MB): peak = 1979.402 ; gain = 0.000
Ending Netlist Obfuscation Task | Checksum: 1154ed72c

Time (s): cpu = 00:00:00 ; elapsed = 00:00:00.002 . Memory (MB): peak = 1979.402 ; gain = 0.000
INFO: [Common 17-83] Releasing license: Implementation
40 Infos, 0 Warnings, 0 Critical Warnings and 0 Errors encountered.
opt_design completed successfully
opt_design: Time (s): cpu = 00:00:13 ; elapsed = 00:00:12 . Memory (MB): peak = 1979.402 ; gain = 853.004
INFO: [Timing 38-480] Writing timing data to binary archive.
Writing placer database...
Writing XDEF routing.
Writing XDEF routing logical nets.
Writing XDEF routing special nets.
Write XDEF Complete: Time (s): cpu = 00:00:00 ; elapsed = 00:00:00.055 . Memory (MB): peak = 1979.402 ; gain = 0.000
INFO: [Common 17-1381] The checkpoint 'D:/projets/2020_2/project_DIJKSTRA/project_DIJKSTRA.runs/impl_1/design_dijkstra_ram_wrapper_opt.dcp' has been generated.
INFO: [runtcl-4] Executing : report_drc -file design_dijkstra_ram_wrapper_drc_opted.rpt -pb design_dijkstra_ram_wrapper_drc_opted.pb -rpx design_dijkstra_ram_wrapper_drc_opted.rpx
Command: report_drc -file design_dijkstra_ram_wrapper_drc_opted.rpt -pb design_dijkstra_ram_wrapper_drc_opted.pb -rpx design_dijkstra_ram_wrapper_drc_opted.rpx
INFO: [IP_Flow 19-1839] IP Catalog is up to date.
INFO: [Timing 38-35] Done setting XDC timing constraints.
INFO: [DRC 23-27] Running DRC with 2 threads
INFO: [Coretcl 2-168] The results of DRC are in file D:/projets/2020_2/project_DIJKSTRA/project_DIJKSTRA.runs/impl_1/design_dijkstra_ram_wrapper_drc_opted.rpt.
report_drc completed successfully
Command: place_design
Attempting to get a license for feature 'Implementation' and/or device 'xc7z020'
INFO: [Common 17-349] Got license for feature 'Implementation' and/or device 'xc7z020'
INFO: [DRC 23-27] Running DRC with 2 threads
INFO: [Vivado_Tcl 4-198] DRC finished with 0 Errors
INFO: [Vivado_Tcl 4-199] Please refer to the DRC report (report_drc) for more information.
Running DRC as a precondition to command place_design
INFO: [DRC 23-27] Running DRC with 2 threads
INFO: [Vivado_Tcl 4-198] DRC finished with 0 Errors
INFO: [Vivado_Tcl 4-199] Please refer to the DRC report (report_drc) for more information.

Starting Placer Task
INFO: [Place 30-611] Multithreading enabled for place_design using a maximum of 2 CPUs

Phase 1 Placer Initialization

Phase 1.1 Placer Initialization Netlist Sorting
Netlist sorting complete. Time (s): cpu = 00:00:00 ; elapsed = 00:00:00.001 . Memory (MB): peak = 1979.402 ; gain = 0.000
Phase 1.1 Placer Initialization Netlist Sorting | Checksum: 103f45a03

Time (s): cpu = 00:00:00 ; elapsed = 00:00:00.008 . Memory (MB): peak = 1979.402 ; gain = 0.000
Netlist sorting complete. Time (s): cpu = 00:00:00 ; elapsed = 00:00:00.001 . Memory (MB): peak = 1979.402 ; gain = 0.000

Phase 1.2 IO Placement/ Clock Placement/ Build Placer Device
Phase 1.2 IO Placement/ Clock Placement/ Build Placer Device | Checksum: ad625ef8

Time (s): cpu = 00:00:01 ; elapsed = 00:00:00.403 . Memory (MB): peak = 1979.402 ; gain = 0.000

Phase 1.3 Build Placer Netlist Model
Phase 1.3 Build Placer Netlist Model | Checksum: fa630490

Time (s): cpu = 00:00:01 ; elapsed = 00:00:00.821 . Memory (MB): peak = 1979.402 ; gain = 0.000

Phase 1.4 Constrain Clocks/Macros
Phase 1.4 Constrain Clocks/Macros | Checksum: fa630490

Time (s): cpu = 00:00:01 ; elapsed = 00:00:00.826 . Memory (MB): peak = 1979.402 ; gain = 0.000
Phase 1 Placer Initialization | Checksum: fa630490

Time (s): cpu = 00:00:01 ; elapsed = 00:00:00.834 . Memory (MB): peak = 1979.402 ; gain = 0.000

Phase 2 Global Placement

Phase 2.1 Floorplanning
Phase 2.1 Floorplanning | Checksum: 186a32728

Time (s): cpu = 00:00:02 ; elapsed = 00:00:00.980 . Memory (MB): peak = 1979.402 ; gain = 0.000

Phase 2.2 Update Timing before SLR Path Opt
Phase 2.2 Update Timing before SLR Path Opt | Checksum: 1391bdc17

Time (s): cpu = 00:00:02 ; elapsed = 00:00:01 . Memory (MB): peak = 1979.402 ; gain = 0.000

Phase 2.3 Global Placement Core

Phase 2.3.1 Physical Synthesis In Placer
INFO: [Physopt 32-1035] Found 0 LUTNM shape to break, 49 LUT instances to create LUTNM shape
INFO: [Physopt 32-1044] Break lutnm for timing: one critical 0, two critical 0, total 0, new lutff created 0
INFO: [Physopt 32-775] End 1 Pass. Optimized 21 nets or cells. Created 0 new cell, deleted 21 existing cells and moved 0 existing cell
INFO: [Physopt 32-65] No nets found for high-fanout optimization.
INFO: [Physopt 32-232] Optimized 0 net. Created 0 new instance.
INFO: [Physopt 32-775] End 1 Pass. Optimized 0 net or cell. Created 0 new cell, deleted 0 existing cell and moved 0 existing cell
INFO: [Physopt 32-670] No setup violation found.  DSP Register Optimization was not performed.
INFO: [Physopt 32-670] No setup violation found.  Shift Register to Pipeline Optimization was not performed.
INFO: [Physopt 32-670] No setup violation found.  Shift Register Optimization was not performed.
INFO: [Physopt 32-670] No setup violation found.  BRAM Register Optimization was not performed.
INFO: [Physopt 32-670] No setup violation found.  URAM Register Optimization was not performed.
INFO: [Physopt 32-949] No candidate nets found for dynamic/static region interface net replication
INFO: [Physopt 32-775] End 1 Pass. Optimized 0 net or cell. Created 0 new cell, deleted 0 existing cell and moved 0 existing cell
Netlist sorting complete. Time (s): cpu = 00:00:00 ; elapsed = 00:00:00.001 . Memory (MB): peak = 1979.402 ; gain = 0.000

Summary of Physical Synthesis Optimizations
============================================


-----------------------------------------------------------------------------------------------------------------------------------------------------------
|  Optimization                                     |  Added Cells  |  Removed Cells  |  Optimized Cells/Nets  |  Dont Touch  |  Iterations  |  Elapsed   |
-----------------------------------------------------------------------------------------------------------------------------------------------------------
|  LUT Combining                                    |            0  |             21  |                    21  |           0  |           1  |  00:00:00  |
|  Very High Fanout                                 |            0  |              0  |                     0  |           0  |           1  |  00:00:00  |
|  DSP Register                                     |            0  |              0  |                     0  |           0  |           0  |  00:00:00  |
|  Shift Register to Pipeline                       |            0  |              0  |                     0  |           0  |           0  |  00:00:00  |
|  Shift Register                                   |            0  |              0  |                     0  |           0  |           0  |  00:00:00  |
|  BRAM Register                                    |            0  |              0  |                     0  |           0  |           0  |  00:00:00  |
|  URAM Register                                    |            0  |              0  |                     0  |           0  |           0  |  00:00:00  |
|  Dynamic/Static Region Interface Net Replication  |            0  |              0  |                     0  |           0  |           1  |  00:00:00  |
|  Total                                            |            0  |             21  |                    21  |           0  |           3  |  00:00:00  |
-----------------------------------------------------------------------------------------------------------------------------------------------------------


Phase 2.3.1 Physical Synthesis In Placer | Checksum: bf9a707d

Time (s): cpu = 00:00:07 ; elapsed = 00:00:03 . Memory (MB): peak = 1979.402 ; gain = 0.000
Phase 2.3 Global Placement Core | Checksum: 12de72410

Time (s): cpu = 00:00:07 ; elapsed = 00:00:03 . Memory (MB): peak = 1979.402 ; gain = 0.000
Phase 2 Global Placement | Checksum: 12de72410

Time (s): cpu = 00:00:07 ; elapsed = 00:00:03 . Memory (MB): peak = 1979.402 ; gain = 0.000

Phase 3 Detail Placement

Phase 3.1 Commit Multi Column Macros
Phase 3.1 Commit Multi Column Macros | Checksum: 14e5992dc

Time (s): cpu = 00:00:07 ; elapsed = 00:00:04 . Memory (MB): peak = 1979.402 ; gain = 0.000

Phase 3.2 Commit Most Macros & LUTRAMs
Phase 3.2 Commit Most Macros & LUTRAMs | Checksum: 138497843

Time (s): cpu = 00:00:07 ; elapsed = 00:00:04 . Memory (MB): peak = 1979.402 ; gain = 0.000

Phase 3.3 Area Swap Optimization
Phase 3.3 Area Swap Optimization | Checksum: 88f341ec

Time (s): cpu = 00:00:07 ; elapsed = 00:00:04 . Memory (MB): peak = 1979.402 ; gain = 0.000

Phase 3.4 Pipeline Register Optimization
Phase 3.4 Pipeline Register Optimization | Checksum: 7b7dfbbb

Time (s): cpu = 00:00:07 ; elapsed = 00:00:04 . Memory (MB): peak = 1979.402 ; gain = 0.000

Phase 3.5 Small Shape Detail Placement
Phase 3.5 Small Shape Detail Placement | Checksum: b45e0c4a

Time (s): cpu = 00:00:08 ; elapsed = 00:00:05 . Memory (MB): peak = 1979.402 ; gain = 0.000

Phase 3.6 Re-assign LUT pins
Phase 3.6 Re-assign LUT pins | Checksum: b6b8ade8

Time (s): cpu = 00:00:09 ; elapsed = 00:00:05 . Memory (MB): peak = 1979.402 ; gain = 0.000

Phase 3.7 Pipeline Register Optimization
Phase 3.7 Pipeline Register Optimization | Checksum: a96d73bb

Time (s): cpu = 00:00:09 ; elapsed = 00:00:05 . Memory (MB): peak = 1979.402 ; gain = 0.000
Phase 3 Detail Placement | Checksum: a96d73bb

Time (s): cpu = 00:00:09 ; elapsed = 00:00:05 . Memory (MB): peak = 1979.402 ; gain = 0.000

Phase 4 Post Placement Optimization and Clean-Up

Phase 4.1 Post Commit Optimization
INFO: [Timing 38-35] Done setting XDC timing constraints.

Phase 4.1.1 Post Placement Optimization
Post Placement Optimization Initialization | Checksum: 9ce99a8d

Phase 4.1.1.1 BUFG Insertion

Starting Physical Synthesis Task

Phase 1 Physical Synthesis Initialization
INFO: [Physopt 32-721] Multithreading enabled for phys_opt_design using a maximum of 2 CPUs
INFO: [Physopt 32-619] Estimated Timing Summary | WNS=10.743 | TNS=0.000 |
Phase 1 Physical Synthesis Initialization | Checksum: 80400924

Time (s): cpu = 00:00:01 ; elapsed = 00:00:00.082 . Memory (MB): peak = 1979.402 ; gain = 0.000
INFO: [Place 46-56] BUFG insertion identified 0 candidate nets. Inserted BUFG: 0, Replicated BUFG Driver: 0, Skipped due to Placement/Routing Conflicts: 0, Skipped due to Timing Degradation: 0, Skipped due to Illegal Netlist: 0.
Ending Physical Synthesis Task | Checksum: 9f21d59e

Time (s): cpu = 00:00:01 ; elapsed = 00:00:00.089 . Memory (MB): peak = 1979.402 ; gain = 0.000
Phase 4.1.1.1 BUFG Insertion | Checksum: 9ce99a8d

Time (s): cpu = 00:00:10 ; elapsed = 00:00:05 . Memory (MB): peak = 1979.402 ; gain = 0.000
INFO: [Place 30-746] Post Placement Timing Summary WNS=10.743. For the most accurate timing information please run report_timing.

Time (s): cpu = 00:00:10 ; elapsed = 00:00:05 . Memory (MB): peak = 1979.402 ; gain = 0.000
Phase 4.1 Post Commit Optimization | Checksum: b94b72d3

Time (s): cpu = 00:00:10 ; elapsed = 00:00:05 . Memory (MB): peak = 1979.402 ; gain = 0.000

Phase 4.2 Post Placement Cleanup
Phase 4.2 Post Placement Cleanup | Checksum: b94b72d3

Time (s): cpu = 00:00:10 ; elapsed = 00:00:05 . Memory (MB): peak = 1979.402 ; gain = 0.000

Phase 4.3 Placer Reporting

Phase 4.3.1 Print Estimated Congestion
INFO: [Place 30-612] Post-Placement Estimated Congestion 
 ____________________________________________________
|           | Global Congestion | Short Congestion  |
| Direction | Region Size       | Region Size       |
|___________|___________________|___________________|
|      North|                1x1|                1x1|
|___________|___________________|___________________|
|      South|                1x1|                1x1|
|___________|___________________|___________________|
|       East|                1x1|                1x1|
|___________|___________________|___________________|
|       West|                1x1|                1x1|
|___________|___________________|___________________|

Phase 4.3.1 Print Estimated Congestion | Checksum: b94b72d3

Time (s): cpu = 00:00:10 ; elapsed = 00:00:05 . Memory (MB): peak = 1979.402 ; gain = 0.000
Phase 4.3 Placer Reporting | Checksum: b94b72d3

Time (s): cpu = 00:00:10 ; elapsed = 00:00:05 . Memory (MB): peak = 1979.402 ; gain = 0.000

Phase 4.4 Final Placement Cleanup
Netlist sorting complete. Time (s): cpu = 00:00:00 ; elapsed = 00:00:00.002 . Memory (MB): peak = 1979.402 ; gain = 0.000

Time (s): cpu = 00:00:10 ; elapsed = 00:00:05 . Memory (MB): peak = 1979.402 ; gain = 0.000
Phase 4 Post Placement Optimization and Clean-Up | Checksum: 1262361f8

Time (s): cpu = 00:00:10 ; elapsed = 00:00:05 . Memory (MB): peak = 1979.402 ; gain = 0.000
Ending Placer Task | Checksum: fa9f479a

Time (s): cpu = 00:00:10 ; elapsed = 00:00:05 . Memory (MB): peak = 1979.402 ; gain = 0.000
INFO: [Common 17-83] Releasing license: Implementation
75 Infos, 0 Warnings, 0 Critical Warnings and 0 Errors encountered.
place_design completed successfully
place_design: Time (s): cpu = 00:00:11 ; elapsed = 00:00:07 . Memory (MB): peak = 1979.402 ; gain = 0.000
INFO: [Timing 38-480] Writing timing data to binary archive.
Writing placer database...
Writing XDEF routing.
Writing XDEF routing logical nets.
Writing XDEF routing special nets.
Write XDEF Complete: Time (s): cpu = 00:00:00 ; elapsed = 00:00:00.214 . Memory (MB): peak = 1979.402 ; gain = 0.000
INFO: [Common 17-1381] The checkpoint 'D:/projets/2020_2/project_DIJKSTRA/project_DIJKSTRA.runs/impl_1/design_dijkstra_ram_wrapper_placed.dcp' has been generated.
INFO: [runtcl-4] Executing : report_io -file design_dijkstra_ram_wrapper_io_placed.rpt
report_io: Time (s): cpu = 00:00:00 ; elapsed = 00:00:00.040 . Memory (MB): peak = 1979.402 ; gain = 0.000
INFO: [runtcl-4] Executing : report_utilization -file design_dijkstra_ram_wrapper_utilization_placed.rpt -pb design_dijkstra_ram_wrapper_utilization_placed.pb
INFO: [runtcl-4] Executing : report_control_sets -verbose -file design_dijkstra_ram_wrapper_control_sets_placed.rpt
report_control_sets: Time (s): cpu = 00:00:00 ; elapsed = 00:00:00.008 . Memory (MB): peak = 1979.402 ; gain = 0.000
Command: phys_opt_design
Attempting to get a license for feature 'Implementation' and/or device 'xc7z020'
INFO: [Common 17-349] Got license for feature 'Implementation' and/or device 'xc7z020'
INFO: [Vivado_Tcl 4-383] Design worst setup slack (WNS) is greater than or equal to 0.000 ns. Skipping all physical synthesis optimizations.
INFO: [Vivado_Tcl 4-232] No setup violation found. The netlist was not modified.
INFO: [Common 17-83] Releasing license: Implementation
84 Infos, 0 Warnings, 0 Critical Warnings and 0 Errors encountered.
phys_opt_design completed successfully
INFO: [Timing 38-480] Writing timing data to binary archive.
Writing placer database...
Writing XDEF routing.
Writing XDEF routing logical nets.
Writing XDEF routing special nets.
Write XDEF Complete: Time (s): cpu = 00:00:00 ; elapsed = 00:00:00.230 . Memory (MB): peak = 1979.402 ; gain = 0.000
INFO: [Common 17-1381] The checkpoint 'D:/projets/2020_2/project_DIJKSTRA/project_DIJKSTRA.runs/impl_1/design_dijkstra_ram_wrapper_physopt.dcp' has been generated.
Command: route_design
Attempting to get a license for feature 'Implementation' and/or device 'xc7z020'
INFO: [Common 17-349] Got license for feature 'Implementation' and/or device 'xc7z020'
Running DRC as a precondition to command route_design
INFO: [DRC 23-27] Running DRC with 2 threads
INFO: [Vivado_Tcl 4-198] DRC finished with 0 Errors
INFO: [Vivado_Tcl 4-199] Please refer to the DRC report (report_drc) for more information.


Starting Routing Task
INFO: [Route 35-254] Multithreading enabled for route_design using a maximum of 2 CPUs
Checksum: PlaceDB: 2e040e92 ConstDB: 0 ShapeSum: cc9b3908 RouteDB: 0

Phase 1 Build RT Design
Phase 1 Build RT Design | Checksum: 194f92097

Time (s): cpu = 00:00:23 ; elapsed = 00:00:20 . Memory (MB): peak = 2052.527 ; gain = 73.125
Post Restoration Checksum: NetGraph: 988b14ee NumContArr: fc6e0ba9 Constraints: 0 Timing: 0

Phase 2 Router Initialization

Phase 2.1 Create Timer
Phase 2.1 Create Timer | Checksum: 194f92097

Time (s): cpu = 00:00:23 ; elapsed = 00:00:20 . Memory (MB): peak = 2052.547 ; gain = 73.145

Phase 2.2 Fix Topology Constraints
Phase 2.2 Fix Topology Constraints | Checksum: 194f92097

Time (s): cpu = 00:00:23 ; elapsed = 00:00:20 . Memory (MB): peak = 2058.992 ; gain = 79.590

Phase 2.3 Pre Route Cleanup
Phase 2.3 Pre Route Cleanup | Checksum: 194f92097

Time (s): cpu = 00:00:23 ; elapsed = 00:00:20 . Memory (MB): peak = 2058.992 ; gain = 79.590
 Number of Nodes with overlaps = 0

Phase 2.4 Update Timing
Phase 2.4 Update Timing | Checksum: 1d298e0ec

Time (s): cpu = 00:00:24 ; elapsed = 00:00:21 . Memory (MB): peak = 2083.621 ; gain = 104.219
INFO: [Route 35-416] Intermediate Timing Summary | WNS=10.844 | TNS=0.000  | WHS=-0.239 | THS=-30.706|

Phase 2 Router Initialization | Checksum: 1a9eac91b

Time (s): cpu = 00:00:24 ; elapsed = 00:00:21 . Memory (MB): peak = 2083.621 ; gain = 104.219

Router Utilization Summary
  Global Vertical Routing Utilization    = 0 %
  Global Horizontal Routing Utilization  = 0 %
  Routable Net Status*
  *Does not include unroutable nets such as driverless and loadless.
  Run report_route_status for detailed report.
  Number of Failed Nets               = 2293
    (Failed Nets is the sum of unrouted and partially routed nets)
  Number of Unrouted Nets             = 2293
  Number of Partially Routed Nets     = 0
  Number of Node Overlaps             = 0


Phase 3 Initial Routing

Phase 3.1 Global Routing
Phase 3.1 Global Routing | Checksum: 1a9eac91b

Time (s): cpu = 00:00:24 ; elapsed = 00:00:21 . Memory (MB): peak = 2083.621 ; gain = 104.219
Phase 3 Initial Routing | Checksum: f9a309ea

Time (s): cpu = 00:00:24 ; elapsed = 00:00:21 . Memory (MB): peak = 2083.621 ; gain = 104.219

Phase 4 Rip-up And Reroute

Phase 4.1 Global Iteration 0
 Number of Nodes with overlaps = 252
 Number of Nodes with overlaps = 2
 Number of Nodes with overlaps = 0
INFO: [Route 35-416] Intermediate Timing Summary | WNS=9.578  | TNS=0.000  | WHS=N/A    | THS=N/A    |

Phase 4.1 Global Iteration 0 | Checksum: c83ba394

Time (s): cpu = 00:00:25 ; elapsed = 00:00:22 . Memory (MB): peak = 2083.621 ; gain = 104.219

Phase 4.2 Global Iteration 1
 Number of Nodes with overlaps = 0
INFO: [Route 35-416] Intermediate Timing Summary | WNS=9.578  | TNS=0.000  | WHS=N/A    | THS=N/A    |

Phase 4.2 Global Iteration 1 | Checksum: 1205099eb

Time (s): cpu = 00:00:26 ; elapsed = 00:00:22 . Memory (MB): peak = 2083.621 ; gain = 104.219
Phase 4 Rip-up And Reroute | Checksum: 1205099eb

Time (s): cpu = 00:00:26 ; elapsed = 00:00:22 . Memory (MB): peak = 2083.621 ; gain = 104.219

Phase 5 Delay and Skew Optimization

Phase 5.1 Delay CleanUp
Phase 5.1 Delay CleanUp | Checksum: 1205099eb

Time (s): cpu = 00:00:26 ; elapsed = 00:00:22 . Memory (MB): peak = 2083.621 ; gain = 104.219

Phase 5.2 Clock Skew Optimization
Phase 5.2 Clock Skew Optimization | Checksum: 1205099eb

Time (s): cpu = 00:00:26 ; elapsed = 00:00:22 . Memory (MB): peak = 2083.621 ; gain = 104.219
Phase 5 Delay and Skew Optimization | Checksum: 1205099eb

Time (s): cpu = 00:00:26 ; elapsed = 00:00:22 . Memory (MB): peak = 2083.621 ; gain = 104.219

Phase 6 Post Hold Fix

Phase 6.1 Hold Fix Iter

Phase 6.1.1 Update Timing
Phase 6.1.1 Update Timing | Checksum: 1284e4bc9

Time (s): cpu = 00:00:26 ; elapsed = 00:00:22 . Memory (MB): peak = 2083.621 ; gain = 104.219
INFO: [Route 35-416] Intermediate Timing Summary | WNS=9.727  | TNS=0.000  | WHS=0.043  | THS=0.000  |

Phase 6.1 Hold Fix Iter | Checksum: 12a70fbf3

Time (s): cpu = 00:00:26 ; elapsed = 00:00:22 . Memory (MB): peak = 2083.621 ; gain = 104.219
Phase 6 Post Hold Fix | Checksum: 12a70fbf3

Time (s): cpu = 00:00:26 ; elapsed = 00:00:22 . Memory (MB): peak = 2083.621 ; gain = 104.219

Phase 7 Route finalize

Router Utilization Summary
  Global Vertical Routing Utilization    = 0.351248 %
  Global Horizontal Routing Utilization  = 0.429175 %
  Routable Net Status*
  *Does not include unroutable nets such as driverless and loadless.
  Run report_route_status for detailed report.
  Number of Failed Nets               = 0
    (Failed Nets is the sum of unrouted and partially routed nets)
  Number of Unrouted Nets             = 0
  Number of Partially Routed Nets     = 0
  Number of Node Overlaps             = 0

Phase 7 Route finalize | Checksum: 203f5f84d

Time (s): cpu = 00:00:26 ; elapsed = 00:00:22 . Memory (MB): peak = 2083.621 ; gain = 104.219

Phase 8 Verifying routed nets

 Verification completed successfully
Phase 8 Verifying routed nets | Checksum: 203f5f84d

Time (s): cpu = 00:00:26 ; elapsed = 00:00:22 . Memory (MB): peak = 2083.621 ; gain = 104.219

Phase 9 Depositing Routes
Phase 9 Depositing Routes | Checksum: 2948fb1b0

Time (s): cpu = 00:00:26 ; elapsed = 00:00:23 . Memory (MB): peak = 2083.621 ; gain = 104.219

Phase 10 Post Router Timing
INFO: [Route 35-57] Estimated Timing Summary | WNS=9.727  | TNS=0.000  | WHS=0.043  | THS=0.000  |

INFO: [Route 35-327] The final timing numbers are based on the router estimated timing analysis. For a complete and accurate timing signoff, please run report_timing_summary.
Phase 10 Post Router Timing | Checksum: 2948fb1b0

Time (s): cpu = 00:00:26 ; elapsed = 00:00:23 . Memory (MB): peak = 2083.621 ; gain = 104.219
INFO: [Route 35-16] Router Completed Successfully

Time (s): cpu = 00:00:26 ; elapsed = 00:00:23 . Memory (MB): peak = 2083.621 ; gain = 104.219

Routing Is Done.
INFO: [Common 17-83] Releasing license: Implementation
99 Infos, 0 Warnings, 0 Critical Warnings and 0 Errors encountered.
route_design completed successfully
route_design: Time (s): cpu = 00:00:28 ; elapsed = 00:00:24 . Memory (MB): peak = 2083.621 ; gain = 104.219
INFO: [Timing 38-480] Writing timing data to binary archive.
Writing placer database...
Writing XDEF routing.
Writing XDEF routing logical nets.
Writing XDEF routing special nets.
Write XDEF Complete: Time (s): cpu = 00:00:01 ; elapsed = 00:00:00.284 . Memory (MB): peak = 2099.004 ; gain = 15.383
INFO: [Common 17-1381] The checkpoint 'D:/projets/2020_2/project_DIJKSTRA/project_DIJKSTRA.runs/impl_1/design_dijkstra_ram_wrapper_routed.dcp' has been generated.
INFO: [runtcl-4] Executing : report_drc -file design_dijkstra_ram_wrapper_drc_routed.rpt -pb design_dijkstra_ram_wrapper_drc_routed.pb -rpx design_dijkstra_ram_wrapper_drc_routed.rpx
Command: report_drc -file design_dijkstra_ram_wrapper_drc_routed.rpt -pb design_dijkstra_ram_wrapper_drc_routed.pb -rpx design_dijkstra_ram_wrapper_drc_routed.rpx
INFO: [IP_Flow 19-1839] IP Catalog is up to date.
INFO: [DRC 23-27] Running DRC with 2 threads
INFO: [Coretcl 2-168] The results of DRC are in file D:/projets/2020_2/project_DIJKSTRA/project_DIJKSTRA.runs/impl_1/design_dijkstra_ram_wrapper_drc_routed.rpt.
report_drc completed successfully
INFO: [runtcl-4] Executing : report_methodology -file design_dijkstra_ram_wrapper_methodology_drc_routed.rpt -pb design_dijkstra_ram_wrapper_methodology_drc_routed.pb -rpx design_dijkstra_ram_wrapper_methodology_drc_routed.rpx
Command: report_methodology -file design_dijkstra_ram_wrapper_methodology_drc_routed.rpt -pb design_dijkstra_ram_wrapper_methodology_drc_routed.pb -rpx design_dijkstra_ram_wrapper_methodology_drc_routed.rpx
INFO: [Timing 38-35] Done setting XDC timing constraints.
INFO: [DRC 23-133] Running Methodology with 2 threads
INFO: [Coretcl 2-1520] The results of Report Methodology are in file D:/projets/2020_2/project_DIJKSTRA/project_DIJKSTRA.runs/impl_1/design_dijkstra_ram_wrapper_methodology_drc_routed.rpt.
report_methodology completed successfully
INFO: [runtcl-4] Executing : report_power -file design_dijkstra_ram_wrapper_power_routed.rpt -pb design_dijkstra_ram_wrapper_power_summary_routed.pb -rpx design_dijkstra_ram_wrapper_power_routed.rpx
Command: report_power -file design_dijkstra_ram_wrapper_power_routed.rpt -pb design_dijkstra_ram_wrapper_power_summary_routed.pb -rpx design_dijkstra_ram_wrapper_power_routed.rpx
INFO: [Timing 38-35] Done setting XDC timing constraints.
Running Vector-less Activity Propagation...

Finished Running Vector-less Activity Propagation
111 Infos, 0 Warnings, 0 Critical Warnings and 0 Errors encountered.
report_power completed successfully
INFO: [runtcl-4] Executing : report_route_status -file design_dijkstra_ram_wrapper_route_status.rpt -pb design_dijkstra_ram_wrapper_route_status.pb
INFO: [runtcl-4] Executing : report_timing_summary -max_paths 10 -file design_dijkstra_ram_wrapper_timing_summary_routed.rpt -pb design_dijkstra_ram_wrapper_timing_summary_routed.pb -rpx design_dijkstra_ram_wrapper_timing_summary_routed.rpx -warn_on_violation 
INFO: [Timing 38-91] UpdateTimingParams: Speed grade: -1, Delay Type: min_max.
INFO: [Timing 38-191] Multithreading enabled for timing update using a maximum of 2 CPUs
INFO: [runtcl-4] Executing : report_incremental_reuse -file design_dijkstra_ram_wrapper_incremental_reuse_routed.rpt
INFO: [Vivado_Tcl 4-1062] Incremental flow is disabled. No incremental reuse Info to report.
INFO: [runtcl-4] Executing : report_clock_utilization -file design_dijkstra_ram_wrapper_clock_utilization_routed.rpt
INFO: [runtcl-4] Executing : report_bus_skew -warn_on_violation -file design_dijkstra_ram_wrapper_bus_skew_routed.rpt -pb design_dijkstra_ram_wrapper_bus_skew_routed.pb -rpx design_dijkstra_ram_wrapper_bus_skew_routed.rpx
INFO: [Timing 38-91] UpdateTimingParams: Speed grade: -1, Delay Type: min_max.
INFO: [Timing 38-191] Multithreading enabled for timing update using a maximum of 2 CPUs
Command: write_bitstream -force design_dijkstra_ram_wrapper.bit
Attempting to get a license for feature 'Implementation' and/or device 'xc7z020'
INFO: [Common 17-349] Got license for feature 'Implementation' and/or device 'xc7z020'
Running DRC as a precondition to command write_bitstream
INFO: [IP_Flow 19-1839] IP Catalog is up to date.
INFO: [DRC 23-27] Running DRC with 2 threads
INFO: [Vivado 12-3199] DRC finished with 0 Errors
INFO: [Vivado 12-3200] Please refer to the DRC report (report_drc) for more information.
INFO: [Designutils 20-2272] Running write_bitstream with 2 threads.
Loading data files...
Loading site data...
Loading route data...
Processing options...
Creating bitmap...
Creating bitstream...
Writing bitstream ./design_dijkstra_ram_wrapper.bit...
INFO: [Vivado 12-1842] Bitgen Completed Successfully.
INFO: [Project 1-120] WebTalk data collection is mandatory when using a WebPACK part without a full Vivado license. To see the specific WebTalk data collected for your design, open the usage_statistics_webtalk.html or usage_statistics_webtalk.xml file in the implementation directory.
INFO: [Common 17-186] 'D:/projets/2020_2/project_DIJKSTRA/project_DIJKSTRA.runs/impl_1/usage_statistics_webtalk.xml' has been successfully sent to Xilinx on Mon Jun 13 16:57:22 2022. For additional details about this file, please refer to the WebTalk help file at D:/Programmes/Vivado/2020.2/doc/webtalk_introduction.html.
INFO: [Common 17-83] Releasing license: Implementation
13 Infos, 0 Warnings, 0 Critical Warnings and 0 Errors encountered.
write_bitstream completed successfully
write_bitstream: Time (s): cpu = 00:00:12 ; elapsed = 00:00:16 . Memory (MB): peak = 2579.863 ; gain = 474.578
INFO: [Common 17-206] Exiting Vivado at Mon Jun 13 16:57:22 2022...
