
*** Running vivado
    with args -log design_IMU_time_pulse_0_0.vds -m64 -product Vivado -mode batch -messageDb vivado.pb -notrace -source design_IMU_time_pulse_0_0.tcl



****** Vivado v2020.2 (64-bit)
  **** SW Build 3064766 on Wed Nov 18 09:12:45 MST 2020
  **** IP Build 3064653 on Wed Nov 18 14:17:31 MST 2020
    ** Copyright 1986-2020 Xilinx, Inc. All Rights Reserved.

source design_IMU_time_pulse_0_0.tcl -notrace
Command: synth_design -top design_IMU_time_pulse_0_0 -part xc7z020clg400-1 -mode out_of_context
Starting synth_design
WARNING: [IP_Flow 19-3571] IP 'design_IMU_time_pulse_0_0' is restricted:
* Module reference is stale and needs refreshing.
Attempting to get a license for feature 'Synthesis' and/or device 'xc7z020'
INFO: [Common 17-349] Got license for feature 'Synthesis' and/or device 'xc7z020'
INFO: [Device 21-403] Loading part xc7z020clg400-1
INFO: [Synth 8-7079] Multithreading enabled for synth_design using a maximum of 2 processes.
INFO: [Synth 8-7078] Launching helper process for spawning children vivado processes
INFO: [Synth 8-7075] Helper process launched with PID 4092
---------------------------------------------------------------------------------
Starting RTL Elaboration : Time (s): cpu = 00:00:06 ; elapsed = 00:00:10 . Memory (MB): peak = 1177.066 ; gain = 59.633
---------------------------------------------------------------------------------
INFO: [Synth 8-638] synthesizing module 'design_IMU_time_pulse_0_0' [d:/projets/2020_2/project_IMU/project_IMU.gen/sources_1/bd/design_IMU/ip/design_IMU_time_pulse_0_0/synth/design_IMU_time_pulse_0_0.vhd:67]
	Parameter freq_clk_MHz bound to: 125 - type: integer 
INFO: [Synth 8-3491] module 'time_pulse' declared at 'D:/projets/2020_2/project_IMU/project_IMU.srcs/sources_1/imports/sources_1/imports/new/time_pulse.vhd:34' bound to instance 'U0' of component 'time_pulse' [d:/projets/2020_2/project_IMU/project_IMU.gen/sources_1/bd/design_IMU/ip/design_IMU_time_pulse_0_0/synth/design_IMU_time_pulse_0_0.vhd:98]
INFO: [Synth 8-638] synthesizing module 'time_pulse' [D:/projets/2020_2/project_IMU/project_IMU.srcs/sources_1/imports/sources_1/imports/new/time_pulse.vhd:44]
	Parameter freq_clk_MHz bound to: 125 - type: integer 
INFO: [Synth 8-256] done synthesizing module 'time_pulse' (1#1) [D:/projets/2020_2/project_IMU/project_IMU.srcs/sources_1/imports/sources_1/imports/new/time_pulse.vhd:44]
INFO: [Synth 8-256] done synthesizing module 'design_IMU_time_pulse_0_0' (2#1) [d:/projets/2020_2/project_IMU/project_IMU.gen/sources_1/bd/design_IMU/ip/design_IMU_time_pulse_0_0/synth/design_IMU_time_pulse_0_0.vhd:67]
---------------------------------------------------------------------------------
Finished RTL Elaboration : Time (s): cpu = 00:00:07 ; elapsed = 00:00:20 . Memory (MB): peak = 1233.012 ; gain = 115.578
---------------------------------------------------------------------------------
---------------------------------------------------------------------------------
Start Handling Custom Attributes
---------------------------------------------------------------------------------
---------------------------------------------------------------------------------
Finished Handling Custom Attributes : Time (s): cpu = 00:00:08 ; elapsed = 00:00:22 . Memory (MB): peak = 1233.012 ; gain = 115.578
---------------------------------------------------------------------------------
---------------------------------------------------------------------------------
Finished RTL Optimization Phase 1 : Time (s): cpu = 00:00:08 ; elapsed = 00:00:22 . Memory (MB): peak = 1233.012 ; gain = 115.578
---------------------------------------------------------------------------------
Netlist sorting complete. Time (s): cpu = 00:00:00 ; elapsed = 00:00:00.065 . Memory (MB): peak = 1233.012 ; gain = 0.000
INFO: [Project 1-570] Preparing netlist for logic optimization

Processing XDC Constraints
Initializing timing engine
Completed Processing XDC Constraints

Netlist sorting complete. Time (s): cpu = 00:00:00 ; elapsed = 00:00:00 . Memory (MB): peak = 1340.910 ; gain = 0.000
INFO: [Project 1-111] Unisim Transformation Summary:
No Unisim elements were transformed.

Constraint Validation Runtime : Time (s): cpu = 00:00:00 ; elapsed = 00:00:00.754 . Memory (MB): peak = 1340.945 ; gain = 0.035
---------------------------------------------------------------------------------
Finished Constraint Validation : Time (s): cpu = 00:00:15 ; elapsed = 00:00:46 . Memory (MB): peak = 1340.945 ; gain = 223.512
---------------------------------------------------------------------------------
---------------------------------------------------------------------------------
Start Loading Part and Timing Information
---------------------------------------------------------------------------------
Loading part: xc7z020clg400-1
---------------------------------------------------------------------------------
Finished Loading Part and Timing Information : Time (s): cpu = 00:00:15 ; elapsed = 00:00:47 . Memory (MB): peak = 1340.945 ; gain = 223.512
---------------------------------------------------------------------------------
---------------------------------------------------------------------------------
Start Applying 'set_property' XDC Constraints
---------------------------------------------------------------------------------
---------------------------------------------------------------------------------
Finished applying 'set_property' XDC Constraints : Time (s): cpu = 00:00:15 ; elapsed = 00:00:47 . Memory (MB): peak = 1340.945 ; gain = 223.512
---------------------------------------------------------------------------------
---------------------------------------------------------------------------------
Finished RTL Optimization Phase 2 : Time (s): cpu = 00:00:15 ; elapsed = 00:00:48 . Memory (MB): peak = 1340.945 ; gain = 223.512
---------------------------------------------------------------------------------
---------------------------------------------------------------------------------
Start RTL Component Statistics 
---------------------------------------------------------------------------------
Detailed RTL Component Info : 
+---Adders : 
	   2 Input   10 Bit       Adders := 2     
	   2 Input    7 Bit       Adders := 1     
	   2 Input    6 Bit       Adders := 1     
+---Registers : 
	               10 Bit    Registers := 2     
	                7 Bit    Registers := 1     
	                6 Bit    Registers := 1     
	                1 Bit    Registers := 4     
+---Muxes : 
	   2 Input   10 Bit        Muxes := 2     
	   2 Input    7 Bit        Muxes := 1     
	   2 Input    6 Bit        Muxes := 1     
	   2 Input    1 Bit        Muxes := 2     
---------------------------------------------------------------------------------
Finished RTL Component Statistics 
---------------------------------------------------------------------------------
---------------------------------------------------------------------------------
Start Part Resource Summary
---------------------------------------------------------------------------------
Part Resources:
DSPs: 220 (col length:60)
BRAMs: 280 (col length: RAMB18 60 RAMB36 30)
---------------------------------------------------------------------------------
Finished Part Resource Summary
---------------------------------------------------------------------------------
---------------------------------------------------------------------------------
Start Cross Boundary and Area Optimization
---------------------------------------------------------------------------------
---------------------------------------------------------------------------------
Finished Cross Boundary and Area Optimization : Time (s): cpu = 00:00:17 ; elapsed = 00:00:52 . Memory (MB): peak = 1340.945 ; gain = 223.512
---------------------------------------------------------------------------------
---------------------------------------------------------------------------------
Start Applying XDC Timing Constraints
---------------------------------------------------------------------------------
---------------------------------------------------------------------------------
Finished Applying XDC Timing Constraints : Time (s): cpu = 00:00:23 ; elapsed = 00:00:59 . Memory (MB): peak = 1340.945 ; gain = 223.512
---------------------------------------------------------------------------------
---------------------------------------------------------------------------------
Start Timing Optimization
---------------------------------------------------------------------------------
---------------------------------------------------------------------------------
Finished Timing Optimization : Time (s): cpu = 00:00:23 ; elapsed = 00:00:59 . Memory (MB): peak = 1340.945 ; gain = 223.512
---------------------------------------------------------------------------------
---------------------------------------------------------------------------------
Start Technology Mapping
---------------------------------------------------------------------------------
---------------------------------------------------------------------------------
Finished Technology Mapping : Time (s): cpu = 00:00:23 ; elapsed = 00:00:59 . Memory (MB): peak = 1346.059 ; gain = 228.625
---------------------------------------------------------------------------------
---------------------------------------------------------------------------------
Start IO Insertion
---------------------------------------------------------------------------------
---------------------------------------------------------------------------------
Start Flattening Before IO Insertion
---------------------------------------------------------------------------------
---------------------------------------------------------------------------------
Finished Flattening Before IO Insertion
---------------------------------------------------------------------------------
---------------------------------------------------------------------------------
Start Final Netlist Cleanup
---------------------------------------------------------------------------------
---------------------------------------------------------------------------------
Finished Final Netlist Cleanup
---------------------------------------------------------------------------------
---------------------------------------------------------------------------------
Finished IO Insertion : Time (s): cpu = 00:00:27 ; elapsed = 00:01:03 . Memory (MB): peak = 1353.344 ; gain = 235.910
---------------------------------------------------------------------------------
---------------------------------------------------------------------------------
Start Renaming Generated Instances
---------------------------------------------------------------------------------
---------------------------------------------------------------------------------
Finished Renaming Generated Instances : Time (s): cpu = 00:00:27 ; elapsed = 00:01:03 . Memory (MB): peak = 1353.344 ; gain = 235.910
---------------------------------------------------------------------------------
---------------------------------------------------------------------------------
Start Rebuilding User Hierarchy
---------------------------------------------------------------------------------
---------------------------------------------------------------------------------
Finished Rebuilding User Hierarchy : Time (s): cpu = 00:00:27 ; elapsed = 00:01:03 . Memory (MB): peak = 1353.344 ; gain = 235.910
---------------------------------------------------------------------------------
---------------------------------------------------------------------------------
Start Renaming Generated Ports
---------------------------------------------------------------------------------
---------------------------------------------------------------------------------
Finished Renaming Generated Ports : Time (s): cpu = 00:00:27 ; elapsed = 00:01:03 . Memory (MB): peak = 1353.344 ; gain = 235.910
---------------------------------------------------------------------------------
---------------------------------------------------------------------------------
Start Handling Custom Attributes
---------------------------------------------------------------------------------
---------------------------------------------------------------------------------
Finished Handling Custom Attributes : Time (s): cpu = 00:00:27 ; elapsed = 00:01:03 . Memory (MB): peak = 1353.344 ; gain = 235.910
---------------------------------------------------------------------------------
---------------------------------------------------------------------------------
Start Renaming Generated Nets
---------------------------------------------------------------------------------
---------------------------------------------------------------------------------
Finished Renaming Generated Nets : Time (s): cpu = 00:00:27 ; elapsed = 00:01:03 . Memory (MB): peak = 1353.344 ; gain = 235.910
---------------------------------------------------------------------------------
---------------------------------------------------------------------------------
Start Writing Synthesis Report
---------------------------------------------------------------------------------

Report BlackBoxes: 
+-+--------------+----------+
| |BlackBox name |Instances |
+-+--------------+----------+
+-+--------------+----------+

Report Cell Usage: 
+------+-----+------+
|      |Cell |Count |
+------+-----+------+
|1     |LUT1 |     1|
|2     |LUT2 |     2|
|3     |LUT3 |     8|
|4     |LUT4 |     7|
|5     |LUT5 |    14|
|6     |LUT6 |    17|
|7     |FDCE |    37|
+------+-----+------+
---------------------------------------------------------------------------------
Finished Writing Synthesis Report : Time (s): cpu = 00:00:27 ; elapsed = 00:01:03 . Memory (MB): peak = 1353.344 ; gain = 235.910
---------------------------------------------------------------------------------
Synthesis finished with 0 errors, 0 critical warnings and 0 warnings.
Synthesis Optimization Runtime : Time (s): cpu = 00:00:17 ; elapsed = 00:00:47 . Memory (MB): peak = 1353.344 ; gain = 127.977
Synthesis Optimization Complete : Time (s): cpu = 00:00:27 ; elapsed = 00:01:03 . Memory (MB): peak = 1353.344 ; gain = 235.910
INFO: [Project 1-571] Translating synthesized netlist
Netlist sorting complete. Time (s): cpu = 00:00:00 ; elapsed = 00:00:00 . Memory (MB): peak = 1365.410 ; gain = 0.000
INFO: [Project 1-570] Preparing netlist for logic optimization
INFO: [Opt 31-138] Pushed 0 inverter(s) to 0 load pin(s).
Netlist sorting complete. Time (s): cpu = 00:00:00 ; elapsed = 00:00:00 . Memory (MB): peak = 1373.332 ; gain = 0.000
INFO: [Project 1-111] Unisim Transformation Summary:
No Unisim elements were transformed.

INFO: [Common 17-83] Releasing license: Synthesis
17 Infos, 1 Warnings, 0 Critical Warnings and 0 Errors encountered.
synth_design completed successfully
synth_design: Time (s): cpu = 00:00:34 ; elapsed = 00:01:16 . Memory (MB): peak = 1373.332 ; gain = 255.898
INFO: [Common 17-1381] The checkpoint 'D:/projets/2020_2/project_IMU/project_IMU.runs/design_IMU_time_pulse_0_0_synth_1/design_IMU_time_pulse_0_0.dcp' has been generated.
WARNING: [Common 17-576] 'use_project_ipc' is deprecated. This option is deprecated and no longer used.
INFO: [Common 17-1381] The checkpoint 'D:/projets/2020_2/project_IMU/project_IMU.runs/design_IMU_time_pulse_0_0_synth_1/design_IMU_time_pulse_0_0.dcp' has been generated.
INFO: [runtcl-4] Executing : report_utilization -file design_IMU_time_pulse_0_0_utilization_synth.rpt -pb design_IMU_time_pulse_0_0_utilization_synth.pb
INFO: [Common 17-206] Exiting Vivado at Mon Jun 13 15:29:40 2022...
