Remove Pin=J11-1 From Net=HOLO_UART_RX
Remove Pin=J11-3 From Net=HOLO_UART_TX
Remove Pin=J11-14 From Net=HOLO_LED_PWR
Remove Pin=J11-16 From Net=HOLO_LED_DEBUG
Remove Pin=J13-4 From Net=GSM_UART_TXD
Remove Pin=J13-5 From Net=GSM_UART_RXD
Remove Pin=J13-7 From Net=GSM_RST
Remove Pin=J14-6 From Net=GSM_UART_RXD
Remove Pin=J14-7 From Net=BAT_NEED_CHARGE
Remove Pin=J14-8 From Net=GSM_UART_TXD
Remove Pin=J14-9 From Net=BAT_CHARGING
Remove Pin=J14-10 From Net=HOLO_UART_RX
Remove Pin=J14-11 From Net=GSM_RST
Remove Pin=J14-12 From Net=HOLO_UART_TX
Remove Pin=J21-2 From Net=US_1_TRIG_5V
Remove Pin=J21-3 From Net=US_1_ECHO_5V
Remove Pin=J22-2 From Net=US_2_TRIG_5V
Remove Pin=J22-3 From Net=US_2_ECHO_5V
Remove Pin=J23-2 From Net=US_3_TRIG_5V
Remove Pin=J23-3 From Net=US_3_ECHO_5V
Remove Pin=J24-2 From Net=US_4_TRIG_5V
Remove Pin=J24-3 From Net=US_4_ECHO_5V
Remove Pin=J25-2 From Net=US_5_TRIG_5V
Remove Pin=J25-3 From Net=US_5_ECHO_5V
Remove Pin=J26-5 From Net=PWR_MGT_NFC
Remove Pin=J26-6 From Net=US_SEL_1
Remove Pin=J26-7 From Net=PWR_MGT_GSM
Remove Pin=J26-8 From Net=US_SEL_2
Remove Pin=J26-9 From Net=PWR_MGT_US
Remove Pin=J26-10 From Net=US_ECHO_3V3
Remove Pin=J26-11 From Net=US_SEL_0
Remove Pin=J26-12 From Net=US_TRIG_3V3
Remove Pin=J31-3 From Net=NFC_FD
Remove Pin=J31-4 From Net=NFC_I2C_SDA
Remove Pin=J31-5 From Net=NFC_I2C_SCL
Remove Pin=J32-3 From Net=IMU_I2C_SDA
Remove Pin=J32-4 From Net=IMU_I2C_SCL
Remove Pin=J33-3 From Net=BALISE_I2C_SDA
Remove Pin=J33-4 From Net=BALISE_I2C_SCL
Remove Pin=J34-6 From Net=IMU_I2C_SCL
Remove Pin=J34-7 From Net=NFC_FD
Remove Pin=J34-8 From Net=IMU_I2C_SDA
Remove Pin=J34-9 From Net=BALISE_I2C_SCL
Remove Pin=J34-10 From Net=NFC_I2C_SCL
Remove Pin=J34-11 From Net=BALISE_I2C_SDA
Remove Pin=J34-12 From Net=NFC_I2C_SDA
Remove Pin=Q41-1 From Net=HOLO_LED_PWR
Remove Pin=Q42-1 From Net=HOLO_LED_DEBUG
Remove Pin=Q43-1 From Net=BAT_CHARGING
Remove Pin=Q44-1 From Net=BAT_NEED_CHARGE
Remove Pin=R25-1 From Net=PWR_MGT_NFC
Remove Pin=R54-1 From Net=PWR_MGT_US
Remove Pin=R511-1 From Net=PWR_MGT_US
Remove Pin=R518-1 From Net=PWR_MGT_GSM
Remove Pin=U21-1 From Net=US_5_TRIG_5V
Remove Pin=U21-12 From Net=US_4_TRIG_5V
Remove Pin=U21-13 From Net=US_1_TRIG_5V
Remove Pin=U21-14 From Net=US_2_TRIG_5V
Remove Pin=U21-15 From Net=US_3_TRIG_5V
Remove Pin=U22-1 From Net=US_5_ECHO_5V
Remove Pin=U22-12 From Net=US_4_ECHO_5V
Remove Pin=U22-13 From Net=US_1_ECHO_5V
Remove Pin=U22-14 From Net=US_2_ECHO_5V
Remove Pin=U22-15 From Net=US_3_ECHO_5V
Remove Pin=U23-2 From Net=US_TRIG_3V3
Remove Pin=U24-4 From Net=US_ECHO_3V3
Remove Pin=U32-4 From Net=BAT_NEED_CHARGE
